<?xml version="1.0" encoding="UTF-8"?>
<testsuites name="TS_002_Samity Test 1_VC smart web app" time="395.74" tests="3" failures="0" errors="0">
   <testsuite name="TS_002_Samity Test 1_VC smart web app" tests="3" failures="0" errors="0" time="395.74" skipped="0" timestamp="2023-07-27 19:43:29" hostname="windows 10 - DESKTOP-21ATSCV" id="Test Suites/TS_002_Samity Test 1_VC smart web app">
      <properties>
         <property name="deviceName" value=""/>
         <property name="devicePlatform" value=""/>
         <property name="logFolder" value="C:\\Users\\windows 10\\git\\NewRepository\\KatalonGit\\Reports\\20230727_194313\\TS_002_Samity Test 1_VC smart web app\\20230727_194322"/>
         <property name="logFiles" value="C:\\Users\\windows 10\\git\\NewRepository\\KatalonGit\\Reports\\20230727_194313\\TS_002_Samity Test 1_VC smart web app\\20230727_194322\\execution0.log"/>
         <property name="attachments" value=""/>
         <property name="hostName" value="windows 10 - DESKTOP-21ATSCV"/>
         <property name="os" value="Windows 10 64bit"/>
         <property name="katalonVersion" value="8.6.5.208"/>
         <property name="browser" value="Chrome 114.0.0.0"/>
         <property name="hostAddress" value="192.168.1.102"/>
         <property name="sessionId" value="f74d8b75a58b6c2ac3e4f219074415e1"/>
         <property name="seleniumVersion" value="3.141.59"/>
         <property name="proxyInformation" value="ProxyInformation { proxyOption=NO_PROXY, proxyServerType=HTTP, username=, password=********, proxyServerAddress=, proxyServerPort=0, executionList=&quot;&quot;, isApplyToDesiredCapabilities=true }"/>
         <property name="platform" value="Windows 10"/>
      </properties>
      <testcase name="Test Cases/TC_001_Verify the Login feature with valid credentials" time="70.083" classname="Test Cases/TC_001_Verify the Login feature with valid credentials" status="PASSED">
         <system-out><![CDATA[2023-07-27 19:43:30 - [TEST_CASE][PASSED] - Test Cases/TC_001_Verify the Login feature with valid credentials: Test Cases/TC_001_Verify the Login feature with valid credentials

2023-07-27 19:43:30 - [TEST_STEP][PASSED] - openBrowser("https://ioclvcsmart.tmsitrimble.in/VCSmartApp/#/login"): Browser is opened with url: 'https://ioclvcsmart.tmsitrimble.in/VCSmartApp/#/login'

2023-07-27 19:43:31 - [MESSAGE][INFO] - Starting 'Chrome' driver

2023-07-27 19:43:31 - [MESSAGE][INFO] - Action delay is set to 0 milliseconds

2023-07-27 19:43:52 - [MESSAGE][PASSED] - Browser is opened with url: 'https://ioclvcsmart.tmsitrimble.in/VCSmartApp/#/login'

2023-07-27 19:43:52 - [TEST_STEP][PASSED] - maximizeWindow(): Current window maximized

2023-07-27 19:43:52 - [MESSAGE][PASSED] - Current window maximized

2023-07-27 19:43:52 - [TEST_STEP][PASSED] - delay(5): Delayed 5 second(s)

2023-07-27 19:43:57 - [MESSAGE][PASSED] - Delayed 5 second(s)

2023-07-27 19:43:57 - [TEST_STEP][PASSED] - click(findTestObject("OB_001_Login screen/Login Screen/Username")): Object: 'Object Repository/OB_001_Login screen/Login Screen/Username' is clicked on

2023-07-27 19:43:58 - [MESSAGE][PASSED] - Object: 'Object Repository/OB_001_Login screen/Login Screen/Username' is clicked on

2023-07-27 19:43:58 - [TEST_STEP][PASSED] - setText(findTestObject("OB_001_Login screen/Login Screen/Username"), "BSO-2300"): Text 'BSO-2300' is set on object 'Object Repository/OB_001_Login screen/Login Screen/Username'

2023-07-27 19:43:59 - [MESSAGE][PASSED] - Text 'BSO-2300' is set on object 'Object Repository/OB_001_Login screen/Login Screen/Username'

2023-07-27 19:43:59 - [TEST_STEP][PASSED] - click(findTestObject("OB_001_Login screen/Login Screen/Password")): Object: 'Object Repository/OB_001_Login screen/Login Screen/Password' is clicked on

2023-07-27 19:44:00 - [MESSAGE][PASSED] - Object: 'Object Repository/OB_001_Login screen/Login Screen/Password' is clicked on

2023-07-27 19:44:00 - [TEST_STEP][PASSED] - setText(findTestObject("OB_001_Login screen/Login Screen/Password"), "Password@2300"): Text 'Password@2300' is set on object 'Object Repository/OB_001_Login screen/Login Screen/Password'

2023-07-27 19:44:01 - [MESSAGE][PASSED] - Text 'Password@2300' is set on object 'Object Repository/OB_001_Login screen/Login Screen/Password'

2023-07-27 19:44:01 - [TEST_STEP][PASSED] - click(findTestObject("OB_001_Login screen/Login Screen/button_Sign in")): Object: 'Object Repository/OB_001_Login screen/Login Screen/button_Sign in' is clicked on

2023-07-27 19:44:01 - [MESSAGE][PASSED] - Object: 'Object Repository/OB_001_Login screen/Login Screen/button_Sign in' is clicked on

2023-07-27 19:44:01 - [TEST_STEP][PASSED] - delay(8): Delayed 8 second(s)

2023-07-27 19:44:09 - [MESSAGE][PASSED] - Delayed 8 second(s)

2023-07-27 19:44:09 - [TEST_STEP][PASSED] - verifyTextPresent("VC Smart", false): Text 'VC Smart' is present on page 

2023-07-27 19:44:40 - [MESSAGE][PASSED] - Text 'VC Smart' is present on page]]></system-out>
         <system-err><![CDATA[]]></system-err>
      </testcase>
      <testcase name="Test Cases/TC_004_Verify the TBC feature" time="136.919" classname="Test Cases/TC_004_Verify the TBC feature" status="PASSED">
         <system-out><![CDATA[2023-07-27 19:44:40 - [TEST_CASE][PASSED] - Test Cases/TC_004_Verify the TBC feature: Test Cases/TC_004_Verify the TBC feature

2023-07-27 19:44:41 - [TEST_STEP][PASSED] - callTestCase(findTestCase("TC_001_Verify the Login feature with valid credentials"), [:], STOP_ON_FAILURE): Call Test Case 'Test Cases/TC_001_Verify the Login feature with valid credentials' successfully

2023-07-27 19:44:41 - [TEST_CASE][PASSED] - Test Cases/TC_001_Verify the Login feature with valid credentials: Test Cases/TC_001_Verify the Login feature with valid credentials

2023-07-27 19:44:41 - [TEST_STEP][PASSED] - openBrowser("https://ioclvcsmart.tmsitrimble.in/VCSmartApp/#/login"): Browser is opened with url: 'https://ioclvcsmart.tmsitrimble.in/VCSmartApp/#/login'

2023-07-27 19:44:41 - [MESSAGE][WARNING] - A browser is already opened. Closing browser and opening a new one

2023-07-27 19:44:41 - [MESSAGE][INFO] - Starting 'Chrome' driver

2023-07-27 19:44:42 - [MESSAGE][INFO] - Action delay is set to 0 milliseconds

2023-07-27 19:45:00 - [MESSAGE][PASSED] - Browser is opened with url: 'https://ioclvcsmart.tmsitrimble.in/VCSmartApp/#/login'

2023-07-27 19:45:00 - [TEST_STEP][PASSED] - maximizeWindow(): Current window maximized

2023-07-27 19:45:00 - [MESSAGE][PASSED] - Current window maximized

2023-07-27 19:45:00 - [TEST_STEP][PASSED] - delay(5): Delayed 5 second(s)

2023-07-27 19:45:05 - [MESSAGE][PASSED] - Delayed 5 second(s)

2023-07-27 19:45:05 - [TEST_STEP][PASSED] - click(findTestObject("OB_001_Login screen/Login Screen/Username")): Object: 'Object Repository/OB_001_Login screen/Login Screen/Username' is clicked on

2023-07-27 19:45:05 - [MESSAGE][PASSED] - Object: 'Object Repository/OB_001_Login screen/Login Screen/Username' is clicked on

2023-07-27 19:45:05 - [TEST_STEP][PASSED] - setText(findTestObject("OB_001_Login screen/Login Screen/Username"), "BSO-2300"): Text 'BSO-2300' is set on object 'Object Repository/OB_001_Login screen/Login Screen/Username'

2023-07-27 19:45:06 - [MESSAGE][PASSED] - Text 'BSO-2300' is set on object 'Object Repository/OB_001_Login screen/Login Screen/Username'

2023-07-27 19:45:06 - [TEST_STEP][PASSED] - click(findTestObject("OB_001_Login screen/Login Screen/Password")): Object: 'Object Repository/OB_001_Login screen/Login Screen/Password' is clicked on

2023-07-27 19:45:07 - [MESSAGE][PASSED] - Object: 'Object Repository/OB_001_Login screen/Login Screen/Password' is clicked on

2023-07-27 19:45:07 - [TEST_STEP][PASSED] - setText(findTestObject("OB_001_Login screen/Login Screen/Password"), "Password@2300"): Text 'Password@2300' is set on object 'Object Repository/OB_001_Login screen/Login Screen/Password'

2023-07-27 19:45:08 - [MESSAGE][PASSED] - Text 'Password@2300' is set on object 'Object Repository/OB_001_Login screen/Login Screen/Password'

2023-07-27 19:45:08 - [TEST_STEP][PASSED] - click(findTestObject("OB_001_Login screen/Login Screen/button_Sign in")): Object: 'Object Repository/OB_001_Login screen/Login Screen/button_Sign in' is clicked on

2023-07-27 19:45:08 - [MESSAGE][PASSED] - Object: 'Object Repository/OB_001_Login screen/Login Screen/button_Sign in' is clicked on

2023-07-27 19:45:08 - [TEST_STEP][PASSED] - delay(8): Delayed 8 second(s)

2023-07-27 19:45:16 - [MESSAGE][PASSED] - Delayed 8 second(s)

2023-07-27 19:45:16 - [TEST_STEP][PASSED] - verifyTextPresent("VC Smart", false): Text 'VC Smart' is present on page 

2023-07-27 19:45:48 - [MESSAGE][PASSED] - Text 'VC Smart' is present on page 

2023-07-27 19:45:48 - [MESSAGE][PASSED] - Call Test Case 'Test Cases/TC_001_Verify the Login feature with valid credentials' successfully

2023-07-27 19:45:48 - [TEST_STEP][PASSED] - delay(8): Delayed 8 second(s)

2023-07-27 19:45:56 - [MESSAGE][PASSED] - Delayed 8 second(s)

2023-07-27 19:45:56 - [TEST_STEP][PASSED] - click(findTestObject("OB_002_Feature1/Feature/a_Track By Criteria")): Object: 'Object Repository/OB_002_Feature1/Feature/a_Track By Criteria' is clicked on

2023-07-27 19:46:27 - [MESSAGE][PASSED] - Object: 'Object Repository/OB_002_Feature1/Feature/a_Track By Criteria' is clicked on

2023-07-27 19:46:27 - [TEST_STEP][PASSED] - click(findTestObject("OB_002_Feature1/Feature/button_Submit")): Object: 'Object Repository/OB_002_Feature1/Feature/button_Submit' is clicked on

2023-07-27 19:46:32 - [MESSAGE][PASSED] - Object: 'Object Repository/OB_002_Feature1/Feature/button_Submit' is clicked on

2023-07-27 19:46:32 - [TEST_STEP][PASSED] - delay(22): Delayed 22 second(s)

2023-07-27 19:46:54 - [MESSAGE][PASSED] - Delayed 22 second(s)

2023-07-27 19:46:54 - [TEST_STEP][PASSED] - verifyTextPresent("Vehicle Number", false): Text 'Vehicle Number' is present on page 

2023-07-27 19:46:57 - [MESSAGE][PASSED] - Text 'Vehicle Number' is present on page]]></system-out>
         <system-err><![CDATA[]]></system-err>
      </testcase>
      <testcase name="Test Cases/TC_005_Verify All feature of vc smart web application" time="188.194" classname="Test Cases/TC_005_Verify All feature of vc smart web application" status="PASSED">
         <system-out><![CDATA[2023-07-27 19:46:57 - [TEST_CASE][PASSED] - Test Cases/TC_005_Verify All feature of vc smart web application: Test Cases/TC_005_Verify All feature of vc smart web application

2023-07-27 19:46:57 - [TEST_STEP][PASSED] - callTestCase(findTestCase("TC_001_Verify the Login feature with valid credentials"), [:], STOP_ON_FAILURE): Call Test Case 'Test Cases/TC_001_Verify the Login feature with valid credentials' successfully

2023-07-27 19:46:58 - [TEST_CASE][PASSED] - Test Cases/TC_001_Verify the Login feature with valid credentials: Test Cases/TC_001_Verify the Login feature with valid credentials

2023-07-27 19:46:58 - [TEST_STEP][PASSED] - openBrowser("https://ioclvcsmart.tmsitrimble.in/VCSmartApp/#/login"): Browser is opened with url: 'https://ioclvcsmart.tmsitrimble.in/VCSmartApp/#/login'

2023-07-27 19:46:58 - [MESSAGE][WARNING] - A browser is already opened. Closing browser and opening a new one

2023-07-27 19:46:58 - [MESSAGE][INFO] - Starting 'Chrome' driver

2023-07-27 19:46:58 - [MESSAGE][INFO] - Action delay is set to 0 milliseconds

2023-07-27 19:47:16 - [MESSAGE][PASSED] - Browser is opened with url: 'https://ioclvcsmart.tmsitrimble.in/VCSmartApp/#/login'

2023-07-27 19:47:16 - [TEST_STEP][PASSED] - maximizeWindow(): Current window maximized

2023-07-27 19:47:16 - [MESSAGE][PASSED] - Current window maximized

2023-07-27 19:47:16 - [TEST_STEP][PASSED] - delay(5): Delayed 5 second(s)

2023-07-27 19:47:21 - [MESSAGE][PASSED] - Delayed 5 second(s)

2023-07-27 19:47:21 - [TEST_STEP][PASSED] - click(findTestObject("OB_001_Login screen/Login Screen/Username")): Object: 'Object Repository/OB_001_Login screen/Login Screen/Username' is clicked on

2023-07-27 19:47:22 - [MESSAGE][PASSED] - Object: 'Object Repository/OB_001_Login screen/Login Screen/Username' is clicked on

2023-07-27 19:47:22 - [TEST_STEP][PASSED] - setText(findTestObject("OB_001_Login screen/Login Screen/Username"), "BSO-2300"): Text 'BSO-2300' is set on object 'Object Repository/OB_001_Login screen/Login Screen/Username'

2023-07-27 19:47:23 - [MESSAGE][PASSED] - Text 'BSO-2300' is set on object 'Object Repository/OB_001_Login screen/Login Screen/Username'

2023-07-27 19:47:23 - [TEST_STEP][PASSED] - click(findTestObject("OB_001_Login screen/Login Screen/Password")): Object: 'Object Repository/OB_001_Login screen/Login Screen/Password' is clicked on

2023-07-27 19:47:23 - [MESSAGE][PASSED] - Object: 'Object Repository/OB_001_Login screen/Login Screen/Password' is clicked on

2023-07-27 19:47:23 - [TEST_STEP][PASSED] - setText(findTestObject("OB_001_Login screen/Login Screen/Password"), "Password@2300"): Text 'Password@2300' is set on object 'Object Repository/OB_001_Login screen/Login Screen/Password'

2023-07-27 19:47:24 - [MESSAGE][PASSED] - Text 'Password@2300' is set on object 'Object Repository/OB_001_Login screen/Login Screen/Password'

2023-07-27 19:47:24 - [TEST_STEP][PASSED] - click(findTestObject("OB_001_Login screen/Login Screen/button_Sign in")): Object: 'Object Repository/OB_001_Login screen/Login Screen/button_Sign in' is clicked on

2023-07-27 19:47:25 - [MESSAGE][PASSED] - Object: 'Object Repository/OB_001_Login screen/Login Screen/button_Sign in' is clicked on

2023-07-27 19:47:25 - [TEST_STEP][PASSED] - delay(8): Delayed 8 second(s)

2023-07-27 19:47:33 - [MESSAGE][PASSED] - Delayed 8 second(s)

2023-07-27 19:47:33 - [TEST_STEP][PASSED] - verifyTextPresent("VC Smart", false): Text 'VC Smart' is present on page 

2023-07-27 19:48:01 - [MESSAGE][PASSED] - Text 'VC Smart' is present on page 

2023-07-27 19:48:01 - [MESSAGE][PASSED] - Call Test Case 'Test Cases/TC_001_Verify the Login feature with valid credentials' successfully

2023-07-27 19:48:01 - [TEST_STEP][PASSED] - delay(11): Delayed 11 second(s)

2023-07-27 19:48:12 - [MESSAGE][PASSED] - Delayed 11 second(s)

2023-07-27 19:48:12 - [TEST_STEP][PASSED] - click(findTestObject("OB_003_All feature/All feature/a_Reports")): Object: 'Object Repository/OB_003_All feature/All feature/a_Reports' is clicked on

2023-07-27 19:48:13 - [MESSAGE][PASSED] - Object: 'Object Repository/OB_003_All feature/All feature/a_Reports' is clicked on

2023-07-27 19:48:13 - [TEST_STEP][PASSED] - verifyTextPresent("Safety Index Report", false): Text 'Safety Index Report' is present on page 

2023-07-27 19:48:14 - [MESSAGE][PASSED] - Text 'Safety Index Report' is present on page 

2023-07-27 19:48:14 - [TEST_STEP][PASSED] - delay(3): Delayed 3 second(s)

2023-07-27 19:48:17 - [MESSAGE][PASSED] - Delayed 3 second(s)

2023-07-27 19:48:17 - [TEST_STEP][PASSED] - click(findTestObject("OB_003_All feature/All feature/div_Safety Index Report")): Object: 'Object Repository/OB_003_All feature/All feature/div_Safety Index Report' is clicked on

2023-07-27 19:48:18 - [MESSAGE][PASSED] - Object: 'Object Repository/OB_003_All feature/All feature/div_Safety Index Report' is clicked on

2023-07-27 19:48:18 - [TEST_STEP][PASSED] - delay(3): Delayed 3 second(s)

2023-07-27 19:48:21 - [MESSAGE][PASSED] - Delayed 3 second(s)

2023-07-27 19:48:21 - [TEST_STEP][PASSED] - click(findTestObject("OB_003_All feature/All feature/a_Reports")): Object: 'Object Repository/OB_003_All feature/All feature/a_Reports' is clicked on

2023-07-27 19:48:22 - [MESSAGE][PASSED] - Object: 'Object Repository/OB_003_All feature/All feature/a_Reports' is clicked on

2023-07-27 19:48:22 - [TEST_STEP][PASSED] - click(findTestObject("OB_003_All feature/All feature/div_User Access Report")): Object: 'Object Repository/OB_003_All feature/All feature/div_User Access Report' is clicked on

2023-07-27 19:48:23 - [MESSAGE][PASSED] - Object: 'Object Repository/OB_003_All feature/All feature/div_User Access Report' is clicked on

2023-07-27 19:48:23 - [TEST_STEP][PASSED] - delay(3): Delayed 3 second(s)

2023-07-27 19:48:26 - [MESSAGE][PASSED] - Delayed 3 second(s)

2023-07-27 19:48:26 - [TEST_STEP][PASSED] - click(findTestObject("OB_003_All feature/All feature/a_Reports")): Object: 'Object Repository/OB_003_All feature/All feature/a_Reports' is clicked on

2023-07-27 19:48:26 - [MESSAGE][PASSED] - Object: 'Object Repository/OB_003_All feature/All feature/a_Reports' is clicked on

2023-07-27 19:48:26 - [TEST_STEP][PASSED] - click(findTestObject("OB_003_All feature/All feature/div_New Trip Report")): Object: 'Object Repository/OB_003_All feature/All feature/div_New Trip Report' is clicked on

2023-07-27 19:48:28 - [MESSAGE][PASSED] - Object: 'Object Repository/OB_003_All feature/All feature/div_New Trip Report' is clicked on

2023-07-27 19:48:28 - [TEST_STEP][PASSED] - delay(3): Delayed 3 second(s)

2023-07-27 19:48:31 - [MESSAGE][PASSED] - Delayed 3 second(s)

2023-07-27 19:48:31 - [TEST_STEP][PASSED] - click(findTestObject("OB_003_All feature/All feature/a_Reports")): Object: 'Object Repository/OB_003_All feature/All feature/a_Reports' is clicked on

2023-07-27 19:48:37 - [MESSAGE][PASSED] - Object: 'Object Repository/OB_003_All feature/All feature/a_Reports' is clicked on

2023-07-27 19:48:37 - [TEST_STEP][PASSED] - click(findTestObject("OB_003_All feature/All feature/div_Login History Report")): Object: 'Object Repository/OB_003_All feature/All feature/div_Login History Report' is clicked on

2023-07-27 19:48:38 - [MESSAGE][PASSED] - Object: 'Object Repository/OB_003_All feature/All feature/div_Login History Report' is clicked on

2023-07-27 19:48:38 - [TEST_STEP][PASSED] - delay(3): Delayed 3 second(s)

2023-07-27 19:48:41 - [MESSAGE][PASSED] - Delayed 3 second(s)

2023-07-27 19:48:41 - [TEST_STEP][PASSED] - click(findTestObject("OB_003_All feature/All feature/a_Reports")): Object: 'Object Repository/OB_003_All feature/All feature/a_Reports' is clicked on

2023-07-27 19:48:41 - [MESSAGE][PASSED] - Object: 'Object Repository/OB_003_All feature/All feature/a_Reports' is clicked on

2023-07-27 19:48:41 - [TEST_STEP][PASSED] - click(findTestObject("OB_003_All feature/All feature/div_External Consignment Log")): Object: 'Object Repository/OB_003_All feature/All feature/div_External Consignment Log' is clicked on

2023-07-27 19:48:42 - [MESSAGE][PASSED] - Object: 'Object Repository/OB_003_All feature/All feature/div_External Consignment Log' is clicked on

2023-07-27 19:48:42 - [TEST_STEP][PASSED] - delay(3): Delayed 3 second(s)

2023-07-27 19:48:45 - [MESSAGE][PASSED] - Delayed 3 second(s)

2023-07-27 19:48:45 - [TEST_STEP][PASSED] - click(findTestObject("OB_003_All feature/All feature/a_Reports")): Object: 'Object Repository/OB_003_All feature/All feature/a_Reports' is clicked on

2023-07-27 19:48:46 - [MESSAGE][PASSED] - Object: 'Object Repository/OB_003_All feature/All feature/a_Reports' is clicked on

2023-07-27 19:48:46 - [TEST_STEP][PASSED] - click(findTestObject("OB_003_All feature/All feature/div_Exception Report")): Object: 'Object Repository/OB_003_All feature/All feature/div_Exception Report' is clicked on

2023-07-27 19:48:47 - [MESSAGE][PASSED] - Object: 'Object Repository/OB_003_All feature/All feature/div_Exception Report' is clicked on

2023-07-27 19:48:47 - [TEST_STEP][PASSED] - delay(3): Delayed 3 second(s)

2023-07-27 19:48:50 - [MESSAGE][PASSED] - Delayed 3 second(s)

2023-07-27 19:48:50 - [TEST_STEP][PASSED] - click(findTestObject("OB_003_All feature/All feature/a_Reports")): Object: 'Object Repository/OB_003_All feature/All feature/a_Reports' is clicked on

2023-07-27 19:49:01 - [MESSAGE][PASSED] - Object: 'Object Repository/OB_003_All feature/All feature/a_Reports' is clicked on

2023-07-27 19:49:01 - [TEST_STEP][PASSED] - click(findTestObject("OB_003_All feature/All feature/a_Admin")): Object: 'Object Repository/OB_003_All feature/All feature/a_Admin' is clicked on

2023-07-27 19:49:02 - [MESSAGE][PASSED] - Object: 'Object Repository/OB_003_All feature/All feature/a_Admin' is clicked on

2023-07-27 19:49:02 - [TEST_STEP][PASSED] - delay(4): Delayed 4 second(s)

2023-07-27 19:49:06 - [MESSAGE][PASSED] - Delayed 4 second(s)

2023-07-27 19:49:06 - [TEST_STEP][PASSED] - verifyTextPresent("Landmark Manager", false): Text 'Landmark Manager' is present on page 

2023-07-27 19:49:07 - [MESSAGE][PASSED] - Text 'Landmark Manager' is present on page 

2023-07-27 19:49:07 - [TEST_STEP][PASSED] - click(findTestObject("OB_003_All feature/All feature/a_Admin")): Object: 'Object Repository/OB_003_All feature/All feature/a_Admin' is clicked on

2023-07-27 19:49:07 - [MESSAGE][PASSED] - Object: 'Object Repository/OB_003_All feature/All feature/a_Admin' is clicked on

2023-07-27 19:49:07 - [TEST_STEP][PASSED] - click(findTestObject("OB_003_All feature/All feature/a_NRD Dashboard")): Object: 'Object Repository/OB_003_All feature/All feature/a_NRD Dashboard' is clicked on

2023-07-27 19:49:08 - [MESSAGE][PASSED] - Object: 'Object Repository/OB_003_All feature/All feature/a_NRD Dashboard' is clicked on

2023-07-27 19:49:08 - [TEST_STEP][PASSED] - delay(11): Delayed 11 second(s)

2023-07-27 19:49:19 - [MESSAGE][PASSED] - Delayed 11 second(s)

2023-07-27 19:49:19 - [TEST_STEP][PASSED] - verifyTextPresent("Device Status", false): Text 'Device Status' is present on page 

2023-07-27 19:49:24 - [MESSAGE][PASSED] - Text 'Device Status' is present on page 

2023-07-27 19:49:24 - [TEST_STEP][PASSED] - click(findTestObject("OB_003_All feature/All feature/a_Map View")): Object: 'Object Repository/OB_003_All feature/All feature/a_Map View' is clicked on

2023-07-27 19:49:24 - [MESSAGE][PASSED] - Object: 'Object Repository/OB_003_All feature/All feature/a_Map View' is clicked on

2023-07-27 19:49:24 - [TEST_STEP][PASSED] - delay(12): Delayed 12 second(s)

2023-07-27 19:49:36 - [MESSAGE][PASSED] - Delayed 12 second(s)

2023-07-27 19:49:36 - [TEST_STEP][PASSED] - verifyTextPresent("View Grid", false): Text 'View Grid' is present on page 

2023-07-27 19:50:04 - [MESSAGE][PASSED] - Text 'View Grid' is present on page 

2023-07-27 19:50:04 - [TEST_STEP][PASSED] - closeBrowser(): Browser is closed

2023-07-27 19:50:05 - [MESSAGE][PASSED] - Browser is closed]]></system-out>
         <system-err><![CDATA[]]></system-err>
      </testcase>
      <system-out><![CDATA[2023-07-27 19:43:29 - [TEST_SUITE][PASSED] - TS_002_Samity Test 1_VC smart web app: Test Cases/TC_005_Verify All feature of vc smart web application]]></system-out>
      <system-err><![CDATA[]]></system-err>
   </testsuite>
</testsuites>
