<?xml version="1.0" encoding="UTF-8"?>
<testsuites name="TS_002_Sanity Test 1_VC smart web app" time="519.077" tests="4" failures="0" errors="0">
   <testsuite name="TS_002_Sanity Test 1_VC smart web app" tests="4" failures="0" errors="0" time="519.077" skipped="0" timestamp="2023-07-31 16:35:07" hostname="windows 10 - DESKTOP-21ATSCV" id="Test Suites/TS_002_Sanity Test 1_VC smart web app">
      <properties>
         <property name="deviceName" value=""/>
         <property name="devicePlatform" value=""/>
         <property name="logFolder" value="C:\\Users\\windows 10\\git\\NewRepository\\KatalonGit\\Reports\\20230731_163454\\TS_002_Sanity Test 1_VC smart web app\\20230731_163502"/>
         <property name="logFiles" value="C:\\Users\\windows 10\\git\\NewRepository\\KatalonGit\\Reports\\20230731_163454\\TS_002_Sanity Test 1_VC smart web app\\20230731_163502\\execution0.log"/>
         <property name="attachments" value=""/>
         <property name="hostName" value="windows 10 - DESKTOP-21ATSCV"/>
         <property name="os" value="Windows 10 64bit"/>
         <property name="katalonVersion" value="8.6.5.208"/>
         <property name="browser" value="Chrome 114.0.0.0"/>
         <property name="hostAddress" value="192.168.1.102"/>
         <property name="sessionId" value="9b7c5d9f8e2fc97a2316d1f2f75ee60a"/>
         <property name="seleniumVersion" value="3.141.59"/>
         <property name="proxyInformation" value="ProxyInformation { proxyOption=NO_PROXY, proxyServerType=HTTP, username=, password=********, proxyServerAddress=, proxyServerPort=0, executionList=&quot;&quot;, isApplyToDesiredCapabilities=true }"/>
         <property name="platform" value="Windows 10"/>
      </properties>
      <testcase name="Test Cases/TC_001_Verify the Login feature with valid credentials" time="56.103" classname="Test Cases/TC_001_Verify the Login feature with valid credentials" status="PASSED">
         <system-out><![CDATA[2023-07-31 16:35:08 - [TEST_CASE][PASSED] - Test Cases/TC_001_Verify the Login feature with valid credentials: Test Cases/TC_001_Verify the Login feature with valid credentials

2023-07-31 16:35:08 - [TEST_STEP][PASSED] - openBrowser("https://ioclvcsmart.tmsitrimble.in/VCSmartApp/#/login"): Browser is opened with url: 'https://ioclvcsmart.tmsitrimble.in/VCSmartApp/#/login'

2023-07-31 16:35:08 - [MESSAGE][INFO] - Starting 'Chrome' driver

2023-07-31 16:35:08 - [MESSAGE][INFO] - Action delay is set to 0 milliseconds

2023-07-31 16:35:19 - [MESSAGE][PASSED] - Browser is opened with url: 'https://ioclvcsmart.tmsitrimble.in/VCSmartApp/#/login'

2023-07-31 16:35:19 - [TEST_STEP][PASSED] - maximizeWindow(): Current window maximized

2023-07-31 16:35:19 - [MESSAGE][PASSED] - Current window maximized

2023-07-31 16:35:19 - [TEST_STEP][PASSED] - delay(5): Delayed 5 second(s)

2023-07-31 16:35:24 - [MESSAGE][PASSED] - Delayed 5 second(s)

2023-07-31 16:35:24 - [TEST_STEP][PASSED] - click(findTestObject("OB_001_Login screen/Login Screen/Username")): Object: 'Object Repository/OB_001_Login screen/Login Screen/Username' is clicked on

2023-07-31 16:35:24 - [MESSAGE][PASSED] - Object: 'Object Repository/OB_001_Login screen/Login Screen/Username' is clicked on

2023-07-31 16:35:24 - [TEST_STEP][PASSED] - setText(findTestObject("OB_001_Login screen/Login Screen/Username"), "BSO-2300"): Text 'BSO-2300' is set on object 'Object Repository/OB_001_Login screen/Login Screen/Username'

2023-07-31 16:35:25 - [MESSAGE][PASSED] - Text 'BSO-2300' is set on object 'Object Repository/OB_001_Login screen/Login Screen/Username'

2023-07-31 16:35:25 - [TEST_STEP][PASSED] - click(findTestObject("OB_001_Login screen/Login Screen/Password")): Object: 'Object Repository/OB_001_Login screen/Login Screen/Password' is clicked on

2023-07-31 16:35:25 - [MESSAGE][PASSED] - Object: 'Object Repository/OB_001_Login screen/Login Screen/Password' is clicked on

2023-07-31 16:35:25 - [TEST_STEP][PASSED] - setText(findTestObject("OB_001_Login screen/Login Screen/Password"), "Password@2300"): Text 'Password@2300' is set on object 'Object Repository/OB_001_Login screen/Login Screen/Password'

2023-07-31 16:35:26 - [MESSAGE][PASSED] - Text 'Password@2300' is set on object 'Object Repository/OB_001_Login screen/Login Screen/Password'

2023-07-31 16:35:26 - [TEST_STEP][PASSED] - click(findTestObject("OB_001_Login screen/Login Screen/button_Sign in")): Object: 'Object Repository/OB_001_Login screen/Login Screen/button_Sign in' is clicked on

2023-07-31 16:35:27 - [MESSAGE][PASSED] - Object: 'Object Repository/OB_001_Login screen/Login Screen/button_Sign in' is clicked on

2023-07-31 16:35:27 - [TEST_STEP][PASSED] - delay(8): Delayed 8 second(s)

2023-07-31 16:35:35 - [MESSAGE][PASSED] - Delayed 8 second(s)

2023-07-31 16:35:35 - [TEST_STEP][PASSED] - verifyTextPresent("VC Smart", false): Text 'VC Smart' is present on page 

2023-07-31 16:36:04 - [MESSAGE][PASSED] - Text 'VC Smart' is present on page]]></system-out>
         <system-err><![CDATA[]]></system-err>
      </testcase>
      <testcase name="Test Cases/TC_004_Verify the TBC feature" time="112.747" classname="Test Cases/TC_004_Verify the TBC feature" status="PASSED">
         <system-out><![CDATA[2023-07-31 16:36:04 - [TEST_CASE][PASSED] - Test Cases/TC_004_Verify the TBC feature: Test Cases/TC_004_Verify the TBC feature

2023-07-31 16:36:04 - [TEST_STEP][PASSED] - callTestCase(findTestCase("TC_001_Verify the Login feature with valid credentials"), [:], STOP_ON_FAILURE): Call Test Case 'Test Cases/TC_001_Verify the Login feature with valid credentials' successfully

2023-07-31 16:36:04 - [TEST_CASE][PASSED] - Test Cases/TC_001_Verify the Login feature with valid credentials: Test Cases/TC_001_Verify the Login feature with valid credentials

2023-07-31 16:36:04 - [TEST_STEP][PASSED] - openBrowser("https://ioclvcsmart.tmsitrimble.in/VCSmartApp/#/login"): Browser is opened with url: 'https://ioclvcsmart.tmsitrimble.in/VCSmartApp/#/login'

2023-07-31 16:36:04 - [MESSAGE][WARNING] - A browser is already opened. Closing browser and opening a new one

2023-07-31 16:36:05 - [MESSAGE][INFO] - Starting 'Chrome' driver

2023-07-31 16:36:05 - [MESSAGE][INFO] - Action delay is set to 0 milliseconds

2023-07-31 16:36:15 - [MESSAGE][PASSED] - Browser is opened with url: 'https://ioclvcsmart.tmsitrimble.in/VCSmartApp/#/login'

2023-07-31 16:36:15 - [TEST_STEP][PASSED] - maximizeWindow(): Current window maximized

2023-07-31 16:36:15 - [MESSAGE][PASSED] - Current window maximized

2023-07-31 16:36:15 - [TEST_STEP][PASSED] - delay(5): Delayed 5 second(s)

2023-07-31 16:36:20 - [MESSAGE][PASSED] - Delayed 5 second(s)

2023-07-31 16:36:20 - [TEST_STEP][PASSED] - click(findTestObject("OB_001_Login screen/Login Screen/Username")): Object: 'Object Repository/OB_001_Login screen/Login Screen/Username' is clicked on

2023-07-31 16:36:21 - [MESSAGE][PASSED] - Object: 'Object Repository/OB_001_Login screen/Login Screen/Username' is clicked on

2023-07-31 16:36:21 - [TEST_STEP][PASSED] - setText(findTestObject("OB_001_Login screen/Login Screen/Username"), "BSO-2300"): Text 'BSO-2300' is set on object 'Object Repository/OB_001_Login screen/Login Screen/Username'

2023-07-31 16:36:22 - [MESSAGE][PASSED] - Text 'BSO-2300' is set on object 'Object Repository/OB_001_Login screen/Login Screen/Username'

2023-07-31 16:36:22 - [TEST_STEP][PASSED] - click(findTestObject("OB_001_Login screen/Login Screen/Password")): Object: 'Object Repository/OB_001_Login screen/Login Screen/Password' is clicked on

2023-07-31 16:36:22 - [MESSAGE][PASSED] - Object: 'Object Repository/OB_001_Login screen/Login Screen/Password' is clicked on

2023-07-31 16:36:22 - [TEST_STEP][PASSED] - setText(findTestObject("OB_001_Login screen/Login Screen/Password"), "Password@2300"): Text 'Password@2300' is set on object 'Object Repository/OB_001_Login screen/Login Screen/Password'

2023-07-31 16:36:23 - [MESSAGE][PASSED] - Text 'Password@2300' is set on object 'Object Repository/OB_001_Login screen/Login Screen/Password'

2023-07-31 16:36:23 - [TEST_STEP][PASSED] - click(findTestObject("OB_001_Login screen/Login Screen/button_Sign in")): Object: 'Object Repository/OB_001_Login screen/Login Screen/button_Sign in' is clicked on

2023-07-31 16:36:23 - [MESSAGE][PASSED] - Object: 'Object Repository/OB_001_Login screen/Login Screen/button_Sign in' is clicked on

2023-07-31 16:36:23 - [TEST_STEP][PASSED] - delay(8): Delayed 8 second(s)

2023-07-31 16:36:31 - [MESSAGE][PASSED] - Delayed 8 second(s)

2023-07-31 16:36:31 - [TEST_STEP][PASSED] - verifyTextPresent("VC Smart", false): Text 'VC Smart' is present on page 

2023-07-31 16:37:01 - [MESSAGE][PASSED] - Text 'VC Smart' is present on page 

2023-07-31 16:37:01 - [MESSAGE][PASSED] - Call Test Case 'Test Cases/TC_001_Verify the Login feature with valid credentials' successfully

2023-07-31 16:37:01 - [TEST_STEP][PASSED] - delay(8): Delayed 8 second(s)

2023-07-31 16:37:09 - [MESSAGE][PASSED] - Delayed 8 second(s)

2023-07-31 16:37:09 - [TEST_STEP][PASSED] - click(findTestObject("OB_002_Feature1/Feature/a_Track By Criteria")): Object: 'Object Repository/OB_002_Feature1/Feature/a_Track By Criteria' is clicked on

2023-07-31 16:37:28 - [MESSAGE][PASSED] - Object: 'Object Repository/OB_002_Feature1/Feature/a_Track By Criteria' is clicked on

2023-07-31 16:37:28 - [TEST_STEP][PASSED] - click(findTestObject("OB_002_Feature1/Feature/button_Submit")): Object: 'Object Repository/OB_002_Feature1/Feature/button_Submit' is clicked on

2023-07-31 16:37:33 - [MESSAGE][PASSED] - Object: 'Object Repository/OB_002_Feature1/Feature/button_Submit' is clicked on

2023-07-31 16:37:33 - [TEST_STEP][PASSED] - delay(22): Delayed 22 second(s)

2023-07-31 16:37:55 - [MESSAGE][PASSED] - Delayed 22 second(s)

2023-07-31 16:37:55 - [TEST_STEP][PASSED] - verifyTextPresent("Vehicle Number", false): Text 'Vehicle Number' is present on page 

2023-07-31 16:37:56 - [MESSAGE][PASSED] - Text 'Vehicle Number' is present on page]]></system-out>
         <system-err><![CDATA[]]></system-err>
      </testcase>
      <testcase name="Test Cases/TC_005_Verify All feature of vc smart web application" time="212.665" classname="Test Cases/TC_005_Verify All feature of vc smart web application" status="PASSED">
         <system-out><![CDATA[2023-07-31 16:37:56 - [TEST_CASE][PASSED] - Test Cases/TC_005_Verify All feature of vc smart web application: Test Cases/TC_005_Verify All feature of vc smart web application

2023-07-31 16:37:57 - [TEST_STEP][PASSED] - callTestCase(findTestCase("TC_001_Verify the Login feature with valid credentials"), [:], STOP_ON_FAILURE): Call Test Case 'Test Cases/TC_001_Verify the Login feature with valid credentials' successfully

2023-07-31 16:37:57 - [TEST_CASE][PASSED] - Test Cases/TC_001_Verify the Login feature with valid credentials: Test Cases/TC_001_Verify the Login feature with valid credentials

2023-07-31 16:37:57 - [TEST_STEP][PASSED] - openBrowser("https://ioclvcsmart.tmsitrimble.in/VCSmartApp/#/login"): Browser is opened with url: 'https://ioclvcsmart.tmsitrimble.in/VCSmartApp/#/login'

2023-07-31 16:37:57 - [MESSAGE][WARNING] - A browser is already opened. Closing browser and opening a new one

2023-07-31 16:37:57 - [MESSAGE][INFO] - Starting 'Chrome' driver

2023-07-31 16:37:57 - [MESSAGE][INFO] - Action delay is set to 0 milliseconds

2023-07-31 16:38:08 - [MESSAGE][PASSED] - Browser is opened with url: 'https://ioclvcsmart.tmsitrimble.in/VCSmartApp/#/login'

2023-07-31 16:38:08 - [TEST_STEP][PASSED] - maximizeWindow(): Current window maximized

2023-07-31 16:38:08 - [MESSAGE][PASSED] - Current window maximized

2023-07-31 16:38:08 - [TEST_STEP][PASSED] - delay(5): Delayed 5 second(s)

2023-07-31 16:38:13 - [MESSAGE][PASSED] - Delayed 5 second(s)

2023-07-31 16:38:13 - [TEST_STEP][PASSED] - click(findTestObject("OB_001_Login screen/Login Screen/Username")): Object: 'Object Repository/OB_001_Login screen/Login Screen/Username' is clicked on

2023-07-31 16:38:13 - [MESSAGE][PASSED] - Object: 'Object Repository/OB_001_Login screen/Login Screen/Username' is clicked on

2023-07-31 16:38:13 - [TEST_STEP][PASSED] - setText(findTestObject("OB_001_Login screen/Login Screen/Username"), "BSO-2300"): Text 'BSO-2300' is set on object 'Object Repository/OB_001_Login screen/Login Screen/Username'

2023-07-31 16:38:14 - [MESSAGE][PASSED] - Text 'BSO-2300' is set on object 'Object Repository/OB_001_Login screen/Login Screen/Username'

2023-07-31 16:38:14 - [TEST_STEP][PASSED] - click(findTestObject("OB_001_Login screen/Login Screen/Password")): Object: 'Object Repository/OB_001_Login screen/Login Screen/Password' is clicked on

2023-07-31 16:38:14 - [MESSAGE][PASSED] - Object: 'Object Repository/OB_001_Login screen/Login Screen/Password' is clicked on

2023-07-31 16:38:14 - [TEST_STEP][PASSED] - setText(findTestObject("OB_001_Login screen/Login Screen/Password"), "Password@2300"): Text 'Password@2300' is set on object 'Object Repository/OB_001_Login screen/Login Screen/Password'

2023-07-31 16:38:15 - [MESSAGE][PASSED] - Text 'Password@2300' is set on object 'Object Repository/OB_001_Login screen/Login Screen/Password'

2023-07-31 16:38:15 - [TEST_STEP][PASSED] - click(findTestObject("OB_001_Login screen/Login Screen/button_Sign in")): Object: 'Object Repository/OB_001_Login screen/Login Screen/button_Sign in' is clicked on

2023-07-31 16:38:16 - [MESSAGE][PASSED] - Object: 'Object Repository/OB_001_Login screen/Login Screen/button_Sign in' is clicked on

2023-07-31 16:38:16 - [TEST_STEP][PASSED] - delay(8): Delayed 8 second(s)

2023-07-31 16:38:24 - [MESSAGE][PASSED] - Delayed 8 second(s)

2023-07-31 16:38:24 - [TEST_STEP][PASSED] - verifyTextPresent("VC Smart", false): Text 'VC Smart' is present on page 

2023-07-31 16:38:54 - [MESSAGE][PASSED] - Text 'VC Smart' is present on page 

2023-07-31 16:38:54 - [MESSAGE][PASSED] - Call Test Case 'Test Cases/TC_001_Verify the Login feature with valid credentials' successfully

2023-07-31 16:38:54 - [TEST_STEP][PASSED] - delay(11): Delayed 11 second(s)

2023-07-31 16:39:05 - [MESSAGE][PASSED] - Delayed 11 second(s)

2023-07-31 16:39:05 - [TEST_STEP][PASSED] - click(findTestObject("OB_003_All feature/All feature/a_Reports")): Object: 'Object Repository/OB_003_All feature/All feature/a_Reports' is clicked on

2023-07-31 16:39:27 - [MESSAGE][PASSED] - Object: 'Object Repository/OB_003_All feature/All feature/a_Reports' is clicked on

2023-07-31 16:39:27 - [TEST_STEP][PASSED] - verifyTextPresent("Safety Index Report", false): Text 'Safety Index Report' is present on page 

2023-07-31 16:39:28 - [MESSAGE][PASSED] - Text 'Safety Index Report' is present on page 

2023-07-31 16:39:28 - [TEST_STEP][PASSED] - delay(3): Delayed 3 second(s)

2023-07-31 16:39:31 - [MESSAGE][PASSED] - Delayed 3 second(s)

2023-07-31 16:39:31 - [TEST_STEP][PASSED] - click(findTestObject("OB_003_All feature/All feature/div_Safety Index Report")): Object: 'Object Repository/OB_003_All feature/All feature/div_Safety Index Report' is clicked on

2023-07-31 16:39:31 - [MESSAGE][PASSED] - Object: 'Object Repository/OB_003_All feature/All feature/div_Safety Index Report' is clicked on

2023-07-31 16:39:31 - [TEST_STEP][PASSED] - delay(3): Delayed 3 second(s)

2023-07-31 16:39:34 - [MESSAGE][PASSED] - Delayed 3 second(s)

2023-07-31 16:39:34 - [TEST_STEP][PASSED] - click(findTestObject("OB_003_All feature/All feature/a_Reports")): Object: 'Object Repository/OB_003_All feature/All feature/a_Reports' is clicked on

2023-07-31 16:39:35 - [MESSAGE][PASSED] - Object: 'Object Repository/OB_003_All feature/All feature/a_Reports' is clicked on

2023-07-31 16:39:35 - [TEST_STEP][PASSED] - click(findTestObject("OB_003_All feature/All feature/div_User Access Report")): Object: 'Object Repository/OB_003_All feature/All feature/div_User Access Report' is clicked on

2023-07-31 16:39:35 - [MESSAGE][PASSED] - Object: 'Object Repository/OB_003_All feature/All feature/div_User Access Report' is clicked on

2023-07-31 16:39:35 - [TEST_STEP][PASSED] - delay(3): Delayed 3 second(s)

2023-07-31 16:39:38 - [MESSAGE][PASSED] - Delayed 3 second(s)

2023-07-31 16:39:38 - [TEST_STEP][PASSED] - click(findTestObject("OB_003_All feature/All feature/a_Reports")): Object: 'Object Repository/OB_003_All feature/All feature/a_Reports' is clicked on

2023-07-31 16:39:39 - [MESSAGE][PASSED] - Object: 'Object Repository/OB_003_All feature/All feature/a_Reports' is clicked on

2023-07-31 16:39:39 - [TEST_STEP][PASSED] - click(findTestObject("OB_003_All feature/All feature/div_New Trip Report")): Object: 'Object Repository/OB_003_All feature/All feature/div_New Trip Report' is clicked on

2023-07-31 16:39:39 - [MESSAGE][PASSED] - Object: 'Object Repository/OB_003_All feature/All feature/div_New Trip Report' is clicked on

2023-07-31 16:39:39 - [TEST_STEP][PASSED] - delay(3): Delayed 3 second(s)

2023-07-31 16:39:42 - [MESSAGE][PASSED] - Delayed 3 second(s)

2023-07-31 16:39:42 - [TEST_STEP][PASSED] - click(findTestObject("OB_003_All feature/All feature/a_Reports")): Object: 'Object Repository/OB_003_All feature/All feature/a_Reports' is clicked on

2023-07-31 16:39:43 - [MESSAGE][PASSED] - Object: 'Object Repository/OB_003_All feature/All feature/a_Reports' is clicked on

2023-07-31 16:39:43 - [TEST_STEP][PASSED] - click(findTestObject("OB_003_All feature/All feature/div_Login History Report")): Object: 'Object Repository/OB_003_All feature/All feature/div_Login History Report' is clicked on

2023-07-31 16:39:43 - [MESSAGE][PASSED] - Object: 'Object Repository/OB_003_All feature/All feature/div_Login History Report' is clicked on

2023-07-31 16:39:43 - [TEST_STEP][PASSED] - delay(3): Delayed 3 second(s)

2023-07-31 16:39:46 - [MESSAGE][PASSED] - Delayed 3 second(s)

2023-07-31 16:39:46 - [TEST_STEP][PASSED] - click(findTestObject("OB_003_All feature/All feature/a_Reports")): Object: 'Object Repository/OB_003_All feature/All feature/a_Reports' is clicked on

2023-07-31 16:39:47 - [MESSAGE][PASSED] - Object: 'Object Repository/OB_003_All feature/All feature/a_Reports' is clicked on

2023-07-31 16:39:47 - [TEST_STEP][PASSED] - click(findTestObject("OB_003_All feature/All feature/div_External Consignment Log")): Object: 'Object Repository/OB_003_All feature/All feature/div_External Consignment Log' is clicked on

2023-07-31 16:39:47 - [MESSAGE][PASSED] - Object: 'Object Repository/OB_003_All feature/All feature/div_External Consignment Log' is clicked on

2023-07-31 16:39:47 - [TEST_STEP][PASSED] - delay(3): Delayed 3 second(s)

2023-07-31 16:39:50 - [MESSAGE][PASSED] - Delayed 3 second(s)

2023-07-31 16:39:50 - [TEST_STEP][PASSED] - click(findTestObject("OB_003_All feature/All feature/a_Reports")): Object: 'Object Repository/OB_003_All feature/All feature/a_Reports' is clicked on

2023-07-31 16:39:52 - [MESSAGE][PASSED] - Object: 'Object Repository/OB_003_All feature/All feature/a_Reports' is clicked on

2023-07-31 16:39:52 - [TEST_STEP][PASSED] - click(findTestObject("OB_003_All feature/All feature/div_Exception Report")): Object: 'Object Repository/OB_003_All feature/All feature/div_Exception Report' is clicked on

2023-07-31 16:39:53 - [MESSAGE][PASSED] - Object: 'Object Repository/OB_003_All feature/All feature/div_Exception Report' is clicked on

2023-07-31 16:39:53 - [TEST_STEP][PASSED] - delay(3): Delayed 3 second(s)

2023-07-31 16:39:56 - [MESSAGE][PASSED] - Delayed 3 second(s)

2023-07-31 16:39:56 - [TEST_STEP][PASSED] - click(findTestObject("OB_003_All feature/All feature/a_Reports")): Object: 'Object Repository/OB_003_All feature/All feature/a_Reports' is clicked on

2023-07-31 16:40:00 - [MESSAGE][PASSED] - Object: 'Object Repository/OB_003_All feature/All feature/a_Reports' is clicked on

2023-07-31 16:40:00 - [TEST_STEP][PASSED] - click(findTestObject("OB_003_All feature/All feature/a_Admin")): Object: 'Object Repository/OB_003_All feature/All feature/a_Admin' is clicked on

2023-07-31 16:40:01 - [MESSAGE][PASSED] - Object: 'Object Repository/OB_003_All feature/All feature/a_Admin' is clicked on

2023-07-31 16:40:01 - [TEST_STEP][PASSED] - delay(4): Delayed 4 second(s)

2023-07-31 16:40:05 - [MESSAGE][PASSED] - Delayed 4 second(s)

2023-07-31 16:40:05 - [TEST_STEP][PASSED] - verifyTextPresent("Landmark Manager", false): Text 'Landmark Manager' is present on page 

2023-07-31 16:40:06 - [MESSAGE][PASSED] - Text 'Landmark Manager' is present on page 

2023-07-31 16:40:06 - [TEST_STEP][PASSED] - click(findTestObject("OB_003_All feature/All feature/a_Admin")): Object: 'Object Repository/OB_003_All feature/All feature/a_Admin' is clicked on

2023-07-31 16:40:06 - [MESSAGE][PASSED] - Object: 'Object Repository/OB_003_All feature/All feature/a_Admin' is clicked on

2023-07-31 16:40:06 - [TEST_STEP][PASSED] - click(findTestObject("OB_003_All feature/All feature/a_NRD Dashboard")): Object: 'Object Repository/OB_003_All feature/All feature/a_NRD Dashboard' is clicked on

2023-07-31 16:40:06 - [MESSAGE][PASSED] - Object: 'Object Repository/OB_003_All feature/All feature/a_NRD Dashboard' is clicked on

2023-07-31 16:40:06 - [TEST_STEP][PASSED] - delay(11): Delayed 11 second(s)

2023-07-31 16:40:17 - [MESSAGE][PASSED] - Delayed 11 second(s)

2023-07-31 16:40:17 - [TEST_STEP][PASSED] - verifyTextPresent("Device Status", false): Text 'Device Status' is present on page 

2023-07-31 16:40:47 - [MESSAGE][PASSED] - Text 'Device Status' is present on page 

2023-07-31 16:40:47 - [TEST_STEP][PASSED] - click(findTestObject("OB_003_All feature/All feature/a_Map View")): Object: 'Object Repository/OB_003_All feature/All feature/a_Map View' is clicked on

2023-07-31 16:41:15 - [MESSAGE][PASSED] - Object: 'Object Repository/OB_003_All feature/All feature/a_Map View' is clicked on

2023-07-31 16:41:15 - [TEST_STEP][PASSED] - delay(12): Delayed 12 second(s)

2023-07-31 16:41:27 - [MESSAGE][PASSED] - Delayed 12 second(s)

2023-07-31 16:41:27 - [TEST_STEP][PASSED] - verifyTextPresent("View Grid", false): Text 'View Grid' is present on page 

2023-07-31 16:41:28 - [MESSAGE][PASSED] - Text 'View Grid' is present on page 

2023-07-31 16:41:28 - [TEST_STEP][PASSED] - closeBrowser(): Browser is closed

2023-07-31 16:41:29 - [MESSAGE][PASSED] - Browser is closed]]></system-out>
         <system-err><![CDATA[]]></system-err>
      </testcase>
      <testcase name="Test Cases/TC_006_Verify the Logout feature" time="137.204" classname="Test Cases/TC_006_Verify the Logout feature" status="PASSED">
         <system-out><![CDATA[2023-07-31 16:41:29 - [TEST_CASE][PASSED] - Test Cases/TC_006_Verify the Logout feature: Test Cases/TC_006_Verify the Logout feature

2023-07-31 16:41:29 - [TEST_STEP][PASSED] - callTestCase(findTestCase("TC_001_Verify the Login feature with valid credentials"), [:], STOP_ON_FAILURE): Call Test Case 'Test Cases/TC_001_Verify the Login feature with valid credentials' successfully

2023-07-31 16:41:29 - [TEST_CASE][PASSED] - Test Cases/TC_001_Verify the Login feature with valid credentials: Test Cases/TC_001_Verify the Login feature with valid credentials

2023-07-31 16:41:29 - [TEST_STEP][PASSED] - openBrowser("https://ioclvcsmart.tmsitrimble.in/VCSmartApp/#/login"): Browser is opened with url: 'https://ioclvcsmart.tmsitrimble.in/VCSmartApp/#/login'

2023-07-31 16:41:29 - [MESSAGE][INFO] - Starting 'Chrome' driver

2023-07-31 16:41:29 - [MESSAGE][INFO] - Action delay is set to 0 milliseconds

2023-07-31 16:41:38 - [MESSAGE][PASSED] - Browser is opened with url: 'https://ioclvcsmart.tmsitrimble.in/VCSmartApp/#/login'

2023-07-31 16:41:38 - [TEST_STEP][PASSED] - maximizeWindow(): Current window maximized

2023-07-31 16:41:38 - [MESSAGE][PASSED] - Current window maximized

2023-07-31 16:41:38 - [TEST_STEP][PASSED] - delay(5): Delayed 5 second(s)

2023-07-31 16:41:43 - [MESSAGE][PASSED] - Delayed 5 second(s)

2023-07-31 16:41:43 - [TEST_STEP][PASSED] - click(findTestObject("OB_001_Login screen/Login Screen/Username")): Object: 'Object Repository/OB_001_Login screen/Login Screen/Username' is clicked on

2023-07-31 16:41:43 - [MESSAGE][PASSED] - Object: 'Object Repository/OB_001_Login screen/Login Screen/Username' is clicked on

2023-07-31 16:41:43 - [TEST_STEP][PASSED] - setText(findTestObject("OB_001_Login screen/Login Screen/Username"), "BSO-2300"): Text 'BSO-2300' is set on object 'Object Repository/OB_001_Login screen/Login Screen/Username'

2023-07-31 16:41:44 - [MESSAGE][PASSED] - Text 'BSO-2300' is set on object 'Object Repository/OB_001_Login screen/Login Screen/Username'

2023-07-31 16:41:44 - [TEST_STEP][PASSED] - click(findTestObject("OB_001_Login screen/Login Screen/Password")): Object: 'Object Repository/OB_001_Login screen/Login Screen/Password' is clicked on

2023-07-31 16:41:45 - [MESSAGE][PASSED] - Object: 'Object Repository/OB_001_Login screen/Login Screen/Password' is clicked on

2023-07-31 16:41:45 - [TEST_STEP][PASSED] - setText(findTestObject("OB_001_Login screen/Login Screen/Password"), "Password@2300"): Text 'Password@2300' is set on object 'Object Repository/OB_001_Login screen/Login Screen/Password'

2023-07-31 16:41:45 - [MESSAGE][PASSED] - Text 'Password@2300' is set on object 'Object Repository/OB_001_Login screen/Login Screen/Password'

2023-07-31 16:41:45 - [TEST_STEP][PASSED] - click(findTestObject("OB_001_Login screen/Login Screen/button_Sign in")): Object: 'Object Repository/OB_001_Login screen/Login Screen/button_Sign in' is clicked on

2023-07-31 16:41:46 - [MESSAGE][PASSED] - Object: 'Object Repository/OB_001_Login screen/Login Screen/button_Sign in' is clicked on

2023-07-31 16:41:46 - [TEST_STEP][PASSED] - delay(8): Delayed 8 second(s)

2023-07-31 16:41:54 - [MESSAGE][PASSED] - Delayed 8 second(s)

2023-07-31 16:41:54 - [TEST_STEP][PASSED] - verifyTextPresent("VC Smart", false): Text 'VC Smart' is present on page 

2023-07-31 16:42:24 - [MESSAGE][PASSED] - Text 'VC Smart' is present on page 

2023-07-31 16:42:24 - [MESSAGE][PASSED] - Call Test Case 'Test Cases/TC_001_Verify the Login feature with valid credentials' successfully

2023-07-31 16:42:24 - [TEST_STEP][PASSED] - delay(8): Delayed 8 second(s)

2023-07-31 16:42:32 - [MESSAGE][PASSED] - Delayed 8 second(s)

2023-07-31 16:42:32 - [TEST_STEP][PASSED] - click(findTestObject("OB_004_Logout Feature/logout feature/a_IOCL")): Object: 'Object Repository/OB_004_Logout Feature/logout feature/a_IOCL' is clicked on

2023-07-31 16:43:03 - [MESSAGE][PASSED] - Object: 'Object Repository/OB_004_Logout Feature/logout feature/a_IOCL' is clicked on

2023-07-31 16:43:03 - [TEST_STEP][PASSED] - delay(5): Delayed 5 second(s)

2023-07-31 16:43:08 - [MESSAGE][PASSED] - Delayed 5 second(s)

2023-07-31 16:43:08 - [TEST_STEP][PASSED] - click(findTestObject("OB_004_Logout Feature/logout feature/button_Logout")): Object: 'Object Repository/OB_004_Logout Feature/logout feature/button_Logout' is clicked on

2023-07-31 16:43:38 - [MESSAGE][PASSED] - Object: 'Object Repository/OB_004_Logout Feature/logout feature/button_Logout' is clicked on

2023-07-31 16:43:38 - [TEST_STEP][PASSED] - delay(8): Delayed 8 second(s)

2023-07-31 16:43:46 - [MESSAGE][PASSED] - Delayed 8 second(s)

2023-07-31 16:43:46 - [TEST_STEP][PASSED] - closeBrowser(): Browser is closed

2023-07-31 16:43:46 - [MESSAGE][PASSED] - Browser is closed]]></system-out>
         <system-err><![CDATA[]]></system-err>
      </testcase>
      <system-out><![CDATA[2023-07-31 16:35:07 - [TEST_SUITE][PASSED] - TS_002_Sanity Test 1_VC smart web app: Test Cases/TC_006_Verify the Logout feature]]></system-out>
      <system-err><![CDATA[]]></system-err>
   </testsuite>
</testsuites>
