<?xml version="1.0" encoding="UTF-8"?>
<testsuites name="TS_001_Data driven for Login feature" time="421.581" tests="8" failures="0" errors="0">
   <testsuite name="TS_001_Data driven for Login feature" tests="8" failures="0" errors="0" time="421.581" skipped="0" timestamp="2023-07-31 12:27:43" hostname="windows 10 - DESKTOP-21ATSCV" id="Test Suites/TS_001_Data driven for Login feature">
      <properties>
         <property name="deviceName" value=""/>
         <property name="devicePlatform" value=""/>
         <property name="logFolder" value="C:\\Users\\windows 10\\git\\NewRepository\\KatalonGit\\Reports\\20230731_122741\\TS_001_Data driven for Login feature\\20230731_122741"/>
         <property name="logFiles" value="C:\\Users\\windows 10\\git\\NewRepository\\KatalonGit\\Reports\\20230731_122741\\TS_001_Data driven for Login feature\\20230731_122741\\execution0.log"/>
         <property name="attachments" value="C:\\Users\\windows 10\\git\\NewRepository\\KatalonGit\\Reports\\20230731_122741\\TS_001_Data driven for Login feature\\20230731_122741\\1690786839296.png"/>
         <property name="hostName" value="windows 10 - DESKTOP-21ATSCV"/>
         <property name="os" value="Windows 10 64bit"/>
         <property name="katalonVersion" value="8.6.5.208"/>
         <property name="browser" value="Chrome 114.0.0.0"/>
         <property name="hostAddress" value="192.168.1.102"/>
         <property name="sessionId" value="0eb8e4ada382f0a57bdccc5efdf8dc87"/>
         <property name="seleniumVersion" value="3.141.59"/>
         <property name="proxyInformation" value="ProxyInformation { proxyOption=NO_PROXY, proxyServerType=HTTP, username=, password=********, proxyServerAddress=, proxyServerPort=0, executionList=&quot;&quot;, isApplyToDesiredCapabilities=true }"/>
         <property name="platform" value="Windows 10"/>
      </properties>
      <testcase name="Test Cases/TC_003_Verify login with multiple user" time="50.731" classname="Test Cases/TC_003_Verify login with multiple user" status="PASSED">
         <system-out><![CDATA[2023-07-31 12:27:44 - [TEST_CASE][PASSED] - Test Cases/TC_003_Verify login with multiple user: Test Cases/TC_003_Verify login with multiple user

2023-07-31 12:27:44 - [TEST_STEP][PASSED] - openBrowser(url): Browser is opened with url: 'https://ioclvcsmart.tmsitrimble.in/VCSmartApp/#/login'

2023-07-31 12:27:44 - [MESSAGE][INFO] - Starting 'Chrome' driver

2023-07-31 12:27:44 - [MESSAGE][INFO] - Action delay is set to 0 milliseconds

2023-07-31 12:27:56 - [MESSAGE][PASSED] - Browser is opened with url: 'https://ioclvcsmart.tmsitrimble.in/VCSmartApp/#/login'

2023-07-31 12:27:56 - [TEST_STEP][PASSED] - maximizeWindow(): Current window maximized

2023-07-31 12:27:56 - [MESSAGE][PASSED] - Current window maximized

2023-07-31 12:27:56 - [TEST_STEP][PASSED] - click(findTestObject("OB_001_Login screen/Login Screen/Username")): Object: 'Object Repository/OB_001_Login screen/Login Screen/Username' is clicked on

2023-07-31 12:27:56 - [MESSAGE][PASSED] - Object: 'Object Repository/OB_001_Login screen/Login Screen/Username' is clicked on

2023-07-31 12:27:56 - [TEST_STEP][PASSED] - setText(findTestObject("OB_001_Login screen/Login Screen/Username"), username): Text 'BSO-2300' is set on object 'Object Repository/OB_001_Login screen/Login Screen/Username'

2023-07-31 12:27:57 - [MESSAGE][PASSED] - Text 'BSO-2300' is set on object 'Object Repository/OB_001_Login screen/Login Screen/Username'

2023-07-31 12:27:57 - [TEST_STEP][PASSED] - click(findTestObject("OB_001_Login screen/Login Screen/Password")): Object: 'Object Repository/OB_001_Login screen/Login Screen/Password' is clicked on

2023-07-31 12:27:58 - [MESSAGE][PASSED] - Object: 'Object Repository/OB_001_Login screen/Login Screen/Password' is clicked on

2023-07-31 12:27:58 - [TEST_STEP][PASSED] - setText(findTestObject("OB_001_Login screen/Login Screen/Password"), password): Text 'Password@2300' is set on object 'Object Repository/OB_001_Login screen/Login Screen/Password'

2023-07-31 12:27:58 - [MESSAGE][PASSED] - Text 'Password@2300' is set on object 'Object Repository/OB_001_Login screen/Login Screen/Password'

2023-07-31 12:27:58 - [TEST_STEP][PASSED] - click(findTestObject("OB_001_Login screen/Login Screen/button_Sign in")): Object: 'Object Repository/OB_001_Login screen/Login Screen/button_Sign in' is clicked on

2023-07-31 12:27:59 - [MESSAGE][PASSED] - Object: 'Object Repository/OB_001_Login screen/Login Screen/button_Sign in' is clicked on

2023-07-31 12:27:59 - [TEST_STEP][PASSED] - delay(5): Delayed 5 second(s)

2023-07-31 12:28:04 - [MESSAGE][PASSED] - Delayed 5 second(s)

2023-07-31 12:28:04 - [TEST_STEP][PASSED] - verifyTextPresent("VC Smart", false): Text 'VC Smart' is present on page 

2023-07-31 12:28:34 - [MESSAGE][PASSED] - Text 'VC Smart' is present on page]]></system-out>
         <system-err><![CDATA[]]></system-err>
      </testcase>
      <testcase name="Test Cases/TC_003_Verify login with multiple user" time="47.592" classname="Test Cases/TC_003_Verify login with multiple user" status="PASSED">
         <system-out><![CDATA[2023-07-31 12:28:34 - [TEST_CASE][PASSED] - Test Cases/TC_003_Verify login with multiple user: Test Cases/TC_003_Verify login with multiple user

2023-07-31 12:28:34 - [TEST_STEP][PASSED] - openBrowser(url): Browser is opened with url: 'https://ioclvcsmart.tmsitrimble.in/VCSmartApp/#/login'

2023-07-31 12:28:34 - [MESSAGE][WARNING] - A browser is already opened. Closing browser and opening a new one

2023-07-31 12:28:35 - [MESSAGE][INFO] - Starting 'Chrome' driver

2023-07-31 12:28:35 - [MESSAGE][INFO] - Action delay is set to 0 milliseconds

2023-07-31 12:28:44 - [MESSAGE][PASSED] - Browser is opened with url: 'https://ioclvcsmart.tmsitrimble.in/VCSmartApp/#/login'

2023-07-31 12:28:44 - [TEST_STEP][PASSED] - maximizeWindow(): Current window maximized

2023-07-31 12:28:44 - [MESSAGE][PASSED] - Current window maximized

2023-07-31 12:28:44 - [TEST_STEP][PASSED] - click(findTestObject("OB_001_Login screen/Login Screen/Username")): Object: 'Object Repository/OB_001_Login screen/Login Screen/Username' is clicked on

2023-07-31 12:28:44 - [MESSAGE][PASSED] - Object: 'Object Repository/OB_001_Login screen/Login Screen/Username' is clicked on

2023-07-31 12:28:44 - [TEST_STEP][PASSED] - setText(findTestObject("OB_001_Login screen/Login Screen/Username"), username): Text 'MPSO-3300' is set on object 'Object Repository/OB_001_Login screen/Login Screen/Username'

2023-07-31 12:28:45 - [MESSAGE][PASSED] - Text 'MPSO-3300' is set on object 'Object Repository/OB_001_Login screen/Login Screen/Username'

2023-07-31 12:28:45 - [TEST_STEP][PASSED] - click(findTestObject("OB_001_Login screen/Login Screen/Password")): Object: 'Object Repository/OB_001_Login screen/Login Screen/Password' is clicked on

2023-07-31 12:28:45 - [MESSAGE][PASSED] - Object: 'Object Repository/OB_001_Login screen/Login Screen/Password' is clicked on

2023-07-31 12:28:45 - [TEST_STEP][PASSED] - setText(findTestObject("OB_001_Login screen/Login Screen/Password"), password): Text 'Password@1' is set on object 'Object Repository/OB_001_Login screen/Login Screen/Password'

2023-07-31 12:28:46 - [MESSAGE][PASSED] - Text 'Password@1' is set on object 'Object Repository/OB_001_Login screen/Login Screen/Password'

2023-07-31 12:28:46 - [TEST_STEP][PASSED] - click(findTestObject("OB_001_Login screen/Login Screen/button_Sign in")): Object: 'Object Repository/OB_001_Login screen/Login Screen/button_Sign in' is clicked on

2023-07-31 12:28:47 - [MESSAGE][PASSED] - Object: 'Object Repository/OB_001_Login screen/Login Screen/button_Sign in' is clicked on

2023-07-31 12:28:47 - [TEST_STEP][PASSED] - delay(5): Delayed 5 second(s)

2023-07-31 12:28:52 - [MESSAGE][PASSED] - Delayed 5 second(s)

2023-07-31 12:28:52 - [TEST_STEP][PASSED] - verifyTextPresent("VC Smart", false): Text 'VC Smart' is present on page 

2023-07-31 12:29:22 - [MESSAGE][PASSED] - Text 'VC Smart' is present on page]]></system-out>
         <system-err><![CDATA[]]></system-err>
      </testcase>
      <testcase name="Test Cases/TC_003_Verify login with multiple user" time="47.464" classname="Test Cases/TC_003_Verify login with multiple user" status="PASSED">
         <system-out><![CDATA[2023-07-31 12:29:22 - [TEST_CASE][PASSED] - Test Cases/TC_003_Verify login with multiple user: Test Cases/TC_003_Verify login with multiple user

2023-07-31 12:29:22 - [TEST_STEP][PASSED] - openBrowser(url): Browser is opened with url: 'https://ioclvcsmart.tmsitrimble.in/VCSmartApp/#/login'

2023-07-31 12:29:22 - [MESSAGE][WARNING] - A browser is already opened. Closing browser and opening a new one

2023-07-31 12:29:23 - [MESSAGE][INFO] - Starting 'Chrome' driver

2023-07-31 12:29:23 - [MESSAGE][INFO] - Action delay is set to 0 milliseconds

2023-07-31 12:29:31 - [MESSAGE][PASSED] - Browser is opened with url: 'https://ioclvcsmart.tmsitrimble.in/VCSmartApp/#/login'

2023-07-31 12:29:31 - [TEST_STEP][PASSED] - maximizeWindow(): Current window maximized

2023-07-31 12:29:31 - [MESSAGE][PASSED] - Current window maximized

2023-07-31 12:29:31 - [TEST_STEP][PASSED] - click(findTestObject("OB_001_Login screen/Login Screen/Username")): Object: 'Object Repository/OB_001_Login screen/Login Screen/Username' is clicked on

2023-07-31 12:29:32 - [MESSAGE][PASSED] - Object: 'Object Repository/OB_001_Login screen/Login Screen/Username' is clicked on

2023-07-31 12:29:32 - [TEST_STEP][PASSED] - setText(findTestObject("OB_001_Login screen/Login Screen/Username"), username): Text 'DSO-1100' is set on object 'Object Repository/OB_001_Login screen/Login Screen/Username'

2023-07-31 12:29:33 - [MESSAGE][PASSED] - Text 'DSO-1100' is set on object 'Object Repository/OB_001_Login screen/Login Screen/Username'

2023-07-31 12:29:33 - [TEST_STEP][PASSED] - click(findTestObject("OB_001_Login screen/Login Screen/Password")): Object: 'Object Repository/OB_001_Login screen/Login Screen/Password' is clicked on

2023-07-31 12:29:33 - [MESSAGE][PASSED] - Object: 'Object Repository/OB_001_Login screen/Login Screen/Password' is clicked on

2023-07-31 12:29:33 - [TEST_STEP][PASSED] - setText(findTestObject("OB_001_Login screen/Login Screen/Password"), password): Text 'Password@1' is set on object 'Object Repository/OB_001_Login screen/Login Screen/Password'

2023-07-31 12:29:34 - [MESSAGE][PASSED] - Text 'Password@1' is set on object 'Object Repository/OB_001_Login screen/Login Screen/Password'

2023-07-31 12:29:34 - [TEST_STEP][PASSED] - click(findTestObject("OB_001_Login screen/Login Screen/button_Sign in")): Object: 'Object Repository/OB_001_Login screen/Login Screen/button_Sign in' is clicked on

2023-07-31 12:29:34 - [MESSAGE][PASSED] - Object: 'Object Repository/OB_001_Login screen/Login Screen/button_Sign in' is clicked on

2023-07-31 12:29:34 - [TEST_STEP][PASSED] - delay(5): Delayed 5 second(s)

2023-07-31 12:29:39 - [MESSAGE][PASSED] - Delayed 5 second(s)

2023-07-31 12:29:39 - [TEST_STEP][PASSED] - verifyTextPresent("VC Smart", false): Text 'VC Smart' is present on page 

2023-07-31 12:30:09 - [MESSAGE][PASSED] - Text 'VC Smart' is present on page]]></system-out>
         <system-err><![CDATA[]]></system-err>
      </testcase>
      <testcase name="Test Cases/TC_003_Verify login with multiple user" time="53.091" classname="Test Cases/TC_003_Verify login with multiple user" status="PASSED">
         <system-out><![CDATA[2023-07-31 12:30:39 - [TEST_CASE][PASSED] - Test Cases/TC_003_Verify login with multiple user: Test Cases/TC_003_Verify login with multiple user

2023-07-31 12:30:39 - [TEST_STEP][PASSED] - openBrowser(url): Browser is opened with url: 'https://ioclvcsmart.tmsitrimble.in/VCSmartApp/#/login'

2023-07-31 12:30:39 - [MESSAGE][WARNING] - A browser is already opened. Closing browser and opening a new one

2023-07-31 12:30:40 - [MESSAGE][INFO] - Starting 'Chrome' driver

2023-07-31 12:30:40 - [MESSAGE][INFO] - Action delay is set to 0 milliseconds

2023-07-31 12:30:54 - [MESSAGE][PASSED] - Browser is opened with url: 'https://ioclvcsmart.tmsitrimble.in/VCSmartApp/#/login'

2023-07-31 12:30:54 - [TEST_STEP][PASSED] - maximizeWindow(): Current window maximized

2023-07-31 12:30:54 - [MESSAGE][PASSED] - Current window maximized

2023-07-31 12:30:54 - [TEST_STEP][PASSED] - click(findTestObject("OB_001_Login screen/Login Screen/Username")): Object: 'Object Repository/OB_001_Login screen/Login Screen/Username' is clicked on

2023-07-31 12:30:55 - [MESSAGE][PASSED] - Object: 'Object Repository/OB_001_Login screen/Login Screen/Username' is clicked on

2023-07-31 12:30:55 - [TEST_STEP][PASSED] - setText(findTestObject("OB_001_Login screen/Login Screen/Username"), username): Text 'WBSO-2100' is set on object 'Object Repository/OB_001_Login screen/Login Screen/Username'

2023-07-31 12:30:55 - [MESSAGE][PASSED] - Text 'WBSO-2100' is set on object 'Object Repository/OB_001_Login screen/Login Screen/Username'

2023-07-31 12:30:55 - [TEST_STEP][PASSED] - click(findTestObject("OB_001_Login screen/Login Screen/Password")): Object: 'Object Repository/OB_001_Login screen/Login Screen/Password' is clicked on

2023-07-31 12:30:56 - [MESSAGE][PASSED] - Object: 'Object Repository/OB_001_Login screen/Login Screen/Password' is clicked on

2023-07-31 12:30:56 - [TEST_STEP][PASSED] - setText(findTestObject("OB_001_Login screen/Login Screen/Password"), password): Text 'Password@1' is set on object 'Object Repository/OB_001_Login screen/Login Screen/Password'

2023-07-31 12:30:56 - [MESSAGE][PASSED] - Text 'Password@1' is set on object 'Object Repository/OB_001_Login screen/Login Screen/Password'

2023-07-31 12:30:56 - [TEST_STEP][PASSED] - click(findTestObject("OB_001_Login screen/Login Screen/button_Sign in")): Object: 'Object Repository/OB_001_Login screen/Login Screen/button_Sign in' is clicked on

2023-07-31 12:30:57 - [MESSAGE][PASSED] - Object: 'Object Repository/OB_001_Login screen/Login Screen/button_Sign in' is clicked on

2023-07-31 12:30:57 - [TEST_STEP][PASSED] - delay(5): Delayed 5 second(s)

2023-07-31 12:31:02 - [MESSAGE][PASSED] - Delayed 5 second(s)

2023-07-31 12:31:02 - [TEST_STEP][PASSED] - verifyTextPresent("VC Smart", false): Text 'VC Smart' is present on page 

2023-07-31 12:31:32 - [MESSAGE][PASSED] - Text 'VC Smart' is present on page]]></system-out>
         <system-err><![CDATA[]]></system-err>
      </testcase>
      <testcase name="Test Cases/TC_003_Verify login with multiple user" time="47.321" classname="Test Cases/TC_003_Verify login with multiple user" status="PASSED">
         <system-out><![CDATA[2023-07-31 12:31:32 - [TEST_CASE][PASSED] - Test Cases/TC_003_Verify login with multiple user: Test Cases/TC_003_Verify login with multiple user

2023-07-31 12:31:32 - [TEST_STEP][PASSED] - openBrowser(url): Browser is opened with url: 'https://ioclvcsmart.tmsitrimble.in/VCSmartApp/#/login'

2023-07-31 12:31:32 - [MESSAGE][WARNING] - A browser is already opened. Closing browser and opening a new one

2023-07-31 12:31:33 - [MESSAGE][INFO] - Starting 'Chrome' driver

2023-07-31 12:31:33 - [MESSAGE][INFO] - Action delay is set to 0 milliseconds

2023-07-31 12:31:42 - [MESSAGE][PASSED] - Browser is opened with url: 'https://ioclvcsmart.tmsitrimble.in/VCSmartApp/#/login'

2023-07-31 12:31:42 - [TEST_STEP][PASSED] - maximizeWindow(): Current window maximized

2023-07-31 12:31:42 - [MESSAGE][PASSED] - Current window maximized

2023-07-31 12:31:42 - [TEST_STEP][PASSED] - click(findTestObject("OB_001_Login screen/Login Screen/Username")): Object: 'Object Repository/OB_001_Login screen/Login Screen/Username' is clicked on

2023-07-31 12:31:42 - [MESSAGE][PASSED] - Object: 'Object Repository/OB_001_Login screen/Login Screen/Username' is clicked on

2023-07-31 12:31:42 - [TEST_STEP][PASSED] - setText(findTestObject("OB_001_Login screen/Login Screen/Username"), username): Text 'WBSO-2100-BILLING' is set on object 'Object Repository/OB_001_Login screen/Login Screen/Username'

2023-07-31 12:31:43 - [MESSAGE][PASSED] - Text 'WBSO-2100-BILLING' is set on object 'Object Repository/OB_001_Login screen/Login Screen/Username'

2023-07-31 12:31:43 - [TEST_STEP][PASSED] - click(findTestObject("OB_001_Login screen/Login Screen/Password")): Object: 'Object Repository/OB_001_Login screen/Login Screen/Password' is clicked on

2023-07-31 12:31:43 - [MESSAGE][PASSED] - Object: 'Object Repository/OB_001_Login screen/Login Screen/Password' is clicked on

2023-07-31 12:31:43 - [TEST_STEP][PASSED] - setText(findTestObject("OB_001_Login screen/Login Screen/Password"), password): Text 'Password@1' is set on object 'Object Repository/OB_001_Login screen/Login Screen/Password'

2023-07-31 12:31:44 - [MESSAGE][PASSED] - Text 'Password@1' is set on object 'Object Repository/OB_001_Login screen/Login Screen/Password'

2023-07-31 12:31:44 - [TEST_STEP][PASSED] - click(findTestObject("OB_001_Login screen/Login Screen/button_Sign in")): Object: 'Object Repository/OB_001_Login screen/Login Screen/button_Sign in' is clicked on

2023-07-31 12:31:44 - [MESSAGE][PASSED] - Object: 'Object Repository/OB_001_Login screen/Login Screen/button_Sign in' is clicked on

2023-07-31 12:31:44 - [TEST_STEP][PASSED] - delay(5): Delayed 5 second(s)

2023-07-31 12:31:49 - [MESSAGE][PASSED] - Delayed 5 second(s)

2023-07-31 12:31:49 - [TEST_STEP][PASSED] - verifyTextPresent("VC Smart", false): Text 'VC Smart' is present on page 

2023-07-31 12:32:20 - [MESSAGE][PASSED] - Text 'VC Smart' is present on page]]></system-out>
         <system-err><![CDATA[]]></system-err>
      </testcase>
      <testcase name="Test Cases/TC_003_Verify login with multiple user" time="47.791" classname="Test Cases/TC_003_Verify login with multiple user" status="PASSED">
         <system-out><![CDATA[2023-07-31 12:32:20 - [TEST_CASE][PASSED] - Test Cases/TC_003_Verify login with multiple user: Test Cases/TC_003_Verify login with multiple user

2023-07-31 12:32:20 - [TEST_STEP][PASSED] - openBrowser(url): Browser is opened with url: 'https://ioclvcsmart.tmsitrimble.in/VCSmartApp/#/login'

2023-07-31 12:32:20 - [MESSAGE][WARNING] - A browser is already opened. Closing browser and opening a new one

2023-07-31 12:32:20 - [MESSAGE][INFO] - Starting 'Chrome' driver

2023-07-31 12:32:20 - [MESSAGE][INFO] - Action delay is set to 0 milliseconds

2023-07-31 12:32:29 - [MESSAGE][PASSED] - Browser is opened with url: 'https://ioclvcsmart.tmsitrimble.in/VCSmartApp/#/login'

2023-07-31 12:32:29 - [TEST_STEP][PASSED] - maximizeWindow(): Current window maximized

2023-07-31 12:32:29 - [MESSAGE][PASSED] - Current window maximized

2023-07-31 12:32:29 - [TEST_STEP][PASSED] - click(findTestObject("OB_001_Login screen/Login Screen/Username")): Object: 'Object Repository/OB_001_Login screen/Login Screen/Username' is clicked on

2023-07-31 12:32:30 - [MESSAGE][PASSED] - Object: 'Object Repository/OB_001_Login screen/Login Screen/Username' is clicked on

2023-07-31 12:32:30 - [TEST_STEP][PASSED] - setText(findTestObject("OB_001_Login screen/Login Screen/Username"), username): Text 'WBSO-2122' is set on object 'Object Repository/OB_001_Login screen/Login Screen/Username'

2023-07-31 12:32:31 - [MESSAGE][PASSED] - Text 'WBSO-2122' is set on object 'Object Repository/OB_001_Login screen/Login Screen/Username'

2023-07-31 12:32:31 - [TEST_STEP][PASSED] - click(findTestObject("OB_001_Login screen/Login Screen/Password")): Object: 'Object Repository/OB_001_Login screen/Login Screen/Password' is clicked on

2023-07-31 12:32:31 - [MESSAGE][PASSED] - Object: 'Object Repository/OB_001_Login screen/Login Screen/Password' is clicked on

2023-07-31 12:32:31 - [TEST_STEP][PASSED] - setText(findTestObject("OB_001_Login screen/Login Screen/Password"), password): Text 'Password@2122' is set on object 'Object Repository/OB_001_Login screen/Login Screen/Password'

2023-07-31 12:32:32 - [MESSAGE][PASSED] - Text 'Password@2122' is set on object 'Object Repository/OB_001_Login screen/Login Screen/Password'

2023-07-31 12:32:32 - [TEST_STEP][PASSED] - click(findTestObject("OB_001_Login screen/Login Screen/button_Sign in")): Object: 'Object Repository/OB_001_Login screen/Login Screen/button_Sign in' is clicked on

2023-07-31 12:32:32 - [MESSAGE][PASSED] - Object: 'Object Repository/OB_001_Login screen/Login Screen/button_Sign in' is clicked on

2023-07-31 12:32:32 - [TEST_STEP][PASSED] - delay(5): Delayed 5 second(s)

2023-07-31 12:32:37 - [MESSAGE][PASSED] - Delayed 5 second(s)

2023-07-31 12:32:37 - [TEST_STEP][PASSED] - verifyTextPresent("VC Smart", false): Text 'VC Smart' is present on page 

2023-07-31 12:33:07 - [MESSAGE][PASSED] - Text 'VC Smart' is present on page]]></system-out>
         <system-err><![CDATA[]]></system-err>
      </testcase>
      <testcase name="Test Cases/TC_003_Verify login with multiple user" time="48.672" classname="Test Cases/TC_003_Verify login with multiple user" status="PASSED">
         <system-out><![CDATA[2023-07-31 12:33:07 - [TEST_CASE][PASSED] - Test Cases/TC_003_Verify login with multiple user: Test Cases/TC_003_Verify login with multiple user

2023-07-31 12:33:07 - [TEST_STEP][PASSED] - openBrowser(url): Browser is opened with url: 'https://ioclvcsmart.tmsitrimble.in/VCSmartApp/#/login'

2023-07-31 12:33:07 - [MESSAGE][WARNING] - A browser is already opened. Closing browser and opening a new one

2023-07-31 12:33:08 - [MESSAGE][INFO] - Starting 'Chrome' driver

2023-07-31 12:33:08 - [MESSAGE][INFO] - Action delay is set to 0 milliseconds

2023-07-31 12:33:19 - [MESSAGE][PASSED] - Browser is opened with url: 'https://ioclvcsmart.tmsitrimble.in/VCSmartApp/#/login'

2023-07-31 12:33:19 - [TEST_STEP][PASSED] - maximizeWindow(): Current window maximized

2023-07-31 12:33:19 - [MESSAGE][PASSED] - Current window maximized

2023-07-31 12:33:19 - [TEST_STEP][PASSED] - click(findTestObject("OB_001_Login screen/Login Screen/Username")): Object: 'Object Repository/OB_001_Login screen/Login Screen/Username' is clicked on

2023-07-31 12:33:19 - [MESSAGE][PASSED] - Object: 'Object Repository/OB_001_Login screen/Login Screen/Username' is clicked on

2023-07-31 12:33:19 - [TEST_STEP][PASSED] - setText(findTestObject("OB_001_Login screen/Login Screen/Username"), username): Text 'WBSO-2122-BILLING' is set on object 'Object Repository/OB_001_Login screen/Login Screen/Username'

2023-07-31 12:33:20 - [MESSAGE][PASSED] - Text 'WBSO-2122-BILLING' is set on object 'Object Repository/OB_001_Login screen/Login Screen/Username'

2023-07-31 12:33:20 - [TEST_STEP][PASSED] - click(findTestObject("OB_001_Login screen/Login Screen/Password")): Object: 'Object Repository/OB_001_Login screen/Login Screen/Password' is clicked on

2023-07-31 12:33:20 - [MESSAGE][PASSED] - Object: 'Object Repository/OB_001_Login screen/Login Screen/Password' is clicked on

2023-07-31 12:33:20 - [TEST_STEP][PASSED] - setText(findTestObject("OB_001_Login screen/Login Screen/Password"), password): Text 'Password@2122' is set on object 'Object Repository/OB_001_Login screen/Login Screen/Password'

2023-07-31 12:33:21 - [MESSAGE][PASSED] - Text 'Password@2122' is set on object 'Object Repository/OB_001_Login screen/Login Screen/Password'

2023-07-31 12:33:21 - [TEST_STEP][PASSED] - click(findTestObject("OB_001_Login screen/Login Screen/button_Sign in")): Object: 'Object Repository/OB_001_Login screen/Login Screen/button_Sign in' is clicked on

2023-07-31 12:33:21 - [MESSAGE][PASSED] - Object: 'Object Repository/OB_001_Login screen/Login Screen/button_Sign in' is clicked on

2023-07-31 12:33:21 - [TEST_STEP][PASSED] - delay(5): Delayed 5 second(s)

2023-07-31 12:33:26 - [MESSAGE][PASSED] - Delayed 5 second(s)

2023-07-31 12:33:26 - [TEST_STEP][PASSED] - verifyTextPresent("VC Smart", false): Text 'VC Smart' is present on page 

2023-07-31 12:33:56 - [MESSAGE][PASSED] - Text 'VC Smart' is present on page]]></system-out>
         <system-err><![CDATA[]]></system-err>
      </testcase>
      <testcase name="Test Cases/TC_003_Verify login with multiple user" time="48.65" classname="Test Cases/TC_003_Verify login with multiple user" status="PASSED">
         <system-out><![CDATA[2023-07-31 12:33:56 - [TEST_CASE][PASSED] - Test Cases/TC_003_Verify login with multiple user: Test Cases/TC_003_Verify login with multiple user

2023-07-31 12:33:56 - [TEST_STEP][PASSED] - openBrowser(url): Browser is opened with url: 'https://ioclvcsmart.tmsitrimble.in/VCSmartApp/#/login'

2023-07-31 12:33:56 - [MESSAGE][WARNING] - A browser is already opened. Closing browser and opening a new one

2023-07-31 12:33:57 - [MESSAGE][INFO] - Starting 'Chrome' driver

2023-07-31 12:33:57 - [MESSAGE][INFO] - Action delay is set to 0 milliseconds

2023-07-31 12:34:07 - [MESSAGE][PASSED] - Browser is opened with url: 'https://ioclvcsmart.tmsitrimble.in/VCSmartApp/#/login'

2023-07-31 12:34:07 - [TEST_STEP][PASSED] - maximizeWindow(): Current window maximized

2023-07-31 12:34:07 - [MESSAGE][PASSED] - Current window maximized

2023-07-31 12:34:07 - [TEST_STEP][PASSED] - click(findTestObject("OB_001_Login screen/Login Screen/Username")): Object: 'Object Repository/OB_001_Login screen/Login Screen/Username' is clicked on

2023-07-31 12:34:07 - [MESSAGE][PASSED] - Object: 'Object Repository/OB_001_Login screen/Login Screen/Username' is clicked on

2023-07-31 12:34:07 - [TEST_STEP][PASSED] - setText(findTestObject("OB_001_Login screen/Login Screen/Username"), username): Text 'WBSO-2123' is set on object 'Object Repository/OB_001_Login screen/Login Screen/Username'

2023-07-31 12:34:08 - [MESSAGE][PASSED] - Text 'WBSO-2123' is set on object 'Object Repository/OB_001_Login screen/Login Screen/Username'

2023-07-31 12:34:08 - [TEST_STEP][PASSED] - click(findTestObject("OB_001_Login screen/Login Screen/Password")): Object: 'Object Repository/OB_001_Login screen/Login Screen/Password' is clicked on

2023-07-31 12:34:08 - [MESSAGE][PASSED] - Object: 'Object Repository/OB_001_Login screen/Login Screen/Password' is clicked on

2023-07-31 12:34:08 - [TEST_STEP][PASSED] - setText(findTestObject("OB_001_Login screen/Login Screen/Password"), password): Text 'Password@2123' is set on object 'Object Repository/OB_001_Login screen/Login Screen/Password'

2023-07-31 12:34:09 - [MESSAGE][PASSED] - Text 'Password@2123' is set on object 'Object Repository/OB_001_Login screen/Login Screen/Password'

2023-07-31 12:34:09 - [TEST_STEP][PASSED] - click(findTestObject("OB_001_Login screen/Login Screen/button_Sign in")): Object: 'Object Repository/OB_001_Login screen/Login Screen/button_Sign in' is clicked on

2023-07-31 12:34:09 - [MESSAGE][PASSED] - Object: 'Object Repository/OB_001_Login screen/Login Screen/button_Sign in' is clicked on

2023-07-31 12:34:09 - [TEST_STEP][PASSED] - delay(5): Delayed 5 second(s)

2023-07-31 12:34:14 - [MESSAGE][PASSED] - Delayed 5 second(s)

2023-07-31 12:34:14 - [TEST_STEP][PASSED] - verifyTextPresent("VC Smart", false): Text 'VC Smart' is present on page 

2023-07-31 12:34:45 - [MESSAGE][PASSED] - Text 'VC Smart' is present on page]]></system-out>
         <system-err><![CDATA[]]></system-err>
      </testcase>
      <system-out><![CDATA[2023-07-31 12:27:43 - [TEST_SUITE][FAILED] - TS_001_Data driven for Login feature: Test Cases/TC_003_Verify login with multiple user FAILED.
Reason:
com.kms.katalon.core.exception.StepFailedException: Unable to verify text 'VC Smart' is present 
	at com.kms.katalon.core.webui.keyword.internal.WebUIKeywordMain.stepFailed(WebUIKeywordMain.groovy:64)
	at com.kms.katalon.core.webui.keyword.internal.WebUIKeywordMain.runKeyword(WebUIKeywordMain.groovy:26)
	at com.kms.katalon.core.webui.keyword.builtin.VerifyTextPresentKeyword.verifyTextPresent(VerifyTextPresentKeyword.groovy:83)
	at com.kms.katalon.core.webui.keyword.builtin.VerifyTextPresentKeyword.execute(VerifyTextPresentKeyword.groovy:68)
	at com.kms.katalon.core.keyword.internal.KeywordExecutor.executeKeywordForPlatform(KeywordExecutor.groovy:74)
	at com.kms.katalon.core.webui.keyword.WebUiBuiltInKeywords.verifyTextPresent(WebUiBuiltInKeywords.groovy:1723)
	at com.kms.katalon.core.webui.keyword.WebUiBuiltInKeywords$verifyTextPresent$3.call(Unknown Source)
	at TC_003_Verify login with multiple user.run(TC_003_Verify login with multiple user:36)
	at com.kms.katalon.core.main.ScriptEngine.run(ScriptEngine.java:194)
	at com.kms.katalon.core.main.ScriptEngine.runScriptAsRawText(ScriptEngine.java:119)
	at com.kms.katalon.core.main.TestCaseExecutor.runScript(TestCaseExecutor.java:448)
	at com.kms.katalon.core.main.TestCaseExecutor.doExecute(TestCaseExecutor.java:439)
	at com.kms.katalon.core.main.TestCaseExecutor.processExecutionPhase(TestCaseExecutor.java:418)
	at com.kms.katalon.core.main.TestCaseExecutor.accessMainPhase(TestCaseExecutor.java:410)
	at com.kms.katalon.core.main.TestCaseExecutor.execute(TestCaseExecutor.java:285)
	at com.kms.katalon.core.common.CommonExecutor.accessTestCaseMainPhase(CommonExecutor.java:65)
	at com.kms.katalon.core.main.TestSuiteExecutor.accessTestSuiteMainPhase(TestSuiteExecutor.java:148)
	at com.kms.katalon.core.main.TestSuiteExecutor.execute(TestSuiteExecutor.java:106)
	at com.kms.katalon.core.main.TestCaseMain.startTestSuite(TestCaseMain.java:187)
	at com.kms.katalon.core.main.TestCaseMain$startTestSuite$0.call(Unknown Source)
	at TempTestSuite1690786661192.run(TempTestSuite1690786661192.groovy:36)
Caused by: com.kms.katalon.core.exception.StepFailedException: Text 'VC Smart' is not present on page 
	at com.kms.katalon.core.webui.keyword.internal.WebUIKeywordMain.stepFailed(WebUIKeywordMain.groovy:64)
	at com.kms.katalon.core.webui.keyword.builtin.VerifyTextPresentKeyword$_verifyTextPresent_closure1.doCall(VerifyTextPresentKeyword.groovy:79)
	at com.kms.katalon.core.webui.keyword.builtin.VerifyTextPresentKeyword$_verifyTextPresent_closure1.call(VerifyTextPresentKeyword.groovy)
	at com.kms.katalon.core.webui.keyword.internal.WebUIKeywordMain.runKeyword(WebUIKeywordMain.groovy:20)
	... 19 more]]></system-out>
      <system-err><![CDATA[2023-07-31 12:27:43 - [TEST_SUITE][FAILED] - TS_001_Data driven for Login feature: Test Cases/TC_003_Verify login with multiple user FAILED.
Reason:
com.kms.katalon.core.exception.StepFailedException: Unable to verify text 'VC Smart' is present 
	at com.kms.katalon.core.webui.keyword.internal.WebUIKeywordMain.stepFailed(WebUIKeywordMain.groovy:64)
	at com.kms.katalon.core.webui.keyword.internal.WebUIKeywordMain.runKeyword(WebUIKeywordMain.groovy:26)
	at com.kms.katalon.core.webui.keyword.builtin.VerifyTextPresentKeyword.verifyTextPresent(VerifyTextPresentKeyword.groovy:83)
	at com.kms.katalon.core.webui.keyword.builtin.VerifyTextPresentKeyword.execute(VerifyTextPresentKeyword.groovy:68)
	at com.kms.katalon.core.keyword.internal.KeywordExecutor.executeKeywordForPlatform(KeywordExecutor.groovy:74)
	at com.kms.katalon.core.webui.keyword.WebUiBuiltInKeywords.verifyTextPresent(WebUiBuiltInKeywords.groovy:1723)
	at com.kms.katalon.core.webui.keyword.WebUiBuiltInKeywords$verifyTextPresent$3.call(Unknown Source)
	at TC_003_Verify login with multiple user.run(TC_003_Verify login with multiple user:36)
	at com.kms.katalon.core.main.ScriptEngine.run(ScriptEngine.java:194)
	at com.kms.katalon.core.main.ScriptEngine.runScriptAsRawText(ScriptEngine.java:119)
	at com.kms.katalon.core.main.TestCaseExecutor.runScript(TestCaseExecutor.java:448)
	at com.kms.katalon.core.main.TestCaseExecutor.doExecute(TestCaseExecutor.java:439)
	at com.kms.katalon.core.main.TestCaseExecutor.processExecutionPhase(TestCaseExecutor.java:418)
	at com.kms.katalon.core.main.TestCaseExecutor.accessMainPhase(TestCaseExecutor.java:410)
	at com.kms.katalon.core.main.TestCaseExecutor.execute(TestCaseExecutor.java:285)
	at com.kms.katalon.core.common.CommonExecutor.accessTestCaseMainPhase(CommonExecutor.java:65)
	at com.kms.katalon.core.main.TestSuiteExecutor.accessTestSuiteMainPhase(TestSuiteExecutor.java:148)
	at com.kms.katalon.core.main.TestSuiteExecutor.execute(TestSuiteExecutor.java:106)
	at com.kms.katalon.core.main.TestCaseMain.startTestSuite(TestCaseMain.java:187)
	at com.kms.katalon.core.main.TestCaseMain$startTestSuite$0.call(Unknown Source)
	at TempTestSuite1690786661192.run(TempTestSuite1690786661192.groovy:36)
Caused by: com.kms.katalon.core.exception.StepFailedException: Text 'VC Smart' is not present on page 
	at com.kms.katalon.core.webui.keyword.internal.WebUIKeywordMain.stepFailed(WebUIKeywordMain.groovy:64)
	at com.kms.katalon.core.webui.keyword.builtin.VerifyTextPresentKeyword$_verifyTextPresent_closure1.doCall(VerifyTextPresentKeyword.groovy:79)
	at com.kms.katalon.core.webui.keyword.builtin.VerifyTextPresentKeyword$_verifyTextPresent_closure1.call(VerifyTextPresentKeyword.groovy)
	at com.kms.katalon.core.webui.keyword.internal.WebUIKeywordMain.runKeyword(WebUIKeywordMain.groovy:20)
	... 19 more]]></system-err>
   </testsuite>
</testsuites>
