<?xml version="1.0" encoding="UTF-8"?>
<testsuites name="TS_002_Sanity Test 1_VC smart web app" time="578.774" tests="4" failures="0" errors="0">
   <testsuite name="TS_002_Sanity Test 1_VC smart web app" tests="4" failures="0" errors="0" time="578.774" skipped="0" timestamp="2023-07-31 14:42:11" hostname="windows 10 - DESKTOP-21ATSCV" id="Test Suites/TS_002_Sanity Test 1_VC smart web app">
      <properties>
         <property name="deviceName" value=""/>
         <property name="devicePlatform" value=""/>
         <property name="logFolder" value="C:\\Users\\windows 10\\git\\NewRepository\\KatalonGit\\Reports\\20230731_144208\\TS_002_Sanity Test 1_VC smart web app\\20230731_144208"/>
         <property name="logFiles" value="C:\\Users\\windows 10\\git\\NewRepository\\KatalonGit\\Reports\\20230731_144208\\TS_002_Sanity Test 1_VC smart web app\\20230731_144208\\execution0.log"/>
         <property name="attachments" value=""/>
         <property name="hostName" value="windows 10 - DESKTOP-21ATSCV"/>
         <property name="os" value="Windows 10 64bit"/>
         <property name="katalonVersion" value="8.6.5.208"/>
         <property name="browser" value="Chrome 114.0.0.0"/>
         <property name="hostAddress" value="192.168.1.102"/>
         <property name="sessionId" value="4b48ebcd0cd2f5b84eff3a1991ac5952"/>
         <property name="seleniumVersion" value="3.141.59"/>
         <property name="proxyInformation" value="ProxyInformation { proxyOption=NO_PROXY, proxyServerType=HTTP, username=, password=********, proxyServerAddress=, proxyServerPort=0, executionList=&quot;&quot;, isApplyToDesiredCapabilities=true }"/>
         <property name="platform" value="Windows 10"/>
      </properties>
      <testcase name="Test Cases/TC_001_Verify the Login feature with valid credentials" time="56.343" classname="Test Cases/TC_001_Verify the Login feature with valid credentials" status="PASSED">
         <system-out><![CDATA[2023-07-31 14:42:11 - [TEST_CASE][PASSED] - Test Cases/TC_001_Verify the Login feature with valid credentials: Test Cases/TC_001_Verify the Login feature with valid credentials

2023-07-31 14:42:11 - [TEST_STEP][PASSED] - openBrowser("https://ioclvcsmart.tmsitrimble.in/VCSmartApp/#/login"): Browser is opened with url: 'https://ioclvcsmart.tmsitrimble.in/VCSmartApp/#/login'

2023-07-31 14:42:12 - [MESSAGE][INFO] - Starting 'Chrome' driver

2023-07-31 14:42:12 - [MESSAGE][INFO] - Action delay is set to 0 milliseconds

2023-07-31 14:42:21 - [MESSAGE][PASSED] - Browser is opened with url: 'https://ioclvcsmart.tmsitrimble.in/VCSmartApp/#/login'

2023-07-31 14:42:21 - [TEST_STEP][PASSED] - maximizeWindow(): Current window maximized

2023-07-31 14:42:21 - [MESSAGE][PASSED] - Current window maximized

2023-07-31 14:42:21 - [TEST_STEP][PASSED] - delay(5): Delayed 5 second(s)

2023-07-31 14:42:26 - [MESSAGE][PASSED] - Delayed 5 second(s)

2023-07-31 14:42:26 - [TEST_STEP][PASSED] - click(findTestObject("OB_001_Login screen/Login Screen/Username")): Object: 'Object Repository/OB_001_Login screen/Login Screen/Username' is clicked on

2023-07-31 14:42:27 - [MESSAGE][PASSED] - Object: 'Object Repository/OB_001_Login screen/Login Screen/Username' is clicked on

2023-07-31 14:42:27 - [TEST_STEP][PASSED] - setText(findTestObject("OB_001_Login screen/Login Screen/Username"), "BSO-2300"): Text 'BSO-2300' is set on object 'Object Repository/OB_001_Login screen/Login Screen/Username'

2023-07-31 14:42:27 - [MESSAGE][PASSED] - Text 'BSO-2300' is set on object 'Object Repository/OB_001_Login screen/Login Screen/Username'

2023-07-31 14:42:27 - [TEST_STEP][PASSED] - click(findTestObject("OB_001_Login screen/Login Screen/Password")): Object: 'Object Repository/OB_001_Login screen/Login Screen/Password' is clicked on

2023-07-31 14:42:28 - [MESSAGE][PASSED] - Object: 'Object Repository/OB_001_Login screen/Login Screen/Password' is clicked on

2023-07-31 14:42:28 - [TEST_STEP][PASSED] - setText(findTestObject("OB_001_Login screen/Login Screen/Password"), "Password@2300"): Text 'Password@2300' is set on object 'Object Repository/OB_001_Login screen/Login Screen/Password'

2023-07-31 14:42:29 - [MESSAGE][PASSED] - Text 'Password@2300' is set on object 'Object Repository/OB_001_Login screen/Login Screen/Password'

2023-07-31 14:42:29 - [TEST_STEP][PASSED] - click(findTestObject("OB_001_Login screen/Login Screen/button_Sign in")): Object: 'Object Repository/OB_001_Login screen/Login Screen/button_Sign in' is clicked on

2023-07-31 14:42:29 - [MESSAGE][PASSED] - Object: 'Object Repository/OB_001_Login screen/Login Screen/button_Sign in' is clicked on

2023-07-31 14:42:29 - [TEST_STEP][PASSED] - delay(8): Delayed 8 second(s)

2023-07-31 14:42:37 - [MESSAGE][PASSED] - Delayed 8 second(s)

2023-07-31 14:42:37 - [TEST_STEP][PASSED] - verifyTextPresent("VC Smart", false): Text 'VC Smart' is present on page 

2023-07-31 14:43:07 - [MESSAGE][PASSED] - Text 'VC Smart' is present on page]]></system-out>
         <system-err><![CDATA[]]></system-err>
      </testcase>
      <testcase name="Test Cases/TC_004_Verify the TBC feature" time="93.608" classname="Test Cases/TC_004_Verify the TBC feature" status="PASSED">
         <system-out><![CDATA[2023-07-31 14:43:07 - [TEST_CASE][PASSED] - Test Cases/TC_004_Verify the TBC feature: Test Cases/TC_004_Verify the TBC feature

2023-07-31 14:43:08 - [TEST_STEP][PASSED] - callTestCase(findTestCase("TC_001_Verify the Login feature with valid credentials"), [:], STOP_ON_FAILURE): Call Test Case 'Test Cases/TC_001_Verify the Login feature with valid credentials' successfully

2023-07-31 14:43:08 - [TEST_CASE][PASSED] - Test Cases/TC_001_Verify the Login feature with valid credentials: Test Cases/TC_001_Verify the Login feature with valid credentials

2023-07-31 14:43:08 - [TEST_STEP][PASSED] - openBrowser("https://ioclvcsmart.tmsitrimble.in/VCSmartApp/#/login"): Browser is opened with url: 'https://ioclvcsmart.tmsitrimble.in/VCSmartApp/#/login'

2023-07-31 14:43:08 - [MESSAGE][WARNING] - A browser is already opened. Closing browser and opening a new one

2023-07-31 14:43:08 - [MESSAGE][INFO] - Starting 'Chrome' driver

2023-07-31 14:43:08 - [MESSAGE][INFO] - Action delay is set to 0 milliseconds

2023-07-31 14:43:17 - [MESSAGE][PASSED] - Browser is opened with url: 'https://ioclvcsmart.tmsitrimble.in/VCSmartApp/#/login'

2023-07-31 14:43:17 - [TEST_STEP][PASSED] - maximizeWindow(): Current window maximized

2023-07-31 14:43:17 - [MESSAGE][PASSED] - Current window maximized

2023-07-31 14:43:17 - [TEST_STEP][PASSED] - delay(5): Delayed 5 second(s)

2023-07-31 14:43:22 - [MESSAGE][PASSED] - Delayed 5 second(s)

2023-07-31 14:43:22 - [TEST_STEP][PASSED] - click(findTestObject("OB_001_Login screen/Login Screen/Username")): Object: 'Object Repository/OB_001_Login screen/Login Screen/Username' is clicked on

2023-07-31 14:43:23 - [MESSAGE][PASSED] - Object: 'Object Repository/OB_001_Login screen/Login Screen/Username' is clicked on

2023-07-31 14:43:23 - [TEST_STEP][PASSED] - setText(findTestObject("OB_001_Login screen/Login Screen/Username"), "BSO-2300"): Text 'BSO-2300' is set on object 'Object Repository/OB_001_Login screen/Login Screen/Username'

2023-07-31 14:43:23 - [MESSAGE][PASSED] - Text 'BSO-2300' is set on object 'Object Repository/OB_001_Login screen/Login Screen/Username'

2023-07-31 14:43:23 - [TEST_STEP][PASSED] - click(findTestObject("OB_001_Login screen/Login Screen/Password")): Object: 'Object Repository/OB_001_Login screen/Login Screen/Password' is clicked on

2023-07-31 14:43:24 - [MESSAGE][PASSED] - Object: 'Object Repository/OB_001_Login screen/Login Screen/Password' is clicked on

2023-07-31 14:43:24 - [TEST_STEP][PASSED] - setText(findTestObject("OB_001_Login screen/Login Screen/Password"), "Password@2300"): Text 'Password@2300' is set on object 'Object Repository/OB_001_Login screen/Login Screen/Password'

2023-07-31 14:43:24 - [MESSAGE][PASSED] - Text 'Password@2300' is set on object 'Object Repository/OB_001_Login screen/Login Screen/Password'

2023-07-31 14:43:24 - [TEST_STEP][PASSED] - click(findTestObject("OB_001_Login screen/Login Screen/button_Sign in")): Object: 'Object Repository/OB_001_Login screen/Login Screen/button_Sign in' is clicked on

2023-07-31 14:43:25 - [MESSAGE][PASSED] - Object: 'Object Repository/OB_001_Login screen/Login Screen/button_Sign in' is clicked on

2023-07-31 14:43:25 - [TEST_STEP][PASSED] - delay(8): Delayed 8 second(s)

2023-07-31 14:43:33 - [MESSAGE][PASSED] - Delayed 8 second(s)

2023-07-31 14:43:33 - [TEST_STEP][PASSED] - verifyTextPresent("VC Smart", false): Text 'VC Smart' is present on page 

2023-07-31 14:43:59 - [MESSAGE][PASSED] - Text 'VC Smart' is present on page 

2023-07-31 14:43:59 - [MESSAGE][PASSED] - Call Test Case 'Test Cases/TC_001_Verify the Login feature with valid credentials' successfully

2023-07-31 14:43:59 - [TEST_STEP][PASSED] - delay(8): Delayed 8 second(s)

2023-07-31 14:44:07 - [MESSAGE][PASSED] - Delayed 8 second(s)

2023-07-31 14:44:07 - [TEST_STEP][PASSED] - click(findTestObject("OB_002_Feature1/Feature/a_Track By Criteria")): Object: 'Object Repository/OB_002_Feature1/Feature/a_Track By Criteria' is clicked on

2023-07-31 14:44:08 - [MESSAGE][PASSED] - Object: 'Object Repository/OB_002_Feature1/Feature/a_Track By Criteria' is clicked on

2023-07-31 14:44:08 - [TEST_STEP][PASSED] - click(findTestObject("OB_002_Feature1/Feature/button_Submit")): Object: 'Object Repository/OB_002_Feature1/Feature/button_Submit' is clicked on

2023-07-31 14:44:17 - [MESSAGE][PASSED] - Object: 'Object Repository/OB_002_Feature1/Feature/button_Submit' is clicked on

2023-07-31 14:44:17 - [TEST_STEP][PASSED] - delay(22): Delayed 22 second(s)

2023-07-31 14:44:39 - [MESSAGE][PASSED] - Delayed 22 second(s)

2023-07-31 14:44:39 - [TEST_STEP][PASSED] - verifyTextPresent("Vehicle Number", false): Text 'Vehicle Number' is present on page 

2023-07-31 14:44:41 - [MESSAGE][PASSED] - Text 'Vehicle Number' is present on page]]></system-out>
         <system-err><![CDATA[]]></system-err>
      </testcase>
      <testcase name="Test Cases/TC_005_Verify All feature of vc smart web application" time="322.426" classname="Test Cases/TC_005_Verify All feature of vc smart web application" status="PASSED">
         <system-out><![CDATA[2023-07-31 14:44:41 - [TEST_CASE][PASSED] - Test Cases/TC_005_Verify All feature of vc smart web application: Test Cases/TC_005_Verify All feature of vc smart web application

2023-07-31 14:44:41 - [TEST_STEP][PASSED] - callTestCase(findTestCase("TC_001_Verify the Login feature with valid credentials"), [:], STOP_ON_FAILURE): Call Test Case 'Test Cases/TC_001_Verify the Login feature with valid credentials' successfully

2023-07-31 14:44:41 - [TEST_CASE][PASSED] - Test Cases/TC_001_Verify the Login feature with valid credentials: Test Cases/TC_001_Verify the Login feature with valid credentials

2023-07-31 14:44:41 - [TEST_STEP][PASSED] - openBrowser("https://ioclvcsmart.tmsitrimble.in/VCSmartApp/#/login"): Browser is opened with url: 'https://ioclvcsmart.tmsitrimble.in/VCSmartApp/#/login'

2023-07-31 14:44:41 - [MESSAGE][WARNING] - A browser is already opened. Closing browser and opening a new one

2023-07-31 14:44:42 - [MESSAGE][INFO] - Starting 'Chrome' driver

2023-07-31 14:44:42 - [MESSAGE][INFO] - Action delay is set to 0 milliseconds

2023-07-31 14:44:51 - [MESSAGE][PASSED] - Browser is opened with url: 'https://ioclvcsmart.tmsitrimble.in/VCSmartApp/#/login'

2023-07-31 14:44:51 - [TEST_STEP][PASSED] - maximizeWindow(): Current window maximized

2023-07-31 14:44:51 - [MESSAGE][PASSED] - Current window maximized

2023-07-31 14:44:51 - [TEST_STEP][PASSED] - delay(5): Delayed 5 second(s)

2023-07-31 14:44:56 - [MESSAGE][PASSED] - Delayed 5 second(s)

2023-07-31 14:44:56 - [TEST_STEP][PASSED] - click(findTestObject("OB_001_Login screen/Login Screen/Username")): Object: 'Object Repository/OB_001_Login screen/Login Screen/Username' is clicked on

2023-07-31 14:44:56 - [MESSAGE][PASSED] - Object: 'Object Repository/OB_001_Login screen/Login Screen/Username' is clicked on

2023-07-31 14:44:56 - [TEST_STEP][PASSED] - setText(findTestObject("OB_001_Login screen/Login Screen/Username"), "BSO-2300"): Text 'BSO-2300' is set on object 'Object Repository/OB_001_Login screen/Login Screen/Username'

2023-07-31 14:44:57 - [MESSAGE][PASSED] - Text 'BSO-2300' is set on object 'Object Repository/OB_001_Login screen/Login Screen/Username'

2023-07-31 14:44:57 - [TEST_STEP][PASSED] - click(findTestObject("OB_001_Login screen/Login Screen/Password")): Object: 'Object Repository/OB_001_Login screen/Login Screen/Password' is clicked on

2023-07-31 14:44:57 - [MESSAGE][PASSED] - Object: 'Object Repository/OB_001_Login screen/Login Screen/Password' is clicked on

2023-07-31 14:44:57 - [TEST_STEP][PASSED] - setText(findTestObject("OB_001_Login screen/Login Screen/Password"), "Password@2300"): Text 'Password@2300' is set on object 'Object Repository/OB_001_Login screen/Login Screen/Password'

2023-07-31 14:44:58 - [MESSAGE][PASSED] - Text 'Password@2300' is set on object 'Object Repository/OB_001_Login screen/Login Screen/Password'

2023-07-31 14:44:58 - [TEST_STEP][PASSED] - click(findTestObject("OB_001_Login screen/Login Screen/button_Sign in")): Object: 'Object Repository/OB_001_Login screen/Login Screen/button_Sign in' is clicked on

2023-07-31 14:44:58 - [MESSAGE][PASSED] - Object: 'Object Repository/OB_001_Login screen/Login Screen/button_Sign in' is clicked on

2023-07-31 14:44:58 - [TEST_STEP][PASSED] - delay(8): Delayed 8 second(s)

2023-07-31 14:45:06 - [MESSAGE][PASSED] - Delayed 8 second(s)

2023-07-31 14:45:06 - [TEST_STEP][PASSED] - verifyTextPresent("VC Smart", false): Text 'VC Smart' is present on page 

2023-07-31 14:45:37 - [MESSAGE][PASSED] - Text 'VC Smart' is present on page 

2023-07-31 14:45:37 - [MESSAGE][PASSED] - Call Test Case 'Test Cases/TC_001_Verify the Login feature with valid credentials' successfully

2023-07-31 14:45:37 - [TEST_STEP][PASSED] - delay(11): Delayed 11 second(s)

2023-07-31 14:45:48 - [MESSAGE][PASSED] - Delayed 11 second(s)

2023-07-31 14:45:48 - [TEST_STEP][PASSED] - click(findTestObject("OB_003_All feature/All feature/a_Reports")): Object: 'Object Repository/OB_003_All feature/All feature/a_Reports' is clicked on

2023-07-31 14:46:18 - [MESSAGE][PASSED] - Object: 'Object Repository/OB_003_All feature/All feature/a_Reports' is clicked on

2023-07-31 14:46:18 - [TEST_STEP][PASSED] - verifyTextPresent("Safety Index Report", false): Text 'Safety Index Report' is present on page 

2023-07-31 14:46:48 - [MESSAGE][PASSED] - Text 'Safety Index Report' is present on page 

2023-07-31 14:46:48 - [TEST_STEP][PASSED] - delay(3): Delayed 3 second(s)

2023-07-31 14:46:51 - [MESSAGE][PASSED] - Delayed 3 second(s)

2023-07-31 14:46:51 - [TEST_STEP][PASSED] - click(findTestObject("OB_003_All feature/All feature/div_Safety Index Report")): Object: 'Object Repository/OB_003_All feature/All feature/div_Safety Index Report' is clicked on

2023-07-31 14:47:21 - [MESSAGE][PASSED] - Object: 'Object Repository/OB_003_All feature/All feature/div_Safety Index Report' is clicked on

2023-07-31 14:47:21 - [TEST_STEP][PASSED] - delay(3): Delayed 3 second(s)

2023-07-31 14:47:24 - [MESSAGE][PASSED] - Delayed 3 second(s)

2023-07-31 14:47:24 - [TEST_STEP][PASSED] - click(findTestObject("OB_003_All feature/All feature/a_Reports")): Object: 'Object Repository/OB_003_All feature/All feature/a_Reports' is clicked on

2023-07-31 14:47:25 - [MESSAGE][PASSED] - Object: 'Object Repository/OB_003_All feature/All feature/a_Reports' is clicked on

2023-07-31 14:47:25 - [TEST_STEP][PASSED] - click(findTestObject("OB_003_All feature/All feature/div_User Access Report")): Object: 'Object Repository/OB_003_All feature/All feature/div_User Access Report' is clicked on

2023-07-31 14:47:25 - [MESSAGE][PASSED] - Object: 'Object Repository/OB_003_All feature/All feature/div_User Access Report' is clicked on

2023-07-31 14:47:25 - [TEST_STEP][PASSED] - delay(3): Delayed 3 second(s)

2023-07-31 14:47:28 - [MESSAGE][PASSED] - Delayed 3 second(s)

2023-07-31 14:47:28 - [TEST_STEP][PASSED] - click(findTestObject("OB_003_All feature/All feature/a_Reports")): Object: 'Object Repository/OB_003_All feature/All feature/a_Reports' is clicked on

2023-07-31 14:47:29 - [MESSAGE][PASSED] - Object: 'Object Repository/OB_003_All feature/All feature/a_Reports' is clicked on

2023-07-31 14:47:29 - [TEST_STEP][PASSED] - click(findTestObject("OB_003_All feature/All feature/div_New Trip Report")): Object: 'Object Repository/OB_003_All feature/All feature/div_New Trip Report' is clicked on

2023-07-31 14:47:29 - [MESSAGE][PASSED] - Object: 'Object Repository/OB_003_All feature/All feature/div_New Trip Report' is clicked on

2023-07-31 14:47:29 - [TEST_STEP][PASSED] - delay(3): Delayed 3 second(s)

2023-07-31 14:47:32 - [MESSAGE][PASSED] - Delayed 3 second(s)

2023-07-31 14:47:32 - [TEST_STEP][PASSED] - click(findTestObject("OB_003_All feature/All feature/a_Reports")): Object: 'Object Repository/OB_003_All feature/All feature/a_Reports' is clicked on

2023-07-31 14:47:52 - [MESSAGE][PASSED] - Object: 'Object Repository/OB_003_All feature/All feature/a_Reports' is clicked on

2023-07-31 14:47:52 - [TEST_STEP][PASSED] - click(findTestObject("OB_003_All feature/All feature/div_Login History Report")): Object: 'Object Repository/OB_003_All feature/All feature/div_Login History Report' is clicked on

2023-07-31 14:47:52 - [MESSAGE][PASSED] - Object: 'Object Repository/OB_003_All feature/All feature/div_Login History Report' is clicked on

2023-07-31 14:47:52 - [TEST_STEP][PASSED] - delay(3): Delayed 3 second(s)

2023-07-31 14:47:55 - [MESSAGE][PASSED] - Delayed 3 second(s)

2023-07-31 14:47:55 - [TEST_STEP][PASSED] - click(findTestObject("OB_003_All feature/All feature/a_Reports")): Object: 'Object Repository/OB_003_All feature/All feature/a_Reports' is clicked on

2023-07-31 14:47:56 - [MESSAGE][PASSED] - Object: 'Object Repository/OB_003_All feature/All feature/a_Reports' is clicked on

2023-07-31 14:47:56 - [TEST_STEP][PASSED] - click(findTestObject("OB_003_All feature/All feature/div_External Consignment Log")): Object: 'Object Repository/OB_003_All feature/All feature/div_External Consignment Log' is clicked on

2023-07-31 14:47:56 - [MESSAGE][PASSED] - Object: 'Object Repository/OB_003_All feature/All feature/div_External Consignment Log' is clicked on

2023-07-31 14:47:56 - [TEST_STEP][PASSED] - delay(3): Delayed 3 second(s)

2023-07-31 14:47:59 - [MESSAGE][PASSED] - Delayed 3 second(s)

2023-07-31 14:47:59 - [TEST_STEP][PASSED] - click(findTestObject("OB_003_All feature/All feature/a_Reports")): Object: 'Object Repository/OB_003_All feature/All feature/a_Reports' is clicked on

2023-07-31 14:48:00 - [MESSAGE][PASSED] - Object: 'Object Repository/OB_003_All feature/All feature/a_Reports' is clicked on

2023-07-31 14:48:00 - [TEST_STEP][PASSED] - click(findTestObject("OB_003_All feature/All feature/div_Exception Report")): Object: 'Object Repository/OB_003_All feature/All feature/div_Exception Report' is clicked on

2023-07-31 14:48:00 - [MESSAGE][PASSED] - Object: 'Object Repository/OB_003_All feature/All feature/div_Exception Report' is clicked on

2023-07-31 14:48:00 - [TEST_STEP][PASSED] - delay(3): Delayed 3 second(s)

2023-07-31 14:48:03 - [MESSAGE][PASSED] - Delayed 3 second(s)

2023-07-31 14:48:03 - [TEST_STEP][PASSED] - click(findTestObject("OB_003_All feature/All feature/a_Reports")): Object: 'Object Repository/OB_003_All feature/All feature/a_Reports' is clicked on

2023-07-31 14:48:34 - [MESSAGE][PASSED] - Object: 'Object Repository/OB_003_All feature/All feature/a_Reports' is clicked on

2023-07-31 14:48:34 - [TEST_STEP][PASSED] - click(findTestObject("OB_003_All feature/All feature/a_Admin")): Object: 'Object Repository/OB_003_All feature/All feature/a_Admin' is clicked on

2023-07-31 14:48:59 - [MESSAGE][PASSED] - Object: 'Object Repository/OB_003_All feature/All feature/a_Admin' is clicked on

2023-07-31 14:48:59 - [TEST_STEP][PASSED] - delay(4): Delayed 4 second(s)

2023-07-31 14:49:03 - [MESSAGE][PASSED] - Delayed 4 second(s)

2023-07-31 14:49:03 - [TEST_STEP][PASSED] - verifyTextPresent("Landmark Manager", false): Text 'Landmark Manager' is present on page 

2023-07-31 14:49:04 - [MESSAGE][PASSED] - Text 'Landmark Manager' is present on page 

2023-07-31 14:49:04 - [TEST_STEP][PASSED] - click(findTestObject("OB_003_All feature/All feature/a_Admin")): Object: 'Object Repository/OB_003_All feature/All feature/a_Admin' is clicked on

2023-07-31 14:49:04 - [MESSAGE][PASSED] - Object: 'Object Repository/OB_003_All feature/All feature/a_Admin' is clicked on

2023-07-31 14:49:04 - [TEST_STEP][PASSED] - click(findTestObject("OB_003_All feature/All feature/a_NRD Dashboard")): Object: 'Object Repository/OB_003_All feature/All feature/a_NRD Dashboard' is clicked on

2023-07-31 14:49:04 - [MESSAGE][PASSED] - Object: 'Object Repository/OB_003_All feature/All feature/a_NRD Dashboard' is clicked on

2023-07-31 14:49:04 - [TEST_STEP][PASSED] - delay(11): Delayed 11 second(s)

2023-07-31 14:49:15 - [MESSAGE][PASSED] - Delayed 11 second(s)

2023-07-31 14:49:15 - [TEST_STEP][PASSED] - verifyTextPresent("Device Status", false): Text 'Device Status' is present on page 

2023-07-31 14:49:19 - [MESSAGE][PASSED] - Text 'Device Status' is present on page 

2023-07-31 14:49:19 - [TEST_STEP][PASSED] - click(findTestObject("OB_003_All feature/All feature/a_Map View")): Object: 'Object Repository/OB_003_All feature/All feature/a_Map View' is clicked on

2023-07-31 14:49:20 - [MESSAGE][PASSED] - Object: 'Object Repository/OB_003_All feature/All feature/a_Map View' is clicked on

2023-07-31 14:49:20 - [TEST_STEP][PASSED] - delay(12): Delayed 12 second(s)

2023-07-31 14:49:32 - [MESSAGE][PASSED] - Delayed 12 second(s)

2023-07-31 14:49:32 - [TEST_STEP][PASSED] - verifyTextPresent("View Grid", false): Text 'View Grid' is present on page 

2023-07-31 14:50:03 - [MESSAGE][PASSED] - Text 'View Grid' is present on page 

2023-07-31 14:50:03 - [TEST_STEP][PASSED] - closeBrowser(): Browser is closed

2023-07-31 14:50:03 - [MESSAGE][PASSED] - Browser is closed]]></system-out>
         <system-err><![CDATA[]]></system-err>
      </testcase>
      <testcase name="Test Cases/TC_006_Verify the Logout feature" time="106.135" classname="Test Cases/TC_006_Verify the Logout feature" status="PASSED">
         <system-out><![CDATA[2023-07-31 14:50:03 - [TEST_CASE][PASSED] - Test Cases/TC_006_Verify the Logout feature: Test Cases/TC_006_Verify the Logout feature

2023-07-31 14:50:04 - [TEST_STEP][PASSED] - callTestCase(findTestCase("TC_001_Verify the Login feature with valid credentials"), [:], STOP_ON_FAILURE): Call Test Case 'Test Cases/TC_001_Verify the Login feature with valid credentials' successfully

2023-07-31 14:50:04 - [TEST_CASE][PASSED] - Test Cases/TC_001_Verify the Login feature with valid credentials: Test Cases/TC_001_Verify the Login feature with valid credentials

2023-07-31 14:50:04 - [TEST_STEP][PASSED] - openBrowser("https://ioclvcsmart.tmsitrimble.in/VCSmartApp/#/login"): Browser is opened with url: 'https://ioclvcsmart.tmsitrimble.in/VCSmartApp/#/login'

2023-07-31 14:50:04 - [MESSAGE][INFO] - Starting 'Chrome' driver

2023-07-31 14:50:04 - [MESSAGE][INFO] - Action delay is set to 0 milliseconds

2023-07-31 14:50:12 - [MESSAGE][PASSED] - Browser is opened with url: 'https://ioclvcsmart.tmsitrimble.in/VCSmartApp/#/login'

2023-07-31 14:50:12 - [TEST_STEP][PASSED] - maximizeWindow(): Current window maximized

2023-07-31 14:50:12 - [MESSAGE][PASSED] - Current window maximized

2023-07-31 14:50:12 - [TEST_STEP][PASSED] - delay(5): Delayed 5 second(s)

2023-07-31 14:50:17 - [MESSAGE][PASSED] - Delayed 5 second(s)

2023-07-31 14:50:17 - [TEST_STEP][PASSED] - click(findTestObject("OB_001_Login screen/Login Screen/Username")): Object: 'Object Repository/OB_001_Login screen/Login Screen/Username' is clicked on

2023-07-31 14:50:18 - [MESSAGE][PASSED] - Object: 'Object Repository/OB_001_Login screen/Login Screen/Username' is clicked on

2023-07-31 14:50:18 - [TEST_STEP][PASSED] - setText(findTestObject("OB_001_Login screen/Login Screen/Username"), "BSO-2300"): Text 'BSO-2300' is set on object 'Object Repository/OB_001_Login screen/Login Screen/Username'

2023-07-31 14:50:19 - [MESSAGE][PASSED] - Text 'BSO-2300' is set on object 'Object Repository/OB_001_Login screen/Login Screen/Username'

2023-07-31 14:50:19 - [TEST_STEP][PASSED] - click(findTestObject("OB_001_Login screen/Login Screen/Password")): Object: 'Object Repository/OB_001_Login screen/Login Screen/Password' is clicked on

2023-07-31 14:50:19 - [MESSAGE][PASSED] - Object: 'Object Repository/OB_001_Login screen/Login Screen/Password' is clicked on

2023-07-31 14:50:19 - [TEST_STEP][PASSED] - setText(findTestObject("OB_001_Login screen/Login Screen/Password"), "Password@2300"): Text 'Password@2300' is set on object 'Object Repository/OB_001_Login screen/Login Screen/Password'

2023-07-31 14:50:20 - [MESSAGE][PASSED] - Text 'Password@2300' is set on object 'Object Repository/OB_001_Login screen/Login Screen/Password'

2023-07-31 14:50:20 - [TEST_STEP][PASSED] - click(findTestObject("OB_001_Login screen/Login Screen/button_Sign in")): Object: 'Object Repository/OB_001_Login screen/Login Screen/button_Sign in' is clicked on

2023-07-31 14:50:20 - [MESSAGE][PASSED] - Object: 'Object Repository/OB_001_Login screen/Login Screen/button_Sign in' is clicked on

2023-07-31 14:50:20 - [TEST_STEP][PASSED] - delay(8): Delayed 8 second(s)

2023-07-31 14:50:28 - [MESSAGE][PASSED] - Delayed 8 second(s)

2023-07-31 14:50:28 - [TEST_STEP][PASSED] - verifyTextPresent("VC Smart", false): Text 'VC Smart' is present on page 

2023-07-31 14:50:58 - [MESSAGE][PASSED] - Text 'VC Smart' is present on page 

2023-07-31 14:50:58 - [MESSAGE][PASSED] - Call Test Case 'Test Cases/TC_001_Verify the Login feature with valid credentials' successfully

2023-07-31 14:50:58 - [TEST_STEP][PASSED] - delay(8): Delayed 8 second(s)

2023-07-31 14:51:06 - [MESSAGE][PASSED] - Delayed 8 second(s)

2023-07-31 14:51:06 - [TEST_STEP][PASSED] - click(findTestObject("OB_004_Logout Feature/logout feature/a_IOCL")): Object: 'Object Repository/OB_004_Logout Feature/logout feature/a_IOCL' is clicked on

2023-07-31 14:51:35 - [MESSAGE][PASSED] - Object: 'Object Repository/OB_004_Logout Feature/logout feature/a_IOCL' is clicked on

2023-07-31 14:51:35 - [TEST_STEP][PASSED] - delay(5): Delayed 5 second(s)

2023-07-31 14:51:40 - [MESSAGE][PASSED] - Delayed 5 second(s)

2023-07-31 14:51:40 - [TEST_STEP][PASSED] - click(findTestObject("OB_004_Logout Feature/logout feature/button_Logout")): Object: 'Object Repository/OB_004_Logout Feature/logout feature/button_Logout' is clicked on

2023-07-31 14:51:41 - [MESSAGE][PASSED] - Object: 'Object Repository/OB_004_Logout Feature/logout feature/button_Logout' is clicked on

2023-07-31 14:51:41 - [TEST_STEP][PASSED] - delay(8): Delayed 8 second(s)

2023-07-31 14:51:49 - [MESSAGE][PASSED] - Delayed 8 second(s)

2023-07-31 14:51:49 - [TEST_STEP][PASSED] - closeBrowser(): Browser is closed

2023-07-31 14:51:49 - [MESSAGE][PASSED] - Browser is closed]]></system-out>
         <system-err><![CDATA[]]></system-err>
      </testcase>
      <system-out><![CDATA[2023-07-31 14:42:11 - [TEST_SUITE][PASSED] - TS_002_Sanity Test 1_VC smart web app: Test Cases/TC_006_Verify the Logout feature]]></system-out>
      <system-err><![CDATA[]]></system-err>
   </testsuite>
</testsuites>
