<?xml version="1.0" encoding="UTF-8"?>
<testsuites name="TS_004_VC_Smart_DETAILED_REGRESSION" time="500.513" tests="4" failures="1" errors="0">
   <testsuite name="TS_004_VC_Smart_DETAILED_REGRESSION" tests="4" failures="1" errors="0" time="500.513" skipped="0" timestamp="2023-08-16 14:38:31" hostname="DESKTOP-21ATSCV$ - DESKTOP-21ATSCV" id="Test Suites/TS_004_VC_Smart_DETAILED_REGRESSION">
      <properties>
         <property name="deviceName" value=""/>
         <property name="devicePlatform" value=""/>
         <property name="logFolder" value="C:\\Users\\windows 10\\git\\NewRepository\\KatalonGit\\Reports\\20230816_143820\\TS_004_VC_Smart_DETAILED_REGRESSION\\20230816_143828"/>
         <property name="logFiles" value="C:\\Users\\windows 10\\git\\NewRepository\\KatalonGit\\Reports\\20230816_143820\\TS_004_VC_Smart_DETAILED_REGRESSION\\20230816_143828\\execution0.log"/>
         <property name="attachments" value="C:\\Users\\windows 10\\git\\NewRepository\\KatalonGit\\Reports\\20230816_143820\\TS_004_VC_Smart_DETAILED_REGRESSION\\20230816_143828\\1692177038735.png"/>
         <property name="hostName" value="DESKTOP-21ATSCV$ - DESKTOP-21ATSCV"/>
         <property name="os" value="Windows 10 64bit"/>
         <property name="katalonVersion" value="8.6.5.208"/>
         <property name="browser" value="Chrome 115.0.0.0"/>
         <property name="hostAddress" value="192.168.1.101"/>
         <property name="sessionId" value="fc21c84c21157c0f3529c48fc62e6319"/>
         <property name="seleniumVersion" value="3.141.59"/>
         <property name="proxyInformation" value="ProxyInformation { proxyOption=NO_PROXY, proxyServerType=HTTP, username=, password=********, proxyServerAddress=, proxyServerPort=0, executionList=&quot;&quot;, isApplyToDesiredCapabilities=true }"/>
         <property name="platform" value="Windows 10"/>
      </properties>
      <testcase name="Test Cases/TC_015_VC_Smart_Verify scroll down on home screen" time="72.024" classname="Test Cases/TC_015_VC_Smart_Verify scroll down on home screen" status="PASSED">
         <system-out><![CDATA[2023-08-16 14:38:31 - [TEST_CASE][PASSED] - Test Cases/TC_015_VC_Smart_Verify scroll down on home screen: Test Cases/TC_015_VC_Smart_Verify scroll down on home screen

2023-08-16 14:38:32 - [TEST_STEP][PASSED] - callTestCase(findTestCase("TC_001_Verify the Login feature with valid credentials"), [:], STOP_ON_FAILURE): Call Test Case 'Test Cases/TC_001_Verify the Login feature with valid credentials' successfully

2023-08-16 14:38:32 - [TEST_CASE][PASSED] - Test Cases/TC_001_Verify the Login feature with valid credentials: Test Cases/TC_001_Verify the Login feature with valid credentials

2023-08-16 14:38:32 - [TEST_STEP][PASSED] - openBrowser("https://ioclvcsmart.tmsitrimble.in/VCSmartApp/#/login"): Browser is opened with url: 'https://ioclvcsmart.tmsitrimble.in/VCSmartApp/#/login'

2023-08-16 14:38:32 - [MESSAGE][INFO] - Starting 'Chrome' driver

2023-08-16 14:38:33 - [MESSAGE][INFO] - Action delay is set to 0 milliseconds

2023-08-16 14:38:44 - [MESSAGE][PASSED] - Browser is opened with url: 'https://ioclvcsmart.tmsitrimble.in/VCSmartApp/#/login'

2023-08-16 14:38:44 - [TEST_STEP][PASSED] - maximizeWindow(): Current window maximized

2023-08-16 14:38:44 - [MESSAGE][PASSED] - Current window maximized

2023-08-16 14:38:44 - [TEST_STEP][PASSED] - delay(5): Delayed 5 second(s)

2023-08-16 14:38:49 - [MESSAGE][PASSED] - Delayed 5 second(s)

2023-08-16 14:38:49 - [TEST_STEP][PASSED] - click(findTestObject("OB_001_Login screen/Login Screen/Username")): Object: 'Object Repository/OB_001_Login screen/Login Screen/Username' is clicked on

2023-08-16 14:38:49 - [MESSAGE][PASSED] - Object: 'Object Repository/OB_001_Login screen/Login Screen/Username' is clicked on

2023-08-16 14:38:49 - [TEST_STEP][PASSED] - setText(findTestObject("OB_001_Login screen/Login Screen/Username"), "BSO-2300"): Text 'BSO-2300' is set on object 'Object Repository/OB_001_Login screen/Login Screen/Username'

2023-08-16 14:38:50 - [MESSAGE][PASSED] - Text 'BSO-2300' is set on object 'Object Repository/OB_001_Login screen/Login Screen/Username'

2023-08-16 14:38:50 - [TEST_STEP][PASSED] - click(findTestObject("OB_001_Login screen/Login Screen/Password")): Object: 'Object Repository/OB_001_Login screen/Login Screen/Password' is clicked on

2023-08-16 14:38:50 - [MESSAGE][PASSED] - Object: 'Object Repository/OB_001_Login screen/Login Screen/Password' is clicked on

2023-08-16 14:38:50 - [TEST_STEP][PASSED] - setText(findTestObject("OB_001_Login screen/Login Screen/Password"), "Password@2300"): Text 'Password@2300' is set on object 'Object Repository/OB_001_Login screen/Login Screen/Password'

2023-08-16 14:38:51 - [MESSAGE][PASSED] - Text 'Password@2300' is set on object 'Object Repository/OB_001_Login screen/Login Screen/Password'

2023-08-16 14:38:51 - [TEST_STEP][PASSED] - click(findTestObject("OB_001_Login screen/Login Screen/button_Sign in")): Object: 'Object Repository/OB_001_Login screen/Login Screen/button_Sign in' is clicked on

2023-08-16 14:38:51 - [MESSAGE][PASSED] - Object: 'Object Repository/OB_001_Login screen/Login Screen/button_Sign in' is clicked on

2023-08-16 14:38:51 - [TEST_STEP][PASSED] - delay(8): Delayed 8 second(s)

2023-08-16 14:38:59 - [MESSAGE][PASSED] - Delayed 8 second(s)

2023-08-16 14:38:59 - [TEST_STEP][PASSED] - verifyTextPresent("VC Smart", false): Text 'VC Smart' is present on page 

2023-08-16 14:39:07 - [MESSAGE][PASSED] - Text 'VC Smart' is present on page 

2023-08-16 14:39:07 - [MESSAGE][PASSED] - Call Test Case 'Test Cases/TC_001_Verify the Login feature with valid credentials' successfully

2023-08-16 14:39:07 - [TEST_STEP][PASSED] - scrollToElement(findTestObject("OB_011_VC_Smart_Scroll down/Page_VCSmart  Trimble/div_On Trip Safety Violation (830 Vehicles)"), 5): Scroll to object 'Object Repository/OB_011_VC_Smart_Scroll down/Page_VCSmart  Trimble/div_On Trip Safety Violation (830 Vehicles)' successfully

2023-08-16 14:39:38 - [MESSAGE][INFO] - Unable to find the element located by 'By.xpath: //*[(text() = 'On Trip Safety Violation (830 Vehicles)' or . = 'On Trip Safety Violation (830 Vehicles)')]'. Please recheck the objects properties to make sure the desired element is located. 

2023-08-16 14:39:38 - [MESSAGE][WARNING] - [SELF-HEALING] Failed to find element with id 'Object Repository/OB_011_VC_Smart_Scroll down/Page_VCSmart  Trimble/div_On Trip Safety Violation (830 Vehicles)'. Try using Self-healing.

2023-08-16 14:39:39 - [MESSAGE][WARNING] - [SELF-HEALING] The current locator of test object 'Object Repository/OB_011_VC_Smart_Scroll down/Page_VCSmart  Trimble/div_On Trip Safety Violation (830 Vehicles)' was broken. Propose an alternative one: '//div[@id='SD_3']/div/div'.

2023-08-16 14:39:39 - [MESSAGE][PASSED] - Scroll to object 'Object Repository/OB_011_VC_Smart_Scroll down/Page_VCSmart  Trimble/div_On Trip Safety Violation (830 Vehicles)' successfully

2023-08-16 14:39:39 - [TEST_STEP][PASSED] - delay(4): Delayed 4 second(s)

2023-08-16 14:39:43 - [MESSAGE][PASSED] - Delayed 4 second(s)

2023-08-16 14:39:43 - [TEST_STEP][PASSED] - closeBrowser(): Browser is closed

2023-08-16 14:39:43 - [MESSAGE][PASSED] - Browser is closed]]></system-out>
         <system-err><![CDATA[]]></system-err>
      </testcase>
      <testcase name="Test Cases/TC_016_VC_Smart_Verify_Admin feature" time="55.073" classname="Test Cases/TC_016_VC_Smart_Verify_Admin feature" status="FAILED">
         <failure type="FAILED" message="Test Cases/TC_016_VC_Smart_Verify_Admin feature FAILED.
Reason:
com.kms.katalon.core.exception.StepFailedException: Call Test Case 'Test Cases/TC_001_Verify the Login feature with valid credentials' failed
	at com.kms.katalon.core.keyword.builtin.CallTestCaseKeyword$_callTestCase_closure1.doCall(CallTestCaseKeyword.groovy:63)
	at com.kms.katalon.core.keyword.builtin.CallTestCaseKeyword$_callTestCase_closure1.call(CallTestCaseKeyword.groovy)
	at com.kms.katalon.core.keyword.internal.KeywordMain.runKeyword(KeywordMain.groovy:75)
	at com.kms.katalon.core.keyword.builtin.CallTestCaseKeyword.callTestCase(CallTestCaseKeyword.groovy:81)
	at com.kms.katalon.core.keyword.builtin.CallTestCaseKeyword.execute(CallTestCaseKeyword.groovy:44)
	at com.kms.katalon.core.keyword.internal.KeywordExecutor.executeKeywordForPlatform(KeywordExecutor.groovy:74)
	at com.kms.katalon.core.keyword.BuiltinKeywords.callTestCase(BuiltinKeywords.groovy:310)
	at TC_016_VC_Smart_Verify_Admin feature.run(TC_016_VC_Smart_Verify_Admin feature:20)
	at com.kms.katalon.core.main.ScriptEngine.run(ScriptEngine.java:194)
	at com.kms.katalon.core.main.ScriptEngine.runScriptAsRawText(ScriptEngine.java:119)
	at com.kms.katalon.core.main.TestCaseExecutor.runScript(TestCaseExecutor.java:448)
	at com.kms.katalon.core.main.TestCaseExecutor.doExecute(TestCaseExecutor.java:439)
	at com.kms.katalon.core.main.TestCaseExecutor.processExecutionPhase(TestCaseExecutor.java:418)
	at com.kms.katalon.core.main.TestCaseExecutor.accessMainPhase(TestCaseExecutor.java:410)
	at com.kms.katalon.core.main.TestCaseExecutor.execute(TestCaseExecutor.java:285)
	at com.kms.katalon.core.common.CommonExecutor.accessTestCaseMainPhase(CommonExecutor.java:65)
	at com.kms.katalon.core.main.TestSuiteExecutor.accessTestSuiteMainPhase(TestSuiteExecutor.java:148)
	at com.kms.katalon.core.main.TestSuiteExecutor.execute(TestSuiteExecutor.java:106)
	at com.kms.katalon.core.main.TestCaseMain.startTestSuite(TestCaseMain.java:187)
	at com.kms.katalon.core.main.TestCaseMain$startTestSuite$0.call(Unknown Source)
	at TempTestSuite1692176908421.run(TempTestSuite1692176908421.groovy:36)
Caused by: com.kms.katalon.core.exception.StepFailedException: Unable to verify text 'VC Smart' is present 
	at com.kms.katalon.core.webui.keyword.internal.WebUIKeywordMain.stepFailed(WebUIKeywordMain.groovy:64)
	at com.kms.katalon.core.webui.keyword.internal.WebUIKeywordMain.runKeyword(WebUIKeywordMain.groovy:26)
	at com.kms.katalon.core.webui.keyword.builtin.VerifyTextPresentKeyword.verifyTextPresent(VerifyTextPresentKeyword.groovy:83)
	at com.kms.katalon.core.webui.keyword.builtin.VerifyTextPresentKeyword.execute(VerifyTextPresentKeyword.groovy:68)
	at com.kms.katalon.core.keyword.internal.KeywordExecutor.executeKeywordForPlatform(KeywordExecutor.groovy:74)
	at com.kms.katalon.core.webui.keyword.WebUiBuiltInKeywords.verifyTextPresent(WebUiBuiltInKeywords.groovy:1723)
	at com.kms.katalon.core.webui.keyword.WebUiBuiltInKeywords$verifyTextPresent$3.call(Unknown Source)
	at TC_001_Verify the Login feature with valid credentials.run(TC_001_Verify the Login feature with valid credentials:38)
	at com.kms.katalon.core.main.ScriptEngine.run(ScriptEngine.java:194)
	at com.kms.katalon.core.main.ScriptEngine.runScriptAsRawText(ScriptEngine.java:119)
	at com.kms.katalon.core.main.TestCaseExecutor.runScript(TestCaseExecutor.java:448)
	at com.kms.katalon.core.main.TestCaseExecutor.doExecute(TestCaseExecutor.java:439)
	at com.kms.katalon.core.main.TestCaseExecutor.processExecutionPhase(TestCaseExecutor.java:418)
	at com.kms.katalon.core.main.TestCaseExecutor.accessMainPhase(TestCaseExecutor.java:410)
	at com.kms.katalon.core.main.TestCaseExecutor.execute(TestCaseExecutor.java:285)
	at com.kms.katalon.core.main.TestCaseMain.runTestCase(TestCaseMain.java:144)
	at com.kms.katalon.core.keyword.builtin.CallTestCaseKeyword$_callTestCase_closure1.doCall(CallTestCaseKeyword.groovy:59)
	... 20 more
Caused by: com.kms.katalon.core.exception.StepFailedException: Text 'VC Smart' is not present on page 
	at com.kms.katalon.core.webui.keyword.internal.WebUIKeywordMain.stepFailed(WebUIKeywordMain.groovy:64)
	at com.kms.katalon.core.webui.keyword.builtin.VerifyTextPresentKeyword$_verifyTextPresent_closure1.doCall(VerifyTextPresentKeyword.groovy:79)
	at com.kms.katalon.core.webui.keyword.builtin.VerifyTextPresentKeyword$_verifyTextPresent_closure1.call(VerifyTextPresentKeyword.groovy)
	at com.kms.katalon.core.webui.keyword.internal.WebUIKeywordMain.runKeyword(WebUIKeywordMain.groovy:20)
	... 35 more
"/>
         <system-out><![CDATA[2023-08-16 14:39:43 - [TEST_CASE][FAILED] - Test Cases/TC_016_VC_Smart_Verify_Admin feature: Test Cases/TC_016_VC_Smart_Verify_Admin feature FAILED.
Reason:
com.kms.katalon.core.exception.StepFailedException: Call Test Case 'Test Cases/TC_001_Verify the Login feature with valid credentials' failed
	at com.kms.katalon.core.keyword.builtin.CallTestCaseKeyword$_callTestCase_closure1.doCall(CallTestCaseKeyword.groovy:63)
	at com.kms.katalon.core.keyword.builtin.CallTestCaseKeyword$_callTestCase_closure1.call(CallTestCaseKeyword.groovy)
	at com.kms.katalon.core.keyword.internal.KeywordMain.runKeyword(KeywordMain.groovy:75)
	at com.kms.katalon.core.keyword.builtin.CallTestCaseKeyword.callTestCase(CallTestCaseKeyword.groovy:81)
	at com.kms.katalon.core.keyword.builtin.CallTestCaseKeyword.execute(CallTestCaseKeyword.groovy:44)
	at com.kms.katalon.core.keyword.internal.KeywordExecutor.executeKeywordForPlatform(KeywordExecutor.groovy:74)
	at com.kms.katalon.core.keyword.BuiltinKeywords.callTestCase(BuiltinKeywords.groovy:310)
	at TC_016_VC_Smart_Verify_Admin feature.run(TC_016_VC_Smart_Verify_Admin feature:20)
	at com.kms.katalon.core.main.ScriptEngine.run(ScriptEngine.java:194)
	at com.kms.katalon.core.main.ScriptEngine.runScriptAsRawText(ScriptEngine.java:119)
	at com.kms.katalon.core.main.TestCaseExecutor.runScript(TestCaseExecutor.java:448)
	at com.kms.katalon.core.main.TestCaseExecutor.doExecute(TestCaseExecutor.java:439)
	at com.kms.katalon.core.main.TestCaseExecutor.processExecutionPhase(TestCaseExecutor.java:418)
	at com.kms.katalon.core.main.TestCaseExecutor.accessMainPhase(TestCaseExecutor.java:410)
	at com.kms.katalon.core.main.TestCaseExecutor.execute(TestCaseExecutor.java:285)
	at com.kms.katalon.core.common.CommonExecutor.accessTestCaseMainPhase(CommonExecutor.java:65)
	at com.kms.katalon.core.main.TestSuiteExecutor.accessTestSuiteMainPhase(TestSuiteExecutor.java:148)
	at com.kms.katalon.core.main.TestSuiteExecutor.execute(TestSuiteExecutor.java:106)
	at com.kms.katalon.core.main.TestCaseMain.startTestSuite(TestCaseMain.java:187)
	at com.kms.katalon.core.main.TestCaseMain$startTestSuite$0.call(Unknown Source)
	at TempTestSuite1692176908421.run(TempTestSuite1692176908421.groovy:36)
Caused by: com.kms.katalon.core.exception.StepFailedException: Unable to verify text 'VC Smart' is present 
	at com.kms.katalon.core.webui.keyword.internal.WebUIKeywordMain.stepFailed(WebUIKeywordMain.groovy:64)
	at com.kms.katalon.core.webui.keyword.internal.WebUIKeywordMain.runKeyword(WebUIKeywordMain.groovy:26)
	at com.kms.katalon.core.webui.keyword.builtin.VerifyTextPresentKeyword.verifyTextPresent(VerifyTextPresentKeyword.groovy:83)
	at com.kms.katalon.core.webui.keyword.builtin.VerifyTextPresentKeyword.execute(VerifyTextPresentKeyword.groovy:68)
	at com.kms.katalon.core.keyword.internal.KeywordExecutor.executeKeywordForPlatform(KeywordExecutor.groovy:74)
	at com.kms.katalon.core.webui.keyword.WebUiBuiltInKeywords.verifyTextPresent(WebUiBuiltInKeywords.groovy:1723)
	at com.kms.katalon.core.webui.keyword.WebUiBuiltInKeywords$verifyTextPresent$3.call(Unknown Source)
	at TC_001_Verify the Login feature with valid credentials.run(TC_001_Verify the Login feature with valid credentials:38)
	at com.kms.katalon.core.main.ScriptEngine.run(ScriptEngine.java:194)
	at com.kms.katalon.core.main.ScriptEngine.runScriptAsRawText(ScriptEngine.java:119)
	at com.kms.katalon.core.main.TestCaseExecutor.runScript(TestCaseExecutor.java:448)
	at com.kms.katalon.core.main.TestCaseExecutor.doExecute(TestCaseExecutor.java:439)
	at com.kms.katalon.core.main.TestCaseExecutor.processExecutionPhase(TestCaseExecutor.java:418)
	at com.kms.katalon.core.main.TestCaseExecutor.accessMainPhase(TestCaseExecutor.java:410)
	at com.kms.katalon.core.main.TestCaseExecutor.execute(TestCaseExecutor.java:285)
	at com.kms.katalon.core.main.TestCaseMain.runTestCase(TestCaseMain.java:144)
	at com.kms.katalon.core.keyword.builtin.CallTestCaseKeyword$_callTestCase_closure1.doCall(CallTestCaseKeyword.groovy:59)
	... 20 more
Caused by: com.kms.katalon.core.exception.StepFailedException: Text 'VC Smart' is not present on page 
	at com.kms.katalon.core.webui.keyword.internal.WebUIKeywordMain.stepFailed(WebUIKeywordMain.groovy:64)
	at com.kms.katalon.core.webui.keyword.builtin.VerifyTextPresentKeyword$_verifyTextPresent_closure1.doCall(VerifyTextPresentKeyword.groovy:79)
	at com.kms.katalon.core.webui.keyword.builtin.VerifyTextPresentKeyword$_verifyTextPresent_closure1.call(VerifyTextPresentKeyword.groovy)
	at com.kms.katalon.core.webui.keyword.internal.WebUIKeywordMain.runKeyword(WebUIKeywordMain.groovy:20)
	... 35 more


2023-08-16 14:39:43 - [TEST_STEP][FAILED] - callTestCase(findTestCase("TC_001_Verify the Login feature with valid credentials"), [:], STOP_ON_FAILURE): Unable to call Test Case 'Test Cases/TC_001_Verify the Login feature with valid credentials' (Root cause: com.kms.katalon.core.exception.StepFailedException: Call Test Case 'Test Cases/TC_001_Verify the Login feature with valid credentials' failed
	at com.kms.katalon.core.keyword.builtin.CallTestCaseKeyword$_callTestCase_closure1.doCall(CallTestCaseKeyword.groovy:63)
	at com.kms.katalon.core.keyword.builtin.CallTestCaseKeyword$_callTestCase_closure1.call(CallTestCaseKeyword.groovy)
	at com.kms.katalon.core.keyword.internal.KeywordMain.runKeyword(KeywordMain.groovy:75)
	at com.kms.katalon.core.keyword.builtin.CallTestCaseKeyword.callTestCase(CallTestCaseKeyword.groovy:81)
	at com.kms.katalon.core.keyword.builtin.CallTestCaseKeyword.execute(CallTestCaseKeyword.groovy:44)
	at com.kms.katalon.core.keyword.internal.KeywordExecutor.executeKeywordForPlatform(KeywordExecutor.groovy:74)
	at com.kms.katalon.core.keyword.BuiltinKeywords.callTestCase(BuiltinKeywords.groovy:310)
	at TC_016_VC_Smart_Verify_Admin feature.run(TC_016_VC_Smart_Verify_Admin feature:20)
	at com.kms.katalon.core.main.ScriptEngine.run(ScriptEngine.java:194)
	at com.kms.katalon.core.main.ScriptEngine.runScriptAsRawText(ScriptEngine.java:119)
	at com.kms.katalon.core.main.TestCaseExecutor.runScript(TestCaseExecutor.java:448)
	at com.kms.katalon.core.main.TestCaseExecutor.doExecute(TestCaseExecutor.java:439)
	at com.kms.katalon.core.main.TestCaseExecutor.processExecutionPhase(TestCaseExecutor.java:418)
	at com.kms.katalon.core.main.TestCaseExecutor.accessMainPhase(TestCaseExecutor.java:410)
	at com.kms.katalon.core.main.TestCaseExecutor.execute(TestCaseExecutor.java:285)
	at com.kms.katalon.core.common.CommonExecutor.accessTestCaseMainPhase(CommonExecutor.java:65)
	at com.kms.katalon.core.main.TestSuiteExecutor.accessTestSuiteMainPhase(TestSuiteExecutor.java:148)
	at com.kms.katalon.core.main.TestSuiteExecutor.execute(TestSuiteExecutor.java:106)
	at com.kms.katalon.core.main.TestCaseMain.startTestSuite(TestCaseMain.java:187)
	at com.kms.katalon.core.main.TestCaseMain$startTestSuite$0.call(Unknown Source)
	at TempTestSuite1692176908421.run(TempTestSuite1692176908421.groovy:36)
Caused by: com.kms.katalon.core.exception.StepFailedException: Unable to verify text 'VC Smart' is present 
	at com.kms.katalon.core.webui.keyword.internal.WebUIKeywordMain.stepFailed(WebUIKeywordMain.groovy:64)
	at com.kms.katalon.core.webui.keyword.internal.WebUIKeywordMain.runKeyword(WebUIKeywordMain.groovy:26)
	at com.kms.katalon.core.webui.keyword.builtin.VerifyTextPresentKeyword.verifyTextPresent(VerifyTextPresentKeyword.groovy:83)
	at com.kms.katalon.core.webui.keyword.builtin.VerifyTextPresentKeyword.execute(VerifyTextPresentKeyword.groovy:68)
	at com.kms.katalon.core.keyword.internal.KeywordExecutor.executeKeywordForPlatform(KeywordExecutor.groovy:74)
	at com.kms.katalon.core.webui.keyword.WebUiBuiltInKeywords.verifyTextPresent(WebUiBuiltInKeywords.groovy:1723)
	at com.kms.katalon.core.webui.keyword.WebUiBuiltInKeywords$verifyTextPresent$3.call(Unknown Source)
	at TC_001_Verify the Login feature with valid credentials.run(TC_001_Verify the Login feature with valid credentials:38)
	at com.kms.katalon.core.main.ScriptEngine.run(ScriptEngine.java:194)
	at com.kms.katalon.core.main.ScriptEngine.runScriptAsRawText(ScriptEngine.java:119)
	at com.kms.katalon.core.main.TestCaseExecutor.runScript(TestCaseExecutor.java:448)
	at com.kms.katalon.core.main.TestCaseExecutor.doExecute(TestCaseExecutor.java:439)
	at com.kms.katalon.core.main.TestCaseExecutor.processExecutionPhase(TestCaseExecutor.java:418)
	at com.kms.katalon.core.main.TestCaseExecutor.accessMainPhase(TestCaseExecutor.java:410)
	at com.kms.katalon.core.main.TestCaseExecutor.execute(TestCaseExecutor.java:285)
	at com.kms.katalon.core.main.TestCaseMain.runTestCase(TestCaseMain.java:144)
	at com.kms.katalon.core.keyword.builtin.CallTestCaseKeyword$_callTestCase_closure1.doCall(CallTestCaseKeyword.groovy:59)
	... 20 more
Caused by: com.kms.katalon.core.exception.StepFailedException: Text 'VC Smart' is not present on page 
	at com.kms.katalon.core.webui.keyword.internal.WebUIKeywordMain.stepFailed(WebUIKeywordMain.groovy:64)
	at com.kms.katalon.core.webui.keyword.builtin.VerifyTextPresentKeyword$_verifyTextPresent_closure1.doCall(VerifyTextPresentKeyword.groovy:79)
	at com.kms.katalon.core.webui.keyword.builtin.VerifyTextPresentKeyword$_verifyTextPresent_closure1.call(VerifyTextPresentKeyword.groovy)
	at com.kms.katalon.core.webui.keyword.internal.WebUIKeywordMain.runKeyword(WebUIKeywordMain.groovy:20)
	... 35 more
)

2023-08-16 14:39:44 - [TEST_CASE][FAILED] - Test Cases/TC_001_Verify the Login feature with valid credentials: Test Cases/TC_001_Verify the Login feature with valid credentials FAILED.
Reason:
com.kms.katalon.core.exception.StepFailedException: Unable to verify text 'VC Smart' is present 
	at com.kms.katalon.core.webui.keyword.internal.WebUIKeywordMain.stepFailed(WebUIKeywordMain.groovy:64)
	at com.kms.katalon.core.webui.keyword.internal.WebUIKeywordMain.runKeyword(WebUIKeywordMain.groovy:26)
	at com.kms.katalon.core.webui.keyword.builtin.VerifyTextPresentKeyword.verifyTextPresent(VerifyTextPresentKeyword.groovy:83)
	at com.kms.katalon.core.webui.keyword.builtin.VerifyTextPresentKeyword.execute(VerifyTextPresentKeyword.groovy:68)
	at com.kms.katalon.core.keyword.internal.KeywordExecutor.executeKeywordForPlatform(KeywordExecutor.groovy:74)
	at com.kms.katalon.core.webui.keyword.WebUiBuiltInKeywords.verifyTextPresent(WebUiBuiltInKeywords.groovy:1723)
	at com.kms.katalon.core.webui.keyword.WebUiBuiltInKeywords$verifyTextPresent$3.call(Unknown Source)
	at TC_001_Verify the Login feature with valid credentials.run(TC_001_Verify the Login feature with valid credentials:38)
	at com.kms.katalon.core.main.ScriptEngine.run(ScriptEngine.java:194)
	at com.kms.katalon.core.main.ScriptEngine.runScriptAsRawText(ScriptEngine.java:119)
	at com.kms.katalon.core.main.TestCaseExecutor.runScript(TestCaseExecutor.java:448)
	at com.kms.katalon.core.main.TestCaseExecutor.doExecute(TestCaseExecutor.java:439)
	at com.kms.katalon.core.main.TestCaseExecutor.processExecutionPhase(TestCaseExecutor.java:418)
	at com.kms.katalon.core.main.TestCaseExecutor.accessMainPhase(TestCaseExecutor.java:410)
	at com.kms.katalon.core.main.TestCaseExecutor.execute(TestCaseExecutor.java:285)
	at com.kms.katalon.core.main.TestCaseMain.runTestCase(TestCaseMain.java:144)
	at com.kms.katalon.core.keyword.builtin.CallTestCaseKeyword$_callTestCase_closure1.doCall(CallTestCaseKeyword.groovy:59)
	at com.kms.katalon.core.keyword.builtin.CallTestCaseKeyword$_callTestCase_closure1.call(CallTestCaseKeyword.groovy)
	at com.kms.katalon.core.keyword.internal.KeywordMain.runKeyword(KeywordMain.groovy:75)
	at com.kms.katalon.core.keyword.builtin.CallTestCaseKeyword.callTestCase(CallTestCaseKeyword.groovy:81)
	at com.kms.katalon.core.keyword.builtin.CallTestCaseKeyword.execute(CallTestCaseKeyword.groovy:44)
	at com.kms.katalon.core.keyword.internal.KeywordExecutor.executeKeywordForPlatform(KeywordExecutor.groovy:74)
	at com.kms.katalon.core.keyword.BuiltinKeywords.callTestCase(BuiltinKeywords.groovy:310)
	at TC_016_VC_Smart_Verify_Admin feature.run(TC_016_VC_Smart_Verify_Admin feature:20)
	at com.kms.katalon.core.main.ScriptEngine.run(ScriptEngine.java:194)
	at com.kms.katalon.core.main.ScriptEngine.runScriptAsRawText(ScriptEngine.java:119)
	at com.kms.katalon.core.main.TestCaseExecutor.runScript(TestCaseExecutor.java:448)
	at com.kms.katalon.core.main.TestCaseExecutor.doExecute(TestCaseExecutor.java:439)
	at com.kms.katalon.core.main.TestCaseExecutor.processExecutionPhase(TestCaseExecutor.java:418)
	at com.kms.katalon.core.main.TestCaseExecutor.accessMainPhase(TestCaseExecutor.java:410)
	at com.kms.katalon.core.main.TestCaseExecutor.execute(TestCaseExecutor.java:285)
	at com.kms.katalon.core.common.CommonExecutor.accessTestCaseMainPhase(CommonExecutor.java:65)
	at com.kms.katalon.core.main.TestSuiteExecutor.accessTestSuiteMainPhase(TestSuiteExecutor.java:148)
	at com.kms.katalon.core.main.TestSuiteExecutor.execute(TestSuiteExecutor.java:106)
	at com.kms.katalon.core.main.TestCaseMain.startTestSuite(TestCaseMain.java:187)
	at com.kms.katalon.core.main.TestCaseMain$startTestSuite$0.call(Unknown Source)
	at TempTestSuite1692176908421.run(TempTestSuite1692176908421.groovy:36)
Caused by: com.kms.katalon.core.exception.StepFailedException: Text 'VC Smart' is not present on page 
	at com.kms.katalon.core.webui.keyword.internal.WebUIKeywordMain.stepFailed(WebUIKeywordMain.groovy:64)
	at com.kms.katalon.core.webui.keyword.builtin.VerifyTextPresentKeyword$_verifyTextPresent_closure1.doCall(VerifyTextPresentKeyword.groovy:79)
	at com.kms.katalon.core.webui.keyword.builtin.VerifyTextPresentKeyword$_verifyTextPresent_closure1.call(VerifyTextPresentKeyword.groovy)
	at com.kms.katalon.core.webui.keyword.internal.WebUIKeywordMain.runKeyword(WebUIKeywordMain.groovy:20)
	... 35 more


2023-08-16 14:39:44 - [TEST_STEP][PASSED] - openBrowser("https://ioclvcsmart.tmsitrimble.in/VCSmartApp/#/login"): Browser is opened with url: 'https://ioclvcsmart.tmsitrimble.in/VCSmartApp/#/login'

2023-08-16 14:39:44 - [MESSAGE][INFO] - Starting 'Chrome' driver

2023-08-16 14:39:44 - [MESSAGE][INFO] - Action delay is set to 0 milliseconds

2023-08-16 14:39:52 - [MESSAGE][PASSED] - Browser is opened with url: 'https://ioclvcsmart.tmsitrimble.in/VCSmartApp/#/login'

2023-08-16 14:39:52 - [TEST_STEP][PASSED] - maximizeWindow(): Current window maximized

2023-08-16 14:39:52 - [MESSAGE][PASSED] - Current window maximized

2023-08-16 14:39:52 - [TEST_STEP][PASSED] - delay(5): Delayed 5 second(s)

2023-08-16 14:39:57 - [MESSAGE][PASSED] - Delayed 5 second(s)

2023-08-16 14:39:57 - [TEST_STEP][PASSED] - click(findTestObject("OB_001_Login screen/Login Screen/Username")): Object: 'Object Repository/OB_001_Login screen/Login Screen/Username' is clicked on

2023-08-16 14:39:58 - [MESSAGE][PASSED] - Object: 'Object Repository/OB_001_Login screen/Login Screen/Username' is clicked on

2023-08-16 14:39:58 - [TEST_STEP][PASSED] - setText(findTestObject("OB_001_Login screen/Login Screen/Username"), "BSO-2300"): Text 'BSO-2300' is set on object 'Object Repository/OB_001_Login screen/Login Screen/Username'

2023-08-16 14:39:59 - [MESSAGE][PASSED] - Text 'BSO-2300' is set on object 'Object Repository/OB_001_Login screen/Login Screen/Username'

2023-08-16 14:39:59 - [TEST_STEP][PASSED] - click(findTestObject("OB_001_Login screen/Login Screen/Password")): Object: 'Object Repository/OB_001_Login screen/Login Screen/Password' is clicked on

2023-08-16 14:39:59 - [MESSAGE][PASSED] - Object: 'Object Repository/OB_001_Login screen/Login Screen/Password' is clicked on

2023-08-16 14:39:59 - [TEST_STEP][PASSED] - setText(findTestObject("OB_001_Login screen/Login Screen/Password"), "Password@2300"): Text 'Password@2300' is set on object 'Object Repository/OB_001_Login screen/Login Screen/Password'

2023-08-16 14:40:00 - [MESSAGE][PASSED] - Text 'Password@2300' is set on object 'Object Repository/OB_001_Login screen/Login Screen/Password'

2023-08-16 14:40:00 - [TEST_STEP][PASSED] - click(findTestObject("OB_001_Login screen/Login Screen/button_Sign in")): Object: 'Object Repository/OB_001_Login screen/Login Screen/button_Sign in' is clicked on

2023-08-16 14:40:00 - [MESSAGE][PASSED] - Object: 'Object Repository/OB_001_Login screen/Login Screen/button_Sign in' is clicked on

2023-08-16 14:40:00 - [TEST_STEP][PASSED] - delay(8): Delayed 8 second(s)

2023-08-16 14:40:08 - [MESSAGE][PASSED] - Delayed 8 second(s)

2023-08-16 14:40:08 - [TEST_STEP][FAILED] - verifyTextPresent("VC Smart", false): Unable to verify text 'VC Smart' is present  (Root cause: com.kms.katalon.core.exception.StepFailedException: Unable to verify text 'VC Smart' is present 
	at com.kms.katalon.core.webui.keyword.internal.WebUIKeywordMain.stepFailed(WebUIKeywordMain.groovy:64)
	at com.kms.katalon.core.webui.keyword.internal.WebUIKeywordMain.runKeyword(WebUIKeywordMain.groovy:26)
	at com.kms.katalon.core.webui.keyword.builtin.VerifyTextPresentKeyword.verifyTextPresent(VerifyTextPresentKeyword.groovy:83)
	at com.kms.katalon.core.webui.keyword.builtin.VerifyTextPresentKeyword.execute(VerifyTextPresentKeyword.groovy:68)
	at com.kms.katalon.core.keyword.internal.KeywordExecutor.executeKeywordForPlatform(KeywordExecutor.groovy:74)
	at com.kms.katalon.core.webui.keyword.WebUiBuiltInKeywords.verifyTextPresent(WebUiBuiltInKeywords.groovy:1723)
	at com.kms.katalon.core.webui.keyword.WebUiBuiltInKeywords$verifyTextPresent$3.call(Unknown Source)
	at TC_001_Verify the Login feature with valid credentials.run(TC_001_Verify the Login feature with valid credentials:38)
	at com.kms.katalon.core.main.ScriptEngine.run(ScriptEngine.java:194)
	at com.kms.katalon.core.main.ScriptEngine.runScriptAsRawText(ScriptEngine.java:119)
	at com.kms.katalon.core.main.TestCaseExecutor.runScript(TestCaseExecutor.java:448)
	at com.kms.katalon.core.main.TestCaseExecutor.doExecute(TestCaseExecutor.java:439)
	at com.kms.katalon.core.main.TestCaseExecutor.processExecutionPhase(TestCaseExecutor.java:418)
	at com.kms.katalon.core.main.TestCaseExecutor.accessMainPhase(TestCaseExecutor.java:410)
	at com.kms.katalon.core.main.TestCaseExecutor.execute(TestCaseExecutor.java:285)
	at com.kms.katalon.core.main.TestCaseMain.runTestCase(TestCaseMain.java:144)
	at com.kms.katalon.core.keyword.builtin.CallTestCaseKeyword$_callTestCase_closure1.doCall(CallTestCaseKeyword.groovy:59)
	at com.kms.katalon.core.keyword.builtin.CallTestCaseKeyword$_callTestCase_closure1.call(CallTestCaseKeyword.groovy)
	at com.kms.katalon.core.keyword.internal.KeywordMain.runKeyword(KeywordMain.groovy:75)
	at com.kms.katalon.core.keyword.builtin.CallTestCaseKeyword.callTestCase(CallTestCaseKeyword.groovy:81)
	at com.kms.katalon.core.keyword.builtin.CallTestCaseKeyword.execute(CallTestCaseKeyword.groovy:44)
	at com.kms.katalon.core.keyword.internal.KeywordExecutor.executeKeywordForPlatform(KeywordExecutor.groovy:74)
	at com.kms.katalon.core.keyword.BuiltinKeywords.callTestCase(BuiltinKeywords.groovy:310)
	at TC_016_VC_Smart_Verify_Admin feature.run(TC_016_VC_Smart_Verify_Admin feature:20)
	at com.kms.katalon.core.main.ScriptEngine.run(ScriptEngine.java:194)
	at com.kms.katalon.core.main.ScriptEngine.runScriptAsRawText(ScriptEngine.java:119)
	at com.kms.katalon.core.main.TestCaseExecutor.runScript(TestCaseExecutor.java:448)
	at com.kms.katalon.core.main.TestCaseExecutor.doExecute(TestCaseExecutor.java:439)
	at com.kms.katalon.core.main.TestCaseExecutor.processExecutionPhase(TestCaseExecutor.java:418)
	at com.kms.katalon.core.main.TestCaseExecutor.accessMainPhase(TestCaseExecutor.java:410)
	at com.kms.katalon.core.main.TestCaseExecutor.execute(TestCaseExecutor.java:285)
	at com.kms.katalon.core.common.CommonExecutor.accessTestCaseMainPhase(CommonExecutor.java:65)
	at com.kms.katalon.core.main.TestSuiteExecutor.accessTestSuiteMainPhase(TestSuiteExecutor.java:148)
	at com.kms.katalon.core.main.TestSuiteExecutor.execute(TestSuiteExecutor.java:106)
	at com.kms.katalon.core.main.TestCaseMain.startTestSuite(TestCaseMain.java:187)
	at com.kms.katalon.core.main.TestCaseMain$startTestSuite$0.call(Unknown Source)
	at TempTestSuite1692176908421.run(TempTestSuite1692176908421.groovy:36)
Caused by: com.kms.katalon.core.exception.StepFailedException: Text 'VC Smart' is not present on page 
	at com.kms.katalon.core.webui.keyword.internal.WebUIKeywordMain.stepFailed(WebUIKeywordMain.groovy:64)
	at com.kms.katalon.core.webui.keyword.builtin.VerifyTextPresentKeyword$_verifyTextPresent_closure1.doCall(VerifyTextPresentKeyword.groovy:79)
	at com.kms.katalon.core.webui.keyword.builtin.VerifyTextPresentKeyword$_verifyTextPresent_closure1.call(VerifyTextPresentKeyword.groovy)
	at com.kms.katalon.core.webui.keyword.internal.WebUIKeywordMain.runKeyword(WebUIKeywordMain.groovy:20)
	... 35 more
)

2023-08-16 14:40:38 - [MESSAGE][FAILED] - Text 'VC Smart' is not present on page  (Root cause: com.kms.katalon.core.exception.StepFailedException: Text 'VC Smart' is not present on page 
	at com.kms.katalon.core.webui.keyword.internal.WebUIKeywordMain.stepFailed(WebUIKeywordMain.groovy:64)
	at com.kms.katalon.core.webui.keyword.builtin.VerifyTextPresentKeyword$_verifyTextPresent_closure1.doCall(VerifyTextPresentKeyword.groovy:79)
	at com.kms.katalon.core.webui.keyword.builtin.VerifyTextPresentKeyword$_verifyTextPresent_closure1.call(VerifyTextPresentKeyword.groovy)
	at com.kms.katalon.core.webui.keyword.internal.WebUIKeywordMain.runKeyword(WebUIKeywordMain.groovy:20)
	at com.kms.katalon.core.webui.keyword.builtin.VerifyTextPresentKeyword.verifyTextPresent(VerifyTextPresentKeyword.groovy:83)
	at com.kms.katalon.core.webui.keyword.builtin.VerifyTextPresentKeyword.execute(VerifyTextPresentKeyword.groovy:68)
	at com.kms.katalon.core.keyword.internal.KeywordExecutor.executeKeywordForPlatform(KeywordExecutor.groovy:74)
	at com.kms.katalon.core.webui.keyword.WebUiBuiltInKeywords.verifyTextPresent(WebUiBuiltInKeywords.groovy:1723)
	at com.kms.katalon.core.webui.keyword.WebUiBuiltInKeywords$verifyTextPresent$3.call(Unknown Source)
	at TC_001_Verify the Login feature with valid credentials.run(TC_001_Verify the Login feature with valid credentials:38)
	at com.kms.katalon.core.main.ScriptEngine.run(ScriptEngine.java:194)
	at com.kms.katalon.core.main.ScriptEngine.runScriptAsRawText(ScriptEngine.java:119)
	at com.kms.katalon.core.main.TestCaseExecutor.runScript(TestCaseExecutor.java:448)
	at com.kms.katalon.core.main.TestCaseExecutor.doExecute(TestCaseExecutor.java:439)
	at com.kms.katalon.core.main.TestCaseExecutor.processExecutionPhase(TestCaseExecutor.java:418)
	at com.kms.katalon.core.main.TestCaseExecutor.accessMainPhase(TestCaseExecutor.java:410)
	at com.kms.katalon.core.main.TestCaseExecutor.execute(TestCaseExecutor.java:285)
	at com.kms.katalon.core.main.TestCaseMain.runTestCase(TestCaseMain.java:144)
	at com.kms.katalon.core.keyword.builtin.CallTestCaseKeyword$_callTestCase_closure1.doCall(CallTestCaseKeyword.groovy:59)
	at com.kms.katalon.core.keyword.builtin.CallTestCaseKeyword$_callTestCase_closure1.call(CallTestCaseKeyword.groovy)
	at com.kms.katalon.core.keyword.internal.KeywordMain.runKeyword(KeywordMain.groovy:75)
	at com.kms.katalon.core.keyword.builtin.CallTestCaseKeyword.callTestCase(CallTestCaseKeyword.groovy:81)
	at com.kms.katalon.core.keyword.builtin.CallTestCaseKeyword.execute(CallTestCaseKeyword.groovy:44)
	at com.kms.katalon.core.keyword.internal.KeywordExecutor.executeKeywordForPlatform(KeywordExecutor.groovy:74)
	at com.kms.katalon.core.keyword.BuiltinKeywords.callTestCase(BuiltinKeywords.groovy:310)
	at TC_016_VC_Smart_Verify_Admin feature.run(TC_016_VC_Smart_Verify_Admin feature:20)
	at com.kms.katalon.core.main.ScriptEngine.run(ScriptEngine.java:194)
	at com.kms.katalon.core.main.ScriptEngine.runScriptAsRawText(ScriptEngine.java:119)
	at com.kms.katalon.core.main.TestCaseExecutor.runScript(TestCaseExecutor.java:448)
	at com.kms.katalon.core.main.TestCaseExecutor.doExecute(TestCaseExecutor.java:439)
	at com.kms.katalon.core.main.TestCaseExecutor.processExecutionPhase(TestCaseExecutor.java:418)
	at com.kms.katalon.core.main.TestCaseExecutor.accessMainPhase(TestCaseExecutor.java:410)
	at com.kms.katalon.core.main.TestCaseExecutor.execute(TestCaseExecutor.java:285)
	at com.kms.katalon.core.common.CommonExecutor.accessTestCaseMainPhase(CommonExecutor.java:65)
	at com.kms.katalon.core.main.TestSuiteExecutor.accessTestSuiteMainPhase(TestSuiteExecutor.java:148)
	at com.kms.katalon.core.main.TestSuiteExecutor.execute(TestSuiteExecutor.java:106)
	at com.kms.katalon.core.main.TestCaseMain.startTestSuite(TestCaseMain.java:187)
	at com.kms.katalon.core.main.TestCaseMain$startTestSuite$0.call(Unknown Source)
	at TempTestSuite1692176908421.run(TempTestSuite1692176908421.groovy:36)
)

2023-08-16 14:40:38 - [MESSAGE][FAILED] - Unable to verify text 'VC Smart' is present  (Root cause: com.kms.katalon.core.exception.StepFailedException: Unable to verify text 'VC Smart' is present 
	at com.kms.katalon.core.webui.keyword.internal.WebUIKeywordMain.stepFailed(WebUIKeywordMain.groovy:64)
	at com.kms.katalon.core.webui.keyword.internal.WebUIKeywordMain.runKeyword(WebUIKeywordMain.groovy:26)
	at com.kms.katalon.core.webui.keyword.builtin.VerifyTextPresentKeyword.verifyTextPresent(VerifyTextPresentKeyword.groovy:83)
	at com.kms.katalon.core.webui.keyword.builtin.VerifyTextPresentKeyword.execute(VerifyTextPresentKeyword.groovy:68)
	at com.kms.katalon.core.keyword.internal.KeywordExecutor.executeKeywordForPlatform(KeywordExecutor.groovy:74)
	at com.kms.katalon.core.webui.keyword.WebUiBuiltInKeywords.verifyTextPresent(WebUiBuiltInKeywords.groovy:1723)
	at com.kms.katalon.core.webui.keyword.WebUiBuiltInKeywords$verifyTextPresent$3.call(Unknown Source)
	at TC_001_Verify the Login feature with valid credentials.run(TC_001_Verify the Login feature with valid credentials:38)
	at com.kms.katalon.core.main.ScriptEngine.run(ScriptEngine.java:194)
	at com.kms.katalon.core.main.ScriptEngine.runScriptAsRawText(ScriptEngine.java:119)
	at com.kms.katalon.core.main.TestCaseExecutor.runScript(TestCaseExecutor.java:448)
	at com.kms.katalon.core.main.TestCaseExecutor.doExecute(TestCaseExecutor.java:439)
	at com.kms.katalon.core.main.TestCaseExecutor.processExecutionPhase(TestCaseExecutor.java:418)
	at com.kms.katalon.core.main.TestCaseExecutor.accessMainPhase(TestCaseExecutor.java:410)
	at com.kms.katalon.core.main.TestCaseExecutor.execute(TestCaseExecutor.java:285)
	at com.kms.katalon.core.main.TestCaseMain.runTestCase(TestCaseMain.java:144)
	at com.kms.katalon.core.keyword.builtin.CallTestCaseKeyword$_callTestCase_closure1.doCall(CallTestCaseKeyword.groovy:59)
	at com.kms.katalon.core.keyword.builtin.CallTestCaseKeyword$_callTestCase_closure1.call(CallTestCaseKeyword.groovy)
	at com.kms.katalon.core.keyword.internal.KeywordMain.runKeyword(KeywordMain.groovy:75)
	at com.kms.katalon.core.keyword.builtin.CallTestCaseKeyword.callTestCase(CallTestCaseKeyword.groovy:81)
	at com.kms.katalon.core.keyword.builtin.CallTestCaseKeyword.execute(CallTestCaseKeyword.groovy:44)
	at com.kms.katalon.core.keyword.internal.KeywordExecutor.executeKeywordForPlatform(KeywordExecutor.groovy:74)
	at com.kms.katalon.core.keyword.BuiltinKeywords.callTestCase(BuiltinKeywords.groovy:310)
	at TC_016_VC_Smart_Verify_Admin feature.run(TC_016_VC_Smart_Verify_Admin feature:20)
	at com.kms.katalon.core.main.ScriptEngine.run(ScriptEngine.java:194)
	at com.kms.katalon.core.main.ScriptEngine.runScriptAsRawText(ScriptEngine.java:119)
	at com.kms.katalon.core.main.TestCaseExecutor.runScript(TestCaseExecutor.java:448)
	at com.kms.katalon.core.main.TestCaseExecutor.doExecute(TestCaseExecutor.java:439)
	at com.kms.katalon.core.main.TestCaseExecutor.processExecutionPhase(TestCaseExecutor.java:418)
	at com.kms.katalon.core.main.TestCaseExecutor.accessMainPhase(TestCaseExecutor.java:410)
	at com.kms.katalon.core.main.TestCaseExecutor.execute(TestCaseExecutor.java:285)
	at com.kms.katalon.core.common.CommonExecutor.accessTestCaseMainPhase(CommonExecutor.java:65)
	at com.kms.katalon.core.main.TestSuiteExecutor.accessTestSuiteMainPhase(TestSuiteExecutor.java:148)
	at com.kms.katalon.core.main.TestSuiteExecutor.execute(TestSuiteExecutor.java:106)
	at com.kms.katalon.core.main.TestCaseMain.startTestSuite(TestCaseMain.java:187)
	at com.kms.katalon.core.main.TestCaseMain$startTestSuite$0.call(Unknown Source)
	at TempTestSuite1692176908421.run(TempTestSuite1692176908421.groovy:36)
Caused by: com.kms.katalon.core.exception.StepFailedException: Text 'VC Smart' is not present on page 
	at com.kms.katalon.core.webui.keyword.internal.WebUIKeywordMain.stepFailed(WebUIKeywordMain.groovy:64)
	at com.kms.katalon.core.webui.keyword.builtin.VerifyTextPresentKeyword$_verifyTextPresent_closure1.doCall(VerifyTextPresentKeyword.groovy:79)
	at com.kms.katalon.core.webui.keyword.builtin.VerifyTextPresentKeyword$_verifyTextPresent_closure1.call(VerifyTextPresentKeyword.groovy)
	at com.kms.katalon.core.webui.keyword.internal.WebUIKeywordMain.runKeyword(WebUIKeywordMain.groovy:20)
	... 35 more
)
[[ATTACHMENT|C:\\Users\\windows 10\\git\\NewRepository\\KatalonGit\\Reports\\20230816_143820\\TS_004_VC_Smart_DETAILED_REGRESSION\\20230816_143828\\1692177038735.png]]

2023-08-16 14:40:38 - [MESSAGE][FAILED] - Unable to call Test Case 'Test Cases/TC_001_Verify the Login feature with valid credentials' (Root cause: com.kms.katalon.core.exception.StepFailedException: Call Test Case 'Test Cases/TC_001_Verify the Login feature with valid credentials' failed
	at com.kms.katalon.core.keyword.builtin.CallTestCaseKeyword$_callTestCase_closure1.doCall(CallTestCaseKeyword.groovy:63)
	at com.kms.katalon.core.keyword.builtin.CallTestCaseKeyword$_callTestCase_closure1.call(CallTestCaseKeyword.groovy)
	at com.kms.katalon.core.keyword.internal.KeywordMain.runKeyword(KeywordMain.groovy:75)
	at com.kms.katalon.core.keyword.builtin.CallTestCaseKeyword.callTestCase(CallTestCaseKeyword.groovy:81)
	at com.kms.katalon.core.keyword.builtin.CallTestCaseKeyword.execute(CallTestCaseKeyword.groovy:44)
	at com.kms.katalon.core.keyword.internal.KeywordExecutor.executeKeywordForPlatform(KeywordExecutor.groovy:74)
	at com.kms.katalon.core.keyword.BuiltinKeywords.callTestCase(BuiltinKeywords.groovy:310)
	at TC_016_VC_Smart_Verify_Admin feature.run(TC_016_VC_Smart_Verify_Admin feature:20)
	at com.kms.katalon.core.main.ScriptEngine.run(ScriptEngine.java:194)
	at com.kms.katalon.core.main.ScriptEngine.runScriptAsRawText(ScriptEngine.java:119)
	at com.kms.katalon.core.main.TestCaseExecutor.runScript(TestCaseExecutor.java:448)
	at com.kms.katalon.core.main.TestCaseExecutor.doExecute(TestCaseExecutor.java:439)
	at com.kms.katalon.core.main.TestCaseExecutor.processExecutionPhase(TestCaseExecutor.java:418)
	at com.kms.katalon.core.main.TestCaseExecutor.accessMainPhase(TestCaseExecutor.java:410)
	at com.kms.katalon.core.main.TestCaseExecutor.execute(TestCaseExecutor.java:285)
	at com.kms.katalon.core.common.CommonExecutor.accessTestCaseMainPhase(CommonExecutor.java:65)
	at com.kms.katalon.core.main.TestSuiteExecutor.accessTestSuiteMainPhase(TestSuiteExecutor.java:148)
	at com.kms.katalon.core.main.TestSuiteExecutor.execute(TestSuiteExecutor.java:106)
	at com.kms.katalon.core.main.TestCaseMain.startTestSuite(TestCaseMain.java:187)
	at com.kms.katalon.core.main.TestCaseMain$startTestSuite$0.call(Unknown Source)
	at TempTestSuite1692176908421.run(TempTestSuite1692176908421.groovy:36)
Caused by: com.kms.katalon.core.exception.StepFailedException: Unable to verify text 'VC Smart' is present 
	at com.kms.katalon.core.webui.keyword.internal.WebUIKeywordMain.stepFailed(WebUIKeywordMain.groovy:64)
	at com.kms.katalon.core.webui.keyword.internal.WebUIKeywordMain.runKeyword(WebUIKeywordMain.groovy:26)
	at com.kms.katalon.core.webui.keyword.builtin.VerifyTextPresentKeyword.verifyTextPresent(VerifyTextPresentKeyword.groovy:83)
	at com.kms.katalon.core.webui.keyword.builtin.VerifyTextPresentKeyword.execute(VerifyTextPresentKeyword.groovy:68)
	at com.kms.katalon.core.keyword.internal.KeywordExecutor.executeKeywordForPlatform(KeywordExecutor.groovy:74)
	at com.kms.katalon.core.webui.keyword.WebUiBuiltInKeywords.verifyTextPresent(WebUiBuiltInKeywords.groovy:1723)
	at com.kms.katalon.core.webui.keyword.WebUiBuiltInKeywords$verifyTextPresent$3.call(Unknown Source)
	at TC_001_Verify the Login feature with valid credentials.run(TC_001_Verify the Login feature with valid credentials:38)
	at com.kms.katalon.core.main.ScriptEngine.run(ScriptEngine.java:194)
	at com.kms.katalon.core.main.ScriptEngine.runScriptAsRawText(ScriptEngine.java:119)
	at com.kms.katalon.core.main.TestCaseExecutor.runScript(TestCaseExecutor.java:448)
	at com.kms.katalon.core.main.TestCaseExecutor.doExecute(TestCaseExecutor.java:439)
	at com.kms.katalon.core.main.TestCaseExecutor.processExecutionPhase(TestCaseExecutor.java:418)
	at com.kms.katalon.core.main.TestCaseExecutor.accessMainPhase(TestCaseExecutor.java:410)
	at com.kms.katalon.core.main.TestCaseExecutor.execute(TestCaseExecutor.java:285)
	at com.kms.katalon.core.main.TestCaseMain.runTestCase(TestCaseMain.java:144)
	at com.kms.katalon.core.keyword.builtin.CallTestCaseKeyword$_callTestCase_closure1.doCall(CallTestCaseKeyword.groovy:59)
	... 20 more
Caused by: com.kms.katalon.core.exception.StepFailedException: Text 'VC Smart' is not present on page 
	at com.kms.katalon.core.webui.keyword.internal.WebUIKeywordMain.stepFailed(WebUIKeywordMain.groovy:64)
	at com.kms.katalon.core.webui.keyword.builtin.VerifyTextPresentKeyword$_verifyTextPresent_closure1.doCall(VerifyTextPresentKeyword.groovy:79)
	at com.kms.katalon.core.webui.keyword.builtin.VerifyTextPresentKeyword$_verifyTextPresent_closure1.call(VerifyTextPresentKeyword.groovy)
	at com.kms.katalon.core.webui.keyword.internal.WebUIKeywordMain.runKeyword(WebUIKeywordMain.groovy:20)
	... 35 more
)]]></system-out>
         <system-err><![CDATA[2023-08-16 14:39:43 - [TEST_CASE][FAILED] - Test Cases/TC_016_VC_Smart_Verify_Admin feature: Test Cases/TC_016_VC_Smart_Verify_Admin feature FAILED.
Reason:
com.kms.katalon.core.exception.StepFailedException: Call Test Case 'Test Cases/TC_001_Verify the Login feature with valid credentials' failed
	at com.kms.katalon.core.keyword.builtin.CallTestCaseKeyword$_callTestCase_closure1.doCall(CallTestCaseKeyword.groovy:63)
	at com.kms.katalon.core.keyword.builtin.CallTestCaseKeyword$_callTestCase_closure1.call(CallTestCaseKeyword.groovy)
	at com.kms.katalon.core.keyword.internal.KeywordMain.runKeyword(KeywordMain.groovy:75)
	at com.kms.katalon.core.keyword.builtin.CallTestCaseKeyword.callTestCase(CallTestCaseKeyword.groovy:81)
	at com.kms.katalon.core.keyword.builtin.CallTestCaseKeyword.execute(CallTestCaseKeyword.groovy:44)
	at com.kms.katalon.core.keyword.internal.KeywordExecutor.executeKeywordForPlatform(KeywordExecutor.groovy:74)
	at com.kms.katalon.core.keyword.BuiltinKeywords.callTestCase(BuiltinKeywords.groovy:310)
	at TC_016_VC_Smart_Verify_Admin feature.run(TC_016_VC_Smart_Verify_Admin feature:20)
	at com.kms.katalon.core.main.ScriptEngine.run(ScriptEngine.java:194)
	at com.kms.katalon.core.main.ScriptEngine.runScriptAsRawText(ScriptEngine.java:119)
	at com.kms.katalon.core.main.TestCaseExecutor.runScript(TestCaseExecutor.java:448)
	at com.kms.katalon.core.main.TestCaseExecutor.doExecute(TestCaseExecutor.java:439)
	at com.kms.katalon.core.main.TestCaseExecutor.processExecutionPhase(TestCaseExecutor.java:418)
	at com.kms.katalon.core.main.TestCaseExecutor.accessMainPhase(TestCaseExecutor.java:410)
	at com.kms.katalon.core.main.TestCaseExecutor.execute(TestCaseExecutor.java:285)
	at com.kms.katalon.core.common.CommonExecutor.accessTestCaseMainPhase(CommonExecutor.java:65)
	at com.kms.katalon.core.main.TestSuiteExecutor.accessTestSuiteMainPhase(TestSuiteExecutor.java:148)
	at com.kms.katalon.core.main.TestSuiteExecutor.execute(TestSuiteExecutor.java:106)
	at com.kms.katalon.core.main.TestCaseMain.startTestSuite(TestCaseMain.java:187)
	at com.kms.katalon.core.main.TestCaseMain$startTestSuite$0.call(Unknown Source)
	at TempTestSuite1692176908421.run(TempTestSuite1692176908421.groovy:36)
Caused by: com.kms.katalon.core.exception.StepFailedException: Unable to verify text 'VC Smart' is present 
	at com.kms.katalon.core.webui.keyword.internal.WebUIKeywordMain.stepFailed(WebUIKeywordMain.groovy:64)
	at com.kms.katalon.core.webui.keyword.internal.WebUIKeywordMain.runKeyword(WebUIKeywordMain.groovy:26)
	at com.kms.katalon.core.webui.keyword.builtin.VerifyTextPresentKeyword.verifyTextPresent(VerifyTextPresentKeyword.groovy:83)
	at com.kms.katalon.core.webui.keyword.builtin.VerifyTextPresentKeyword.execute(VerifyTextPresentKeyword.groovy:68)
	at com.kms.katalon.core.keyword.internal.KeywordExecutor.executeKeywordForPlatform(KeywordExecutor.groovy:74)
	at com.kms.katalon.core.webui.keyword.WebUiBuiltInKeywords.verifyTextPresent(WebUiBuiltInKeywords.groovy:1723)
	at com.kms.katalon.core.webui.keyword.WebUiBuiltInKeywords$verifyTextPresent$3.call(Unknown Source)
	at TC_001_Verify the Login feature with valid credentials.run(TC_001_Verify the Login feature with valid credentials:38)
	at com.kms.katalon.core.main.ScriptEngine.run(ScriptEngine.java:194)
	at com.kms.katalon.core.main.ScriptEngine.runScriptAsRawText(ScriptEngine.java:119)
	at com.kms.katalon.core.main.TestCaseExecutor.runScript(TestCaseExecutor.java:448)
	at com.kms.katalon.core.main.TestCaseExecutor.doExecute(TestCaseExecutor.java:439)
	at com.kms.katalon.core.main.TestCaseExecutor.processExecutionPhase(TestCaseExecutor.java:418)
	at com.kms.katalon.core.main.TestCaseExecutor.accessMainPhase(TestCaseExecutor.java:410)
	at com.kms.katalon.core.main.TestCaseExecutor.execute(TestCaseExecutor.java:285)
	at com.kms.katalon.core.main.TestCaseMain.runTestCase(TestCaseMain.java:144)
	at com.kms.katalon.core.keyword.builtin.CallTestCaseKeyword$_callTestCase_closure1.doCall(CallTestCaseKeyword.groovy:59)
	... 20 more
Caused by: com.kms.katalon.core.exception.StepFailedException: Text 'VC Smart' is not present on page 
	at com.kms.katalon.core.webui.keyword.internal.WebUIKeywordMain.stepFailed(WebUIKeywordMain.groovy:64)
	at com.kms.katalon.core.webui.keyword.builtin.VerifyTextPresentKeyword$_verifyTextPresent_closure1.doCall(VerifyTextPresentKeyword.groovy:79)
	at com.kms.katalon.core.webui.keyword.builtin.VerifyTextPresentKeyword$_verifyTextPresent_closure1.call(VerifyTextPresentKeyword.groovy)
	at com.kms.katalon.core.webui.keyword.internal.WebUIKeywordMain.runKeyword(WebUIKeywordMain.groovy:20)
	... 35 more]]></system-err>
      </testcase>
      <testcase name="Test Cases/TC_017_VC_Smart_REPORT feature" time="326.699" classname="Test Cases/TC_017_VC_Smart_REPORT feature" status="PASSED">
         <system-out><![CDATA[2023-08-16 14:40:38 - [TEST_CASE][PASSED] - Test Cases/TC_017_VC_Smart_REPORT feature: Test Cases/TC_017_VC_Smart_REPORT feature

2023-08-16 14:40:39 - [TEST_STEP][PASSED] - callTestCase(findTestCase("TC_001_Verify the Login feature with valid credentials"), [:], STOP_ON_FAILURE): Call Test Case 'Test Cases/TC_001_Verify the Login feature with valid credentials' successfully

2023-08-16 14:40:39 - [TEST_CASE][PASSED] - Test Cases/TC_001_Verify the Login feature with valid credentials: Test Cases/TC_001_Verify the Login feature with valid credentials

2023-08-16 14:40:39 - [TEST_STEP][PASSED] - openBrowser("https://ioclvcsmart.tmsitrimble.in/VCSmartApp/#/login"): Browser is opened with url: 'https://ioclvcsmart.tmsitrimble.in/VCSmartApp/#/login'

2023-08-16 14:40:39 - [MESSAGE][WARNING] - A browser is already opened. Closing browser and opening a new one

2023-08-16 14:40:39 - [MESSAGE][INFO] - Starting 'Chrome' driver

2023-08-16 14:40:39 - [MESSAGE][INFO] - Action delay is set to 0 milliseconds

2023-08-16 14:40:48 - [MESSAGE][PASSED] - Browser is opened with url: 'https://ioclvcsmart.tmsitrimble.in/VCSmartApp/#/login'

2023-08-16 14:40:48 - [TEST_STEP][PASSED] - maximizeWindow(): Current window maximized

2023-08-16 14:40:48 - [MESSAGE][PASSED] - Current window maximized

2023-08-16 14:40:48 - [TEST_STEP][PASSED] - delay(5): Delayed 5 second(s)

2023-08-16 14:40:53 - [MESSAGE][PASSED] - Delayed 5 second(s)

2023-08-16 14:40:53 - [TEST_STEP][PASSED] - click(findTestObject("OB_001_Login screen/Login Screen/Username")): Object: 'Object Repository/OB_001_Login screen/Login Screen/Username' is clicked on

2023-08-16 14:40:53 - [MESSAGE][PASSED] - Object: 'Object Repository/OB_001_Login screen/Login Screen/Username' is clicked on

2023-08-16 14:40:53 - [TEST_STEP][PASSED] - setText(findTestObject("OB_001_Login screen/Login Screen/Username"), "BSO-2300"): Text 'BSO-2300' is set on object 'Object Repository/OB_001_Login screen/Login Screen/Username'

2023-08-16 14:40:54 - [MESSAGE][PASSED] - Text 'BSO-2300' is set on object 'Object Repository/OB_001_Login screen/Login Screen/Username'

2023-08-16 14:40:54 - [TEST_STEP][PASSED] - click(findTestObject("OB_001_Login screen/Login Screen/Password")): Object: 'Object Repository/OB_001_Login screen/Login Screen/Password' is clicked on

2023-08-16 14:40:54 - [MESSAGE][PASSED] - Object: 'Object Repository/OB_001_Login screen/Login Screen/Password' is clicked on

2023-08-16 14:40:54 - [TEST_STEP][PASSED] - setText(findTestObject("OB_001_Login screen/Login Screen/Password"), "Password@2300"): Text 'Password@2300' is set on object 'Object Repository/OB_001_Login screen/Login Screen/Password'

2023-08-16 14:40:55 - [MESSAGE][PASSED] - Text 'Password@2300' is set on object 'Object Repository/OB_001_Login screen/Login Screen/Password'

2023-08-16 14:40:55 - [TEST_STEP][PASSED] - click(findTestObject("OB_001_Login screen/Login Screen/button_Sign in")): Object: 'Object Repository/OB_001_Login screen/Login Screen/button_Sign in' is clicked on

2023-08-16 14:40:56 - [MESSAGE][PASSED] - Object: 'Object Repository/OB_001_Login screen/Login Screen/button_Sign in' is clicked on

2023-08-16 14:40:56 - [TEST_STEP][PASSED] - delay(8): Delayed 8 second(s)

2023-08-16 14:41:04 - [MESSAGE][PASSED] - Delayed 8 second(s)

2023-08-16 14:41:04 - [TEST_STEP][PASSED] - verifyTextPresent("VC Smart", false): Text 'VC Smart' is present on page 

2023-08-16 14:41:34 - [MESSAGE][PASSED] - Text 'VC Smart' is present on page 

2023-08-16 14:41:34 - [MESSAGE][PASSED] - Call Test Case 'Test Cases/TC_001_Verify the Login feature with valid credentials' successfully

2023-08-16 14:41:34 - [TEST_STEP][PASSED] - click(findTestObject("OB_013_VC_Smart_REPORT Feature/Page_VCSmart  Trimble/a_Reports")): Object: 'Object Repository/OB_013_VC_Smart_REPORT Feature/Page_VCSmart  Trimble/a_Reports' is clicked on

2023-08-16 14:42:04 - [MESSAGE][PASSED] - Object: 'Object Repository/OB_013_VC_Smart_REPORT Feature/Page_VCSmart  Trimble/a_Reports' is clicked on

2023-08-16 14:42:04 - [TEST_STEP][PASSED] - click(findTestObject("OB_013_VC_Smart_REPORT Feature/Page_VCSmart  Trimble/div_Safety Index Report")): Object: 'Object Repository/OB_013_VC_Smart_REPORT Feature/Page_VCSmart  Trimble/div_Safety Index Report' is clicked on

2023-08-16 14:42:05 - [MESSAGE][PASSED] - Object: 'Object Repository/OB_013_VC_Smart_REPORT Feature/Page_VCSmart  Trimble/div_Safety Index Report' is clicked on

2023-08-16 14:42:05 - [TEST_STEP][PASSED] - delay(4): Delayed 4 second(s)

2023-08-16 14:42:09 - [MESSAGE][PASSED] - Delayed 4 second(s)

2023-08-16 14:42:09 - [TEST_STEP][PASSED] - click(findTestObject("OB_013_VC_Smart_REPORT Feature/Page_VCSmart  Trimble/button_Submit")): Object: 'Object Repository/OB_013_VC_Smart_REPORT Feature/Page_VCSmart  Trimble/button_Submit' is clicked on

2023-08-16 14:42:40 - [MESSAGE][INFO] - Unable to find the element located by 'By.xpath: //button[@id='submitGenericFilterForm']'. Please recheck the objects properties to make sure the desired element is located. 

2023-08-16 14:42:40 - [MESSAGE][WARNING] - [SELF-HEALING] Failed to find element with id 'Object Repository/OB_013_VC_Smart_REPORT Feature/Page_VCSmart  Trimble/button_Submit'. Try using Self-healing.

2023-08-16 14:42:40 - [MESSAGE][WARNING] - [SELF-HEALING] The current locator of test object 'Object Repository/OB_013_VC_Smart_REPORT Feature/Page_VCSmart  Trimble/button_Submit' was broken. Propose an alternative one: '(.//*[normalize-space(text()) and normalize-space(.)='Apply'])[1]/following::button[2]'.

2023-08-16 14:42:41 - [MESSAGE][PASSED] - Object: 'Object Repository/OB_013_VC_Smart_REPORT Feature/Page_VCSmart  Trimble/button_Submit' is clicked on

2023-08-16 14:42:41 - [TEST_STEP][PASSED] - delay(11): Delayed 11 second(s)

2023-08-16 14:42:52 - [MESSAGE][PASSED] - Delayed 11 second(s)

2023-08-16 14:42:52 - [TEST_STEP][PASSED] - click(findTestObject("OB_013_VC_Smart_REPORT Feature/Page_VCSmart  Trimble/a_Reports")): Object: 'Object Repository/OB_013_VC_Smart_REPORT Feature/Page_VCSmart  Trimble/a_Reports' is clicked on

2023-08-16 14:42:52 - [MESSAGE][PASSED] - Object: 'Object Repository/OB_013_VC_Smart_REPORT Feature/Page_VCSmart  Trimble/a_Reports' is clicked on

2023-08-16 14:42:52 - [TEST_STEP][PASSED] - click(findTestObject("OB_013_VC_Smart_REPORT Feature/Page_VCSmart  Trimble/div_Exception Report")): Object: 'Object Repository/OB_013_VC_Smart_REPORT Feature/Page_VCSmart  Trimble/div_Exception Report' is clicked on

2023-08-16 14:42:53 - [MESSAGE][PASSED] - Object: 'Object Repository/OB_013_VC_Smart_REPORT Feature/Page_VCSmart  Trimble/div_Exception Report' is clicked on

2023-08-16 14:42:53 - [TEST_STEP][PASSED] - delay(3): Delayed 3 second(s)

2023-08-16 14:42:56 - [MESSAGE][PASSED] - Delayed 3 second(s)

2023-08-16 14:42:56 - [TEST_STEP][PASSED] - click(findTestObject("OB_013_VC_Smart_REPORT Feature/Page_VCSmart  Trimble/button_Select Date Range")): Object: 'Object Repository/OB_013_VC_Smart_REPORT Feature/Page_VCSmart  Trimble/button_Select Date Range' is clicked on

2023-08-16 14:43:00 - [MESSAGE][PASSED] - Object: 'Object Repository/OB_013_VC_Smart_REPORT Feature/Page_VCSmart  Trimble/button_Select Date Range' is clicked on

2023-08-16 14:43:00 - [TEST_STEP][PASSED] - delay(4): Delayed 4 second(s)

2023-08-16 14:43:04 - [MESSAGE][PASSED] - Delayed 4 second(s)

2023-08-16 14:43:04 - [TEST_STEP][PASSED] - click(findTestObject("OB_013_VC_Smart_REPORT Feature/Page_VCSmart  Trimble/button_Apply")): Object: 'Object Repository/OB_013_VC_Smart_REPORT Feature/Page_VCSmart  Trimble/button_Apply' is clicked on

2023-08-16 14:43:38 - [MESSAGE][INFO] - Unable to find the element located by 'By.xpath: (//button[@type='button'])[48]'. Please recheck the objects properties to make sure the desired element is located. 

2023-08-16 14:43:38 - [MESSAGE][WARNING] - [SELF-HEALING] Failed to find element with id 'Object Repository/OB_013_VC_Smart_REPORT Feature/Page_VCSmart  Trimble/button_Apply'. Try using Self-healing.

2023-08-16 14:43:38 - [MESSAGE][WARNING] - [SELF-HEALING] The current locator of test object 'Object Repository/OB_013_VC_Smart_REPORT Feature/Page_VCSmart  Trimble/button_Apply' was broken. Propose an alternative one: '//div[@id='dropdown-menu']/div/div/div[2]/div/button[2]'.

2023-08-16 14:43:39 - [MESSAGE][PASSED] - Object: 'Object Repository/OB_013_VC_Smart_REPORT Feature/Page_VCSmart  Trimble/button_Apply' is clicked on

2023-08-16 14:43:39 - [TEST_STEP][PASSED] - delay(2): Delayed 2 second(s)

2023-08-16 14:43:41 - [MESSAGE][PASSED] - Delayed 2 second(s)

2023-08-16 14:43:41 - [TEST_STEP][PASSED] - click(findTestObject("OB_013_VC_Smart_REPORT Feature/Page_VCSmart  Trimble/button_Submit")): Object: 'Object Repository/OB_013_VC_Smart_REPORT Feature/Page_VCSmart  Trimble/button_Submit' is clicked on

2023-08-16 14:43:41 - [MESSAGE][PASSED] - Object: 'Object Repository/OB_013_VC_Smart_REPORT Feature/Page_VCSmart  Trimble/button_Submit' is clicked on

2023-08-16 14:43:41 - [TEST_STEP][PASSED] - delay(21): Delayed 21 second(s)

2023-08-16 14:44:02 - [MESSAGE][PASSED] - Delayed 21 second(s)

2023-08-16 14:44:02 - [TEST_STEP][PASSED] - click(findTestObject("OB_013_VC_Smart_REPORT Feature/Page_VCSmart  Trimble/a_Reports")): Object: 'Object Repository/OB_013_VC_Smart_REPORT Feature/Page_VCSmart  Trimble/a_Reports' is clicked on

2023-08-16 14:44:32 - [MESSAGE][PASSED] - Object: 'Object Repository/OB_013_VC_Smart_REPORT Feature/Page_VCSmart  Trimble/a_Reports' is clicked on

2023-08-16 14:44:32 - [TEST_STEP][PASSED] - click(findTestObject("OB_013_VC_Smart_REPORT Feature/Page_VCSmart  Trimble/div_External Consignment Log")): Object: 'Object Repository/OB_013_VC_Smart_REPORT Feature/Page_VCSmart  Trimble/div_External Consignment Log' is clicked on

2023-08-16 14:44:34 - [MESSAGE][PASSED] - Object: 'Object Repository/OB_013_VC_Smart_REPORT Feature/Page_VCSmart  Trimble/div_External Consignment Log' is clicked on

2023-08-16 14:44:34 - [TEST_STEP][PASSED] - delay(3): Delayed 3 second(s)

2023-08-16 14:44:37 - [MESSAGE][PASSED] - Delayed 3 second(s)

2023-08-16 14:44:37 - [TEST_STEP][PASSED] - click(findTestObject("OB_008_Fms smart Lgout and Feedback/report submit btn/Ext con log-button_Submit")): Object: 'Object Repository/OB_008_Fms smart Lgout and Feedback/report submit btn/Ext con log-button_Submit' is clicked on

2023-08-16 14:44:37 - [MESSAGE][PASSED] - Object: 'Object Repository/OB_008_Fms smart Lgout and Feedback/report submit btn/Ext con log-button_Submit' is clicked on

2023-08-16 14:44:37 - [TEST_STEP][PASSED] - delay(8): Delayed 8 second(s)

2023-08-16 14:44:45 - [MESSAGE][PASSED] - Delayed 8 second(s)

2023-08-16 14:44:45 - [TEST_STEP][PASSED] - click(findTestObject("OB_013_VC_Smart_REPORT Feature/Page_VCSmart  Trimble/a_Reports")): Object: 'Object Repository/OB_013_VC_Smart_REPORT Feature/Page_VCSmart  Trimble/a_Reports' is clicked on

2023-08-16 14:44:46 - [MESSAGE][PASSED] - Object: 'Object Repository/OB_013_VC_Smart_REPORT Feature/Page_VCSmart  Trimble/a_Reports' is clicked on

2023-08-16 14:44:46 - [TEST_STEP][PASSED] - click(findTestObject("OB_013_VC_Smart_REPORT Feature/Page_VCSmart  Trimble/div_Login History Report")): Object: 'Object Repository/OB_013_VC_Smart_REPORT Feature/Page_VCSmart  Trimble/div_Login History Report' is clicked on

2023-08-16 14:44:46 - [MESSAGE][PASSED] - Object: 'Object Repository/OB_013_VC_Smart_REPORT Feature/Page_VCSmart  Trimble/div_Login History Report' is clicked on

2023-08-16 14:44:46 - [TEST_STEP][PASSED] - delay(3): Delayed 3 second(s)

2023-08-16 14:44:49 - [MESSAGE][PASSED] - Delayed 3 second(s)

2023-08-16 14:44:49 - [TEST_STEP][PASSED] - click(findTestObject("OB_008_Fms smart Lgout and Feedback/report submit btn/login history button_Submit")): Object: 'Object Repository/OB_008_Fms smart Lgout and Feedback/report submit btn/login history button_Submit' is clicked on

2023-08-16 14:44:49 - [MESSAGE][PASSED] - Object: 'Object Repository/OB_008_Fms smart Lgout and Feedback/report submit btn/login history button_Submit' is clicked on

2023-08-16 14:44:49 - [TEST_STEP][PASSED] - delay(11): Delayed 11 second(s)

2023-08-16 14:45:00 - [MESSAGE][PASSED] - Delayed 11 second(s)

2023-08-16 14:45:00 - [TEST_STEP][PASSED] - click(findTestObject("OB_013_VC_Smart_REPORT Feature/Page_VCSmart  Trimble/a_Reports")): Object: 'Object Repository/OB_013_VC_Smart_REPORT Feature/Page_VCSmart  Trimble/a_Reports' is clicked on

2023-08-16 14:45:01 - [MESSAGE][PASSED] - Object: 'Object Repository/OB_013_VC_Smart_REPORT Feature/Page_VCSmart  Trimble/a_Reports' is clicked on

2023-08-16 14:45:01 - [TEST_STEP][PASSED] - delay(2): Delayed 2 second(s)

2023-08-16 14:45:03 - [MESSAGE][PASSED] - Delayed 2 second(s)

2023-08-16 14:45:03 - [TEST_STEP][PASSED] - click(findTestObject("OB_013_VC_Smart_REPORT Feature/Page_VCSmart  Trimble/div_User Access Report")): Object: 'Object Repository/OB_013_VC_Smart_REPORT Feature/Page_VCSmart  Trimble/div_User Access Report' is clicked on

2023-08-16 14:45:03 - [MESSAGE][PASSED] - Object: 'Object Repository/OB_013_VC_Smart_REPORT Feature/Page_VCSmart  Trimble/div_User Access Report' is clicked on

2023-08-16 14:45:03 - [TEST_STEP][PASSED] - delay(3): Delayed 3 second(s)

2023-08-16 14:45:06 - [MESSAGE][PASSED] - Delayed 3 second(s)

2023-08-16 14:45:06 - [TEST_STEP][PASSED] - click(findTestObject("OB_008_Fms smart Lgout and Feedback/report submit btn/user-access button_Submit")): Object: 'Object Repository/OB_008_Fms smart Lgout and Feedback/report submit btn/user-access button_Submit' is clicked on

2023-08-16 14:45:07 - [MESSAGE][PASSED] - Object: 'Object Repository/OB_008_Fms smart Lgout and Feedback/report submit btn/user-access button_Submit' is clicked on

2023-08-16 14:45:07 - [TEST_STEP][PASSED] - delay(12): Delayed 12 second(s)

2023-08-16 14:45:19 - [MESSAGE][PASSED] - Delayed 12 second(s)

2023-08-16 14:45:19 - [TEST_STEP][PASSED] - click(findTestObject("OB_013_VC_Smart_REPORT Feature/Page_VCSmart  Trimble/a_Reports")): Object: 'Object Repository/OB_013_VC_Smart_REPORT Feature/Page_VCSmart  Trimble/a_Reports' is clicked on

2023-08-16 14:45:19 - [MESSAGE][PASSED] - Object: 'Object Repository/OB_013_VC_Smart_REPORT Feature/Page_VCSmart  Trimble/a_Reports' is clicked on

2023-08-16 14:45:19 - [TEST_STEP][PASSED] - click(findTestObject("OB_013_VC_Smart_REPORT Feature/Page_VCSmart  Trimble/div_New Trip Report")): Object: 'Object Repository/OB_013_VC_Smart_REPORT Feature/Page_VCSmart  Trimble/div_New Trip Report' is clicked on

2023-08-16 14:45:20 - [MESSAGE][PASSED] - Object: 'Object Repository/OB_013_VC_Smart_REPORT Feature/Page_VCSmart  Trimble/div_New Trip Report' is clicked on

2023-08-16 14:45:20 - [TEST_STEP][PASSED] - delay(4): Delayed 4 second(s)

2023-08-16 14:45:24 - [MESSAGE][PASSED] - Delayed 4 second(s)

2023-08-16 14:45:24 - [TEST_STEP][PASSED] - click(findTestObject("OB_008_Fms smart Lgout and Feedback/report submit btn/New trip re-button_Submit")): Object: 'Object Repository/OB_008_Fms smart Lgout and Feedback/report submit btn/New trip re-button_Submit' is clicked on

2023-08-16 14:45:24 - [MESSAGE][PASSED] - Object: 'Object Repository/OB_008_Fms smart Lgout and Feedback/report submit btn/New trip re-button_Submit' is clicked on

2023-08-16 14:45:24 - [TEST_STEP][PASSED] - delay(21): Delayed 21 second(s)

2023-08-16 14:45:45 - [MESSAGE][PASSED] - Delayed 21 second(s)

2023-08-16 14:45:45 - [TEST_STEP][PASSED] - click(findTestObject("OB_013_VC_Smart_REPORT Feature/Page_VCSmart  Trimble/a_Reports")): Object: 'Object Repository/OB_013_VC_Smart_REPORT Feature/Page_VCSmart  Trimble/a_Reports' is clicked on

2023-08-16 14:45:46 - [MESSAGE][PASSED] - Object: 'Object Repository/OB_013_VC_Smart_REPORT Feature/Page_VCSmart  Trimble/a_Reports' is clicked on

2023-08-16 14:45:46 - [TEST_STEP][PASSED] - delay(3): Delayed 3 second(s)

2023-08-16 14:45:49 - [MESSAGE][PASSED] - Delayed 3 second(s)

2023-08-16 14:45:49 - [TEST_STEP][PASSED] - click(findTestObject("OB_013_VC_Smart_REPORT Feature/Page_VCSmart  Trimble/div_Deviation Summary Report")): Object: 'Object Repository/OB_013_VC_Smart_REPORT Feature/Page_VCSmart  Trimble/div_Deviation Summary Report' is clicked on

2023-08-16 14:45:49 - [MESSAGE][PASSED] - Object: 'Object Repository/OB_013_VC_Smart_REPORT Feature/Page_VCSmart  Trimble/div_Deviation Summary Report' is clicked on

2023-08-16 14:45:49 - [TEST_STEP][PASSED] - delay(5): Delayed 5 second(s)

2023-08-16 14:45:54 - [MESSAGE][PASSED] - Delayed 5 second(s)

2023-08-16 14:45:54 - [TEST_STEP][PASSED] - click(findTestObject("OB_013_VC_Smart_REPORT Feature/Page_VCSmart  Trimble/button_Select Date Range")): Object: 'Object Repository/OB_013_VC_Smart_REPORT Feature/Page_VCSmart  Trimble/button_Select Date Range' is clicked on

2023-08-16 14:45:54 - [MESSAGE][PASSED] - Object: 'Object Repository/OB_013_VC_Smart_REPORT Feature/Page_VCSmart  Trimble/button_Select Date Range' is clicked on

2023-08-16 14:45:54 - [TEST_STEP][PASSED] - delay(4): Delayed 4 second(s)

2023-08-16 14:45:58 - [MESSAGE][PASSED] - Delayed 4 second(s)

2023-08-16 14:45:58 - [TEST_STEP][PASSED] - click(findTestObject("OB_013_VC_Smart_REPORT Feature/Page_VCSmart  Trimble/button_Apply")): Object: 'Object Repository/OB_013_VC_Smart_REPORT Feature/Page_VCSmart  Trimble/button_Apply' is clicked on

2023-08-16 14:45:59 - [MESSAGE][PASSED] - Object: 'Object Repository/OB_013_VC_Smart_REPORT Feature/Page_VCSmart  Trimble/button_Apply' is clicked on

2023-08-16 14:45:59 - [TEST_STEP][PASSED] - click(findTestObject("OB_013_VC_Smart_REPORT Feature/Page_VCSmart  Trimble/span_Select Violation Type")): Object: 'Object Repository/OB_013_VC_Smart_REPORT Feature/Page_VCSmart  Trimble/span_Select Violation Type' is clicked on

2023-08-16 14:45:59 - [MESSAGE][PASSED] - Object: 'Object Repository/OB_013_VC_Smart_REPORT Feature/Page_VCSmart  Trimble/span_Select Violation Type' is clicked on

2023-08-16 14:45:59 - [TEST_STEP][PASSED] - delay(3): Delayed 3 second(s)

2023-08-16 14:46:02 - [MESSAGE][PASSED] - Delayed 3 second(s)

2023-08-16 14:46:02 - [TEST_STEP][PASSED] - click(findTestObject("OB_013_VC_Smart_REPORT Feature/Page_VCSmart  Trimble/span_Over Speed 2Min Violation")): Object: 'Object Repository/OB_013_VC_Smart_REPORT Feature/Page_VCSmart  Trimble/span_Over Speed 2Min Violation' is clicked on

2023-08-16 14:46:03 - [MESSAGE][PASSED] - Object: 'Object Repository/OB_013_VC_Smart_REPORT Feature/Page_VCSmart  Trimble/span_Over Speed 2Min Violation' is clicked on

2023-08-16 14:46:03 - [TEST_STEP][PASSED] - delay(2): Delayed 2 second(s)

2023-08-16 14:46:05 - [MESSAGE][PASSED] - Delayed 2 second(s)

2023-08-16 14:46:05 - [TEST_STEP][PASSED] - click(findTestObject("OB_008_Fms smart Lgout and Feedback/report submit btn/deviation report-button_Submit")): Object: 'Object Repository/OB_008_Fms smart Lgout and Feedback/report submit btn/deviation report-button_Submit' is clicked on

2023-08-16 14:46:05 - [MESSAGE][PASSED] - Object: 'Object Repository/OB_008_Fms smart Lgout and Feedback/report submit btn/deviation report-button_Submit' is clicked on]]></system-out>
         <system-err><![CDATA[]]></system-err>
      </testcase>
      <testcase name="Test Cases/TC_019_VC_Smart_Home_Element verification-IOCL" time="46.355" classname="Test Cases/TC_019_VC_Smart_Home_Element verification-IOCL" status="PASSED">
         <system-out><![CDATA[2023-08-16 14:46:05 - [TEST_CASE][PASSED] - Test Cases/TC_019_VC_Smart_Home_Element verification-IOCL: Test Cases/TC_019_VC_Smart_Home_Element verification-IOCL

2023-08-16 14:46:05 - [TEST_STEP][PASSED] - openBrowser(URL): Browser is opened with url: 'https://ioclvcsmart.tmsitrimble.in/VCSmartApp/#/login'

2023-08-16 14:46:05 - [MESSAGE][WARNING] - A browser is already opened. Closing browser and opening a new one

2023-08-16 14:46:06 - [MESSAGE][INFO] - Starting 'Chrome' driver

2023-08-16 14:46:06 - [MESSAGE][INFO] - Action delay is set to 0 milliseconds

2023-08-16 14:46:15 - [MESSAGE][PASSED] - Browser is opened with url: 'https://ioclvcsmart.tmsitrimble.in/VCSmartApp/#/login'

2023-08-16 14:46:15 - [TEST_STEP][PASSED] - maximizeWindow(): Current window maximized

2023-08-16 14:46:15 - [MESSAGE][PASSED] - Current window maximized

2023-08-16 14:46:15 - [TEST_STEP][PASSED] - delay(5): Delayed 5 second(s)

2023-08-16 14:46:20 - [MESSAGE][PASSED] - Delayed 5 second(s)

2023-08-16 14:46:20 - [TEST_STEP][PASSED] - verifyElementPresent(findTestObject("OB_001_Login screen/Login Screen/Username"), 0): Object 'Object Repository/OB_001_Login screen/Login Screen/Username' is present

2023-08-16 14:46:20 - [MESSAGE][WARNING] - Timeout '0' is invalid. Using default page load timeout: '30'

2023-08-16 14:46:20 - [MESSAGE][PASSED] - Object 'Object Repository/OB_001_Login screen/Login Screen/Username' is present

2023-08-16 14:46:20 - [TEST_STEP][PASSED] - verifyElementPresent(findTestObject("OB_001_Login screen/Login Screen/Password"), 0): Object 'Object Repository/OB_001_Login screen/Login Screen/Password' is present

2023-08-16 14:46:20 - [MESSAGE][WARNING] - Timeout '0' is invalid. Using default page load timeout: '30'

2023-08-16 14:46:21 - [MESSAGE][PASSED] - Object 'Object Repository/OB_001_Login screen/Login Screen/Password' is present

2023-08-16 14:46:21 - [TEST_STEP][PASSED] - verifyElementPresent(findTestObject("OB_001_Login screen/Login Screen/button_Sign in"), 0): Object 'Object Repository/OB_001_Login screen/Login Screen/button_Sign in' is present

2023-08-16 14:46:21 - [MESSAGE][WARNING] - Timeout '0' is invalid. Using default page load timeout: '30'

2023-08-16 14:46:21 - [MESSAGE][PASSED] - Object 'Object Repository/OB_001_Login screen/Login Screen/button_Sign in' is present

2023-08-16 14:46:21 - [TEST_STEP][PASSED] - verifyElementClickable(findTestObject("OB_001_Login screen/Login Screen/button_Sign in")): Object 'Object Repository/OB_001_Login screen/Login Screen/button_Sign in' is clickable

2023-08-16 14:46:21 - [MESSAGE][PASSED] - Object 'Object Repository/OB_001_Login screen/Login Screen/button_Sign in' is clickable

2023-08-16 14:46:21 - [TEST_STEP][PASSED] - verifyElementClickable(findTestObject("OB_001_Login screen/Login Screen/Password")): Object 'Object Repository/OB_001_Login screen/Login Screen/Password' is clickable

2023-08-16 14:46:21 - [MESSAGE][PASSED] - Object 'Object Repository/OB_001_Login screen/Login Screen/Password' is clickable

2023-08-16 14:46:21 - [TEST_STEP][PASSED] - verifyElementClickable(findTestObject("OB_001_Login screen/Login Screen/Username")): Object 'Object Repository/OB_001_Login screen/Login Screen/Username' is clickable

2023-08-16 14:46:22 - [MESSAGE][PASSED] - Object 'Object Repository/OB_001_Login screen/Login Screen/Username' is clickable

2023-08-16 14:46:22 - [TEST_STEP][PASSED] - click(findTestObject("OB_001_Login screen/Login Screen/Username")): Object: 'Object Repository/OB_001_Login screen/Login Screen/Username' is clicked on

2023-08-16 14:46:22 - [MESSAGE][PASSED] - Object: 'Object Repository/OB_001_Login screen/Login Screen/Username' is clicked on

2023-08-16 14:46:22 - [TEST_STEP][PASSED] - setText(findTestObject("OB_001_Login screen/Login Screen/Username"), USERNAME): Text 'BSO-2300' is set on object 'Object Repository/OB_001_Login screen/Login Screen/Username'

2023-08-16 14:46:23 - [MESSAGE][PASSED] - Text 'BSO-2300' is set on object 'Object Repository/OB_001_Login screen/Login Screen/Username'

2023-08-16 14:46:23 - [TEST_STEP][PASSED] - click(findTestObject("OB_001_Login screen/Login Screen/Password")): Object: 'Object Repository/OB_001_Login screen/Login Screen/Password' is clicked on

2023-08-16 14:46:23 - [MESSAGE][PASSED] - Object: 'Object Repository/OB_001_Login screen/Login Screen/Password' is clicked on

2023-08-16 14:46:23 - [TEST_STEP][PASSED] - setEncryptedText(findTestObject("OB_001_Login screen/Login Screen/Password"), PASSWORD): Text ****** has been set on object 'Object Repository/OB_001_Login screen/Login Screen/Password'

2023-08-16 14:46:24 - [MESSAGE][PASSED] - Text ****** has been set on object 'Object Repository/OB_001_Login screen/Login Screen/Password'

2023-08-16 14:46:24 - [TEST_STEP][PASSED] - click(findTestObject("OB_001_Login screen/Login Screen/button_Sign in")): Object: 'Object Repository/OB_001_Login screen/Login Screen/button_Sign in' is clicked on

2023-08-16 14:46:24 - [MESSAGE][PASSED] - Object: 'Object Repository/OB_001_Login screen/Login Screen/button_Sign in' is clicked on

2023-08-16 14:46:24 - [TEST_STEP][PASSED] - waitForElementVisible(findTestObject("OB_004_Logout Feature/logout feature/a_IOCL"), 15): Object 'Object Repository/OB_004_Logout Feature/logout feature/a_IOCL' is visible

2023-08-16 14:46:48 - [MESSAGE][PASSED] - Object 'Object Repository/OB_004_Logout Feature/logout feature/a_IOCL' is visible

2023-08-16 14:46:48 - [TEST_STEP][PASSED] - click(findTestObject("OB_004_Logout Feature/logout feature/a_IOCL")): Object: 'Object Repository/OB_004_Logout Feature/logout feature/a_IOCL' is clicked on

2023-08-16 14:46:49 - [MESSAGE][PASSED] - Object: 'Object Repository/OB_004_Logout Feature/logout feature/a_IOCL' is clicked on

2023-08-16 14:46:49 - [TEST_STEP][PASSED] - click(findTestObject("OB_004_Logout Feature/logout feature/button_Logout")): Object: 'Object Repository/OB_004_Logout Feature/logout feature/button_Logout' is clicked on

2023-08-16 14:46:49 - [MESSAGE][PASSED] - Object: 'Object Repository/OB_004_Logout Feature/logout feature/button_Logout' is clicked on

2023-08-16 14:46:49 - [TEST_STEP][PASSED] - verifyElementVisible(findTestObject("OB_001_Login screen/Login Screen/button_Sign in")): Object 'Object Repository/OB_001_Login screen/Login Screen/button_Sign in' is visible

2023-08-16 14:46:51 - [MESSAGE][PASSED] - Object 'Object Repository/OB_001_Login screen/Login Screen/button_Sign in' is visible

2023-08-16 14:46:51 - [TEST_STEP][PASSED] - closeBrowser(): Browser is closed

2023-08-16 14:46:51 - [MESSAGE][PASSED] - Browser is closed]]></system-out>
         <system-err><![CDATA[]]></system-err>
      </testcase>
      <system-out><![CDATA[2023-08-16 14:38:31 - [TEST_SUITE][FAILED] - TS_004_VC_Smart_DETAILED_REGRESSION: Test Cases/TC_016_VC_Smart_Verify_Admin feature FAILED.
Reason:
com.kms.katalon.core.exception.StepFailedException: Call Test Case 'Test Cases/TC_001_Verify the Login feature with valid credentials' failed
	at com.kms.katalon.core.keyword.builtin.CallTestCaseKeyword$_callTestCase_closure1.doCall(CallTestCaseKeyword.groovy:63)
	at com.kms.katalon.core.keyword.builtin.CallTestCaseKeyword$_callTestCase_closure1.call(CallTestCaseKeyword.groovy)
	at com.kms.katalon.core.keyword.internal.KeywordMain.runKeyword(KeywordMain.groovy:75)
	at com.kms.katalon.core.keyword.builtin.CallTestCaseKeyword.callTestCase(CallTestCaseKeyword.groovy:81)
	at com.kms.katalon.core.keyword.builtin.CallTestCaseKeyword.execute(CallTestCaseKeyword.groovy:44)
	at com.kms.katalon.core.keyword.internal.KeywordExecutor.executeKeywordForPlatform(KeywordExecutor.groovy:74)
	at com.kms.katalon.core.keyword.BuiltinKeywords.callTestCase(BuiltinKeywords.groovy:310)
	at TC_016_VC_Smart_Verify_Admin feature.run(TC_016_VC_Smart_Verify_Admin feature:20)
	at com.kms.katalon.core.main.ScriptEngine.run(ScriptEngine.java:194)
	at com.kms.katalon.core.main.ScriptEngine.runScriptAsRawText(ScriptEngine.java:119)
	at com.kms.katalon.core.main.TestCaseExecutor.runScript(TestCaseExecutor.java:448)
	at com.kms.katalon.core.main.TestCaseExecutor.doExecute(TestCaseExecutor.java:439)
	at com.kms.katalon.core.main.TestCaseExecutor.processExecutionPhase(TestCaseExecutor.java:418)
	at com.kms.katalon.core.main.TestCaseExecutor.accessMainPhase(TestCaseExecutor.java:410)
	at com.kms.katalon.core.main.TestCaseExecutor.execute(TestCaseExecutor.java:285)
	at com.kms.katalon.core.common.CommonExecutor.accessTestCaseMainPhase(CommonExecutor.java:65)
	at com.kms.katalon.core.main.TestSuiteExecutor.accessTestSuiteMainPhase(TestSuiteExecutor.java:148)
	at com.kms.katalon.core.main.TestSuiteExecutor.execute(TestSuiteExecutor.java:106)
	at com.kms.katalon.core.main.TestCaseMain.startTestSuite(TestCaseMain.java:187)
	at com.kms.katalon.core.main.TestCaseMain$startTestSuite$0.call(Unknown Source)
	at TempTestSuite1692176908421.run(TempTestSuite1692176908421.groovy:36)
Caused by: com.kms.katalon.core.exception.StepFailedException: Unable to verify text 'VC Smart' is present 
	at com.kms.katalon.core.webui.keyword.internal.WebUIKeywordMain.stepFailed(WebUIKeywordMain.groovy:64)
	at com.kms.katalon.core.webui.keyword.internal.WebUIKeywordMain.runKeyword(WebUIKeywordMain.groovy:26)
	at com.kms.katalon.core.webui.keyword.builtin.VerifyTextPresentKeyword.verifyTextPresent(VerifyTextPresentKeyword.groovy:83)
	at com.kms.katalon.core.webui.keyword.builtin.VerifyTextPresentKeyword.execute(VerifyTextPresentKeyword.groovy:68)
	at com.kms.katalon.core.keyword.internal.KeywordExecutor.executeKeywordForPlatform(KeywordExecutor.groovy:74)
	at com.kms.katalon.core.webui.keyword.WebUiBuiltInKeywords.verifyTextPresent(WebUiBuiltInKeywords.groovy:1723)
	at com.kms.katalon.core.webui.keyword.WebUiBuiltInKeywords$verifyTextPresent$3.call(Unknown Source)
	at TC_001_Verify the Login feature with valid credentials.run(TC_001_Verify the Login feature with valid credentials:38)
	at com.kms.katalon.core.main.ScriptEngine.run(ScriptEngine.java:194)
	at com.kms.katalon.core.main.ScriptEngine.runScriptAsRawText(ScriptEngine.java:119)
	at com.kms.katalon.core.main.TestCaseExecutor.runScript(TestCaseExecutor.java:448)
	at com.kms.katalon.core.main.TestCaseExecutor.doExecute(TestCaseExecutor.java:439)
	at com.kms.katalon.core.main.TestCaseExecutor.processExecutionPhase(TestCaseExecutor.java:418)
	at com.kms.katalon.core.main.TestCaseExecutor.accessMainPhase(TestCaseExecutor.java:410)
	at com.kms.katalon.core.main.TestCaseExecutor.execute(TestCaseExecutor.java:285)
	at com.kms.katalon.core.main.TestCaseMain.runTestCase(TestCaseMain.java:144)
	at com.kms.katalon.core.keyword.builtin.CallTestCaseKeyword$_callTestCase_closure1.doCall(CallTestCaseKeyword.groovy:59)
	... 20 more
Caused by: com.kms.katalon.core.exception.StepFailedException: Text 'VC Smart' is not present on page 
	at com.kms.katalon.core.webui.keyword.internal.WebUIKeywordMain.stepFailed(WebUIKeywordMain.groovy:64)
	at com.kms.katalon.core.webui.keyword.builtin.VerifyTextPresentKeyword$_verifyTextPresent_closure1.doCall(VerifyTextPresentKeyword.groovy:79)
	at com.kms.katalon.core.webui.keyword.builtin.VerifyTextPresentKeyword$_verifyTextPresent_closure1.call(VerifyTextPresentKeyword.groovy)
	at com.kms.katalon.core.webui.keyword.internal.WebUIKeywordMain.runKeyword(WebUIKeywordMain.groovy:20)
	... 35 more]]></system-out>
      <system-err><![CDATA[2023-08-16 14:38:31 - [TEST_SUITE][FAILED] - TS_004_VC_Smart_DETAILED_REGRESSION: Test Cases/TC_016_VC_Smart_Verify_Admin feature FAILED.
Reason:
com.kms.katalon.core.exception.StepFailedException: Call Test Case 'Test Cases/TC_001_Verify the Login feature with valid credentials' failed
	at com.kms.katalon.core.keyword.builtin.CallTestCaseKeyword$_callTestCase_closure1.doCall(CallTestCaseKeyword.groovy:63)
	at com.kms.katalon.core.keyword.builtin.CallTestCaseKeyword$_callTestCase_closure1.call(CallTestCaseKeyword.groovy)
	at com.kms.katalon.core.keyword.internal.KeywordMain.runKeyword(KeywordMain.groovy:75)
	at com.kms.katalon.core.keyword.builtin.CallTestCaseKeyword.callTestCase(CallTestCaseKeyword.groovy:81)
	at com.kms.katalon.core.keyword.builtin.CallTestCaseKeyword.execute(CallTestCaseKeyword.groovy:44)
	at com.kms.katalon.core.keyword.internal.KeywordExecutor.executeKeywordForPlatform(KeywordExecutor.groovy:74)
	at com.kms.katalon.core.keyword.BuiltinKeywords.callTestCase(BuiltinKeywords.groovy:310)
	at TC_016_VC_Smart_Verify_Admin feature.run(TC_016_VC_Smart_Verify_Admin feature:20)
	at com.kms.katalon.core.main.ScriptEngine.run(ScriptEngine.java:194)
	at com.kms.katalon.core.main.ScriptEngine.runScriptAsRawText(ScriptEngine.java:119)
	at com.kms.katalon.core.main.TestCaseExecutor.runScript(TestCaseExecutor.java:448)
	at com.kms.katalon.core.main.TestCaseExecutor.doExecute(TestCaseExecutor.java:439)
	at com.kms.katalon.core.main.TestCaseExecutor.processExecutionPhase(TestCaseExecutor.java:418)
	at com.kms.katalon.core.main.TestCaseExecutor.accessMainPhase(TestCaseExecutor.java:410)
	at com.kms.katalon.core.main.TestCaseExecutor.execute(TestCaseExecutor.java:285)
	at com.kms.katalon.core.common.CommonExecutor.accessTestCaseMainPhase(CommonExecutor.java:65)
	at com.kms.katalon.core.main.TestSuiteExecutor.accessTestSuiteMainPhase(TestSuiteExecutor.java:148)
	at com.kms.katalon.core.main.TestSuiteExecutor.execute(TestSuiteExecutor.java:106)
	at com.kms.katalon.core.main.TestCaseMain.startTestSuite(TestCaseMain.java:187)
	at com.kms.katalon.core.main.TestCaseMain$startTestSuite$0.call(Unknown Source)
	at TempTestSuite1692176908421.run(TempTestSuite1692176908421.groovy:36)
Caused by: com.kms.katalon.core.exception.StepFailedException: Unable to verify text 'VC Smart' is present 
	at com.kms.katalon.core.webui.keyword.internal.WebUIKeywordMain.stepFailed(WebUIKeywordMain.groovy:64)
	at com.kms.katalon.core.webui.keyword.internal.WebUIKeywordMain.runKeyword(WebUIKeywordMain.groovy:26)
	at com.kms.katalon.core.webui.keyword.builtin.VerifyTextPresentKeyword.verifyTextPresent(VerifyTextPresentKeyword.groovy:83)
	at com.kms.katalon.core.webui.keyword.builtin.VerifyTextPresentKeyword.execute(VerifyTextPresentKeyword.groovy:68)
	at com.kms.katalon.core.keyword.internal.KeywordExecutor.executeKeywordForPlatform(KeywordExecutor.groovy:74)
	at com.kms.katalon.core.webui.keyword.WebUiBuiltInKeywords.verifyTextPresent(WebUiBuiltInKeywords.groovy:1723)
	at com.kms.katalon.core.webui.keyword.WebUiBuiltInKeywords$verifyTextPresent$3.call(Unknown Source)
	at TC_001_Verify the Login feature with valid credentials.run(TC_001_Verify the Login feature with valid credentials:38)
	at com.kms.katalon.core.main.ScriptEngine.run(ScriptEngine.java:194)
	at com.kms.katalon.core.main.ScriptEngine.runScriptAsRawText(ScriptEngine.java:119)
	at com.kms.katalon.core.main.TestCaseExecutor.runScript(TestCaseExecutor.java:448)
	at com.kms.katalon.core.main.TestCaseExecutor.doExecute(TestCaseExecutor.java:439)
	at com.kms.katalon.core.main.TestCaseExecutor.processExecutionPhase(TestCaseExecutor.java:418)
	at com.kms.katalon.core.main.TestCaseExecutor.accessMainPhase(TestCaseExecutor.java:410)
	at com.kms.katalon.core.main.TestCaseExecutor.execute(TestCaseExecutor.java:285)
	at com.kms.katalon.core.main.TestCaseMain.runTestCase(TestCaseMain.java:144)
	at com.kms.katalon.core.keyword.builtin.CallTestCaseKeyword$_callTestCase_closure1.doCall(CallTestCaseKeyword.groovy:59)
	... 20 more
Caused by: com.kms.katalon.core.exception.StepFailedException: Text 'VC Smart' is not present on page 
	at com.kms.katalon.core.webui.keyword.internal.WebUIKeywordMain.stepFailed(WebUIKeywordMain.groovy:64)
	at com.kms.katalon.core.webui.keyword.builtin.VerifyTextPresentKeyword$_verifyTextPresent_closure1.doCall(VerifyTextPresentKeyword.groovy:79)
	at com.kms.katalon.core.webui.keyword.builtin.VerifyTextPresentKeyword$_verifyTextPresent_closure1.call(VerifyTextPresentKeyword.groovy)
	at com.kms.katalon.core.webui.keyword.internal.WebUIKeywordMain.runKeyword(WebUIKeywordMain.groovy:20)
	... 35 more]]></system-err>
   </testsuite>
</testsuites>
