<?xml version="1.0" encoding="UTF-8"?>
<testsuites name="TS_001_VC_Smart_Login_Feature" time="206.689" tests="10" failures="2" errors="5">
   <testsuite name="TS_001_VC_Smart_Login_Feature" tests="10" failures="2" errors="5" time="206.689" skipped="0" timestamp="2023-08-16 16:40:19" hostname="DESKTOP-21ATSCV$ - DESKTOP-21ATSCV" id="Test Suites/TS_001_VC_Smart_Login_Feature">
      <properties>
         <property name="deviceName" value=""/>
         <property name="devicePlatform" value=""/>
         <property name="logFolder" value="C:\\Users\\windows 10\\git\\NewRepository\\KatalonGit\\Reports\\20230816_164009\\TS_001_VC_Smart_Login_Feature\\20230816_164016"/>
         <property name="logFiles" value="C:\\Users\\windows 10\\git\\NewRepository\\KatalonGit\\Reports\\20230816_164009\\TS_001_VC_Smart_Login_Feature\\20230816_164016\\execution0.log"/>
         <property name="attachments" value="C:\\Users\\windows 10\\git\\NewRepository\\KatalonGit\\Reports\\20230816_164009\\TS_001_VC_Smart_Login_Feature\\20230816_164016\\1692184304885.png, C:\\Users\\windows 10\\git\\NewRepository\\KatalonGit\\Reports\\20230816_164009\\TS_001_VC_Smart_Login_Feature\\20230816_164016\\1692184329229.png"/>
         <property name="hostName" value="DESKTOP-21ATSCV$ - DESKTOP-21ATSCV"/>
         <property name="os" value="Windows 10 64bit"/>
         <property name="katalonVersion" value="8.6.5.208"/>
         <property name="browser" value="Chrome 115.0.0.0"/>
         <property name="hostAddress" value="192.168.1.101"/>
         <property name="sessionId" value="da16a4068dba5f596902cfdf5150d61d"/>
         <property name="seleniumVersion" value="3.141.59"/>
         <property name="proxyInformation" value="ProxyInformation { proxyOption=NO_PROXY, proxyServerType=HTTP, username=, password=********, proxyServerAddress=, proxyServerPort=0, executionList=&quot;&quot;, isApplyToDesiredCapabilities=true }"/>
         <property name="platform" value="Windows 10"/>
      </properties>
      <testcase name="Test Cases/TC_001_Verify the Login feature with valid credentials" time="45.161" classname="Test Cases/TC_001_Verify the Login feature with valid credentials" status="PASSED">
         <system-out><![CDATA[2023-08-16 16:40:19 - [TEST_CASE][PASSED] - Test Cases/TC_001_Verify the Login feature with valid credentials: Test Cases/TC_001_Verify the Login feature with valid credentials

2023-08-16 16:40:19 - [TEST_STEP][PASSED] - openBrowser("https://ioclvcsmart.tmsitrimble.in/VCSmartApp/#/login"): Browser is opened with url: 'https://ioclvcsmart.tmsitrimble.in/VCSmartApp/#/login'

2023-08-16 16:40:19 - [MESSAGE][INFO] - Starting 'Chrome' driver

2023-08-16 16:40:19 - [MESSAGE][INFO] - Action delay is set to 0 milliseconds

2023-08-16 16:40:29 - [MESSAGE][PASSED] - Browser is opened with url: 'https://ioclvcsmart.tmsitrimble.in/VCSmartApp/#/login'

2023-08-16 16:40:29 - [TEST_STEP][PASSED] - maximizeWindow(): Current window maximized

2023-08-16 16:40:29 - [MESSAGE][PASSED] - Current window maximized

2023-08-16 16:40:29 - [TEST_STEP][PASSED] - delay(5): Delayed 5 second(s)

2023-08-16 16:40:34 - [MESSAGE][PASSED] - Delayed 5 second(s)

2023-08-16 16:40:34 - [TEST_STEP][PASSED] - click(findTestObject("OB_001_Login screen/Login Screen/Username")): Object: 'Object Repository/OB_001_Login screen/Login Screen/Username' is clicked on

2023-08-16 16:40:35 - [MESSAGE][PASSED] - Object: 'Object Repository/OB_001_Login screen/Login Screen/Username' is clicked on

2023-08-16 16:40:35 - [TEST_STEP][PASSED] - setText(findTestObject("OB_001_Login screen/Login Screen/Username"), "BSO-2300"): Text 'BSO-2300' is set on object 'Object Repository/OB_001_Login screen/Login Screen/Username'

2023-08-16 16:40:36 - [MESSAGE][PASSED] - Text 'BSO-2300' is set on object 'Object Repository/OB_001_Login screen/Login Screen/Username'

2023-08-16 16:40:36 - [TEST_STEP][PASSED] - click(findTestObject("OB_001_Login screen/Login Screen/Password")): Object: 'Object Repository/OB_001_Login screen/Login Screen/Password' is clicked on

2023-08-16 16:40:36 - [MESSAGE][PASSED] - Object: 'Object Repository/OB_001_Login screen/Login Screen/Password' is clicked on

2023-08-16 16:40:36 - [TEST_STEP][PASSED] - setText(findTestObject("OB_001_Login screen/Login Screen/Password"), "Password@2300"): Text 'Password@2300' is set on object 'Object Repository/OB_001_Login screen/Login Screen/Password'

2023-08-16 16:40:37 - [MESSAGE][PASSED] - Text 'Password@2300' is set on object 'Object Repository/OB_001_Login screen/Login Screen/Password'

2023-08-16 16:40:37 - [TEST_STEP][PASSED] - click(findTestObject("OB_001_Login screen/Login Screen/button_Sign in")): Object: 'Object Repository/OB_001_Login screen/Login Screen/button_Sign in' is clicked on

2023-08-16 16:40:37 - [MESSAGE][PASSED] - Object: 'Object Repository/OB_001_Login screen/Login Screen/button_Sign in' is clicked on

2023-08-16 16:40:37 - [TEST_STEP][PASSED] - delay(8): Delayed 8 second(s)

2023-08-16 16:40:45 - [MESSAGE][PASSED] - Delayed 8 second(s)

2023-08-16 16:40:45 - [TEST_STEP][PASSED] - verifyTextPresent("VC Smart", false): Text 'VC Smart' is present on page 

2023-08-16 16:41:04 - [MESSAGE][PASSED] - Text 'VC Smart' is present on page]]></system-out>
         <system-err><![CDATA[]]></system-err>
      </testcase>
      <testcase name="Test Cases/TC_002_Verify the Login feature with invalid credentials" time="17.565" classname="Test Cases/TC_002_Verify the Login feature with invalid credentials" status="PASSED">
         <system-out><![CDATA[2023-08-16 16:41:04 - [TEST_CASE][PASSED] - Test Cases/TC_002_Verify the Login feature with invalid credentials: Test Cases/TC_002_Verify the Login feature with invalid credentials

2023-08-16 16:41:04 - [TEST_STEP][PASSED] - openBrowser(url): Browser is opened with url: 'https://ioclvcsmart.tmsitrimble.in/VCSmartApp/#/login'

2023-08-16 16:41:04 - [MESSAGE][WARNING] - A browser is already opened. Closing browser and opening a new one

2023-08-16 16:41:05 - [MESSAGE][INFO] - Starting 'Chrome' driver

2023-08-16 16:41:05 - [MESSAGE][INFO] - Action delay is set to 0 milliseconds

2023-08-16 16:41:13 - [MESSAGE][PASSED] - Browser is opened with url: 'https://ioclvcsmart.tmsitrimble.in/VCSmartApp/#/login'

2023-08-16 16:41:13 - [TEST_STEP][PASSED] - click(findTestObject("OB_001_Login screen/Login Screen/Username")): Object: 'Object Repository/OB_001_Login screen/Login Screen/Username' is clicked on

2023-08-16 16:41:14 - [MESSAGE][PASSED] - Object: 'Object Repository/OB_001_Login screen/Login Screen/Username' is clicked on

2023-08-16 16:41:14 - [TEST_STEP][PASSED] - setText(findTestObject("OB_001_Login screen/Login Screen/Username"), username): Text 'BSO-2300w' is set on object 'Object Repository/OB_001_Login screen/Login Screen/Username'

2023-08-16 16:41:15 - [MESSAGE][PASSED] - Text 'BSO-2300w' is set on object 'Object Repository/OB_001_Login screen/Login Screen/Username'

2023-08-16 16:41:15 - [TEST_STEP][PASSED] - click(findTestObject("OB_001_Login screen/Login Screen/Password")): Object: 'Object Repository/OB_001_Login screen/Login Screen/Password' is clicked on

2023-08-16 16:41:15 - [MESSAGE][PASSED] - Object: 'Object Repository/OB_001_Login screen/Login Screen/Password' is clicked on

2023-08-16 16:41:15 - [TEST_STEP][PASSED] - setText(findTestObject("OB_001_Login screen/Login Screen/Password"), password): Text 'Password@2300' is set on object 'Object Repository/OB_001_Login screen/Login Screen/Password'

2023-08-16 16:41:16 - [MESSAGE][PASSED] - Text 'Password@2300' is set on object 'Object Repository/OB_001_Login screen/Login Screen/Password'

2023-08-16 16:41:16 - [TEST_STEP][PASSED] - click(findTestObject("OB_001_Login screen/Login Screen/button_Sign in")): Object: 'Object Repository/OB_001_Login screen/Login Screen/button_Sign in' is clicked on

2023-08-16 16:41:16 - [MESSAGE][PASSED] - Object: 'Object Repository/OB_001_Login screen/Login Screen/button_Sign in' is clicked on

2023-08-16 16:41:16 - [TEST_STEP][PASSED] - delay(5): Delayed 5 second(s)

2023-08-16 16:41:21 - [MESSAGE][PASSED] - Delayed 5 second(s)

2023-08-16 16:41:21 - [TEST_STEP][PASSED] - verifyTextPresent("Username entered is invalid. Please try again.", false): Text 'Username entered is invalid. Please try again.' is present on page 

2023-08-16 16:41:22 - [MESSAGE][PASSED] - Text 'Username entered is invalid. Please try again.' is present on page]]></system-out>
         <system-err><![CDATA[]]></system-err>
      </testcase>
      <testcase name="Test Cases/TC_003_Verify login with multiple user" time="22.965" classname="Test Cases/TC_003_Verify login with multiple user" status="FAILED">
         <failure type="FAILED" message="Test Cases/TC_003_Verify login with multiple user FAILED.
Reason:
com.kms.katalon.core.exception.StepFailedException: Unable to verify text 'VC Smart' is present 
	at com.kms.katalon.core.webui.keyword.internal.WebUIKeywordMain.stepFailed(WebUIKeywordMain.groovy:64)
	at com.kms.katalon.core.webui.keyword.internal.WebUIKeywordMain.runKeyword(WebUIKeywordMain.groovy:26)
	at com.kms.katalon.core.webui.keyword.builtin.VerifyTextPresentKeyword.verifyTextPresent(VerifyTextPresentKeyword.groovy:83)
	at com.kms.katalon.core.webui.keyword.builtin.VerifyTextPresentKeyword.execute(VerifyTextPresentKeyword.groovy:68)
	at com.kms.katalon.core.keyword.internal.KeywordExecutor.executeKeywordForPlatform(KeywordExecutor.groovy:74)
	at com.kms.katalon.core.webui.keyword.WebUiBuiltInKeywords.verifyTextPresent(WebUiBuiltInKeywords.groovy:1723)
	at com.kms.katalon.core.webui.keyword.WebUiBuiltInKeywords$verifyTextPresent$3.call(Unknown Source)
	at TC_003_Verify login with multiple user.run(TC_003_Verify login with multiple user:36)
	at com.kms.katalon.core.main.ScriptEngine.run(ScriptEngine.java:194)
	at com.kms.katalon.core.main.ScriptEngine.runScriptAsRawText(ScriptEngine.java:119)
	at com.kms.katalon.core.main.TestCaseExecutor.runScript(TestCaseExecutor.java:448)
	at com.kms.katalon.core.main.TestCaseExecutor.doExecute(TestCaseExecutor.java:439)
	at com.kms.katalon.core.main.TestCaseExecutor.processExecutionPhase(TestCaseExecutor.java:418)
	at com.kms.katalon.core.main.TestCaseExecutor.accessMainPhase(TestCaseExecutor.java:410)
	at com.kms.katalon.core.main.TestCaseExecutor.execute(TestCaseExecutor.java:285)
	at com.kms.katalon.core.common.CommonExecutor.accessTestCaseMainPhase(CommonExecutor.java:65)
	at com.kms.katalon.core.main.TestSuiteExecutor.accessTestSuiteMainPhase(TestSuiteExecutor.java:148)
	at com.kms.katalon.core.main.TestSuiteExecutor.execute(TestSuiteExecutor.java:106)
	at com.kms.katalon.core.main.TestCaseMain.startTestSuite(TestCaseMain.java:187)
	at com.kms.katalon.core.main.TestCaseMain$startTestSuite$0.call(Unknown Source)
	at TempTestSuite1692184216314.run(TempTestSuite1692184216314.groovy:36)
Caused by: com.kms.katalon.core.exception.StepFailedException: Text 'VC Smart' is not present on page 
	at com.kms.katalon.core.webui.keyword.internal.WebUIKeywordMain.stepFailed(WebUIKeywordMain.groovy:64)
	at com.kms.katalon.core.webui.keyword.builtin.VerifyTextPresentKeyword$_verifyTextPresent_closure1.doCall(VerifyTextPresentKeyword.groovy:79)
	at com.kms.katalon.core.webui.keyword.builtin.VerifyTextPresentKeyword$_verifyTextPresent_closure1.call(VerifyTextPresentKeyword.groovy)
	at com.kms.katalon.core.webui.keyword.internal.WebUIKeywordMain.runKeyword(WebUIKeywordMain.groovy:20)
	... 19 more
"/>
         <system-out><![CDATA[2023-08-16 16:41:22 - [TEST_CASE][FAILED] - Test Cases/TC_003_Verify login with multiple user: Test Cases/TC_003_Verify login with multiple user FAILED.
Reason:
com.kms.katalon.core.exception.StepFailedException: Unable to verify text 'VC Smart' is present 
	at com.kms.katalon.core.webui.keyword.internal.WebUIKeywordMain.stepFailed(WebUIKeywordMain.groovy:64)
	at com.kms.katalon.core.webui.keyword.internal.WebUIKeywordMain.runKeyword(WebUIKeywordMain.groovy:26)
	at com.kms.katalon.core.webui.keyword.builtin.VerifyTextPresentKeyword.verifyTextPresent(VerifyTextPresentKeyword.groovy:83)
	at com.kms.katalon.core.webui.keyword.builtin.VerifyTextPresentKeyword.execute(VerifyTextPresentKeyword.groovy:68)
	at com.kms.katalon.core.keyword.internal.KeywordExecutor.executeKeywordForPlatform(KeywordExecutor.groovy:74)
	at com.kms.katalon.core.webui.keyword.WebUiBuiltInKeywords.verifyTextPresent(WebUiBuiltInKeywords.groovy:1723)
	at com.kms.katalon.core.webui.keyword.WebUiBuiltInKeywords$verifyTextPresent$3.call(Unknown Source)
	at TC_003_Verify login with multiple user.run(TC_003_Verify login with multiple user:36)
	at com.kms.katalon.core.main.ScriptEngine.run(ScriptEngine.java:194)
	at com.kms.katalon.core.main.ScriptEngine.runScriptAsRawText(ScriptEngine.java:119)
	at com.kms.katalon.core.main.TestCaseExecutor.runScript(TestCaseExecutor.java:448)
	at com.kms.katalon.core.main.TestCaseExecutor.doExecute(TestCaseExecutor.java:439)
	at com.kms.katalon.core.main.TestCaseExecutor.processExecutionPhase(TestCaseExecutor.java:418)
	at com.kms.katalon.core.main.TestCaseExecutor.accessMainPhase(TestCaseExecutor.java:410)
	at com.kms.katalon.core.main.TestCaseExecutor.execute(TestCaseExecutor.java:285)
	at com.kms.katalon.core.common.CommonExecutor.accessTestCaseMainPhase(CommonExecutor.java:65)
	at com.kms.katalon.core.main.TestSuiteExecutor.accessTestSuiteMainPhase(TestSuiteExecutor.java:148)
	at com.kms.katalon.core.main.TestSuiteExecutor.execute(TestSuiteExecutor.java:106)
	at com.kms.katalon.core.main.TestCaseMain.startTestSuite(TestCaseMain.java:187)
	at com.kms.katalon.core.main.TestCaseMain$startTestSuite$0.call(Unknown Source)
	at TempTestSuite1692184216314.run(TempTestSuite1692184216314.groovy:36)
Caused by: com.kms.katalon.core.exception.StepFailedException: Text 'VC Smart' is not present on page 
	at com.kms.katalon.core.webui.keyword.internal.WebUIKeywordMain.stepFailed(WebUIKeywordMain.groovy:64)
	at com.kms.katalon.core.webui.keyword.builtin.VerifyTextPresentKeyword$_verifyTextPresent_closure1.doCall(VerifyTextPresentKeyword.groovy:79)
	at com.kms.katalon.core.webui.keyword.builtin.VerifyTextPresentKeyword$_verifyTextPresent_closure1.call(VerifyTextPresentKeyword.groovy)
	at com.kms.katalon.core.webui.keyword.internal.WebUIKeywordMain.runKeyword(WebUIKeywordMain.groovy:20)
	... 19 more


2023-08-16 16:41:22 - [TEST_STEP][PASSED] - openBrowser(url): Browser is opened with url: 'https://ioclvcsmart.tmsitrimble.in/VCSmartApp/#/login'

2023-08-16 16:41:22 - [MESSAGE][WARNING] - A browser is already opened. Closing browser and opening a new one

2023-08-16 16:41:22 - [MESSAGE][INFO] - Starting 'Chrome' driver

2023-08-16 16:41:22 - [MESSAGE][INFO] - Action delay is set to 0 milliseconds

2023-08-16 16:41:31 - [MESSAGE][PASSED] - Browser is opened with url: 'https://ioclvcsmart.tmsitrimble.in/VCSmartApp/#/login'

2023-08-16 16:41:31 - [TEST_STEP][PASSED] - maximizeWindow(): Current window maximized

2023-08-16 16:41:31 - [MESSAGE][PASSED] - Current window maximized

2023-08-16 16:41:31 - [TEST_STEP][PASSED] - click(findTestObject("OB_001_Login screen/Login Screen/Username")): Object: 'Object Repository/OB_001_Login screen/Login Screen/Username' is clicked on

2023-08-16 16:41:32 - [MESSAGE][PASSED] - Object: 'Object Repository/OB_001_Login screen/Login Screen/Username' is clicked on

2023-08-16 16:41:32 - [TEST_STEP][PASSED] - setText(findTestObject("OB_001_Login screen/Login Screen/Username"), username): Text 'BSO-2300' is set on object 'Object Repository/OB_001_Login screen/Login Screen/Username'

2023-08-16 16:41:32 - [MESSAGE][PASSED] - Text 'BSO-2300' is set on object 'Object Repository/OB_001_Login screen/Login Screen/Username'

2023-08-16 16:41:32 - [TEST_STEP][PASSED] - click(findTestObject("OB_001_Login screen/Login Screen/Password")): Object: 'Object Repository/OB_001_Login screen/Login Screen/Password' is clicked on

2023-08-16 16:41:33 - [MESSAGE][PASSED] - Object: 'Object Repository/OB_001_Login screen/Login Screen/Password' is clicked on

2023-08-16 16:41:33 - [TEST_STEP][PASSED] - setText(findTestObject("OB_001_Login screen/Login Screen/Password"), password): Text 'Password@2300' is set on object 'Object Repository/OB_001_Login screen/Login Screen/Password'

2023-08-16 16:41:34 - [MESSAGE][PASSED] - Text 'Password@2300' is set on object 'Object Repository/OB_001_Login screen/Login Screen/Password'

2023-08-16 16:41:34 - [TEST_STEP][PASSED] - click(findTestObject("OB_001_Login screen/Login Screen/button_Sign in")): Object: 'Object Repository/OB_001_Login screen/Login Screen/button_Sign in' is clicked on

2023-08-16 16:41:34 - [MESSAGE][PASSED] - Object: 'Object Repository/OB_001_Login screen/Login Screen/button_Sign in' is clicked on

2023-08-16 16:41:34 - [TEST_STEP][PASSED] - delay(5): Delayed 5 second(s)

2023-08-16 16:41:39 - [MESSAGE][PASSED] - Delayed 5 second(s)

2023-08-16 16:41:39 - [TEST_STEP][FAILED] - verifyTextPresent("VC Smart", false): Unable to verify text 'VC Smart' is present  (Root cause: com.kms.katalon.core.exception.StepFailedException: Unable to verify text 'VC Smart' is present 
	at com.kms.katalon.core.webui.keyword.internal.WebUIKeywordMain.stepFailed(WebUIKeywordMain.groovy:64)
	at com.kms.katalon.core.webui.keyword.internal.WebUIKeywordMain.runKeyword(WebUIKeywordMain.groovy:26)
	at com.kms.katalon.core.webui.keyword.builtin.VerifyTextPresentKeyword.verifyTextPresent(VerifyTextPresentKeyword.groovy:83)
	at com.kms.katalon.core.webui.keyword.builtin.VerifyTextPresentKeyword.execute(VerifyTextPresentKeyword.groovy:68)
	at com.kms.katalon.core.keyword.internal.KeywordExecutor.executeKeywordForPlatform(KeywordExecutor.groovy:74)
	at com.kms.katalon.core.webui.keyword.WebUiBuiltInKeywords.verifyTextPresent(WebUiBuiltInKeywords.groovy:1723)
	at com.kms.katalon.core.webui.keyword.WebUiBuiltInKeywords$verifyTextPresent$3.call(Unknown Source)
	at TC_003_Verify login with multiple user.run(TC_003_Verify login with multiple user:36)
	at com.kms.katalon.core.main.ScriptEngine.run(ScriptEngine.java:194)
	at com.kms.katalon.core.main.ScriptEngine.runScriptAsRawText(ScriptEngine.java:119)
	at com.kms.katalon.core.main.TestCaseExecutor.runScript(TestCaseExecutor.java:448)
	at com.kms.katalon.core.main.TestCaseExecutor.doExecute(TestCaseExecutor.java:439)
	at com.kms.katalon.core.main.TestCaseExecutor.processExecutionPhase(TestCaseExecutor.java:418)
	at com.kms.katalon.core.main.TestCaseExecutor.accessMainPhase(TestCaseExecutor.java:410)
	at com.kms.katalon.core.main.TestCaseExecutor.execute(TestCaseExecutor.java:285)
	at com.kms.katalon.core.common.CommonExecutor.accessTestCaseMainPhase(CommonExecutor.java:65)
	at com.kms.katalon.core.main.TestSuiteExecutor.accessTestSuiteMainPhase(TestSuiteExecutor.java:148)
	at com.kms.katalon.core.main.TestSuiteExecutor.execute(TestSuiteExecutor.java:106)
	at com.kms.katalon.core.main.TestCaseMain.startTestSuite(TestCaseMain.java:187)
	at com.kms.katalon.core.main.TestCaseMain$startTestSuite$0.call(Unknown Source)
	at TempTestSuite1692184216314.run(TempTestSuite1692184216314.groovy:36)
Caused by: com.kms.katalon.core.exception.StepFailedException: Text 'VC Smart' is not present on page 
	at com.kms.katalon.core.webui.keyword.internal.WebUIKeywordMain.stepFailed(WebUIKeywordMain.groovy:64)
	at com.kms.katalon.core.webui.keyword.builtin.VerifyTextPresentKeyword$_verifyTextPresent_closure1.doCall(VerifyTextPresentKeyword.groovy:79)
	at com.kms.katalon.core.webui.keyword.builtin.VerifyTextPresentKeyword$_verifyTextPresent_closure1.call(VerifyTextPresentKeyword.groovy)
	at com.kms.katalon.core.webui.keyword.internal.WebUIKeywordMain.runKeyword(WebUIKeywordMain.groovy:20)
	... 19 more
)

2023-08-16 16:41:44 - [MESSAGE][FAILED] - Text 'VC Smart' is not present on page  (Root cause: com.kms.katalon.core.exception.StepFailedException: Text 'VC Smart' is not present on page 
	at com.kms.katalon.core.webui.keyword.internal.WebUIKeywordMain.stepFailed(WebUIKeywordMain.groovy:64)
	at com.kms.katalon.core.webui.keyword.builtin.VerifyTextPresentKeyword$_verifyTextPresent_closure1.doCall(VerifyTextPresentKeyword.groovy:79)
	at com.kms.katalon.core.webui.keyword.builtin.VerifyTextPresentKeyword$_verifyTextPresent_closure1.call(VerifyTextPresentKeyword.groovy)
	at com.kms.katalon.core.webui.keyword.internal.WebUIKeywordMain.runKeyword(WebUIKeywordMain.groovy:20)
	at com.kms.katalon.core.webui.keyword.builtin.VerifyTextPresentKeyword.verifyTextPresent(VerifyTextPresentKeyword.groovy:83)
	at com.kms.katalon.core.webui.keyword.builtin.VerifyTextPresentKeyword.execute(VerifyTextPresentKeyword.groovy:68)
	at com.kms.katalon.core.keyword.internal.KeywordExecutor.executeKeywordForPlatform(KeywordExecutor.groovy:74)
	at com.kms.katalon.core.webui.keyword.WebUiBuiltInKeywords.verifyTextPresent(WebUiBuiltInKeywords.groovy:1723)
	at com.kms.katalon.core.webui.keyword.WebUiBuiltInKeywords$verifyTextPresent$3.call(Unknown Source)
	at TC_003_Verify login with multiple user.run(TC_003_Verify login with multiple user:36)
	at com.kms.katalon.core.main.ScriptEngine.run(ScriptEngine.java:194)
	at com.kms.katalon.core.main.ScriptEngine.runScriptAsRawText(ScriptEngine.java:119)
	at com.kms.katalon.core.main.TestCaseExecutor.runScript(TestCaseExecutor.java:448)
	at com.kms.katalon.core.main.TestCaseExecutor.doExecute(TestCaseExecutor.java:439)
	at com.kms.katalon.core.main.TestCaseExecutor.processExecutionPhase(TestCaseExecutor.java:418)
	at com.kms.katalon.core.main.TestCaseExecutor.accessMainPhase(TestCaseExecutor.java:410)
	at com.kms.katalon.core.main.TestCaseExecutor.execute(TestCaseExecutor.java:285)
	at com.kms.katalon.core.common.CommonExecutor.accessTestCaseMainPhase(CommonExecutor.java:65)
	at com.kms.katalon.core.main.TestSuiteExecutor.accessTestSuiteMainPhase(TestSuiteExecutor.java:148)
	at com.kms.katalon.core.main.TestSuiteExecutor.execute(TestSuiteExecutor.java:106)
	at com.kms.katalon.core.main.TestCaseMain.startTestSuite(TestCaseMain.java:187)
	at com.kms.katalon.core.main.TestCaseMain$startTestSuite$0.call(Unknown Source)
	at TempTestSuite1692184216314.run(TempTestSuite1692184216314.groovy:36)
)

2023-08-16 16:41:45 - [MESSAGE][FAILED] - Unable to verify text 'VC Smart' is present  (Root cause: com.kms.katalon.core.exception.StepFailedException: Unable to verify text 'VC Smart' is present 
	at com.kms.katalon.core.webui.keyword.internal.WebUIKeywordMain.stepFailed(WebUIKeywordMain.groovy:64)
	at com.kms.katalon.core.webui.keyword.internal.WebUIKeywordMain.runKeyword(WebUIKeywordMain.groovy:26)
	at com.kms.katalon.core.webui.keyword.builtin.VerifyTextPresentKeyword.verifyTextPresent(VerifyTextPresentKeyword.groovy:83)
	at com.kms.katalon.core.webui.keyword.builtin.VerifyTextPresentKeyword.execute(VerifyTextPresentKeyword.groovy:68)
	at com.kms.katalon.core.keyword.internal.KeywordExecutor.executeKeywordForPlatform(KeywordExecutor.groovy:74)
	at com.kms.katalon.core.webui.keyword.WebUiBuiltInKeywords.verifyTextPresent(WebUiBuiltInKeywords.groovy:1723)
	at com.kms.katalon.core.webui.keyword.WebUiBuiltInKeywords$verifyTextPresent$3.call(Unknown Source)
	at TC_003_Verify login with multiple user.run(TC_003_Verify login with multiple user:36)
	at com.kms.katalon.core.main.ScriptEngine.run(ScriptEngine.java:194)
	at com.kms.katalon.core.main.ScriptEngine.runScriptAsRawText(ScriptEngine.java:119)
	at com.kms.katalon.core.main.TestCaseExecutor.runScript(TestCaseExecutor.java:448)
	at com.kms.katalon.core.main.TestCaseExecutor.doExecute(TestCaseExecutor.java:439)
	at com.kms.katalon.core.main.TestCaseExecutor.processExecutionPhase(TestCaseExecutor.java:418)
	at com.kms.katalon.core.main.TestCaseExecutor.accessMainPhase(TestCaseExecutor.java:410)
	at com.kms.katalon.core.main.TestCaseExecutor.execute(TestCaseExecutor.java:285)
	at com.kms.katalon.core.common.CommonExecutor.accessTestCaseMainPhase(CommonExecutor.java:65)
	at com.kms.katalon.core.main.TestSuiteExecutor.accessTestSuiteMainPhase(TestSuiteExecutor.java:148)
	at com.kms.katalon.core.main.TestSuiteExecutor.execute(TestSuiteExecutor.java:106)
	at com.kms.katalon.core.main.TestCaseMain.startTestSuite(TestCaseMain.java:187)
	at com.kms.katalon.core.main.TestCaseMain$startTestSuite$0.call(Unknown Source)
	at TempTestSuite1692184216314.run(TempTestSuite1692184216314.groovy:36)
Caused by: com.kms.katalon.core.exception.StepFailedException: Text 'VC Smart' is not present on page 
	at com.kms.katalon.core.webui.keyword.internal.WebUIKeywordMain.stepFailed(WebUIKeywordMain.groovy:64)
	at com.kms.katalon.core.webui.keyword.builtin.VerifyTextPresentKeyword$_verifyTextPresent_closure1.doCall(VerifyTextPresentKeyword.groovy:79)
	at com.kms.katalon.core.webui.keyword.builtin.VerifyTextPresentKeyword$_verifyTextPresent_closure1.call(VerifyTextPresentKeyword.groovy)
	at com.kms.katalon.core.webui.keyword.internal.WebUIKeywordMain.runKeyword(WebUIKeywordMain.groovy:20)
	... 19 more
)
[[ATTACHMENT|C:\\Users\\windows 10\\git\\NewRepository\\KatalonGit\\Reports\\20230816_164009\\TS_001_VC_Smart_Login_Feature\\20230816_164016\\1692184304885.png]]]]></system-out>
         <system-err><![CDATA[2023-08-16 16:41:22 - [TEST_CASE][FAILED] - Test Cases/TC_003_Verify login with multiple user: Test Cases/TC_003_Verify login with multiple user FAILED.
Reason:
com.kms.katalon.core.exception.StepFailedException: Unable to verify text 'VC Smart' is present 
	at com.kms.katalon.core.webui.keyword.internal.WebUIKeywordMain.stepFailed(WebUIKeywordMain.groovy:64)
	at com.kms.katalon.core.webui.keyword.internal.WebUIKeywordMain.runKeyword(WebUIKeywordMain.groovy:26)
	at com.kms.katalon.core.webui.keyword.builtin.VerifyTextPresentKeyword.verifyTextPresent(VerifyTextPresentKeyword.groovy:83)
	at com.kms.katalon.core.webui.keyword.builtin.VerifyTextPresentKeyword.execute(VerifyTextPresentKeyword.groovy:68)
	at com.kms.katalon.core.keyword.internal.KeywordExecutor.executeKeywordForPlatform(KeywordExecutor.groovy:74)
	at com.kms.katalon.core.webui.keyword.WebUiBuiltInKeywords.verifyTextPresent(WebUiBuiltInKeywords.groovy:1723)
	at com.kms.katalon.core.webui.keyword.WebUiBuiltInKeywords$verifyTextPresent$3.call(Unknown Source)
	at TC_003_Verify login with multiple user.run(TC_003_Verify login with multiple user:36)
	at com.kms.katalon.core.main.ScriptEngine.run(ScriptEngine.java:194)
	at com.kms.katalon.core.main.ScriptEngine.runScriptAsRawText(ScriptEngine.java:119)
	at com.kms.katalon.core.main.TestCaseExecutor.runScript(TestCaseExecutor.java:448)
	at com.kms.katalon.core.main.TestCaseExecutor.doExecute(TestCaseExecutor.java:439)
	at com.kms.katalon.core.main.TestCaseExecutor.processExecutionPhase(TestCaseExecutor.java:418)
	at com.kms.katalon.core.main.TestCaseExecutor.accessMainPhase(TestCaseExecutor.java:410)
	at com.kms.katalon.core.main.TestCaseExecutor.execute(TestCaseExecutor.java:285)
	at com.kms.katalon.core.common.CommonExecutor.accessTestCaseMainPhase(CommonExecutor.java:65)
	at com.kms.katalon.core.main.TestSuiteExecutor.accessTestSuiteMainPhase(TestSuiteExecutor.java:148)
	at com.kms.katalon.core.main.TestSuiteExecutor.execute(TestSuiteExecutor.java:106)
	at com.kms.katalon.core.main.TestCaseMain.startTestSuite(TestCaseMain.java:187)
	at com.kms.katalon.core.main.TestCaseMain$startTestSuite$0.call(Unknown Source)
	at TempTestSuite1692184216314.run(TempTestSuite1692184216314.groovy:36)
Caused by: com.kms.katalon.core.exception.StepFailedException: Text 'VC Smart' is not present on page 
	at com.kms.katalon.core.webui.keyword.internal.WebUIKeywordMain.stepFailed(WebUIKeywordMain.groovy:64)
	at com.kms.katalon.core.webui.keyword.builtin.VerifyTextPresentKeyword$_verifyTextPresent_closure1.doCall(VerifyTextPresentKeyword.groovy:79)
	at com.kms.katalon.core.webui.keyword.builtin.VerifyTextPresentKeyword$_verifyTextPresent_closure1.call(VerifyTextPresentKeyword.groovy)
	at com.kms.katalon.core.webui.keyword.internal.WebUIKeywordMain.runKeyword(WebUIKeywordMain.groovy:20)
	... 19 more]]></system-err>
      </testcase>
      <testcase name="Test Cases/TC_003_Verify login with multiple user" time="24.286" classname="Test Cases/TC_003_Verify login with multiple user" status="FAILED">
         <failure type="FAILED" message="Test Cases/TC_003_Verify login with multiple user FAILED.
Reason:
com.kms.katalon.core.exception.StepFailedException: Unable to verify text 'VC Smart' is present 
	at com.kms.katalon.core.webui.keyword.internal.WebUIKeywordMain.stepFailed(WebUIKeywordMain.groovy:64)
	at com.kms.katalon.core.webui.keyword.internal.WebUIKeywordMain.runKeyword(WebUIKeywordMain.groovy:26)
	at com.kms.katalon.core.webui.keyword.builtin.VerifyTextPresentKeyword.verifyTextPresent(VerifyTextPresentKeyword.groovy:83)
	at com.kms.katalon.core.webui.keyword.builtin.VerifyTextPresentKeyword.execute(VerifyTextPresentKeyword.groovy:68)
	at com.kms.katalon.core.keyword.internal.KeywordExecutor.executeKeywordForPlatform(KeywordExecutor.groovy:74)
	at com.kms.katalon.core.webui.keyword.WebUiBuiltInKeywords.verifyTextPresent(WebUiBuiltInKeywords.groovy:1723)
	at com.kms.katalon.core.webui.keyword.WebUiBuiltInKeywords$verifyTextPresent$3.call(Unknown Source)
	at TC_003_Verify login with multiple user.run(TC_003_Verify login with multiple user:36)
	at com.kms.katalon.core.main.ScriptEngine.run(ScriptEngine.java:194)
	at com.kms.katalon.core.main.ScriptEngine.runScriptAsRawText(ScriptEngine.java:119)
	at com.kms.katalon.core.main.TestCaseExecutor.runScript(TestCaseExecutor.java:448)
	at com.kms.katalon.core.main.TestCaseExecutor.doExecute(TestCaseExecutor.java:439)
	at com.kms.katalon.core.main.TestCaseExecutor.processExecutionPhase(TestCaseExecutor.java:418)
	at com.kms.katalon.core.main.TestCaseExecutor.accessMainPhase(TestCaseExecutor.java:410)
	at com.kms.katalon.core.main.TestCaseExecutor.execute(TestCaseExecutor.java:285)
	at com.kms.katalon.core.common.CommonExecutor.accessTestCaseMainPhase(CommonExecutor.java:65)
	at com.kms.katalon.core.main.TestSuiteExecutor.accessTestSuiteMainPhase(TestSuiteExecutor.java:148)
	at com.kms.katalon.core.main.TestSuiteExecutor.execute(TestSuiteExecutor.java:106)
	at com.kms.katalon.core.main.TestCaseMain.startTestSuite(TestCaseMain.java:187)
	at com.kms.katalon.core.main.TestCaseMain$startTestSuite$0.call(Unknown Source)
	at TempTestSuite1692184216314.run(TempTestSuite1692184216314.groovy:36)
Caused by: com.kms.katalon.core.exception.StepFailedException: Text 'VC Smart' is not present on page 
	at com.kms.katalon.core.webui.keyword.internal.WebUIKeywordMain.stepFailed(WebUIKeywordMain.groovy:64)
	at com.kms.katalon.core.webui.keyword.builtin.VerifyTextPresentKeyword$_verifyTextPresent_closure1.doCall(VerifyTextPresentKeyword.groovy:79)
	at com.kms.katalon.core.webui.keyword.builtin.VerifyTextPresentKeyword$_verifyTextPresent_closure1.call(VerifyTextPresentKeyword.groovy)
	at com.kms.katalon.core.webui.keyword.internal.WebUIKeywordMain.runKeyword(WebUIKeywordMain.groovy:20)
	... 19 more
"/>
         <system-out><![CDATA[2023-08-16 16:41:45 - [TEST_CASE][FAILED] - Test Cases/TC_003_Verify login with multiple user: Test Cases/TC_003_Verify login with multiple user FAILED.
Reason:
com.kms.katalon.core.exception.StepFailedException: Unable to verify text 'VC Smart' is present 
	at com.kms.katalon.core.webui.keyword.internal.WebUIKeywordMain.stepFailed(WebUIKeywordMain.groovy:64)
	at com.kms.katalon.core.webui.keyword.internal.WebUIKeywordMain.runKeyword(WebUIKeywordMain.groovy:26)
	at com.kms.katalon.core.webui.keyword.builtin.VerifyTextPresentKeyword.verifyTextPresent(VerifyTextPresentKeyword.groovy:83)
	at com.kms.katalon.core.webui.keyword.builtin.VerifyTextPresentKeyword.execute(VerifyTextPresentKeyword.groovy:68)
	at com.kms.katalon.core.keyword.internal.KeywordExecutor.executeKeywordForPlatform(KeywordExecutor.groovy:74)
	at com.kms.katalon.core.webui.keyword.WebUiBuiltInKeywords.verifyTextPresent(WebUiBuiltInKeywords.groovy:1723)
	at com.kms.katalon.core.webui.keyword.WebUiBuiltInKeywords$verifyTextPresent$3.call(Unknown Source)
	at TC_003_Verify login with multiple user.run(TC_003_Verify login with multiple user:36)
	at com.kms.katalon.core.main.ScriptEngine.run(ScriptEngine.java:194)
	at com.kms.katalon.core.main.ScriptEngine.runScriptAsRawText(ScriptEngine.java:119)
	at com.kms.katalon.core.main.TestCaseExecutor.runScript(TestCaseExecutor.java:448)
	at com.kms.katalon.core.main.TestCaseExecutor.doExecute(TestCaseExecutor.java:439)
	at com.kms.katalon.core.main.TestCaseExecutor.processExecutionPhase(TestCaseExecutor.java:418)
	at com.kms.katalon.core.main.TestCaseExecutor.accessMainPhase(TestCaseExecutor.java:410)
	at com.kms.katalon.core.main.TestCaseExecutor.execute(TestCaseExecutor.java:285)
	at com.kms.katalon.core.common.CommonExecutor.accessTestCaseMainPhase(CommonExecutor.java:65)
	at com.kms.katalon.core.main.TestSuiteExecutor.accessTestSuiteMainPhase(TestSuiteExecutor.java:148)
	at com.kms.katalon.core.main.TestSuiteExecutor.execute(TestSuiteExecutor.java:106)
	at com.kms.katalon.core.main.TestCaseMain.startTestSuite(TestCaseMain.java:187)
	at com.kms.katalon.core.main.TestCaseMain$startTestSuite$0.call(Unknown Source)
	at TempTestSuite1692184216314.run(TempTestSuite1692184216314.groovy:36)
Caused by: com.kms.katalon.core.exception.StepFailedException: Text 'VC Smart' is not present on page 
	at com.kms.katalon.core.webui.keyword.internal.WebUIKeywordMain.stepFailed(WebUIKeywordMain.groovy:64)
	at com.kms.katalon.core.webui.keyword.builtin.VerifyTextPresentKeyword$_verifyTextPresent_closure1.doCall(VerifyTextPresentKeyword.groovy:79)
	at com.kms.katalon.core.webui.keyword.builtin.VerifyTextPresentKeyword$_verifyTextPresent_closure1.call(VerifyTextPresentKeyword.groovy)
	at com.kms.katalon.core.webui.keyword.internal.WebUIKeywordMain.runKeyword(WebUIKeywordMain.groovy:20)
	... 19 more


2023-08-16 16:41:45 - [TEST_STEP][PASSED] - openBrowser(url): Browser is opened with url: 'https://ioclvcsmart.tmsitrimble.in/VCSmartApp/#/login'

2023-08-16 16:41:45 - [MESSAGE][WARNING] - A browser is already opened. Closing browser and opening a new one

2023-08-16 16:41:46 - [MESSAGE][INFO] - Starting 'Chrome' driver

2023-08-16 16:41:46 - [MESSAGE][INFO] - Action delay is set to 0 milliseconds

2023-08-16 16:41:55 - [MESSAGE][PASSED] - Browser is opened with url: 'https://ioclvcsmart.tmsitrimble.in/VCSmartApp/#/login'

2023-08-16 16:41:55 - [TEST_STEP][PASSED] - maximizeWindow(): Current window maximized

2023-08-16 16:41:55 - [MESSAGE][PASSED] - Current window maximized

2023-08-16 16:41:55 - [TEST_STEP][PASSED] - click(findTestObject("OB_001_Login screen/Login Screen/Username")): Object: 'Object Repository/OB_001_Login screen/Login Screen/Username' is clicked on

2023-08-16 16:41:55 - [MESSAGE][PASSED] - Object: 'Object Repository/OB_001_Login screen/Login Screen/Username' is clicked on

2023-08-16 16:41:55 - [TEST_STEP][PASSED] - setText(findTestObject("OB_001_Login screen/Login Screen/Username"), username): Text 'MPSO-3300' is set on object 'Object Repository/OB_001_Login screen/Login Screen/Username'

2023-08-16 16:41:56 - [MESSAGE][PASSED] - Text 'MPSO-3300' is set on object 'Object Repository/OB_001_Login screen/Login Screen/Username'

2023-08-16 16:41:56 - [TEST_STEP][PASSED] - click(findTestObject("OB_001_Login screen/Login Screen/Password")): Object: 'Object Repository/OB_001_Login screen/Login Screen/Password' is clicked on

2023-08-16 16:41:56 - [MESSAGE][PASSED] - Object: 'Object Repository/OB_001_Login screen/Login Screen/Password' is clicked on

2023-08-16 16:41:56 - [TEST_STEP][PASSED] - setText(findTestObject("OB_001_Login screen/Login Screen/Password"), password): Text 'Password@1' is set on object 'Object Repository/OB_001_Login screen/Login Screen/Password'

2023-08-16 16:41:57 - [MESSAGE][PASSED] - Text 'Password@1' is set on object 'Object Repository/OB_001_Login screen/Login Screen/Password'

2023-08-16 16:41:57 - [TEST_STEP][PASSED] - click(findTestObject("OB_001_Login screen/Login Screen/button_Sign in")): Object: 'Object Repository/OB_001_Login screen/Login Screen/button_Sign in' is clicked on

2023-08-16 16:41:58 - [MESSAGE][PASSED] - Object: 'Object Repository/OB_001_Login screen/Login Screen/button_Sign in' is clicked on

2023-08-16 16:41:58 - [TEST_STEP][PASSED] - delay(5): Delayed 5 second(s)

2023-08-16 16:42:03 - [MESSAGE][PASSED] - Delayed 5 second(s)

2023-08-16 16:42:03 - [TEST_STEP][FAILED] - verifyTextPresent("VC Smart", false): Unable to verify text 'VC Smart' is present  (Root cause: com.kms.katalon.core.exception.StepFailedException: Unable to verify text 'VC Smart' is present 
	at com.kms.katalon.core.webui.keyword.internal.WebUIKeywordMain.stepFailed(WebUIKeywordMain.groovy:64)
	at com.kms.katalon.core.webui.keyword.internal.WebUIKeywordMain.runKeyword(WebUIKeywordMain.groovy:26)
	at com.kms.katalon.core.webui.keyword.builtin.VerifyTextPresentKeyword.verifyTextPresent(VerifyTextPresentKeyword.groovy:83)
	at com.kms.katalon.core.webui.keyword.builtin.VerifyTextPresentKeyword.execute(VerifyTextPresentKeyword.groovy:68)
	at com.kms.katalon.core.keyword.internal.KeywordExecutor.executeKeywordForPlatform(KeywordExecutor.groovy:74)
	at com.kms.katalon.core.webui.keyword.WebUiBuiltInKeywords.verifyTextPresent(WebUiBuiltInKeywords.groovy:1723)
	at com.kms.katalon.core.webui.keyword.WebUiBuiltInKeywords$verifyTextPresent$3.call(Unknown Source)
	at TC_003_Verify login with multiple user.run(TC_003_Verify login with multiple user:36)
	at com.kms.katalon.core.main.ScriptEngine.run(ScriptEngine.java:194)
	at com.kms.katalon.core.main.ScriptEngine.runScriptAsRawText(ScriptEngine.java:119)
	at com.kms.katalon.core.main.TestCaseExecutor.runScript(TestCaseExecutor.java:448)
	at com.kms.katalon.core.main.TestCaseExecutor.doExecute(TestCaseExecutor.java:439)
	at com.kms.katalon.core.main.TestCaseExecutor.processExecutionPhase(TestCaseExecutor.java:418)
	at com.kms.katalon.core.main.TestCaseExecutor.accessMainPhase(TestCaseExecutor.java:410)
	at com.kms.katalon.core.main.TestCaseExecutor.execute(TestCaseExecutor.java:285)
	at com.kms.katalon.core.common.CommonExecutor.accessTestCaseMainPhase(CommonExecutor.java:65)
	at com.kms.katalon.core.main.TestSuiteExecutor.accessTestSuiteMainPhase(TestSuiteExecutor.java:148)
	at com.kms.katalon.core.main.TestSuiteExecutor.execute(TestSuiteExecutor.java:106)
	at com.kms.katalon.core.main.TestCaseMain.startTestSuite(TestCaseMain.java:187)
	at com.kms.katalon.core.main.TestCaseMain$startTestSuite$0.call(Unknown Source)
	at TempTestSuite1692184216314.run(TempTestSuite1692184216314.groovy:36)
Caused by: com.kms.katalon.core.exception.StepFailedException: Text 'VC Smart' is not present on page 
	at com.kms.katalon.core.webui.keyword.internal.WebUIKeywordMain.stepFailed(WebUIKeywordMain.groovy:64)
	at com.kms.katalon.core.webui.keyword.builtin.VerifyTextPresentKeyword$_verifyTextPresent_closure1.doCall(VerifyTextPresentKeyword.groovy:79)
	at com.kms.katalon.core.webui.keyword.builtin.VerifyTextPresentKeyword$_verifyTextPresent_closure1.call(VerifyTextPresentKeyword.groovy)
	at com.kms.katalon.core.webui.keyword.internal.WebUIKeywordMain.runKeyword(WebUIKeywordMain.groovy:20)
	... 19 more
)

2023-08-16 16:42:09 - [MESSAGE][FAILED] - Text 'VC Smart' is not present on page  (Root cause: com.kms.katalon.core.exception.StepFailedException: Text 'VC Smart' is not present on page 
	at com.kms.katalon.core.webui.keyword.internal.WebUIKeywordMain.stepFailed(WebUIKeywordMain.groovy:64)
	at com.kms.katalon.core.webui.keyword.builtin.VerifyTextPresentKeyword$_verifyTextPresent_closure1.doCall(VerifyTextPresentKeyword.groovy:79)
	at com.kms.katalon.core.webui.keyword.builtin.VerifyTextPresentKeyword$_verifyTextPresent_closure1.call(VerifyTextPresentKeyword.groovy)
	at com.kms.katalon.core.webui.keyword.internal.WebUIKeywordMain.runKeyword(WebUIKeywordMain.groovy:20)
	at com.kms.katalon.core.webui.keyword.builtin.VerifyTextPresentKeyword.verifyTextPresent(VerifyTextPresentKeyword.groovy:83)
	at com.kms.katalon.core.webui.keyword.builtin.VerifyTextPresentKeyword.execute(VerifyTextPresentKeyword.groovy:68)
	at com.kms.katalon.core.keyword.internal.KeywordExecutor.executeKeywordForPlatform(KeywordExecutor.groovy:74)
	at com.kms.katalon.core.webui.keyword.WebUiBuiltInKeywords.verifyTextPresent(WebUiBuiltInKeywords.groovy:1723)
	at com.kms.katalon.core.webui.keyword.WebUiBuiltInKeywords$verifyTextPresent$3.call(Unknown Source)
	at TC_003_Verify login with multiple user.run(TC_003_Verify login with multiple user:36)
	at com.kms.katalon.core.main.ScriptEngine.run(ScriptEngine.java:194)
	at com.kms.katalon.core.main.ScriptEngine.runScriptAsRawText(ScriptEngine.java:119)
	at com.kms.katalon.core.main.TestCaseExecutor.runScript(TestCaseExecutor.java:448)
	at com.kms.katalon.core.main.TestCaseExecutor.doExecute(TestCaseExecutor.java:439)
	at com.kms.katalon.core.main.TestCaseExecutor.processExecutionPhase(TestCaseExecutor.java:418)
	at com.kms.katalon.core.main.TestCaseExecutor.accessMainPhase(TestCaseExecutor.java:410)
	at com.kms.katalon.core.main.TestCaseExecutor.execute(TestCaseExecutor.java:285)
	at com.kms.katalon.core.common.CommonExecutor.accessTestCaseMainPhase(CommonExecutor.java:65)
	at com.kms.katalon.core.main.TestSuiteExecutor.accessTestSuiteMainPhase(TestSuiteExecutor.java:148)
	at com.kms.katalon.core.main.TestSuiteExecutor.execute(TestSuiteExecutor.java:106)
	at com.kms.katalon.core.main.TestCaseMain.startTestSuite(TestCaseMain.java:187)
	at com.kms.katalon.core.main.TestCaseMain$startTestSuite$0.call(Unknown Source)
	at TempTestSuite1692184216314.run(TempTestSuite1692184216314.groovy:36)
)

2023-08-16 16:42:09 - [MESSAGE][FAILED] - Unable to verify text 'VC Smart' is present  (Root cause: com.kms.katalon.core.exception.StepFailedException: Unable to verify text 'VC Smart' is present 
	at com.kms.katalon.core.webui.keyword.internal.WebUIKeywordMain.stepFailed(WebUIKeywordMain.groovy:64)
	at com.kms.katalon.core.webui.keyword.internal.WebUIKeywordMain.runKeyword(WebUIKeywordMain.groovy:26)
	at com.kms.katalon.core.webui.keyword.builtin.VerifyTextPresentKeyword.verifyTextPresent(VerifyTextPresentKeyword.groovy:83)
	at com.kms.katalon.core.webui.keyword.builtin.VerifyTextPresentKeyword.execute(VerifyTextPresentKeyword.groovy:68)
	at com.kms.katalon.core.keyword.internal.KeywordExecutor.executeKeywordForPlatform(KeywordExecutor.groovy:74)
	at com.kms.katalon.core.webui.keyword.WebUiBuiltInKeywords.verifyTextPresent(WebUiBuiltInKeywords.groovy:1723)
	at com.kms.katalon.core.webui.keyword.WebUiBuiltInKeywords$verifyTextPresent$3.call(Unknown Source)
	at TC_003_Verify login with multiple user.run(TC_003_Verify login with multiple user:36)
	at com.kms.katalon.core.main.ScriptEngine.run(ScriptEngine.java:194)
	at com.kms.katalon.core.main.ScriptEngine.runScriptAsRawText(ScriptEngine.java:119)
	at com.kms.katalon.core.main.TestCaseExecutor.runScript(TestCaseExecutor.java:448)
	at com.kms.katalon.core.main.TestCaseExecutor.doExecute(TestCaseExecutor.java:439)
	at com.kms.katalon.core.main.TestCaseExecutor.processExecutionPhase(TestCaseExecutor.java:418)
	at com.kms.katalon.core.main.TestCaseExecutor.accessMainPhase(TestCaseExecutor.java:410)
	at com.kms.katalon.core.main.TestCaseExecutor.execute(TestCaseExecutor.java:285)
	at com.kms.katalon.core.common.CommonExecutor.accessTestCaseMainPhase(CommonExecutor.java:65)
	at com.kms.katalon.core.main.TestSuiteExecutor.accessTestSuiteMainPhase(TestSuiteExecutor.java:148)
	at com.kms.katalon.core.main.TestSuiteExecutor.execute(TestSuiteExecutor.java:106)
	at com.kms.katalon.core.main.TestCaseMain.startTestSuite(TestCaseMain.java:187)
	at com.kms.katalon.core.main.TestCaseMain$startTestSuite$0.call(Unknown Source)
	at TempTestSuite1692184216314.run(TempTestSuite1692184216314.groovy:36)
Caused by: com.kms.katalon.core.exception.StepFailedException: Text 'VC Smart' is not present on page 
	at com.kms.katalon.core.webui.keyword.internal.WebUIKeywordMain.stepFailed(WebUIKeywordMain.groovy:64)
	at com.kms.katalon.core.webui.keyword.builtin.VerifyTextPresentKeyword$_verifyTextPresent_closure1.doCall(VerifyTextPresentKeyword.groovy:79)
	at com.kms.katalon.core.webui.keyword.builtin.VerifyTextPresentKeyword$_verifyTextPresent_closure1.call(VerifyTextPresentKeyword.groovy)
	at com.kms.katalon.core.webui.keyword.internal.WebUIKeywordMain.runKeyword(WebUIKeywordMain.groovy:20)
	... 19 more
)
[[ATTACHMENT|C:\\Users\\windows 10\\git\\NewRepository\\KatalonGit\\Reports\\20230816_164009\\TS_001_VC_Smart_Login_Feature\\20230816_164016\\1692184329229.png]]]]></system-out>
         <system-err><![CDATA[2023-08-16 16:41:45 - [TEST_CASE][FAILED] - Test Cases/TC_003_Verify login with multiple user: Test Cases/TC_003_Verify login with multiple user FAILED.
Reason:
com.kms.katalon.core.exception.StepFailedException: Unable to verify text 'VC Smart' is present 
	at com.kms.katalon.core.webui.keyword.internal.WebUIKeywordMain.stepFailed(WebUIKeywordMain.groovy:64)
	at com.kms.katalon.core.webui.keyword.internal.WebUIKeywordMain.runKeyword(WebUIKeywordMain.groovy:26)
	at com.kms.katalon.core.webui.keyword.builtin.VerifyTextPresentKeyword.verifyTextPresent(VerifyTextPresentKeyword.groovy:83)
	at com.kms.katalon.core.webui.keyword.builtin.VerifyTextPresentKeyword.execute(VerifyTextPresentKeyword.groovy:68)
	at com.kms.katalon.core.keyword.internal.KeywordExecutor.executeKeywordForPlatform(KeywordExecutor.groovy:74)
	at com.kms.katalon.core.webui.keyword.WebUiBuiltInKeywords.verifyTextPresent(WebUiBuiltInKeywords.groovy:1723)
	at com.kms.katalon.core.webui.keyword.WebUiBuiltInKeywords$verifyTextPresent$3.call(Unknown Source)
	at TC_003_Verify login with multiple user.run(TC_003_Verify login with multiple user:36)
	at com.kms.katalon.core.main.ScriptEngine.run(ScriptEngine.java:194)
	at com.kms.katalon.core.main.ScriptEngine.runScriptAsRawText(ScriptEngine.java:119)
	at com.kms.katalon.core.main.TestCaseExecutor.runScript(TestCaseExecutor.java:448)
	at com.kms.katalon.core.main.TestCaseExecutor.doExecute(TestCaseExecutor.java:439)
	at com.kms.katalon.core.main.TestCaseExecutor.processExecutionPhase(TestCaseExecutor.java:418)
	at com.kms.katalon.core.main.TestCaseExecutor.accessMainPhase(TestCaseExecutor.java:410)
	at com.kms.katalon.core.main.TestCaseExecutor.execute(TestCaseExecutor.java:285)
	at com.kms.katalon.core.common.CommonExecutor.accessTestCaseMainPhase(CommonExecutor.java:65)
	at com.kms.katalon.core.main.TestSuiteExecutor.accessTestSuiteMainPhase(TestSuiteExecutor.java:148)
	at com.kms.katalon.core.main.TestSuiteExecutor.execute(TestSuiteExecutor.java:106)
	at com.kms.katalon.core.main.TestCaseMain.startTestSuite(TestCaseMain.java:187)
	at com.kms.katalon.core.main.TestCaseMain$startTestSuite$0.call(Unknown Source)
	at TempTestSuite1692184216314.run(TempTestSuite1692184216314.groovy:36)
Caused by: com.kms.katalon.core.exception.StepFailedException: Text 'VC Smart' is not present on page 
	at com.kms.katalon.core.webui.keyword.internal.WebUIKeywordMain.stepFailed(WebUIKeywordMain.groovy:64)
	at com.kms.katalon.core.webui.keyword.builtin.VerifyTextPresentKeyword$_verifyTextPresent_closure1.doCall(VerifyTextPresentKeyword.groovy:79)
	at com.kms.katalon.core.webui.keyword.builtin.VerifyTextPresentKeyword$_verifyTextPresent_closure1.call(VerifyTextPresentKeyword.groovy)
	at com.kms.katalon.core.webui.keyword.internal.WebUIKeywordMain.runKeyword(WebUIKeywordMain.groovy:20)
	... 19 more]]></system-err>
      </testcase>
      <testcase name="Test Cases/TC_003_Verify login with multiple user" time="47.356" classname="Test Cases/TC_003_Verify login with multiple user" status="PASSED">
         <system-out><![CDATA[2023-08-16 16:42:09 - [TEST_CASE][PASSED] - Test Cases/TC_003_Verify login with multiple user: Test Cases/TC_003_Verify login with multiple user

2023-08-16 16:42:09 - [TEST_STEP][PASSED] - openBrowser(url): Browser is opened with url: 'https://ioclvcsmart.tmsitrimble.in/VCSmartApp/#/login'

2023-08-16 16:42:09 - [MESSAGE][WARNING] - A browser is already opened. Closing browser and opening a new one

2023-08-16 16:42:10 - [MESSAGE][INFO] - Starting 'Chrome' driver

2023-08-16 16:42:10 - [MESSAGE][INFO] - Action delay is set to 0 milliseconds

2023-08-16 16:42:18 - [MESSAGE][PASSED] - Browser is opened with url: 'https://ioclvcsmart.tmsitrimble.in/VCSmartApp/#/login'

2023-08-16 16:42:18 - [TEST_STEP][PASSED] - maximizeWindow(): Current window maximized

2023-08-16 16:42:18 - [MESSAGE][PASSED] - Current window maximized

2023-08-16 16:42:18 - [TEST_STEP][PASSED] - click(findTestObject("OB_001_Login screen/Login Screen/Username")): Object: 'Object Repository/OB_001_Login screen/Login Screen/Username' is clicked on

2023-08-16 16:42:19 - [MESSAGE][PASSED] - Object: 'Object Repository/OB_001_Login screen/Login Screen/Username' is clicked on

2023-08-16 16:42:19 - [TEST_STEP][PASSED] - setText(findTestObject("OB_001_Login screen/Login Screen/Username"), username): Text 'DSO-1100' is set on object 'Object Repository/OB_001_Login screen/Login Screen/Username'

2023-08-16 16:42:19 - [MESSAGE][PASSED] - Text 'DSO-1100' is set on object 'Object Repository/OB_001_Login screen/Login Screen/Username'

2023-08-16 16:42:19 - [TEST_STEP][PASSED] - click(findTestObject("OB_001_Login screen/Login Screen/Password")): Object: 'Object Repository/OB_001_Login screen/Login Screen/Password' is clicked on

2023-08-16 16:42:20 - [MESSAGE][PASSED] - Object: 'Object Repository/OB_001_Login screen/Login Screen/Password' is clicked on

2023-08-16 16:42:20 - [TEST_STEP][PASSED] - setText(findTestObject("OB_001_Login screen/Login Screen/Password"), password): Text 'Password@1' is set on object 'Object Repository/OB_001_Login screen/Login Screen/Password'

2023-08-16 16:42:21 - [MESSAGE][PASSED] - Text 'Password@1' is set on object 'Object Repository/OB_001_Login screen/Login Screen/Password'

2023-08-16 16:42:21 - [TEST_STEP][PASSED] - click(findTestObject("OB_001_Login screen/Login Screen/button_Sign in")): Object: 'Object Repository/OB_001_Login screen/Login Screen/button_Sign in' is clicked on

2023-08-16 16:42:21 - [MESSAGE][PASSED] - Object: 'Object Repository/OB_001_Login screen/Login Screen/button_Sign in' is clicked on

2023-08-16 16:42:21 - [TEST_STEP][PASSED] - delay(5): Delayed 5 second(s)

2023-08-16 16:42:26 - [MESSAGE][PASSED] - Delayed 5 second(s)

2023-08-16 16:42:26 - [TEST_STEP][PASSED] - verifyTextPresent("VC Smart", false): Text 'VC Smart' is present on page 

2023-08-16 16:42:56 - [MESSAGE][PASSED] - Text 'VC Smart' is present on page]]></system-out>
         <system-err><![CDATA[]]></system-err>
      </testcase>
      <testcase name="Test Cases/TC_003_Verify login with multiple user" time="10.164" classname="Test Cases/TC_003_Verify login with multiple user" status="ERROR">
         <error type="ERROR" message="Test Cases/TC_003_Verify login with multiple user FAILED.
Reason:
groovy.lang.MissingMethodException: No signature of method: static com.kms.katalon.core.webui.keyword.WebUiBuiltInKeywords.setText() is applicable for argument types: (com.kms.katalon.core.testobject.TestObject, com.kms.katalon.core.testdata.reader.SheetPOI) values: [TestObject - 'Object Repository/OB_001_Login screen/Login Screen/Username', ...]
Possible solutions: setText(com.kms.katalon.core.testobject.TestObject, java.lang.String), getText(com.kms.katalon.core.testobject.TestObject), getText(com.kms.katalon.core.testobject.TestObject, com.kms.katalon.core.model.FailureHandling), setText(com.kms.katalon.core.testobject.TestObject, java.lang.String, com.kms.katalon.core.model.FailureHandling), clearText(com.kms.katalon.core.testobject.TestObject), clearText(com.kms.katalon.core.testobject.TestObject, com.kms.katalon.core.model.FailureHandling)
	at com.kms.katalon.core.webui.keyword.WebUiBuiltInKeywords$setText$2.call(Unknown Source)
	at TC_003_Verify login with multiple user.run(TC_003_Verify login with multiple user:26)
	at com.kms.katalon.core.main.ScriptEngine.run(ScriptEngine.java:194)
	at com.kms.katalon.core.main.ScriptEngine.runScriptAsRawText(ScriptEngine.java:119)
	at com.kms.katalon.core.main.TestCaseExecutor.runScript(TestCaseExecutor.java:448)
	at com.kms.katalon.core.main.TestCaseExecutor.doExecute(TestCaseExecutor.java:439)
	at com.kms.katalon.core.main.TestCaseExecutor.processExecutionPhase(TestCaseExecutor.java:418)
	at com.kms.katalon.core.main.TestCaseExecutor.accessMainPhase(TestCaseExecutor.java:410)
	at com.kms.katalon.core.main.TestCaseExecutor.execute(TestCaseExecutor.java:285)
	at com.kms.katalon.core.common.CommonExecutor.accessTestCaseMainPhase(CommonExecutor.java:65)
	at com.kms.katalon.core.main.TestSuiteExecutor.accessTestSuiteMainPhase(TestSuiteExecutor.java:148)
	at com.kms.katalon.core.main.TestSuiteExecutor.execute(TestSuiteExecutor.java:106)
	at com.kms.katalon.core.main.TestCaseMain.startTestSuite(TestCaseMain.java:187)
	at com.kms.katalon.core.main.TestCaseMain$startTestSuite$0.call(Unknown Source)
	at TempTestSuite1692184216314.run(TempTestSuite1692184216314.groovy:36)
"/>
         <system-out><![CDATA[2023-08-16 16:42:56 - [TEST_CASE][ERROR] - Test Cases/TC_003_Verify login with multiple user: Test Cases/TC_003_Verify login with multiple user FAILED.
Reason:
groovy.lang.MissingMethodException: No signature of method: static com.kms.katalon.core.webui.keyword.WebUiBuiltInKeywords.setText() is applicable for argument types: (com.kms.katalon.core.testobject.TestObject, com.kms.katalon.core.testdata.reader.SheetPOI) values: [TestObject - 'Object Repository/OB_001_Login screen/Login Screen/Username', ...]
Possible solutions: setText(com.kms.katalon.core.testobject.TestObject, java.lang.String), getText(com.kms.katalon.core.testobject.TestObject), getText(com.kms.katalon.core.testobject.TestObject, com.kms.katalon.core.model.FailureHandling), setText(com.kms.katalon.core.testobject.TestObject, java.lang.String, com.kms.katalon.core.model.FailureHandling), clearText(com.kms.katalon.core.testobject.TestObject), clearText(com.kms.katalon.core.testobject.TestObject, com.kms.katalon.core.model.FailureHandling)
	at com.kms.katalon.core.webui.keyword.WebUiBuiltInKeywords$setText$2.call(Unknown Source)
	at TC_003_Verify login with multiple user.run(TC_003_Verify login with multiple user:26)
	at com.kms.katalon.core.main.ScriptEngine.run(ScriptEngine.java:194)
	at com.kms.katalon.core.main.ScriptEngine.runScriptAsRawText(ScriptEngine.java:119)
	at com.kms.katalon.core.main.TestCaseExecutor.runScript(TestCaseExecutor.java:448)
	at com.kms.katalon.core.main.TestCaseExecutor.doExecute(TestCaseExecutor.java:439)
	at com.kms.katalon.core.main.TestCaseExecutor.processExecutionPhase(TestCaseExecutor.java:418)
	at com.kms.katalon.core.main.TestCaseExecutor.accessMainPhase(TestCaseExecutor.java:410)
	at com.kms.katalon.core.main.TestCaseExecutor.execute(TestCaseExecutor.java:285)
	at com.kms.katalon.core.common.CommonExecutor.accessTestCaseMainPhase(CommonExecutor.java:65)
	at com.kms.katalon.core.main.TestSuiteExecutor.accessTestSuiteMainPhase(TestSuiteExecutor.java:148)
	at com.kms.katalon.core.main.TestSuiteExecutor.execute(TestSuiteExecutor.java:106)
	at com.kms.katalon.core.main.TestCaseMain.startTestSuite(TestCaseMain.java:187)
	at com.kms.katalon.core.main.TestCaseMain$startTestSuite$0.call(Unknown Source)
	at TempTestSuite1692184216314.run(TempTestSuite1692184216314.groovy:36)


2023-08-16 16:42:57 - [TEST_STEP][PASSED] - openBrowser(url): Browser is opened with url: 'https://ioclvcsmart.tmsitrimble.in/VCSmartApp/#/login'

2023-08-16 16:42:57 - [MESSAGE][WARNING] - A browser is already opened. Closing browser and opening a new one

2023-08-16 16:42:57 - [MESSAGE][INFO] - Starting 'Chrome' driver

2023-08-16 16:42:57 - [MESSAGE][INFO] - Action delay is set to 0 milliseconds

2023-08-16 16:43:06 - [MESSAGE][PASSED] - Browser is opened with url: 'https://ioclvcsmart.tmsitrimble.in/VCSmartApp/#/login'

2023-08-16 16:43:06 - [TEST_STEP][PASSED] - maximizeWindow(): Current window maximized

2023-08-16 16:43:06 - [MESSAGE][PASSED] - Current window maximized

2023-08-16 16:43:06 - [TEST_STEP][PASSED] - click(findTestObject("OB_001_Login screen/Login Screen/Username")): Object: 'Object Repository/OB_001_Login screen/Login Screen/Username' is clicked on

2023-08-16 16:43:06 - [MESSAGE][PASSED] - Object: 'Object Repository/OB_001_Login screen/Login Screen/Username' is clicked on

2023-08-16 16:43:06 - [TEST_STEP][ERROR] - setText(findTestObject("OB_001_Login screen/Login Screen/Username"), username): Test Cases/TC_003_Verify login with multiple user FAILED.
Reason:
groovy.lang.MissingMethodException: No signature of method: static com.kms.katalon.core.webui.keyword.WebUiBuiltInKeywords.setText() is applicable for argument types: (com.kms.katalon.core.testobject.TestObject, com.kms.katalon.core.testdata.reader.SheetPOI) values: [TestObject - 'Object Repository/OB_001_Login screen/Login Screen/Username', ...]
Possible solutions: setText(com.kms.katalon.core.testobject.TestObject, java.lang.String), getText(com.kms.katalon.core.testobject.TestObject), getText(com.kms.katalon.core.testobject.TestObject, com.kms.katalon.core.model.FailureHandling), setText(com.kms.katalon.core.testobject.TestObject, java.lang.String, com.kms.katalon.core.model.FailureHandling), clearText(com.kms.katalon.core.testobject.TestObject), clearText(com.kms.katalon.core.testobject.TestObject, com.kms.katalon.core.model.FailureHandling)
	at com.kms.katalon.core.webui.keyword.WebUiBuiltInKeywords$setText$2.call(Unknown Source)
	at TC_003_Verify login with multiple user.run(TC_003_Verify login with multiple user:26)
	at com.kms.katalon.core.main.ScriptEngine.run(ScriptEngine.java:194)
	at com.kms.katalon.core.main.ScriptEngine.runScriptAsRawText(ScriptEngine.java:119)
	at com.kms.katalon.core.main.TestCaseExecutor.runScript(TestCaseExecutor.java:448)
	at com.kms.katalon.core.main.TestCaseExecutor.doExecute(TestCaseExecutor.java:439)
	at com.kms.katalon.core.main.TestCaseExecutor.processExecutionPhase(TestCaseExecutor.java:418)
	at com.kms.katalon.core.main.TestCaseExecutor.accessMainPhase(TestCaseExecutor.java:410)
	at com.kms.katalon.core.main.TestCaseExecutor.execute(TestCaseExecutor.java:285)
	at com.kms.katalon.core.common.CommonExecutor.accessTestCaseMainPhase(CommonExecutor.java:65)
	at com.kms.katalon.core.main.TestSuiteExecutor.accessTestSuiteMainPhase(TestSuiteExecutor.java:148)
	at com.kms.katalon.core.main.TestSuiteExecutor.execute(TestSuiteExecutor.java:106)
	at com.kms.katalon.core.main.TestCaseMain.startTestSuite(TestCaseMain.java:187)
	at com.kms.katalon.core.main.TestCaseMain$startTestSuite$0.call(Unknown Source)
	at TempTestSuite1692184216314.run(TempTestSuite1692184216314.groovy:36)


2023-08-16 16:43:06 - [MESSAGE][ERROR] - Test Cases/TC_003_Verify login with multiple user FAILED.
Reason:
groovy.lang.MissingMethodException: No signature of method: static com.kms.katalon.core.webui.keyword.WebUiBuiltInKeywords.setText() is applicable for argument types: (com.kms.katalon.core.testobject.TestObject, com.kms.katalon.core.testdata.reader.SheetPOI) values: [TestObject - 'Object Repository/OB_001_Login screen/Login Screen/Username', ...]
Possible solutions: setText(com.kms.katalon.core.testobject.TestObject, java.lang.String), getText(com.kms.katalon.core.testobject.TestObject), getText(com.kms.katalon.core.testobject.TestObject, com.kms.katalon.core.model.FailureHandling), setText(com.kms.katalon.core.testobject.TestObject, java.lang.String, com.kms.katalon.core.model.FailureHandling), clearText(com.kms.katalon.core.testobject.TestObject), clearText(com.kms.katalon.core.testobject.TestObject, com.kms.katalon.core.model.FailureHandling)
	at com.kms.katalon.core.webui.keyword.WebUiBuiltInKeywords$setText$2.call(Unknown Source)
	at TC_003_Verify login with multiple user.run(TC_003_Verify login with multiple user:26)
	at com.kms.katalon.core.main.ScriptEngine.run(ScriptEngine.java:194)
	at com.kms.katalon.core.main.ScriptEngine.runScriptAsRawText(ScriptEngine.java:119)
	at com.kms.katalon.core.main.TestCaseExecutor.runScript(TestCaseExecutor.java:448)
	at com.kms.katalon.core.main.TestCaseExecutor.doExecute(TestCaseExecutor.java:439)
	at com.kms.katalon.core.main.TestCaseExecutor.processExecutionPhase(TestCaseExecutor.java:418)
	at com.kms.katalon.core.main.TestCaseExecutor.accessMainPhase(TestCaseExecutor.java:410)
	at com.kms.katalon.core.main.TestCaseExecutor.execute(TestCaseExecutor.java:285)
	at com.kms.katalon.core.common.CommonExecutor.accessTestCaseMainPhase(CommonExecutor.java:65)
	at com.kms.katalon.core.main.TestSuiteExecutor.accessTestSuiteMainPhase(TestSuiteExecutor.java:148)
	at com.kms.katalon.core.main.TestSuiteExecutor.execute(TestSuiteExecutor.java:106)
	at com.kms.katalon.core.main.TestCaseMain.startTestSuite(TestCaseMain.java:187)
	at com.kms.katalon.core.main.TestCaseMain$startTestSuite$0.call(Unknown Source)
	at TempTestSuite1692184216314.run(TempTestSuite1692184216314.groovy:36)]]></system-out>
         <system-err><![CDATA[2023-08-16 16:42:56 - [TEST_CASE][ERROR] - Test Cases/TC_003_Verify login with multiple user: Test Cases/TC_003_Verify login with multiple user FAILED.
Reason:
groovy.lang.MissingMethodException: No signature of method: static com.kms.katalon.core.webui.keyword.WebUiBuiltInKeywords.setText() is applicable for argument types: (com.kms.katalon.core.testobject.TestObject, com.kms.katalon.core.testdata.reader.SheetPOI) values: [TestObject - 'Object Repository/OB_001_Login screen/Login Screen/Username', ...]
Possible solutions: setText(com.kms.katalon.core.testobject.TestObject, java.lang.String), getText(com.kms.katalon.core.testobject.TestObject), getText(com.kms.katalon.core.testobject.TestObject, com.kms.katalon.core.model.FailureHandling), setText(com.kms.katalon.core.testobject.TestObject, java.lang.String, com.kms.katalon.core.model.FailureHandling), clearText(com.kms.katalon.core.testobject.TestObject), clearText(com.kms.katalon.core.testobject.TestObject, com.kms.katalon.core.model.FailureHandling)
	at com.kms.katalon.core.webui.keyword.WebUiBuiltInKeywords$setText$2.call(Unknown Source)
	at TC_003_Verify login with multiple user.run(TC_003_Verify login with multiple user:26)
	at com.kms.katalon.core.main.ScriptEngine.run(ScriptEngine.java:194)
	at com.kms.katalon.core.main.ScriptEngine.runScriptAsRawText(ScriptEngine.java:119)
	at com.kms.katalon.core.main.TestCaseExecutor.runScript(TestCaseExecutor.java:448)
	at com.kms.katalon.core.main.TestCaseExecutor.doExecute(TestCaseExecutor.java:439)
	at com.kms.katalon.core.main.TestCaseExecutor.processExecutionPhase(TestCaseExecutor.java:418)
	at com.kms.katalon.core.main.TestCaseExecutor.accessMainPhase(TestCaseExecutor.java:410)
	at com.kms.katalon.core.main.TestCaseExecutor.execute(TestCaseExecutor.java:285)
	at com.kms.katalon.core.common.CommonExecutor.accessTestCaseMainPhase(CommonExecutor.java:65)
	at com.kms.katalon.core.main.TestSuiteExecutor.accessTestSuiteMainPhase(TestSuiteExecutor.java:148)
	at com.kms.katalon.core.main.TestSuiteExecutor.execute(TestSuiteExecutor.java:106)
	at com.kms.katalon.core.main.TestCaseMain.startTestSuite(TestCaseMain.java:187)
	at com.kms.katalon.core.main.TestCaseMain$startTestSuite$0.call(Unknown Source)
	at TempTestSuite1692184216314.run(TempTestSuite1692184216314.groovy:36)]]></system-err>
      </testcase>
      <testcase name="Test Cases/TC_003_Verify login with multiple user" time="9.695" classname="Test Cases/TC_003_Verify login with multiple user" status="ERROR">
         <error type="ERROR" message="Test Cases/TC_003_Verify login with multiple user FAILED.
Reason:
groovy.lang.MissingMethodException: No signature of method: static com.kms.katalon.core.webui.keyword.WebUiBuiltInKeywords.setText() is applicable for argument types: (com.kms.katalon.core.testobject.TestObject, com.kms.katalon.core.testdata.reader.SheetPOI) values: [TestObject - 'Object Repository/OB_001_Login screen/Login Screen/Username', ...]
Possible solutions: setText(com.kms.katalon.core.testobject.TestObject, java.lang.String), getText(com.kms.katalon.core.testobject.TestObject), getText(com.kms.katalon.core.testobject.TestObject, com.kms.katalon.core.model.FailureHandling), setText(com.kms.katalon.core.testobject.TestObject, java.lang.String, com.kms.katalon.core.model.FailureHandling), clearText(com.kms.katalon.core.testobject.TestObject), clearText(com.kms.katalon.core.testobject.TestObject, com.kms.katalon.core.model.FailureHandling)
	at TC_003_Verify login with multiple user.run(TC_003_Verify login with multiple user:26)
	at com.kms.katalon.core.main.ScriptEngine.run(ScriptEngine.java:194)
	at com.kms.katalon.core.main.ScriptEngine.runScriptAsRawText(ScriptEngine.java:119)
	at com.kms.katalon.core.main.TestCaseExecutor.runScript(TestCaseExecutor.java:448)
	at com.kms.katalon.core.main.TestCaseExecutor.doExecute(TestCaseExecutor.java:439)
	at com.kms.katalon.core.main.TestCaseExecutor.processExecutionPhase(TestCaseExecutor.java:418)
	at com.kms.katalon.core.main.TestCaseExecutor.accessMainPhase(TestCaseExecutor.java:410)
	at com.kms.katalon.core.main.TestCaseExecutor.execute(TestCaseExecutor.java:285)
	at com.kms.katalon.core.common.CommonExecutor.accessTestCaseMainPhase(CommonExecutor.java:65)
	at com.kms.katalon.core.main.TestSuiteExecutor.accessTestSuiteMainPhase(TestSuiteExecutor.java:148)
	at com.kms.katalon.core.main.TestSuiteExecutor.execute(TestSuiteExecutor.java:106)
	at com.kms.katalon.core.main.TestCaseMain.startTestSuite(TestCaseMain.java:187)
	at com.kms.katalon.core.main.TestCaseMain$startTestSuite$0.call(Unknown Source)
	at TempTestSuite1692184216314.run(TempTestSuite1692184216314.groovy:36)
"/>
         <system-out><![CDATA[2023-08-16 16:43:06 - [TEST_CASE][ERROR] - Test Cases/TC_003_Verify login with multiple user: Test Cases/TC_003_Verify login with multiple user FAILED.
Reason:
groovy.lang.MissingMethodException: No signature of method: static com.kms.katalon.core.webui.keyword.WebUiBuiltInKeywords.setText() is applicable for argument types: (com.kms.katalon.core.testobject.TestObject, com.kms.katalon.core.testdata.reader.SheetPOI) values: [TestObject - 'Object Repository/OB_001_Login screen/Login Screen/Username', ...]
Possible solutions: setText(com.kms.katalon.core.testobject.TestObject, java.lang.String), getText(com.kms.katalon.core.testobject.TestObject), getText(com.kms.katalon.core.testobject.TestObject, com.kms.katalon.core.model.FailureHandling), setText(com.kms.katalon.core.testobject.TestObject, java.lang.String, com.kms.katalon.core.model.FailureHandling), clearText(com.kms.katalon.core.testobject.TestObject), clearText(com.kms.katalon.core.testobject.TestObject, com.kms.katalon.core.model.FailureHandling)
	at TC_003_Verify login with multiple user.run(TC_003_Verify login with multiple user:26)
	at com.kms.katalon.core.main.ScriptEngine.run(ScriptEngine.java:194)
	at com.kms.katalon.core.main.ScriptEngine.runScriptAsRawText(ScriptEngine.java:119)
	at com.kms.katalon.core.main.TestCaseExecutor.runScript(TestCaseExecutor.java:448)
	at com.kms.katalon.core.main.TestCaseExecutor.doExecute(TestCaseExecutor.java:439)
	at com.kms.katalon.core.main.TestCaseExecutor.processExecutionPhase(TestCaseExecutor.java:418)
	at com.kms.katalon.core.main.TestCaseExecutor.accessMainPhase(TestCaseExecutor.java:410)
	at com.kms.katalon.core.main.TestCaseExecutor.execute(TestCaseExecutor.java:285)
	at com.kms.katalon.core.common.CommonExecutor.accessTestCaseMainPhase(CommonExecutor.java:65)
	at com.kms.katalon.core.main.TestSuiteExecutor.accessTestSuiteMainPhase(TestSuiteExecutor.java:148)
	at com.kms.katalon.core.main.TestSuiteExecutor.execute(TestSuiteExecutor.java:106)
	at com.kms.katalon.core.main.TestCaseMain.startTestSuite(TestCaseMain.java:187)
	at com.kms.katalon.core.main.TestCaseMain$startTestSuite$0.call(Unknown Source)
	at TempTestSuite1692184216314.run(TempTestSuite1692184216314.groovy:36)


2023-08-16 16:43:06 - [TEST_STEP][PASSED] - openBrowser(url): Browser is opened with url: 'https://ioclvcsmart.tmsitrimble.in/VCSmartApp/#/login'

2023-08-16 16:43:06 - [MESSAGE][WARNING] - A browser is already opened. Closing browser and opening a new one

2023-08-16 16:43:07 - [MESSAGE][INFO] - Starting 'Chrome' driver

2023-08-16 16:43:07 - [MESSAGE][INFO] - Action delay is set to 0 milliseconds

2023-08-16 16:43:16 - [MESSAGE][PASSED] - Browser is opened with url: 'https://ioclvcsmart.tmsitrimble.in/VCSmartApp/#/login'

2023-08-16 16:43:16 - [TEST_STEP][PASSED] - maximizeWindow(): Current window maximized

2023-08-16 16:43:16 - [MESSAGE][PASSED] - Current window maximized

2023-08-16 16:43:16 - [TEST_STEP][PASSED] - click(findTestObject("OB_001_Login screen/Login Screen/Username")): Object: 'Object Repository/OB_001_Login screen/Login Screen/Username' is clicked on

2023-08-16 16:43:16 - [MESSAGE][PASSED] - Object: 'Object Repository/OB_001_Login screen/Login Screen/Username' is clicked on

2023-08-16 16:43:16 - [TEST_STEP][ERROR] - setText(findTestObject("OB_001_Login screen/Login Screen/Username"), username): Test Cases/TC_003_Verify login with multiple user FAILED.
Reason:
groovy.lang.MissingMethodException: No signature of method: static com.kms.katalon.core.webui.keyword.WebUiBuiltInKeywords.setText() is applicable for argument types: (com.kms.katalon.core.testobject.TestObject, com.kms.katalon.core.testdata.reader.SheetPOI) values: [TestObject - 'Object Repository/OB_001_Login screen/Login Screen/Username', ...]
Possible solutions: setText(com.kms.katalon.core.testobject.TestObject, java.lang.String), getText(com.kms.katalon.core.testobject.TestObject), getText(com.kms.katalon.core.testobject.TestObject, com.kms.katalon.core.model.FailureHandling), setText(com.kms.katalon.core.testobject.TestObject, java.lang.String, com.kms.katalon.core.model.FailureHandling), clearText(com.kms.katalon.core.testobject.TestObject), clearText(com.kms.katalon.core.testobject.TestObject, com.kms.katalon.core.model.FailureHandling)
	at TC_003_Verify login with multiple user.run(TC_003_Verify login with multiple user:26)
	at com.kms.katalon.core.main.ScriptEngine.run(ScriptEngine.java:194)
	at com.kms.katalon.core.main.ScriptEngine.runScriptAsRawText(ScriptEngine.java:119)
	at com.kms.katalon.core.main.TestCaseExecutor.runScript(TestCaseExecutor.java:448)
	at com.kms.katalon.core.main.TestCaseExecutor.doExecute(TestCaseExecutor.java:439)
	at com.kms.katalon.core.main.TestCaseExecutor.processExecutionPhase(TestCaseExecutor.java:418)
	at com.kms.katalon.core.main.TestCaseExecutor.accessMainPhase(TestCaseExecutor.java:410)
	at com.kms.katalon.core.main.TestCaseExecutor.execute(TestCaseExecutor.java:285)
	at com.kms.katalon.core.common.CommonExecutor.accessTestCaseMainPhase(CommonExecutor.java:65)
	at com.kms.katalon.core.main.TestSuiteExecutor.accessTestSuiteMainPhase(TestSuiteExecutor.java:148)
	at com.kms.katalon.core.main.TestSuiteExecutor.execute(TestSuiteExecutor.java:106)
	at com.kms.katalon.core.main.TestCaseMain.startTestSuite(TestCaseMain.java:187)
	at com.kms.katalon.core.main.TestCaseMain$startTestSuite$0.call(Unknown Source)
	at TempTestSuite1692184216314.run(TempTestSuite1692184216314.groovy:36)


2023-08-16 16:43:16 - [MESSAGE][ERROR] - Test Cases/TC_003_Verify login with multiple user FAILED.
Reason:
groovy.lang.MissingMethodException: No signature of method: static com.kms.katalon.core.webui.keyword.WebUiBuiltInKeywords.setText() is applicable for argument types: (com.kms.katalon.core.testobject.TestObject, com.kms.katalon.core.testdata.reader.SheetPOI) values: [TestObject - 'Object Repository/OB_001_Login screen/Login Screen/Username', ...]
Possible solutions: setText(com.kms.katalon.core.testobject.TestObject, java.lang.String), getText(com.kms.katalon.core.testobject.TestObject), getText(com.kms.katalon.core.testobject.TestObject, com.kms.katalon.core.model.FailureHandling), setText(com.kms.katalon.core.testobject.TestObject, java.lang.String, com.kms.katalon.core.model.FailureHandling), clearText(com.kms.katalon.core.testobject.TestObject), clearText(com.kms.katalon.core.testobject.TestObject, com.kms.katalon.core.model.FailureHandling)
	at TC_003_Verify login with multiple user.run(TC_003_Verify login with multiple user:26)
	at com.kms.katalon.core.main.ScriptEngine.run(ScriptEngine.java:194)
	at com.kms.katalon.core.main.ScriptEngine.runScriptAsRawText(ScriptEngine.java:119)
	at com.kms.katalon.core.main.TestCaseExecutor.runScript(TestCaseExecutor.java:448)
	at com.kms.katalon.core.main.TestCaseExecutor.doExecute(TestCaseExecutor.java:439)
	at com.kms.katalon.core.main.TestCaseExecutor.processExecutionPhase(TestCaseExecutor.java:418)
	at com.kms.katalon.core.main.TestCaseExecutor.accessMainPhase(TestCaseExecutor.java:410)
	at com.kms.katalon.core.main.TestCaseExecutor.execute(TestCaseExecutor.java:285)
	at com.kms.katalon.core.common.CommonExecutor.accessTestCaseMainPhase(CommonExecutor.java:65)
	at com.kms.katalon.core.main.TestSuiteExecutor.accessTestSuiteMainPhase(TestSuiteExecutor.java:148)
	at com.kms.katalon.core.main.TestSuiteExecutor.execute(TestSuiteExecutor.java:106)
	at com.kms.katalon.core.main.TestCaseMain.startTestSuite(TestCaseMain.java:187)
	at com.kms.katalon.core.main.TestCaseMain$startTestSuite$0.call(Unknown Source)
	at TempTestSuite1692184216314.run(TempTestSuite1692184216314.groovy:36)]]></system-out>
         <system-err><![CDATA[2023-08-16 16:43:06 - [TEST_CASE][ERROR] - Test Cases/TC_003_Verify login with multiple user: Test Cases/TC_003_Verify login with multiple user FAILED.
Reason:
groovy.lang.MissingMethodException: No signature of method: static com.kms.katalon.core.webui.keyword.WebUiBuiltInKeywords.setText() is applicable for argument types: (com.kms.katalon.core.testobject.TestObject, com.kms.katalon.core.testdata.reader.SheetPOI) values: [TestObject - 'Object Repository/OB_001_Login screen/Login Screen/Username', ...]
Possible solutions: setText(com.kms.katalon.core.testobject.TestObject, java.lang.String), getText(com.kms.katalon.core.testobject.TestObject), getText(com.kms.katalon.core.testobject.TestObject, com.kms.katalon.core.model.FailureHandling), setText(com.kms.katalon.core.testobject.TestObject, java.lang.String, com.kms.katalon.core.model.FailureHandling), clearText(com.kms.katalon.core.testobject.TestObject), clearText(com.kms.katalon.core.testobject.TestObject, com.kms.katalon.core.model.FailureHandling)
	at TC_003_Verify login with multiple user.run(TC_003_Verify login with multiple user:26)
	at com.kms.katalon.core.main.ScriptEngine.run(ScriptEngine.java:194)
	at com.kms.katalon.core.main.ScriptEngine.runScriptAsRawText(ScriptEngine.java:119)
	at com.kms.katalon.core.main.TestCaseExecutor.runScript(TestCaseExecutor.java:448)
	at com.kms.katalon.core.main.TestCaseExecutor.doExecute(TestCaseExecutor.java:439)
	at com.kms.katalon.core.main.TestCaseExecutor.processExecutionPhase(TestCaseExecutor.java:418)
	at com.kms.katalon.core.main.TestCaseExecutor.accessMainPhase(TestCaseExecutor.java:410)
	at com.kms.katalon.core.main.TestCaseExecutor.execute(TestCaseExecutor.java:285)
	at com.kms.katalon.core.common.CommonExecutor.accessTestCaseMainPhase(CommonExecutor.java:65)
	at com.kms.katalon.core.main.TestSuiteExecutor.accessTestSuiteMainPhase(TestSuiteExecutor.java:148)
	at com.kms.katalon.core.main.TestSuiteExecutor.execute(TestSuiteExecutor.java:106)
	at com.kms.katalon.core.main.TestCaseMain.startTestSuite(TestCaseMain.java:187)
	at com.kms.katalon.core.main.TestCaseMain$startTestSuite$0.call(Unknown Source)
	at TempTestSuite1692184216314.run(TempTestSuite1692184216314.groovy:36)]]></system-err>
      </testcase>
      <testcase name="Test Cases/TC_003_Verify login with multiple user" time="9.64" classname="Test Cases/TC_003_Verify login with multiple user" status="ERROR">
         <error type="ERROR" message="Test Cases/TC_003_Verify login with multiple user FAILED.
Reason:
groovy.lang.MissingMethodException: No signature of method: static com.kms.katalon.core.webui.keyword.WebUiBuiltInKeywords.setText() is applicable for argument types: (com.kms.katalon.core.testobject.TestObject, com.kms.katalon.core.testdata.reader.SheetPOI) values: [TestObject - 'Object Repository/OB_001_Login screen/Login Screen/Username', ...]
Possible solutions: setText(com.kms.katalon.core.testobject.TestObject, java.lang.String), getText(com.kms.katalon.core.testobject.TestObject), getText(com.kms.katalon.core.testobject.TestObject, com.kms.katalon.core.model.FailureHandling), setText(com.kms.katalon.core.testobject.TestObject, java.lang.String, com.kms.katalon.core.model.FailureHandling), clearText(com.kms.katalon.core.testobject.TestObject), clearText(com.kms.katalon.core.testobject.TestObject, com.kms.katalon.core.model.FailureHandling)
	at TC_003_Verify login with multiple user.run(TC_003_Verify login with multiple user:26)
	at com.kms.katalon.core.main.ScriptEngine.run(ScriptEngine.java:194)
	at com.kms.katalon.core.main.ScriptEngine.runScriptAsRawText(ScriptEngine.java:119)
	at com.kms.katalon.core.main.TestCaseExecutor.runScript(TestCaseExecutor.java:448)
	at com.kms.katalon.core.main.TestCaseExecutor.doExecute(TestCaseExecutor.java:439)
	at com.kms.katalon.core.main.TestCaseExecutor.processExecutionPhase(TestCaseExecutor.java:418)
	at com.kms.katalon.core.main.TestCaseExecutor.accessMainPhase(TestCaseExecutor.java:410)
	at com.kms.katalon.core.main.TestCaseExecutor.execute(TestCaseExecutor.java:285)
	at com.kms.katalon.core.common.CommonExecutor.accessTestCaseMainPhase(CommonExecutor.java:65)
	at com.kms.katalon.core.main.TestSuiteExecutor.accessTestSuiteMainPhase(TestSuiteExecutor.java:148)
	at com.kms.katalon.core.main.TestSuiteExecutor.execute(TestSuiteExecutor.java:106)
	at com.kms.katalon.core.main.TestCaseMain.startTestSuite(TestCaseMain.java:187)
	at com.kms.katalon.core.main.TestCaseMain$startTestSuite$0.call(Unknown Source)
	at TempTestSuite1692184216314.run(TempTestSuite1692184216314.groovy:36)
"/>
         <system-out><![CDATA[2023-08-16 16:43:16 - [TEST_CASE][ERROR] - Test Cases/TC_003_Verify login with multiple user: Test Cases/TC_003_Verify login with multiple user FAILED.
Reason:
groovy.lang.MissingMethodException: No signature of method: static com.kms.katalon.core.webui.keyword.WebUiBuiltInKeywords.setText() is applicable for argument types: (com.kms.katalon.core.testobject.TestObject, com.kms.katalon.core.testdata.reader.SheetPOI) values: [TestObject - 'Object Repository/OB_001_Login screen/Login Screen/Username', ...]
Possible solutions: setText(com.kms.katalon.core.testobject.TestObject, java.lang.String), getText(com.kms.katalon.core.testobject.TestObject), getText(com.kms.katalon.core.testobject.TestObject, com.kms.katalon.core.model.FailureHandling), setText(com.kms.katalon.core.testobject.TestObject, java.lang.String, com.kms.katalon.core.model.FailureHandling), clearText(com.kms.katalon.core.testobject.TestObject), clearText(com.kms.katalon.core.testobject.TestObject, com.kms.katalon.core.model.FailureHandling)
	at TC_003_Verify login with multiple user.run(TC_003_Verify login with multiple user:26)
	at com.kms.katalon.core.main.ScriptEngine.run(ScriptEngine.java:194)
	at com.kms.katalon.core.main.ScriptEngine.runScriptAsRawText(ScriptEngine.java:119)
	at com.kms.katalon.core.main.TestCaseExecutor.runScript(TestCaseExecutor.java:448)
	at com.kms.katalon.core.main.TestCaseExecutor.doExecute(TestCaseExecutor.java:439)
	at com.kms.katalon.core.main.TestCaseExecutor.processExecutionPhase(TestCaseExecutor.java:418)
	at com.kms.katalon.core.main.TestCaseExecutor.accessMainPhase(TestCaseExecutor.java:410)
	at com.kms.katalon.core.main.TestCaseExecutor.execute(TestCaseExecutor.java:285)
	at com.kms.katalon.core.common.CommonExecutor.accessTestCaseMainPhase(CommonExecutor.java:65)
	at com.kms.katalon.core.main.TestSuiteExecutor.accessTestSuiteMainPhase(TestSuiteExecutor.java:148)
	at com.kms.katalon.core.main.TestSuiteExecutor.execute(TestSuiteExecutor.java:106)
	at com.kms.katalon.core.main.TestCaseMain.startTestSuite(TestCaseMain.java:187)
	at com.kms.katalon.core.main.TestCaseMain$startTestSuite$0.call(Unknown Source)
	at TempTestSuite1692184216314.run(TempTestSuite1692184216314.groovy:36)


2023-08-16 16:43:16 - [TEST_STEP][PASSED] - openBrowser(url): Browser is opened with url: 'https://ioclvcsmart.tmsitrimble.in/VCSmartApp/#/login'

2023-08-16 16:43:16 - [MESSAGE][WARNING] - A browser is already opened. Closing browser and opening a new one

2023-08-16 16:43:17 - [MESSAGE][INFO] - Starting 'Chrome' driver

2023-08-16 16:43:17 - [MESSAGE][INFO] - Action delay is set to 0 milliseconds

2023-08-16 16:43:25 - [MESSAGE][PASSED] - Browser is opened with url: 'https://ioclvcsmart.tmsitrimble.in/VCSmartApp/#/login'

2023-08-16 16:43:25 - [TEST_STEP][PASSED] - maximizeWindow(): Current window maximized

2023-08-16 16:43:25 - [MESSAGE][PASSED] - Current window maximized

2023-08-16 16:43:25 - [TEST_STEP][PASSED] - click(findTestObject("OB_001_Login screen/Login Screen/Username")): Object: 'Object Repository/OB_001_Login screen/Login Screen/Username' is clicked on

2023-08-16 16:43:26 - [MESSAGE][PASSED] - Object: 'Object Repository/OB_001_Login screen/Login Screen/Username' is clicked on

2023-08-16 16:43:26 - [TEST_STEP][ERROR] - setText(findTestObject("OB_001_Login screen/Login Screen/Username"), username): Test Cases/TC_003_Verify login with multiple user FAILED.
Reason:
groovy.lang.MissingMethodException: No signature of method: static com.kms.katalon.core.webui.keyword.WebUiBuiltInKeywords.setText() is applicable for argument types: (com.kms.katalon.core.testobject.TestObject, com.kms.katalon.core.testdata.reader.SheetPOI) values: [TestObject - 'Object Repository/OB_001_Login screen/Login Screen/Username', ...]
Possible solutions: setText(com.kms.katalon.core.testobject.TestObject, java.lang.String), getText(com.kms.katalon.core.testobject.TestObject), getText(com.kms.katalon.core.testobject.TestObject, com.kms.katalon.core.model.FailureHandling), setText(com.kms.katalon.core.testobject.TestObject, java.lang.String, com.kms.katalon.core.model.FailureHandling), clearText(com.kms.katalon.core.testobject.TestObject), clearText(com.kms.katalon.core.testobject.TestObject, com.kms.katalon.core.model.FailureHandling)
	at TC_003_Verify login with multiple user.run(TC_003_Verify login with multiple user:26)
	at com.kms.katalon.core.main.ScriptEngine.run(ScriptEngine.java:194)
	at com.kms.katalon.core.main.ScriptEngine.runScriptAsRawText(ScriptEngine.java:119)
	at com.kms.katalon.core.main.TestCaseExecutor.runScript(TestCaseExecutor.java:448)
	at com.kms.katalon.core.main.TestCaseExecutor.doExecute(TestCaseExecutor.java:439)
	at com.kms.katalon.core.main.TestCaseExecutor.processExecutionPhase(TestCaseExecutor.java:418)
	at com.kms.katalon.core.main.TestCaseExecutor.accessMainPhase(TestCaseExecutor.java:410)
	at com.kms.katalon.core.main.TestCaseExecutor.execute(TestCaseExecutor.java:285)
	at com.kms.katalon.core.common.CommonExecutor.accessTestCaseMainPhase(CommonExecutor.java:65)
	at com.kms.katalon.core.main.TestSuiteExecutor.accessTestSuiteMainPhase(TestSuiteExecutor.java:148)
	at com.kms.katalon.core.main.TestSuiteExecutor.execute(TestSuiteExecutor.java:106)
	at com.kms.katalon.core.main.TestCaseMain.startTestSuite(TestCaseMain.java:187)
	at com.kms.katalon.core.main.TestCaseMain$startTestSuite$0.call(Unknown Source)
	at TempTestSuite1692184216314.run(TempTestSuite1692184216314.groovy:36)


2023-08-16 16:43:26 - [MESSAGE][ERROR] - Test Cases/TC_003_Verify login with multiple user FAILED.
Reason:
groovy.lang.MissingMethodException: No signature of method: static com.kms.katalon.core.webui.keyword.WebUiBuiltInKeywords.setText() is applicable for argument types: (com.kms.katalon.core.testobject.TestObject, com.kms.katalon.core.testdata.reader.SheetPOI) values: [TestObject - 'Object Repository/OB_001_Login screen/Login Screen/Username', ...]
Possible solutions: setText(com.kms.katalon.core.testobject.TestObject, java.lang.String), getText(com.kms.katalon.core.testobject.TestObject), getText(com.kms.katalon.core.testobject.TestObject, com.kms.katalon.core.model.FailureHandling), setText(com.kms.katalon.core.testobject.TestObject, java.lang.String, com.kms.katalon.core.model.FailureHandling), clearText(com.kms.katalon.core.testobject.TestObject), clearText(com.kms.katalon.core.testobject.TestObject, com.kms.katalon.core.model.FailureHandling)
	at TC_003_Verify login with multiple user.run(TC_003_Verify login with multiple user:26)
	at com.kms.katalon.core.main.ScriptEngine.run(ScriptEngine.java:194)
	at com.kms.katalon.core.main.ScriptEngine.runScriptAsRawText(ScriptEngine.java:119)
	at com.kms.katalon.core.main.TestCaseExecutor.runScript(TestCaseExecutor.java:448)
	at com.kms.katalon.core.main.TestCaseExecutor.doExecute(TestCaseExecutor.java:439)
	at com.kms.katalon.core.main.TestCaseExecutor.processExecutionPhase(TestCaseExecutor.java:418)
	at com.kms.katalon.core.main.TestCaseExecutor.accessMainPhase(TestCaseExecutor.java:410)
	at com.kms.katalon.core.main.TestCaseExecutor.execute(TestCaseExecutor.java:285)
	at com.kms.katalon.core.common.CommonExecutor.accessTestCaseMainPhase(CommonExecutor.java:65)
	at com.kms.katalon.core.main.TestSuiteExecutor.accessTestSuiteMainPhase(TestSuiteExecutor.java:148)
	at com.kms.katalon.core.main.TestSuiteExecutor.execute(TestSuiteExecutor.java:106)
	at com.kms.katalon.core.main.TestCaseMain.startTestSuite(TestCaseMain.java:187)
	at com.kms.katalon.core.main.TestCaseMain$startTestSuite$0.call(Unknown Source)
	at TempTestSuite1692184216314.run(TempTestSuite1692184216314.groovy:36)]]></system-out>
         <system-err><![CDATA[2023-08-16 16:43:16 - [TEST_CASE][ERROR] - Test Cases/TC_003_Verify login with multiple user: Test Cases/TC_003_Verify login with multiple user FAILED.
Reason:
groovy.lang.MissingMethodException: No signature of method: static com.kms.katalon.core.webui.keyword.WebUiBuiltInKeywords.setText() is applicable for argument types: (com.kms.katalon.core.testobject.TestObject, com.kms.katalon.core.testdata.reader.SheetPOI) values: [TestObject - 'Object Repository/OB_001_Login screen/Login Screen/Username', ...]
Possible solutions: setText(com.kms.katalon.core.testobject.TestObject, java.lang.String), getText(com.kms.katalon.core.testobject.TestObject), getText(com.kms.katalon.core.testobject.TestObject, com.kms.katalon.core.model.FailureHandling), setText(com.kms.katalon.core.testobject.TestObject, java.lang.String, com.kms.katalon.core.model.FailureHandling), clearText(com.kms.katalon.core.testobject.TestObject), clearText(com.kms.katalon.core.testobject.TestObject, com.kms.katalon.core.model.FailureHandling)
	at TC_003_Verify login with multiple user.run(TC_003_Verify login with multiple user:26)
	at com.kms.katalon.core.main.ScriptEngine.run(ScriptEngine.java:194)
	at com.kms.katalon.core.main.ScriptEngine.runScriptAsRawText(ScriptEngine.java:119)
	at com.kms.katalon.core.main.TestCaseExecutor.runScript(TestCaseExecutor.java:448)
	at com.kms.katalon.core.main.TestCaseExecutor.doExecute(TestCaseExecutor.java:439)
	at com.kms.katalon.core.main.TestCaseExecutor.processExecutionPhase(TestCaseExecutor.java:418)
	at com.kms.katalon.core.main.TestCaseExecutor.accessMainPhase(TestCaseExecutor.java:410)
	at com.kms.katalon.core.main.TestCaseExecutor.execute(TestCaseExecutor.java:285)
	at com.kms.katalon.core.common.CommonExecutor.accessTestCaseMainPhase(CommonExecutor.java:65)
	at com.kms.katalon.core.main.TestSuiteExecutor.accessTestSuiteMainPhase(TestSuiteExecutor.java:148)
	at com.kms.katalon.core.main.TestSuiteExecutor.execute(TestSuiteExecutor.java:106)
	at com.kms.katalon.core.main.TestCaseMain.startTestSuite(TestCaseMain.java:187)
	at com.kms.katalon.core.main.TestCaseMain$startTestSuite$0.call(Unknown Source)
	at TempTestSuite1692184216314.run(TempTestSuite1692184216314.groovy:36)]]></system-err>
      </testcase>
      <testcase name="Test Cases/TC_003_Verify login with multiple user" time="9.763" classname="Test Cases/TC_003_Verify login with multiple user" status="ERROR">
         <error type="ERROR" message="Test Cases/TC_003_Verify login with multiple user FAILED.
Reason:
groovy.lang.MissingMethodException: No signature of method: static com.kms.katalon.core.webui.keyword.WebUiBuiltInKeywords.setText() is applicable for argument types: (com.kms.katalon.core.testobject.TestObject, com.kms.katalon.core.testdata.reader.SheetPOI) values: [TestObject - 'Object Repository/OB_001_Login screen/Login Screen/Username', ...]
Possible solutions: setText(com.kms.katalon.core.testobject.TestObject, java.lang.String), getText(com.kms.katalon.core.testobject.TestObject), getText(com.kms.katalon.core.testobject.TestObject, com.kms.katalon.core.model.FailureHandling), setText(com.kms.katalon.core.testobject.TestObject, java.lang.String, com.kms.katalon.core.model.FailureHandling), clearText(com.kms.katalon.core.testobject.TestObject), clearText(com.kms.katalon.core.testobject.TestObject, com.kms.katalon.core.model.FailureHandling)
	at TC_003_Verify login with multiple user.run(TC_003_Verify login with multiple user:26)
	at com.kms.katalon.core.main.ScriptEngine.run(ScriptEngine.java:194)
	at com.kms.katalon.core.main.ScriptEngine.runScriptAsRawText(ScriptEngine.java:119)
	at com.kms.katalon.core.main.TestCaseExecutor.runScript(TestCaseExecutor.java:448)
	at com.kms.katalon.core.main.TestCaseExecutor.doExecute(TestCaseExecutor.java:439)
	at com.kms.katalon.core.main.TestCaseExecutor.processExecutionPhase(TestCaseExecutor.java:418)
	at com.kms.katalon.core.main.TestCaseExecutor.accessMainPhase(TestCaseExecutor.java:410)
	at com.kms.katalon.core.main.TestCaseExecutor.execute(TestCaseExecutor.java:285)
	at com.kms.katalon.core.common.CommonExecutor.accessTestCaseMainPhase(CommonExecutor.java:65)
	at com.kms.katalon.core.main.TestSuiteExecutor.accessTestSuiteMainPhase(TestSuiteExecutor.java:148)
	at com.kms.katalon.core.main.TestSuiteExecutor.execute(TestSuiteExecutor.java:106)
	at com.kms.katalon.core.main.TestCaseMain.startTestSuite(TestCaseMain.java:187)
	at com.kms.katalon.core.main.TestCaseMain$startTestSuite$0.call(Unknown Source)
	at TempTestSuite1692184216314.run(TempTestSuite1692184216314.groovy:36)
"/>
         <system-out><![CDATA[2023-08-16 16:43:26 - [TEST_CASE][ERROR] - Test Cases/TC_003_Verify login with multiple user: Test Cases/TC_003_Verify login with multiple user FAILED.
Reason:
groovy.lang.MissingMethodException: No signature of method: static com.kms.katalon.core.webui.keyword.WebUiBuiltInKeywords.setText() is applicable for argument types: (com.kms.katalon.core.testobject.TestObject, com.kms.katalon.core.testdata.reader.SheetPOI) values: [TestObject - 'Object Repository/OB_001_Login screen/Login Screen/Username', ...]
Possible solutions: setText(com.kms.katalon.core.testobject.TestObject, java.lang.String), getText(com.kms.katalon.core.testobject.TestObject), getText(com.kms.katalon.core.testobject.TestObject, com.kms.katalon.core.model.FailureHandling), setText(com.kms.katalon.core.testobject.TestObject, java.lang.String, com.kms.katalon.core.model.FailureHandling), clearText(com.kms.katalon.core.testobject.TestObject), clearText(com.kms.katalon.core.testobject.TestObject, com.kms.katalon.core.model.FailureHandling)
	at TC_003_Verify login with multiple user.run(TC_003_Verify login with multiple user:26)
	at com.kms.katalon.core.main.ScriptEngine.run(ScriptEngine.java:194)
	at com.kms.katalon.core.main.ScriptEngine.runScriptAsRawText(ScriptEngine.java:119)
	at com.kms.katalon.core.main.TestCaseExecutor.runScript(TestCaseExecutor.java:448)
	at com.kms.katalon.core.main.TestCaseExecutor.doExecute(TestCaseExecutor.java:439)
	at com.kms.katalon.core.main.TestCaseExecutor.processExecutionPhase(TestCaseExecutor.java:418)
	at com.kms.katalon.core.main.TestCaseExecutor.accessMainPhase(TestCaseExecutor.java:410)
	at com.kms.katalon.core.main.TestCaseExecutor.execute(TestCaseExecutor.java:285)
	at com.kms.katalon.core.common.CommonExecutor.accessTestCaseMainPhase(CommonExecutor.java:65)
	at com.kms.katalon.core.main.TestSuiteExecutor.accessTestSuiteMainPhase(TestSuiteExecutor.java:148)
	at com.kms.katalon.core.main.TestSuiteExecutor.execute(TestSuiteExecutor.java:106)
	at com.kms.katalon.core.main.TestCaseMain.startTestSuite(TestCaseMain.java:187)
	at com.kms.katalon.core.main.TestCaseMain$startTestSuite$0.call(Unknown Source)
	at TempTestSuite1692184216314.run(TempTestSuite1692184216314.groovy:36)


2023-08-16 16:43:26 - [TEST_STEP][PASSED] - openBrowser(url): Browser is opened with url: 'https://ioclvcsmart.tmsitrimble.in/VCSmartApp/#/login'

2023-08-16 16:43:26 - [MESSAGE][WARNING] - A browser is already opened. Closing browser and opening a new one

2023-08-16 16:43:26 - [MESSAGE][INFO] - Starting 'Chrome' driver

2023-08-16 16:43:26 - [MESSAGE][INFO] - Action delay is set to 0 milliseconds

2023-08-16 16:43:35 - [MESSAGE][PASSED] - Browser is opened with url: 'https://ioclvcsmart.tmsitrimble.in/VCSmartApp/#/login'

2023-08-16 16:43:35 - [TEST_STEP][PASSED] - maximizeWindow(): Current window maximized

2023-08-16 16:43:35 - [MESSAGE][PASSED] - Current window maximized

2023-08-16 16:43:35 - [TEST_STEP][PASSED] - click(findTestObject("OB_001_Login screen/Login Screen/Username")): Object: 'Object Repository/OB_001_Login screen/Login Screen/Username' is clicked on

2023-08-16 16:43:35 - [MESSAGE][PASSED] - Object: 'Object Repository/OB_001_Login screen/Login Screen/Username' is clicked on

2023-08-16 16:43:35 - [TEST_STEP][ERROR] - setText(findTestObject("OB_001_Login screen/Login Screen/Username"), username): Test Cases/TC_003_Verify login with multiple user FAILED.
Reason:
groovy.lang.MissingMethodException: No signature of method: static com.kms.katalon.core.webui.keyword.WebUiBuiltInKeywords.setText() is applicable for argument types: (com.kms.katalon.core.testobject.TestObject, com.kms.katalon.core.testdata.reader.SheetPOI) values: [TestObject - 'Object Repository/OB_001_Login screen/Login Screen/Username', ...]
Possible solutions: setText(com.kms.katalon.core.testobject.TestObject, java.lang.String), getText(com.kms.katalon.core.testobject.TestObject), getText(com.kms.katalon.core.testobject.TestObject, com.kms.katalon.core.model.FailureHandling), setText(com.kms.katalon.core.testobject.TestObject, java.lang.String, com.kms.katalon.core.model.FailureHandling), clearText(com.kms.katalon.core.testobject.TestObject), clearText(com.kms.katalon.core.testobject.TestObject, com.kms.katalon.core.model.FailureHandling)
	at TC_003_Verify login with multiple user.run(TC_003_Verify login with multiple user:26)
	at com.kms.katalon.core.main.ScriptEngine.run(ScriptEngine.java:194)
	at com.kms.katalon.core.main.ScriptEngine.runScriptAsRawText(ScriptEngine.java:119)
	at com.kms.katalon.core.main.TestCaseExecutor.runScript(TestCaseExecutor.java:448)
	at com.kms.katalon.core.main.TestCaseExecutor.doExecute(TestCaseExecutor.java:439)
	at com.kms.katalon.core.main.TestCaseExecutor.processExecutionPhase(TestCaseExecutor.java:418)
	at com.kms.katalon.core.main.TestCaseExecutor.accessMainPhase(TestCaseExecutor.java:410)
	at com.kms.katalon.core.main.TestCaseExecutor.execute(TestCaseExecutor.java:285)
	at com.kms.katalon.core.common.CommonExecutor.accessTestCaseMainPhase(CommonExecutor.java:65)
	at com.kms.katalon.core.main.TestSuiteExecutor.accessTestSuiteMainPhase(TestSuiteExecutor.java:148)
	at com.kms.katalon.core.main.TestSuiteExecutor.execute(TestSuiteExecutor.java:106)
	at com.kms.katalon.core.main.TestCaseMain.startTestSuite(TestCaseMain.java:187)
	at com.kms.katalon.core.main.TestCaseMain$startTestSuite$0.call(Unknown Source)
	at TempTestSuite1692184216314.run(TempTestSuite1692184216314.groovy:36)


2023-08-16 16:43:36 - [MESSAGE][ERROR] - Test Cases/TC_003_Verify login with multiple user FAILED.
Reason:
groovy.lang.MissingMethodException: No signature of method: static com.kms.katalon.core.webui.keyword.WebUiBuiltInKeywords.setText() is applicable for argument types: (com.kms.katalon.core.testobject.TestObject, com.kms.katalon.core.testdata.reader.SheetPOI) values: [TestObject - 'Object Repository/OB_001_Login screen/Login Screen/Username', ...]
Possible solutions: setText(com.kms.katalon.core.testobject.TestObject, java.lang.String), getText(com.kms.katalon.core.testobject.TestObject), getText(com.kms.katalon.core.testobject.TestObject, com.kms.katalon.core.model.FailureHandling), setText(com.kms.katalon.core.testobject.TestObject, java.lang.String, com.kms.katalon.core.model.FailureHandling), clearText(com.kms.katalon.core.testobject.TestObject), clearText(com.kms.katalon.core.testobject.TestObject, com.kms.katalon.core.model.FailureHandling)
	at TC_003_Verify login with multiple user.run(TC_003_Verify login with multiple user:26)
	at com.kms.katalon.core.main.ScriptEngine.run(ScriptEngine.java:194)
	at com.kms.katalon.core.main.ScriptEngine.runScriptAsRawText(ScriptEngine.java:119)
	at com.kms.katalon.core.main.TestCaseExecutor.runScript(TestCaseExecutor.java:448)
	at com.kms.katalon.core.main.TestCaseExecutor.doExecute(TestCaseExecutor.java:439)
	at com.kms.katalon.core.main.TestCaseExecutor.processExecutionPhase(TestCaseExecutor.java:418)
	at com.kms.katalon.core.main.TestCaseExecutor.accessMainPhase(TestCaseExecutor.java:410)
	at com.kms.katalon.core.main.TestCaseExecutor.execute(TestCaseExecutor.java:285)
	at com.kms.katalon.core.common.CommonExecutor.accessTestCaseMainPhase(CommonExecutor.java:65)
	at com.kms.katalon.core.main.TestSuiteExecutor.accessTestSuiteMainPhase(TestSuiteExecutor.java:148)
	at com.kms.katalon.core.main.TestSuiteExecutor.execute(TestSuiteExecutor.java:106)
	at com.kms.katalon.core.main.TestCaseMain.startTestSuite(TestCaseMain.java:187)
	at com.kms.katalon.core.main.TestCaseMain$startTestSuite$0.call(Unknown Source)
	at TempTestSuite1692184216314.run(TempTestSuite1692184216314.groovy:36)]]></system-out>
         <system-err><![CDATA[2023-08-16 16:43:26 - [TEST_CASE][ERROR] - Test Cases/TC_003_Verify login with multiple user: Test Cases/TC_003_Verify login with multiple user FAILED.
Reason:
groovy.lang.MissingMethodException: No signature of method: static com.kms.katalon.core.webui.keyword.WebUiBuiltInKeywords.setText() is applicable for argument types: (com.kms.katalon.core.testobject.TestObject, com.kms.katalon.core.testdata.reader.SheetPOI) values: [TestObject - 'Object Repository/OB_001_Login screen/Login Screen/Username', ...]
Possible solutions: setText(com.kms.katalon.core.testobject.TestObject, java.lang.String), getText(com.kms.katalon.core.testobject.TestObject), getText(com.kms.katalon.core.testobject.TestObject, com.kms.katalon.core.model.FailureHandling), setText(com.kms.katalon.core.testobject.TestObject, java.lang.String, com.kms.katalon.core.model.FailureHandling), clearText(com.kms.katalon.core.testobject.TestObject), clearText(com.kms.katalon.core.testobject.TestObject, com.kms.katalon.core.model.FailureHandling)
	at TC_003_Verify login with multiple user.run(TC_003_Verify login with multiple user:26)
	at com.kms.katalon.core.main.ScriptEngine.run(ScriptEngine.java:194)
	at com.kms.katalon.core.main.ScriptEngine.runScriptAsRawText(ScriptEngine.java:119)
	at com.kms.katalon.core.main.TestCaseExecutor.runScript(TestCaseExecutor.java:448)
	at com.kms.katalon.core.main.TestCaseExecutor.doExecute(TestCaseExecutor.java:439)
	at com.kms.katalon.core.main.TestCaseExecutor.processExecutionPhase(TestCaseExecutor.java:418)
	at com.kms.katalon.core.main.TestCaseExecutor.accessMainPhase(TestCaseExecutor.java:410)
	at com.kms.katalon.core.main.TestCaseExecutor.execute(TestCaseExecutor.java:285)
	at com.kms.katalon.core.common.CommonExecutor.accessTestCaseMainPhase(CommonExecutor.java:65)
	at com.kms.katalon.core.main.TestSuiteExecutor.accessTestSuiteMainPhase(TestSuiteExecutor.java:148)
	at com.kms.katalon.core.main.TestSuiteExecutor.execute(TestSuiteExecutor.java:106)
	at com.kms.katalon.core.main.TestCaseMain.startTestSuite(TestCaseMain.java:187)
	at com.kms.katalon.core.main.TestCaseMain$startTestSuite$0.call(Unknown Source)
	at TempTestSuite1692184216314.run(TempTestSuite1692184216314.groovy:36)]]></system-err>
      </testcase>
      <testcase name="Test Cases/TC_003_Verify login with multiple user" time="9.817" classname="Test Cases/TC_003_Verify login with multiple user" status="ERROR">
         <error type="ERROR" message="Test Cases/TC_003_Verify login with multiple user FAILED.
Reason:
groovy.lang.MissingMethodException: No signature of method: static com.kms.katalon.core.webui.keyword.WebUiBuiltInKeywords.setText() is applicable for argument types: (com.kms.katalon.core.testobject.TestObject, com.kms.katalon.core.testdata.reader.SheetPOI) values: [TestObject - 'Object Repository/OB_001_Login screen/Login Screen/Username', ...]
Possible solutions: setText(com.kms.katalon.core.testobject.TestObject, java.lang.String), getText(com.kms.katalon.core.testobject.TestObject), getText(com.kms.katalon.core.testobject.TestObject, com.kms.katalon.core.model.FailureHandling), setText(com.kms.katalon.core.testobject.TestObject, java.lang.String, com.kms.katalon.core.model.FailureHandling), clearText(com.kms.katalon.core.testobject.TestObject), clearText(com.kms.katalon.core.testobject.TestObject, com.kms.katalon.core.model.FailureHandling)
	at TC_003_Verify login with multiple user.run(TC_003_Verify login with multiple user:26)
	at com.kms.katalon.core.main.ScriptEngine.run(ScriptEngine.java:194)
	at com.kms.katalon.core.main.ScriptEngine.runScriptAsRawText(ScriptEngine.java:119)
	at com.kms.katalon.core.main.TestCaseExecutor.runScript(TestCaseExecutor.java:448)
	at com.kms.katalon.core.main.TestCaseExecutor.doExecute(TestCaseExecutor.java:439)
	at com.kms.katalon.core.main.TestCaseExecutor.processExecutionPhase(TestCaseExecutor.java:418)
	at com.kms.katalon.core.main.TestCaseExecutor.accessMainPhase(TestCaseExecutor.java:410)
	at com.kms.katalon.core.main.TestCaseExecutor.execute(TestCaseExecutor.java:285)
	at com.kms.katalon.core.common.CommonExecutor.accessTestCaseMainPhase(CommonExecutor.java:65)
	at com.kms.katalon.core.main.TestSuiteExecutor.accessTestSuiteMainPhase(TestSuiteExecutor.java:148)
	at com.kms.katalon.core.main.TestSuiteExecutor.execute(TestSuiteExecutor.java:106)
	at com.kms.katalon.core.main.TestCaseMain.startTestSuite(TestCaseMain.java:187)
	at com.kms.katalon.core.main.TestCaseMain$startTestSuite$0.call(Unknown Source)
	at TempTestSuite1692184216314.run(TempTestSuite1692184216314.groovy:36)
"/>
         <system-out><![CDATA[2023-08-16 16:43:36 - [TEST_CASE][ERROR] - Test Cases/TC_003_Verify login with multiple user: Test Cases/TC_003_Verify login with multiple user FAILED.
Reason:
groovy.lang.MissingMethodException: No signature of method: static com.kms.katalon.core.webui.keyword.WebUiBuiltInKeywords.setText() is applicable for argument types: (com.kms.katalon.core.testobject.TestObject, com.kms.katalon.core.testdata.reader.SheetPOI) values: [TestObject - 'Object Repository/OB_001_Login screen/Login Screen/Username', ...]
Possible solutions: setText(com.kms.katalon.core.testobject.TestObject, java.lang.String), getText(com.kms.katalon.core.testobject.TestObject), getText(com.kms.katalon.core.testobject.TestObject, com.kms.katalon.core.model.FailureHandling), setText(com.kms.katalon.core.testobject.TestObject, java.lang.String, com.kms.katalon.core.model.FailureHandling), clearText(com.kms.katalon.core.testobject.TestObject), clearText(com.kms.katalon.core.testobject.TestObject, com.kms.katalon.core.model.FailureHandling)
	at TC_003_Verify login with multiple user.run(TC_003_Verify login with multiple user:26)
	at com.kms.katalon.core.main.ScriptEngine.run(ScriptEngine.java:194)
	at com.kms.katalon.core.main.ScriptEngine.runScriptAsRawText(ScriptEngine.java:119)
	at com.kms.katalon.core.main.TestCaseExecutor.runScript(TestCaseExecutor.java:448)
	at com.kms.katalon.core.main.TestCaseExecutor.doExecute(TestCaseExecutor.java:439)
	at com.kms.katalon.core.main.TestCaseExecutor.processExecutionPhase(TestCaseExecutor.java:418)
	at com.kms.katalon.core.main.TestCaseExecutor.accessMainPhase(TestCaseExecutor.java:410)
	at com.kms.katalon.core.main.TestCaseExecutor.execute(TestCaseExecutor.java:285)
	at com.kms.katalon.core.common.CommonExecutor.accessTestCaseMainPhase(CommonExecutor.java:65)
	at com.kms.katalon.core.main.TestSuiteExecutor.accessTestSuiteMainPhase(TestSuiteExecutor.java:148)
	at com.kms.katalon.core.main.TestSuiteExecutor.execute(TestSuiteExecutor.java:106)
	at com.kms.katalon.core.main.TestCaseMain.startTestSuite(TestCaseMain.java:187)
	at com.kms.katalon.core.main.TestCaseMain$startTestSuite$0.call(Unknown Source)
	at TempTestSuite1692184216314.run(TempTestSuite1692184216314.groovy:36)


2023-08-16 16:43:36 - [TEST_STEP][PASSED] - openBrowser(url): Browser is opened with url: 'https://ioclvcsmart.tmsitrimble.in/VCSmartApp/#/login'

2023-08-16 16:43:36 - [MESSAGE][WARNING] - A browser is already opened. Closing browser and opening a new one

2023-08-16 16:43:36 - [MESSAGE][INFO] - Starting 'Chrome' driver

2023-08-16 16:43:36 - [MESSAGE][INFO] - Action delay is set to 0 milliseconds

2023-08-16 16:43:45 - [MESSAGE][PASSED] - Browser is opened with url: 'https://ioclvcsmart.tmsitrimble.in/VCSmartApp/#/login'

2023-08-16 16:43:45 - [TEST_STEP][PASSED] - maximizeWindow(): Current window maximized

2023-08-16 16:43:45 - [MESSAGE][PASSED] - Current window maximized

2023-08-16 16:43:45 - [TEST_STEP][PASSED] - click(findTestObject("OB_001_Login screen/Login Screen/Username")): Object: 'Object Repository/OB_001_Login screen/Login Screen/Username' is clicked on

2023-08-16 16:43:45 - [MESSAGE][PASSED] - Object: 'Object Repository/OB_001_Login screen/Login Screen/Username' is clicked on

2023-08-16 16:43:45 - [TEST_STEP][ERROR] - setText(findTestObject("OB_001_Login screen/Login Screen/Username"), username): Test Cases/TC_003_Verify login with multiple user FAILED.
Reason:
groovy.lang.MissingMethodException: No signature of method: static com.kms.katalon.core.webui.keyword.WebUiBuiltInKeywords.setText() is applicable for argument types: (com.kms.katalon.core.testobject.TestObject, com.kms.katalon.core.testdata.reader.SheetPOI) values: [TestObject - 'Object Repository/OB_001_Login screen/Login Screen/Username', ...]
Possible solutions: setText(com.kms.katalon.core.testobject.TestObject, java.lang.String), getText(com.kms.katalon.core.testobject.TestObject), getText(com.kms.katalon.core.testobject.TestObject, com.kms.katalon.core.model.FailureHandling), setText(com.kms.katalon.core.testobject.TestObject, java.lang.String, com.kms.katalon.core.model.FailureHandling), clearText(com.kms.katalon.core.testobject.TestObject), clearText(com.kms.katalon.core.testobject.TestObject, com.kms.katalon.core.model.FailureHandling)
	at TC_003_Verify login with multiple user.run(TC_003_Verify login with multiple user:26)
	at com.kms.katalon.core.main.ScriptEngine.run(ScriptEngine.java:194)
	at com.kms.katalon.core.main.ScriptEngine.runScriptAsRawText(ScriptEngine.java:119)
	at com.kms.katalon.core.main.TestCaseExecutor.runScript(TestCaseExecutor.java:448)
	at com.kms.katalon.core.main.TestCaseExecutor.doExecute(TestCaseExecutor.java:439)
	at com.kms.katalon.core.main.TestCaseExecutor.processExecutionPhase(TestCaseExecutor.java:418)
	at com.kms.katalon.core.main.TestCaseExecutor.accessMainPhase(TestCaseExecutor.java:410)
	at com.kms.katalon.core.main.TestCaseExecutor.execute(TestCaseExecutor.java:285)
	at com.kms.katalon.core.common.CommonExecutor.accessTestCaseMainPhase(CommonExecutor.java:65)
	at com.kms.katalon.core.main.TestSuiteExecutor.accessTestSuiteMainPhase(TestSuiteExecutor.java:148)
	at com.kms.katalon.core.main.TestSuiteExecutor.execute(TestSuiteExecutor.java:106)
	at com.kms.katalon.core.main.TestCaseMain.startTestSuite(TestCaseMain.java:187)
	at com.kms.katalon.core.main.TestCaseMain$startTestSuite$0.call(Unknown Source)
	at TempTestSuite1692184216314.run(TempTestSuite1692184216314.groovy:36)


2023-08-16 16:43:45 - [MESSAGE][ERROR] - Test Cases/TC_003_Verify login with multiple user FAILED.
Reason:
groovy.lang.MissingMethodException: No signature of method: static com.kms.katalon.core.webui.keyword.WebUiBuiltInKeywords.setText() is applicable for argument types: (com.kms.katalon.core.testobject.TestObject, com.kms.katalon.core.testdata.reader.SheetPOI) values: [TestObject - 'Object Repository/OB_001_Login screen/Login Screen/Username', ...]
Possible solutions: setText(com.kms.katalon.core.testobject.TestObject, java.lang.String), getText(com.kms.katalon.core.testobject.TestObject), getText(com.kms.katalon.core.testobject.TestObject, com.kms.katalon.core.model.FailureHandling), setText(com.kms.katalon.core.testobject.TestObject, java.lang.String, com.kms.katalon.core.model.FailureHandling), clearText(com.kms.katalon.core.testobject.TestObject), clearText(com.kms.katalon.core.testobject.TestObject, com.kms.katalon.core.model.FailureHandling)
	at TC_003_Verify login with multiple user.run(TC_003_Verify login with multiple user:26)
	at com.kms.katalon.core.main.ScriptEngine.run(ScriptEngine.java:194)
	at com.kms.katalon.core.main.ScriptEngine.runScriptAsRawText(ScriptEngine.java:119)
	at com.kms.katalon.core.main.TestCaseExecutor.runScript(TestCaseExecutor.java:448)
	at com.kms.katalon.core.main.TestCaseExecutor.doExecute(TestCaseExecutor.java:439)
	at com.kms.katalon.core.main.TestCaseExecutor.processExecutionPhase(TestCaseExecutor.java:418)
	at com.kms.katalon.core.main.TestCaseExecutor.accessMainPhase(TestCaseExecutor.java:410)
	at com.kms.katalon.core.main.TestCaseExecutor.execute(TestCaseExecutor.java:285)
	at com.kms.katalon.core.common.CommonExecutor.accessTestCaseMainPhase(CommonExecutor.java:65)
	at com.kms.katalon.core.main.TestSuiteExecutor.accessTestSuiteMainPhase(TestSuiteExecutor.java:148)
	at com.kms.katalon.core.main.TestSuiteExecutor.execute(TestSuiteExecutor.java:106)
	at com.kms.katalon.core.main.TestCaseMain.startTestSuite(TestCaseMain.java:187)
	at com.kms.katalon.core.main.TestCaseMain$startTestSuite$0.call(Unknown Source)
	at TempTestSuite1692184216314.run(TempTestSuite1692184216314.groovy:36)]]></system-out>
         <system-err><![CDATA[2023-08-16 16:43:36 - [TEST_CASE][ERROR] - Test Cases/TC_003_Verify login with multiple user: Test Cases/TC_003_Verify login with multiple user FAILED.
Reason:
groovy.lang.MissingMethodException: No signature of method: static com.kms.katalon.core.webui.keyword.WebUiBuiltInKeywords.setText() is applicable for argument types: (com.kms.katalon.core.testobject.TestObject, com.kms.katalon.core.testdata.reader.SheetPOI) values: [TestObject - 'Object Repository/OB_001_Login screen/Login Screen/Username', ...]
Possible solutions: setText(com.kms.katalon.core.testobject.TestObject, java.lang.String), getText(com.kms.katalon.core.testobject.TestObject), getText(com.kms.katalon.core.testobject.TestObject, com.kms.katalon.core.model.FailureHandling), setText(com.kms.katalon.core.testobject.TestObject, java.lang.String, com.kms.katalon.core.model.FailureHandling), clearText(com.kms.katalon.core.testobject.TestObject), clearText(com.kms.katalon.core.testobject.TestObject, com.kms.katalon.core.model.FailureHandling)
	at TC_003_Verify login with multiple user.run(TC_003_Verify login with multiple user:26)
	at com.kms.katalon.core.main.ScriptEngine.run(ScriptEngine.java:194)
	at com.kms.katalon.core.main.ScriptEngine.runScriptAsRawText(ScriptEngine.java:119)
	at com.kms.katalon.core.main.TestCaseExecutor.runScript(TestCaseExecutor.java:448)
	at com.kms.katalon.core.main.TestCaseExecutor.doExecute(TestCaseExecutor.java:439)
	at com.kms.katalon.core.main.TestCaseExecutor.processExecutionPhase(TestCaseExecutor.java:418)
	at com.kms.katalon.core.main.TestCaseExecutor.accessMainPhase(TestCaseExecutor.java:410)
	at com.kms.katalon.core.main.TestCaseExecutor.execute(TestCaseExecutor.java:285)
	at com.kms.katalon.core.common.CommonExecutor.accessTestCaseMainPhase(CommonExecutor.java:65)
	at com.kms.katalon.core.main.TestSuiteExecutor.accessTestSuiteMainPhase(TestSuiteExecutor.java:148)
	at com.kms.katalon.core.main.TestSuiteExecutor.execute(TestSuiteExecutor.java:106)
	at com.kms.katalon.core.main.TestCaseMain.startTestSuite(TestCaseMain.java:187)
	at com.kms.katalon.core.main.TestCaseMain$startTestSuite$0.call(Unknown Source)
	at TempTestSuite1692184216314.run(TempTestSuite1692184216314.groovy:36)]]></system-err>
      </testcase>
      <system-out><![CDATA[2023-08-16 16:40:19 - [TEST_SUITE][FAILED] - TS_001_VC_Smart_Login_Feature: Test Cases/TC_003_Verify login with multiple user FAILED.
Reason:
com.kms.katalon.core.exception.StepFailedException: Unable to verify text 'VC Smart' is present 
	at com.kms.katalon.core.webui.keyword.internal.WebUIKeywordMain.stepFailed(WebUIKeywordMain.groovy:64)
	at com.kms.katalon.core.webui.keyword.internal.WebUIKeywordMain.runKeyword(WebUIKeywordMain.groovy:26)
	at com.kms.katalon.core.webui.keyword.builtin.VerifyTextPresentKeyword.verifyTextPresent(VerifyTextPresentKeyword.groovy:83)
	at com.kms.katalon.core.webui.keyword.builtin.VerifyTextPresentKeyword.execute(VerifyTextPresentKeyword.groovy:68)
	at com.kms.katalon.core.keyword.internal.KeywordExecutor.executeKeywordForPlatform(KeywordExecutor.groovy:74)
	at com.kms.katalon.core.webui.keyword.WebUiBuiltInKeywords.verifyTextPresent(WebUiBuiltInKeywords.groovy:1723)
	at com.kms.katalon.core.webui.keyword.WebUiBuiltInKeywords$verifyTextPresent$3.call(Unknown Source)
	at TC_003_Verify login with multiple user.run(TC_003_Verify login with multiple user:36)
	at com.kms.katalon.core.main.ScriptEngine.run(ScriptEngine.java:194)
	at com.kms.katalon.core.main.ScriptEngine.runScriptAsRawText(ScriptEngine.java:119)
	at com.kms.katalon.core.main.TestCaseExecutor.runScript(TestCaseExecutor.java:448)
	at com.kms.katalon.core.main.TestCaseExecutor.doExecute(TestCaseExecutor.java:439)
	at com.kms.katalon.core.main.TestCaseExecutor.processExecutionPhase(TestCaseExecutor.java:418)
	at com.kms.katalon.core.main.TestCaseExecutor.accessMainPhase(TestCaseExecutor.java:410)
	at com.kms.katalon.core.main.TestCaseExecutor.execute(TestCaseExecutor.java:285)
	at com.kms.katalon.core.common.CommonExecutor.accessTestCaseMainPhase(CommonExecutor.java:65)
	at com.kms.katalon.core.main.TestSuiteExecutor.accessTestSuiteMainPhase(TestSuiteExecutor.java:148)
	at com.kms.katalon.core.main.TestSuiteExecutor.execute(TestSuiteExecutor.java:106)
	at com.kms.katalon.core.main.TestCaseMain.startTestSuite(TestCaseMain.java:187)
	at com.kms.katalon.core.main.TestCaseMain$startTestSuite$0.call(Unknown Source)
	at TempTestSuite1692184216314.run(TempTestSuite1692184216314.groovy:36)
Caused by: com.kms.katalon.core.exception.StepFailedException: Text 'VC Smart' is not present on page 
	at com.kms.katalon.core.webui.keyword.internal.WebUIKeywordMain.stepFailed(WebUIKeywordMain.groovy:64)
	at com.kms.katalon.core.webui.keyword.builtin.VerifyTextPresentKeyword$_verifyTextPresent_closure1.doCall(VerifyTextPresentKeyword.groovy:79)
	at com.kms.katalon.core.webui.keyword.builtin.VerifyTextPresentKeyword$_verifyTextPresent_closure1.call(VerifyTextPresentKeyword.groovy)
	at com.kms.katalon.core.webui.keyword.internal.WebUIKeywordMain.runKeyword(WebUIKeywordMain.groovy:20)
	... 19 more]]></system-out>
      <system-err><![CDATA[2023-08-16 16:40:19 - [TEST_SUITE][FAILED] - TS_001_VC_Smart_Login_Feature: Test Cases/TC_003_Verify login with multiple user FAILED.
Reason:
com.kms.katalon.core.exception.StepFailedException: Unable to verify text 'VC Smart' is present 
	at com.kms.katalon.core.webui.keyword.internal.WebUIKeywordMain.stepFailed(WebUIKeywordMain.groovy:64)
	at com.kms.katalon.core.webui.keyword.internal.WebUIKeywordMain.runKeyword(WebUIKeywordMain.groovy:26)
	at com.kms.katalon.core.webui.keyword.builtin.VerifyTextPresentKeyword.verifyTextPresent(VerifyTextPresentKeyword.groovy:83)
	at com.kms.katalon.core.webui.keyword.builtin.VerifyTextPresentKeyword.execute(VerifyTextPresentKeyword.groovy:68)
	at com.kms.katalon.core.keyword.internal.KeywordExecutor.executeKeywordForPlatform(KeywordExecutor.groovy:74)
	at com.kms.katalon.core.webui.keyword.WebUiBuiltInKeywords.verifyTextPresent(WebUiBuiltInKeywords.groovy:1723)
	at com.kms.katalon.core.webui.keyword.WebUiBuiltInKeywords$verifyTextPresent$3.call(Unknown Source)
	at TC_003_Verify login with multiple user.run(TC_003_Verify login with multiple user:36)
	at com.kms.katalon.core.main.ScriptEngine.run(ScriptEngine.java:194)
	at com.kms.katalon.core.main.ScriptEngine.runScriptAsRawText(ScriptEngine.java:119)
	at com.kms.katalon.core.main.TestCaseExecutor.runScript(TestCaseExecutor.java:448)
	at com.kms.katalon.core.main.TestCaseExecutor.doExecute(TestCaseExecutor.java:439)
	at com.kms.katalon.core.main.TestCaseExecutor.processExecutionPhase(TestCaseExecutor.java:418)
	at com.kms.katalon.core.main.TestCaseExecutor.accessMainPhase(TestCaseExecutor.java:410)
	at com.kms.katalon.core.main.TestCaseExecutor.execute(TestCaseExecutor.java:285)
	at com.kms.katalon.core.common.CommonExecutor.accessTestCaseMainPhase(CommonExecutor.java:65)
	at com.kms.katalon.core.main.TestSuiteExecutor.accessTestSuiteMainPhase(TestSuiteExecutor.java:148)
	at com.kms.katalon.core.main.TestSuiteExecutor.execute(TestSuiteExecutor.java:106)
	at com.kms.katalon.core.main.TestCaseMain.startTestSuite(TestCaseMain.java:187)
	at com.kms.katalon.core.main.TestCaseMain$startTestSuite$0.call(Unknown Source)
	at TempTestSuite1692184216314.run(TempTestSuite1692184216314.groovy:36)
Caused by: com.kms.katalon.core.exception.StepFailedException: Text 'VC Smart' is not present on page 
	at com.kms.katalon.core.webui.keyword.internal.WebUIKeywordMain.stepFailed(WebUIKeywordMain.groovy:64)
	at com.kms.katalon.core.webui.keyword.builtin.VerifyTextPresentKeyword$_verifyTextPresent_closure1.doCall(VerifyTextPresentKeyword.groovy:79)
	at com.kms.katalon.core.webui.keyword.builtin.VerifyTextPresentKeyword$_verifyTextPresent_closure1.call(VerifyTextPresentKeyword.groovy)
	at com.kms.katalon.core.webui.keyword.internal.WebUIKeywordMain.runKeyword(WebUIKeywordMain.groovy:20)
	... 19 more]]></system-err>
   </testsuite>
</testsuites>
