<?xml version="1.0" encoding="UTF-8"?>
<testsuites name="TS_01_FMS_Smart_Web app_Sanity" time="398.597" tests="7" failures="2" errors="0">
   <testsuite name="TS_01_FMS_Smart_Web app_Sanity" tests="7" failures="2" errors="0" time="398.597" skipped="0" timestamp="2023-08-09 21:36:58" hostname="DESKTOP-21ATSCV$ - DESKTOP-21ATSCV" id="Test Suites/TS_002_FMS_Smart_web application/TS_01_FMS_Smart_Web app_Sanity">
      <properties>
         <property name="deviceName" value=""/>
         <property name="devicePlatform" value=""/>
         <property name="logFolder" value="C:\\Users\\windows 10\\git\\NewRepository\\KatalonGit\\Reports\\20230809_213644\\TS_002_FMS_Smart_web application\\TS_01_FMS_Smart_Web app_Sanity\\20230809_213654"/>
         <property name="logFiles" value="C:\\Users\\windows 10\\git\\NewRepository\\KatalonGit\\Reports\\20230809_213644\\TS_002_FMS_Smart_web application\\TS_01_FMS_Smart_Web app_Sanity\\20230809_213654\\execution0.log"/>
         <property name="attachments" value="C:\\Users\\windows 10\\git\\NewRepository\\KatalonGit\\Reports\\20230809_213644\\TS_002_FMS_Smart_web application\\TS_01_FMS_Smart_Web app_Sanity\\20230809_213654\\1691597364693.png, C:\\Users\\windows 10\\git\\NewRepository\\KatalonGit\\Reports\\20230809_213644\\TS_002_FMS_Smart_web application\\TS_01_FMS_Smart_Web app_Sanity\\20230809_213654\\1691597616501.png"/>
         <property name="hostName" value="DESKTOP-21ATSCV$ - DESKTOP-21ATSCV"/>
         <property name="os" value="Windows 10 64bit"/>
         <property name="katalonVersion" value="8.6.5.208"/>
         <property name="browser" value="Chrome 115.0.0.0"/>
         <property name="hostAddress" value="192.168.1.102"/>
         <property name="sessionId" value="9d411510a704e4a9b15d722d2ba2b84d"/>
         <property name="seleniumVersion" value="3.141.59"/>
         <property name="proxyInformation" value="ProxyInformation { proxyOption=NO_PROXY, proxyServerType=HTTP, username=, password=********, proxyServerAddress=, proxyServerPort=0, executionList=&quot;&quot;, isApplyToDesiredCapabilities=true }"/>
         <property name="platform" value="Windows 10"/>
      </properties>
      <testcase name="Test Cases/TC_007_FMS_Smart_Verify Login feature" time="21.827" classname="Test Cases/TC_007_FMS_Smart_Verify Login feature" status="PASSED">
         <system-out><![CDATA[2023-08-09 21:36:58 - [TEST_CASE][PASSED] - Test Cases/TC_007_FMS_Smart_Verify Login feature: Test Cases/TC_007_FMS_Smart_Verify Login feature

2023-08-09 21:36:59 - [TEST_STEP][PASSED] - openBrowser(url): Browser is opened with url: 'https://ioclfmssmart.tmsitrimble.in/FMSSmartApp/#/login'

2023-08-09 21:36:59 - [MESSAGE][INFO] - Starting 'Chrome' driver

2023-08-09 21:36:59 - [MESSAGE][INFO] - Action delay is set to 0 milliseconds

2023-08-09 21:37:06 - [MESSAGE][PASSED] - Browser is opened with url: 'https://ioclfmssmart.tmsitrimble.in/FMSSmartApp/#/login'

2023-08-09 21:37:06 - [TEST_STEP][PASSED] - maximizeWindow(): Current window maximized

2023-08-09 21:37:06 - [MESSAGE][PASSED] - Current window maximized

2023-08-09 21:37:06 - [TEST_STEP][PASSED] - delay(3): Delayed 3 second(s)

2023-08-09 21:37:09 - [MESSAGE][PASSED] - Delayed 3 second(s)

2023-08-09 21:37:09 - [TEST_STEP][PASSED] - click(findTestObject("OB_005_Login screen_fms smart/login screen/username")): Object: 'Object Repository/OB_005_Login screen_fms smart/login screen/username' is clicked on

2023-08-09 21:37:10 - [MESSAGE][PASSED] - Object: 'Object Repository/OB_005_Login screen_fms smart/login screen/username' is clicked on

2023-08-09 21:37:10 - [TEST_STEP][PASSED] - setText(findTestObject("OB_005_Login screen_fms smart/login screen/username"), username): Text '11038331' is set on object 'Object Repository/OB_005_Login screen_fms smart/login screen/username'

2023-08-09 21:37:11 - [MESSAGE][PASSED] - Text '11038331' is set on object 'Object Repository/OB_005_Login screen_fms smart/login screen/username'

2023-08-09 21:37:11 - [TEST_STEP][PASSED] - click(findTestObject("OB_005_Login screen_fms smart/login screen/Password")): Object: 'Object Repository/OB_005_Login screen_fms smart/login screen/Password' is clicked on

2023-08-09 21:37:11 - [MESSAGE][PASSED] - Object: 'Object Repository/OB_005_Login screen_fms smart/login screen/Password' is clicked on

2023-08-09 21:37:11 - [TEST_STEP][PASSED] - setText(findTestObject("OB_005_Login screen_fms smart/login screen/Password"), password): Text 'Nr@747900' is set on object 'Object Repository/OB_005_Login screen_fms smart/login screen/Password'

2023-08-09 21:37:12 - [MESSAGE][PASSED] - Text 'Nr@747900' is set on object 'Object Repository/OB_005_Login screen_fms smart/login screen/Password'

2023-08-09 21:37:12 - [TEST_STEP][PASSED] - click(findTestObject("OB_005_Login screen_fms smart/login screen/button_Sign in")): Object: 'Object Repository/OB_005_Login screen_fms smart/login screen/button_Sign in' is clicked on

2023-08-09 21:37:13 - [MESSAGE][PASSED] - Object: 'Object Repository/OB_005_Login screen_fms smart/login screen/button_Sign in' is clicked on

2023-08-09 21:37:13 - [TEST_STEP][PASSED] - delay(6): Delayed 6 second(s)

2023-08-09 21:37:19 - [MESSAGE][PASSED] - Delayed 6 second(s)

2023-08-09 21:37:19 - [TEST_STEP][PASSED] - click(findTestObject("OB_005_Login screen_fms smart/login screen/button_ACCEPT AND CLOSE")): Object: 'Object Repository/OB_005_Login screen_fms smart/login screen/button_ACCEPT AND CLOSE' is clicked on

2023-08-09 21:37:19 - [MESSAGE][PASSED] - Object: 'Object Repository/OB_005_Login screen_fms smart/login screen/button_ACCEPT AND CLOSE' is clicked on

2023-08-09 21:37:19 - [TEST_STEP][PASSED] - verifyTextPresent("FMS Smart", false): Text 'FMS Smart' is present on page 

2023-08-09 21:37:20 - [MESSAGE][PASSED] - Text 'FMS Smart' is present on page]]></system-out>
         <system-err><![CDATA[]]></system-err>
      </testcase>
      <testcase name="Test Cases/TC_008_FMS_Smart_All Vehicles" time="65.691" classname="Test Cases/TC_008_FMS_Smart_All Vehicles" status="PASSED">
         <system-out><![CDATA[2023-08-09 21:37:20 - [TEST_CASE][PASSED] - Test Cases/TC_008_FMS_Smart_All Vehicles: Test Cases/TC_008_FMS_Smart_All Vehicles

2023-08-09 21:37:20 - [TEST_STEP][PASSED] - callTestCase(findTestCase("TC_007_FMS_Smart_Verify Login feature"), ["url":"https://ioclfmssmart.tmsitrimble.in/FMSSmartApp/#/login", "username":"11038331", "password":"Nr@747900"], STOP_ON_FAILURE): Call Test Case 'Test Cases/TC_007_FMS_Smart_Verify Login feature' successfully

2023-08-09 21:37:20 - [TEST_CASE][PASSED] - Test Cases/TC_007_FMS_Smart_Verify Login feature: Test Cases/TC_007_FMS_Smart_Verify Login feature

2023-08-09 21:37:20 - [TEST_STEP][PASSED] - openBrowser(url): Browser is opened with url: 'https://ioclfmssmart.tmsitrimble.in/FMSSmartApp/#/login'

2023-08-09 21:37:20 - [MESSAGE][WARNING] - A browser is already opened. Closing browser and opening a new one

2023-08-09 21:37:21 - [MESSAGE][INFO] - Starting 'Chrome' driver

2023-08-09 21:37:21 - [MESSAGE][INFO] - Action delay is set to 0 milliseconds

2023-08-09 21:37:27 - [MESSAGE][PASSED] - Browser is opened with url: 'https://ioclfmssmart.tmsitrimble.in/FMSSmartApp/#/login'

2023-08-09 21:37:27 - [TEST_STEP][PASSED] - maximizeWindow(): Current window maximized

2023-08-09 21:37:27 - [MESSAGE][PASSED] - Current window maximized

2023-08-09 21:37:27 - [TEST_STEP][PASSED] - delay(3): Delayed 3 second(s)

2023-08-09 21:37:30 - [MESSAGE][PASSED] - Delayed 3 second(s)

2023-08-09 21:37:30 - [TEST_STEP][PASSED] - click(findTestObject("OB_005_Login screen_fms smart/login screen/username")): Object: 'Object Repository/OB_005_Login screen_fms smart/login screen/username' is clicked on

2023-08-09 21:37:30 - [MESSAGE][PASSED] - Object: 'Object Repository/OB_005_Login screen_fms smart/login screen/username' is clicked on

2023-08-09 21:37:30 - [TEST_STEP][PASSED] - setText(findTestObject("OB_005_Login screen_fms smart/login screen/username"), username): Text '11038331' is set on object 'Object Repository/OB_005_Login screen_fms smart/login screen/username'

2023-08-09 21:37:31 - [MESSAGE][PASSED] - Text '11038331' is set on object 'Object Repository/OB_005_Login screen_fms smart/login screen/username'

2023-08-09 21:37:31 - [TEST_STEP][PASSED] - click(findTestObject("OB_005_Login screen_fms smart/login screen/Password")): Object: 'Object Repository/OB_005_Login screen_fms smart/login screen/Password' is clicked on

2023-08-09 21:37:31 - [MESSAGE][PASSED] - Object: 'Object Repository/OB_005_Login screen_fms smart/login screen/Password' is clicked on

2023-08-09 21:37:31 - [TEST_STEP][PASSED] - setText(findTestObject("OB_005_Login screen_fms smart/login screen/Password"), password): Text 'Nr@747900' is set on object 'Object Repository/OB_005_Login screen_fms smart/login screen/Password'

2023-08-09 21:37:32 - [MESSAGE][PASSED] - Text 'Nr@747900' is set on object 'Object Repository/OB_005_Login screen_fms smart/login screen/Password'

2023-08-09 21:37:32 - [TEST_STEP][PASSED] - click(findTestObject("OB_005_Login screen_fms smart/login screen/button_Sign in")): Object: 'Object Repository/OB_005_Login screen_fms smart/login screen/button_Sign in' is clicked on

2023-08-09 21:37:33 - [MESSAGE][PASSED] - Object: 'Object Repository/OB_005_Login screen_fms smart/login screen/button_Sign in' is clicked on

2023-08-09 21:37:33 - [TEST_STEP][PASSED] - delay(6): Delayed 6 second(s)

2023-08-09 21:37:39 - [MESSAGE][PASSED] - Delayed 6 second(s)

2023-08-09 21:37:39 - [TEST_STEP][PASSED] - click(findTestObject("OB_005_Login screen_fms smart/login screen/button_ACCEPT AND CLOSE")): Object: 'Object Repository/OB_005_Login screen_fms smart/login screen/button_ACCEPT AND CLOSE' is clicked on

2023-08-09 21:37:39 - [MESSAGE][PASSED] - Object: 'Object Repository/OB_005_Login screen_fms smart/login screen/button_ACCEPT AND CLOSE' is clicked on

2023-08-09 21:37:39 - [TEST_STEP][PASSED] - verifyTextPresent("FMS Smart", false): Text 'FMS Smart' is present on page 

2023-08-09 21:37:40 - [MESSAGE][PASSED] - Text 'FMS Smart' is present on page 

2023-08-09 21:37:40 - [MESSAGE][PASSED] - Call Test Case 'Test Cases/TC_007_FMS_Smart_Verify Login feature' successfully

2023-08-09 21:37:40 - [TEST_STEP][PASSED] - click(findTestObject("OB_006_Dashbaord_Grid view feature 1/Page_FMS Smart/All Vehicle BOX")): Object: 'Object Repository/OB_006_Dashbaord_Grid view feature 1/Page_FMS Smart/All Vehicle BOX' is clicked on

2023-08-09 21:37:40 - [MESSAGE][PASSED] - Object: 'Object Repository/OB_006_Dashbaord_Grid view feature 1/Page_FMS Smart/All Vehicle BOX' is clicked on

2023-08-09 21:37:40 - [TEST_STEP][PASSED] - delay(3): Delayed 3 second(s)

2023-08-09 21:37:43 - [MESSAGE][PASSED] - Delayed 3 second(s)

2023-08-09 21:37:43 - [TEST_STEP][PASSED] - click(findTestObject("OB_006_Dashbaord_Grid view feature 1/Page_FMS Smart/button_Grid view")): Object: 'Object Repository/OB_006_Dashbaord_Grid view feature 1/Page_FMS Smart/button_Grid view' is clicked on

2023-08-09 21:37:44 - [MESSAGE][PASSED] - Object: 'Object Repository/OB_006_Dashbaord_Grid view feature 1/Page_FMS Smart/button_Grid view' is clicked on

2023-08-09 21:37:44 - [TEST_STEP][PASSED] - click(findTestObject("OB_006_Dashbaord_Grid view feature 1/Page_FMS Smart/Close Grid view")): Object: 'Object Repository/OB_006_Dashbaord_Grid view feature 1/Page_FMS Smart/Close Grid view' is clicked on

2023-08-09 21:37:47 - [MESSAGE][PASSED] - Object: 'Object Repository/OB_006_Dashbaord_Grid view feature 1/Page_FMS Smart/Close Grid view' is clicked on

2023-08-09 21:37:47 - [TEST_STEP][PASSED] - delay(5): Delayed 5 second(s)

2023-08-09 21:37:52 - [MESSAGE][PASSED] - Delayed 5 second(s)

2023-08-09 21:37:52 - [TEST_STEP][PASSED] - click(findTestObject("OB_006_Dashbaord_Grid view feature 1/Page_FMS Smart/All Vehicle BOX")): Object: 'Object Repository/OB_006_Dashbaord_Grid view feature 1/Page_FMS Smart/All Vehicle BOX' is clicked on

2023-08-09 21:37:53 - [MESSAGE][PASSED] - Object: 'Object Repository/OB_006_Dashbaord_Grid view feature 1/Page_FMS Smart/All Vehicle BOX' is clicked on

2023-08-09 21:37:53 - [TEST_STEP][PASSED] - click(findTestObject("OB_006_Dashbaord_Grid view feature 1/Page_FMS Smart/button_Map view")): Object: 'Object Repository/OB_006_Dashbaord_Grid view feature 1/Page_FMS Smart/button_Map view' is clicked on

2023-08-09 21:37:53 - [MESSAGE][PASSED] - Object: 'Object Repository/OB_006_Dashbaord_Grid view feature 1/Page_FMS Smart/button_Map view' is clicked on

2023-08-09 21:37:53 - [TEST_STEP][PASSED] - delay(4): Delayed 4 second(s)

2023-08-09 21:37:57 - [MESSAGE][PASSED] - Delayed 4 second(s)

2023-08-09 21:37:57 - [TEST_STEP][PASSED] - click(findTestObject("OB_006_Dashbaord_Grid view feature 1/Page_FMS Smart/Map View-Moving Vehicle")): Object: 'Object Repository/OB_006_Dashbaord_Grid view feature 1/Page_FMS Smart/Map View-Moving Vehicle' is clicked on

2023-08-09 21:37:58 - [MESSAGE][PASSED] - Object: 'Object Repository/OB_006_Dashbaord_Grid view feature 1/Page_FMS Smart/Map View-Moving Vehicle' is clicked on

2023-08-09 21:37:58 - [TEST_STEP][PASSED] - delay(3): Delayed 3 second(s)

2023-08-09 21:38:01 - [MESSAGE][PASSED] - Delayed 3 second(s)

2023-08-09 21:38:01 - [TEST_STEP][PASSED] - click(findTestObject("OB_006_Dashbaord_Grid view feature 1/Page_FMS Smart/Map Vew-Untracked vehicles")): Object: 'Object Repository/OB_006_Dashbaord_Grid view feature 1/Page_FMS Smart/Map Vew-Untracked vehicles' is clicked on

2023-08-09 21:38:02 - [MESSAGE][PASSED] - Object: 'Object Repository/OB_006_Dashbaord_Grid view feature 1/Page_FMS Smart/Map Vew-Untracked vehicles' is clicked on

2023-08-09 21:38:02 - [TEST_STEP][PASSED] - delay(3): Delayed 3 second(s)

2023-08-09 21:38:05 - [MESSAGE][PASSED] - Delayed 3 second(s)

2023-08-09 21:38:05 - [TEST_STEP][PASSED] - click(findTestObject("OB_006_Dashbaord_Grid view feature 1/Page_FMS Smart/Map View-NRD")): Object: 'Object Repository/OB_006_Dashbaord_Grid view feature 1/Page_FMS Smart/Map View-NRD' is clicked on

2023-08-09 21:38:06 - [MESSAGE][PASSED] - Object: 'Object Repository/OB_006_Dashbaord_Grid view feature 1/Page_FMS Smart/Map View-NRD' is clicked on

2023-08-09 21:38:06 - [TEST_STEP][PASSED] - delay(4): Delayed 4 second(s)

2023-08-09 21:38:10 - [MESSAGE][PASSED] - Delayed 4 second(s)

2023-08-09 21:38:10 - [TEST_STEP][PASSED] - click(findTestObject("OB_006_Dashbaord_Grid view feature 1/Page_FMS Smart/Map View-On trip vehicles")): Object: 'Object Repository/OB_006_Dashbaord_Grid view feature 1/Page_FMS Smart/Map View-On trip vehicles' is clicked on

2023-08-09 21:38:11 - [MESSAGE][PASSED] - Object: 'Object Repository/OB_006_Dashbaord_Grid view feature 1/Page_FMS Smart/Map View-On trip vehicles' is clicked on

2023-08-09 21:38:11 - [TEST_STEP][PASSED] - delay(3): Delayed 3 second(s)

2023-08-09 21:38:14 - [MESSAGE][PASSED] - Delayed 3 second(s)

2023-08-09 21:38:14 - [TEST_STEP][PASSED] - click(findTestObject("OB_006_Dashbaord_Grid view feature 1/Page_FMS Smart/Map view-Stopped vehicle")): Object: 'Object Repository/OB_006_Dashbaord_Grid view feature 1/Page_FMS Smart/Map view-Stopped vehicle' is clicked on

2023-08-09 21:38:15 - [MESSAGE][PASSED] - Object: 'Object Repository/OB_006_Dashbaord_Grid view feature 1/Page_FMS Smart/Map view-Stopped vehicle' is clicked on

2023-08-09 21:38:15 - [TEST_STEP][PASSED] - delay(2): Delayed 2 second(s)

2023-08-09 21:38:17 - [MESSAGE][PASSED] - Delayed 2 second(s)

2023-08-09 21:38:17 - [TEST_STEP][PASSED] - click(findTestObject("OB_006_Dashbaord_Grid view feature 1/Page_FMS Smart/button_View grid")): Object: 'Object Repository/OB_006_Dashbaord_Grid view feature 1/Page_FMS Smart/button_View grid' is clicked on

2023-08-09 21:38:19 - [MESSAGE][PASSED] - Object: 'Object Repository/OB_006_Dashbaord_Grid view feature 1/Page_FMS Smart/button_View grid' is clicked on

2023-08-09 21:38:19 - [TEST_STEP][PASSED] - delay(6): Delayed 6 second(s)

2023-08-09 21:38:25 - [MESSAGE][PASSED] - Delayed 6 second(s)

2023-08-09 21:38:25 - [TEST_STEP][PASSED] - click(findTestObject("OB_006_Dashbaord_Grid view feature 1/Page_FMS Smart/Close Grid view")): Object: 'Object Repository/OB_006_Dashbaord_Grid view feature 1/Page_FMS Smart/Close Grid view' is clicked on

2023-08-09 21:38:25 - [MESSAGE][PASSED] - Object: 'Object Repository/OB_006_Dashbaord_Grid view feature 1/Page_FMS Smart/Close Grid view' is clicked on]]></system-out>
         <system-err><![CDATA[]]></system-err>
      </testcase>
      <testcase name="Test Cases/TC_009_FMS_Smart_Dashabord feature 2" time="58.86" classname="Test Cases/TC_009_FMS_Smart_Dashabord feature 2" status="FAILED">
         <failure type="FAILED" message="Test Cases/TC_009_FMS_Smart_Dashabord feature 2 FAILED.
Reason:
com.kms.katalon.core.exception.StepFailedException: Unable to click on object 'Object Repository/OB_007_Dashabord Feature2/Grid view btn/Grid view-OnTrip'
	at com.kms.katalon.core.webui.keyword.internal.WebUIKeywordMain.stepFailed(WebUIKeywordMain.groovy:64)
	at com.kms.katalon.core.webui.keyword.internal.WebUIKeywordMain.runKeyword(WebUIKeywordMain.groovy:26)
	at com.kms.katalon.core.webui.keyword.builtin.ClickKeyword.click(ClickKeyword.groovy:74)
	at com.kms.katalon.core.webui.keyword.builtin.ClickKeyword.execute(ClickKeyword.groovy:40)
	at com.kms.katalon.core.keyword.internal.KeywordExecutor.executeKeywordForPlatform(KeywordExecutor.groovy:74)
	at com.kms.katalon.core.webui.keyword.WebUiBuiltInKeywords.click(WebUiBuiltInKeywords.groovy:620)
	at com.kms.katalon.core.webui.keyword.WebUiBuiltInKeywords$click$1.call(Unknown Source)
	at TC_009_FMS_Smart_Dashabord feature 2.run(TC_009_FMS_Smart_Dashabord feature 2:77)
	at com.kms.katalon.core.main.ScriptEngine.run(ScriptEngine.java:194)
	at com.kms.katalon.core.main.ScriptEngine.runScriptAsRawText(ScriptEngine.java:119)
	at com.kms.katalon.core.main.TestCaseExecutor.runScript(TestCaseExecutor.java:448)
	at com.kms.katalon.core.main.TestCaseExecutor.doExecute(TestCaseExecutor.java:439)
	at com.kms.katalon.core.main.TestCaseExecutor.processExecutionPhase(TestCaseExecutor.java:418)
	at com.kms.katalon.core.main.TestCaseExecutor.accessMainPhase(TestCaseExecutor.java:410)
	at com.kms.katalon.core.main.TestCaseExecutor.execute(TestCaseExecutor.java:285)
	at com.kms.katalon.core.common.CommonExecutor.accessTestCaseMainPhase(CommonExecutor.java:65)
	at com.kms.katalon.core.main.TestSuiteExecutor.accessTestSuiteMainPhase(TestSuiteExecutor.java:148)
	at com.kms.katalon.core.main.TestSuiteExecutor.execute(TestSuiteExecutor.java:106)
	at com.kms.katalon.core.main.TestCaseMain.startTestSuite(TestCaseMain.java:187)
	at com.kms.katalon.core.main.TestCaseMain$startTestSuite$0.call(Unknown Source)
	at TempTestSuite1691597214045.run(TempTestSuite1691597214045.groovy:36)
Caused by: org.openqa.selenium.ElementNotInteractableException: element not interactable
  (Session info: chrome=115.0.5790.111)
Build info: version: '3.141.59', revision: 'e82be7d358', time: '2018-11-14T08:25:53'
System info: host: 'DESKTOP-21ATSCV', ip: '192.168.1.102', os.name: 'Windows 10', os.arch: 'amd64', os.version: '10.0', java.version: '1.8.0_362'
Driver info: com.kms.katalon.selenium.driver.CChromeDriver
Capabilities {acceptInsecureCerts: false, browserName: chrome, browserVersion: 115.0.5790.111, chrome: {chromedriverVersion: 114.0.5735.90 (386bc09e8f4f..., userDataDir: C:\Windows\SystemTemp\scope...}, goog:chromeOptions: {debuggerAddress: localhost:64653}, javascriptEnabled: true, networkConnectionEnabled: false, pageLoadStrategy: normal, platform: WINDOWS, platformName: WINDOWS, proxy: Proxy(), setWindowRect: true, strictFileInteractability: false, timeouts: {implicit: 0, pageLoad: 300000, script: 30000}, unhandledPromptBehavior: dismiss and notify, webauthn:extension:credBlob: true, webauthn:extension:largeBlob: true, webauthn:extension:minPinLength: true, webauthn:extension:prf: true, webauthn:virtualAuthenticators: true}
Session ID: 1b17496241ed8c3a3c9a3e5af56711a8
	at org.openqa.selenium.remote.http.W3CHttpResponseCodec.createException(W3CHttpResponseCodec.java:187)
	at org.openqa.selenium.remote.http.W3CHttpResponseCodec.decode(W3CHttpResponseCodec.java:122)
	at org.openqa.selenium.remote.http.W3CHttpResponseCodec.decode(W3CHttpResponseCodec.java:49)
	at org.openqa.selenium.remote.HttpCommandExecutor.execute(HttpCommandExecutor.java:158)
	at org.openqa.selenium.remote.service.DriverCommandExecutor.execute(DriverCommandExecutor.java:83)
	at org.openqa.selenium.remote.RemoteWebDriver.execute(RemoteWebDriver.java:552)
	at com.kms.katalon.selenium.driver.CChromeDriver.execute(CChromeDriver.java:19)
	at org.openqa.selenium.remote.RemoteWebElement.execute(RemoteWebElement.java:285)
	at org.openqa.selenium.remote.RemoteWebElement.click(RemoteWebElement.java:84)
	at org.openqa.selenium.support.events.EventFiringWebDriver$EventFiringWebElement.lambda$new$0(EventFiringWebDriver.java:404)
	at com.sun.proxy.$Proxy11.click(Unknown Source)
	at org.openqa.selenium.support.events.EventFiringWebDriver$EventFiringWebElement.click(EventFiringWebDriver.java:417)
	at org.openqa.selenium.WebElement$click.call(Unknown Source)
	at com.kms.katalon.core.webui.keyword.builtin.ClickKeyword.clickUntilSuccessWithTimeout(ClickKeyword.groovy:81)
	at com.kms.katalon.core.webui.keyword.builtin.ClickKeyword.clickUntilSuccessWithTimeout(ClickKeyword.groovy)
	at com.kms.katalon.core.webui.keyword.builtin.ClickKeyword$_click_closure1.doCall(ClickKeyword.groovy:67)
	at com.kms.katalon.core.webui.keyword.builtin.ClickKeyword$_click_closure1.call(ClickKeyword.groovy)
	at com.kms.katalon.core.webui.keyword.internal.WebUIKeywordMain.runKeyword(WebUIKeywordMain.groovy:20)
	... 19 more
"/>
         <system-out><![CDATA[2023-08-09 21:38:25 - [TEST_CASE][FAILED] - Test Cases/TC_009_FMS_Smart_Dashabord feature 2: Test Cases/TC_009_FMS_Smart_Dashabord feature 2 FAILED.
Reason:
com.kms.katalon.core.exception.StepFailedException: Unable to click on object 'Object Repository/OB_007_Dashabord Feature2/Grid view btn/Grid view-OnTrip'
	at com.kms.katalon.core.webui.keyword.internal.WebUIKeywordMain.stepFailed(WebUIKeywordMain.groovy:64)
	at com.kms.katalon.core.webui.keyword.internal.WebUIKeywordMain.runKeyword(WebUIKeywordMain.groovy:26)
	at com.kms.katalon.core.webui.keyword.builtin.ClickKeyword.click(ClickKeyword.groovy:74)
	at com.kms.katalon.core.webui.keyword.builtin.ClickKeyword.execute(ClickKeyword.groovy:40)
	at com.kms.katalon.core.keyword.internal.KeywordExecutor.executeKeywordForPlatform(KeywordExecutor.groovy:74)
	at com.kms.katalon.core.webui.keyword.WebUiBuiltInKeywords.click(WebUiBuiltInKeywords.groovy:620)
	at com.kms.katalon.core.webui.keyword.WebUiBuiltInKeywords$click$1.call(Unknown Source)
	at TC_009_FMS_Smart_Dashabord feature 2.run(TC_009_FMS_Smart_Dashabord feature 2:77)
	at com.kms.katalon.core.main.ScriptEngine.run(ScriptEngine.java:194)
	at com.kms.katalon.core.main.ScriptEngine.runScriptAsRawText(ScriptEngine.java:119)
	at com.kms.katalon.core.main.TestCaseExecutor.runScript(TestCaseExecutor.java:448)
	at com.kms.katalon.core.main.TestCaseExecutor.doExecute(TestCaseExecutor.java:439)
	at com.kms.katalon.core.main.TestCaseExecutor.processExecutionPhase(TestCaseExecutor.java:418)
	at com.kms.katalon.core.main.TestCaseExecutor.accessMainPhase(TestCaseExecutor.java:410)
	at com.kms.katalon.core.main.TestCaseExecutor.execute(TestCaseExecutor.java:285)
	at com.kms.katalon.core.common.CommonExecutor.accessTestCaseMainPhase(CommonExecutor.java:65)
	at com.kms.katalon.core.main.TestSuiteExecutor.accessTestSuiteMainPhase(TestSuiteExecutor.java:148)
	at com.kms.katalon.core.main.TestSuiteExecutor.execute(TestSuiteExecutor.java:106)
	at com.kms.katalon.core.main.TestCaseMain.startTestSuite(TestCaseMain.java:187)
	at com.kms.katalon.core.main.TestCaseMain$startTestSuite$0.call(Unknown Source)
	at TempTestSuite1691597214045.run(TempTestSuite1691597214045.groovy:36)
Caused by: org.openqa.selenium.ElementNotInteractableException: element not interactable
  (Session info: chrome=115.0.5790.111)
Build info: version: '3.141.59', revision: 'e82be7d358', time: '2018-11-14T08:25:53'
System info: host: 'DESKTOP-21ATSCV', ip: '192.168.1.102', os.name: 'Windows 10', os.arch: 'amd64', os.version: '10.0', java.version: '1.8.0_362'
Driver info: com.kms.katalon.selenium.driver.CChromeDriver
Capabilities {acceptInsecureCerts: false, browserName: chrome, browserVersion: 115.0.5790.111, chrome: {chromedriverVersion: 114.0.5735.90 (386bc09e8f4f..., userDataDir: C:\Windows\SystemTemp\scope...}, goog:chromeOptions: {debuggerAddress: localhost:64653}, javascriptEnabled: true, networkConnectionEnabled: false, pageLoadStrategy: normal, platform: WINDOWS, platformName: WINDOWS, proxy: Proxy(), setWindowRect: true, strictFileInteractability: false, timeouts: {implicit: 0, pageLoad: 300000, script: 30000}, unhandledPromptBehavior: dismiss and notify, webauthn:extension:credBlob: true, webauthn:extension:largeBlob: true, webauthn:extension:minPinLength: true, webauthn:extension:prf: true, webauthn:virtualAuthenticators: true}
Session ID: 1b17496241ed8c3a3c9a3e5af56711a8
	at org.openqa.selenium.remote.http.W3CHttpResponseCodec.createException(W3CHttpResponseCodec.java:187)
	at org.openqa.selenium.remote.http.W3CHttpResponseCodec.decode(W3CHttpResponseCodec.java:122)
	at org.openqa.selenium.remote.http.W3CHttpResponseCodec.decode(W3CHttpResponseCodec.java:49)
	at org.openqa.selenium.remote.HttpCommandExecutor.execute(HttpCommandExecutor.java:158)
	at org.openqa.selenium.remote.service.DriverCommandExecutor.execute(DriverCommandExecutor.java:83)
	at org.openqa.selenium.remote.RemoteWebDriver.execute(RemoteWebDriver.java:552)
	at com.kms.katalon.selenium.driver.CChromeDriver.execute(CChromeDriver.java:19)
	at org.openqa.selenium.remote.RemoteWebElement.execute(RemoteWebElement.java:285)
	at org.openqa.selenium.remote.RemoteWebElement.click(RemoteWebElement.java:84)
	at org.openqa.selenium.support.events.EventFiringWebDriver$EventFiringWebElement.lambda$new$0(EventFiringWebDriver.java:404)
	at com.sun.proxy.$Proxy11.click(Unknown Source)
	at org.openqa.selenium.support.events.EventFiringWebDriver$EventFiringWebElement.click(EventFiringWebDriver.java:417)
	at org.openqa.selenium.WebElement$click.call(Unknown Source)
	at com.kms.katalon.core.webui.keyword.builtin.ClickKeyword.clickUntilSuccessWithTimeout(ClickKeyword.groovy:81)
	at com.kms.katalon.core.webui.keyword.builtin.ClickKeyword.clickUntilSuccessWithTimeout(ClickKeyword.groovy)
	at com.kms.katalon.core.webui.keyword.builtin.ClickKeyword$_click_closure1.doCall(ClickKeyword.groovy:67)
	at com.kms.katalon.core.webui.keyword.builtin.ClickKeyword$_click_closure1.call(ClickKeyword.groovy)
	at com.kms.katalon.core.webui.keyword.internal.WebUIKeywordMain.runKeyword(WebUIKeywordMain.groovy:20)
	... 19 more


2023-08-09 21:38:26 - [TEST_STEP][PASSED] - callTestCase(findTestCase("TC_007_FMS_Smart_Verify Login feature"), ["url":"https://ioclfmssmart.tmsitrimble.in/FMSSmartApp/#/login", "username":"11038331", "password":"Nr@747900"], STOP_ON_FAILURE): Call Test Case 'Test Cases/TC_007_FMS_Smart_Verify Login feature' successfully

2023-08-09 21:38:26 - [TEST_CASE][PASSED] - Test Cases/TC_007_FMS_Smart_Verify Login feature: Test Cases/TC_007_FMS_Smart_Verify Login feature

2023-08-09 21:38:26 - [TEST_STEP][PASSED] - openBrowser(url): Browser is opened with url: 'https://ioclfmssmart.tmsitrimble.in/FMSSmartApp/#/login'

2023-08-09 21:38:26 - [MESSAGE][WARNING] - A browser is already opened. Closing browser and opening a new one

2023-08-09 21:38:27 - [MESSAGE][INFO] - Starting 'Chrome' driver

2023-08-09 21:38:27 - [MESSAGE][INFO] - Action delay is set to 0 milliseconds

2023-08-09 21:38:33 - [MESSAGE][PASSED] - Browser is opened with url: 'https://ioclfmssmart.tmsitrimble.in/FMSSmartApp/#/login'

2023-08-09 21:38:33 - [TEST_STEP][PASSED] - maximizeWindow(): Current window maximized

2023-08-09 21:38:33 - [MESSAGE][PASSED] - Current window maximized

2023-08-09 21:38:33 - [TEST_STEP][PASSED] - delay(3): Delayed 3 second(s)

2023-08-09 21:38:36 - [MESSAGE][PASSED] - Delayed 3 second(s)

2023-08-09 21:38:36 - [TEST_STEP][PASSED] - click(findTestObject("OB_005_Login screen_fms smart/login screen/username")): Object: 'Object Repository/OB_005_Login screen_fms smart/login screen/username' is clicked on

2023-08-09 21:38:36 - [MESSAGE][PASSED] - Object: 'Object Repository/OB_005_Login screen_fms smart/login screen/username' is clicked on

2023-08-09 21:38:36 - [TEST_STEP][PASSED] - setText(findTestObject("OB_005_Login screen_fms smart/login screen/username"), username): Text '11038331' is set on object 'Object Repository/OB_005_Login screen_fms smart/login screen/username'

2023-08-09 21:38:37 - [MESSAGE][PASSED] - Text '11038331' is set on object 'Object Repository/OB_005_Login screen_fms smart/login screen/username'

2023-08-09 21:38:37 - [TEST_STEP][PASSED] - click(findTestObject("OB_005_Login screen_fms smart/login screen/Password")): Object: 'Object Repository/OB_005_Login screen_fms smart/login screen/Password' is clicked on

2023-08-09 21:38:38 - [MESSAGE][PASSED] - Object: 'Object Repository/OB_005_Login screen_fms smart/login screen/Password' is clicked on

2023-08-09 21:38:38 - [TEST_STEP][PASSED] - setText(findTestObject("OB_005_Login screen_fms smart/login screen/Password"), password): Text 'Nr@747900' is set on object 'Object Repository/OB_005_Login screen_fms smart/login screen/Password'

2023-08-09 21:38:38 - [MESSAGE][PASSED] - Text 'Nr@747900' is set on object 'Object Repository/OB_005_Login screen_fms smart/login screen/Password'

2023-08-09 21:38:38 - [TEST_STEP][PASSED] - click(findTestObject("OB_005_Login screen_fms smart/login screen/button_Sign in")): Object: 'Object Repository/OB_005_Login screen_fms smart/login screen/button_Sign in' is clicked on

2023-08-09 21:38:39 - [MESSAGE][PASSED] - Object: 'Object Repository/OB_005_Login screen_fms smart/login screen/button_Sign in' is clicked on

2023-08-09 21:38:39 - [TEST_STEP][PASSED] - delay(6): Delayed 6 second(s)

2023-08-09 21:38:45 - [MESSAGE][PASSED] - Delayed 6 second(s)

2023-08-09 21:38:45 - [TEST_STEP][PASSED] - click(findTestObject("OB_005_Login screen_fms smart/login screen/button_ACCEPT AND CLOSE")): Object: 'Object Repository/OB_005_Login screen_fms smart/login screen/button_ACCEPT AND CLOSE' is clicked on

2023-08-09 21:38:45 - [MESSAGE][PASSED] - Object: 'Object Repository/OB_005_Login screen_fms smart/login screen/button_ACCEPT AND CLOSE' is clicked on

2023-08-09 21:38:45 - [TEST_STEP][PASSED] - verifyTextPresent("FMS Smart", false): Text 'FMS Smart' is present on page 

2023-08-09 21:38:46 - [MESSAGE][PASSED] - Text 'FMS Smart' is present on page 

2023-08-09 21:38:46 - [MESSAGE][PASSED] - Call Test Case 'Test Cases/TC_007_FMS_Smart_Verify Login feature' successfully

2023-08-09 21:38:46 - [TEST_STEP][PASSED] - delay(3): Delayed 3 second(s)

2023-08-09 21:38:49 - [MESSAGE][PASSED] - Delayed 3 second(s)

2023-08-09 21:38:49 - [TEST_STEP][PASSED] - click(findTestObject("OB_007_Dashabord Feature2/Dashboard feature/Moving VehicleBOX")): Object: 'Object Repository/OB_007_Dashabord Feature2/Dashboard feature/Moving VehicleBOX' is clicked on

2023-08-09 21:38:50 - [MESSAGE][PASSED] - Object: 'Object Repository/OB_007_Dashabord Feature2/Dashboard feature/Moving VehicleBOX' is clicked on

2023-08-09 21:38:50 - [TEST_STEP][PASSED] - delay(2): Delayed 2 second(s)

2023-08-09 21:38:52 - [MESSAGE][PASSED] - Delayed 2 second(s)

2023-08-09 21:38:52 - [TEST_STEP][PASSED] - click(findTestObject("OB_007_Dashabord Feature2/Dashboard feature/button_Grid view")): Object: 'Object Repository/OB_007_Dashabord Feature2/Dashboard feature/button_Grid view' is clicked on

2023-08-09 21:38:52 - [MESSAGE][PASSED] - Object: 'Object Repository/OB_007_Dashabord Feature2/Dashboard feature/button_Grid view' is clicked on

2023-08-09 21:38:52 - [TEST_STEP][PASSED] - delay(2): Delayed 2 second(s)

2023-08-09 21:38:54 - [MESSAGE][PASSED] - Delayed 2 second(s)

2023-08-09 21:38:54 - [TEST_STEP][PASSED] - verifyTextPresent("Moving vehicles", false): Text 'Moving vehicles' is present on page 

2023-08-09 21:38:55 - [MESSAGE][PASSED] - Text 'Moving vehicles' is present on page 

2023-08-09 21:38:55 - [TEST_STEP][PASSED] - delay(2): Delayed 2 second(s)

2023-08-09 21:38:57 - [MESSAGE][PASSED] - Delayed 2 second(s)

2023-08-09 21:38:57 - [TEST_STEP][PASSED] - click(findTestObject("OB_007_Dashabord Feature2/Dashboard feature/CLose Grid Button")): Object: 'Object Repository/OB_007_Dashabord Feature2/Dashboard feature/CLose Grid Button' is clicked on

2023-08-09 21:38:58 - [MESSAGE][PASSED] - Object: 'Object Repository/OB_007_Dashabord Feature2/Dashboard feature/CLose Grid Button' is clicked on

2023-08-09 21:38:58 - [TEST_STEP][PASSED] - delay(2): Delayed 2 second(s)

2023-08-09 21:39:00 - [MESSAGE][PASSED] - Delayed 2 second(s)

2023-08-09 21:39:00 - [TEST_STEP][PASSED] - click(findTestObject("OB_007_Dashabord Feature2/Dashboard feature/Stopped Vehicle BOX")): Object: 'Object Repository/OB_007_Dashabord Feature2/Dashboard feature/Stopped Vehicle BOX' is clicked on

2023-08-09 21:39:00 - [MESSAGE][PASSED] - Object: 'Object Repository/OB_007_Dashabord Feature2/Dashboard feature/Stopped Vehicle BOX' is clicked on

2023-08-09 21:39:00 - [TEST_STEP][PASSED] - delay(2): Delayed 2 second(s)

2023-08-09 21:39:02 - [MESSAGE][PASSED] - Delayed 2 second(s)

2023-08-09 21:39:02 - [TEST_STEP][PASSED] - click(findTestObject("OB_007_Dashabord Feature2/Grid view btn/Grid view-StopVeh")): Object: 'Object Repository/OB_007_Dashabord Feature2/Grid view btn/Grid view-StopVeh' is clicked on

2023-08-09 21:39:03 - [MESSAGE][PASSED] - Object: 'Object Repository/OB_007_Dashabord Feature2/Grid view btn/Grid view-StopVeh' is clicked on

2023-08-09 21:39:03 - [TEST_STEP][PASSED] - delay(2): Delayed 2 second(s)

2023-08-09 21:39:05 - [MESSAGE][PASSED] - Delayed 2 second(s)

2023-08-09 21:39:05 - [TEST_STEP][PASSED] - verifyTextPresent("Stopped vehicles", false): Text 'Stopped vehicles' is present on page 

2023-08-09 21:39:06 - [MESSAGE][PASSED] - Text 'Stopped vehicles' is present on page 

2023-08-09 21:39:06 - [TEST_STEP][PASSED] - delay(2): Delayed 2 second(s)

2023-08-09 21:39:08 - [MESSAGE][PASSED] - Delayed 2 second(s)

2023-08-09 21:39:08 - [TEST_STEP][PASSED] - click(findTestObject("OB_007_Dashabord Feature2/Dashboard feature/CLose Grid Button")): Object: 'Object Repository/OB_007_Dashabord Feature2/Dashboard feature/CLose Grid Button' is clicked on

2023-08-09 21:39:09 - [MESSAGE][PASSED] - Object: 'Object Repository/OB_007_Dashabord Feature2/Dashboard feature/CLose Grid Button' is clicked on

2023-08-09 21:39:09 - [TEST_STEP][PASSED] - delay(2): Delayed 2 second(s)

2023-08-09 21:39:11 - [MESSAGE][PASSED] - Delayed 2 second(s)

2023-08-09 21:39:11 - [TEST_STEP][PASSED] - click(findTestObject("OB_007_Dashabord Feature2/Dashboard feature/NRD Box")): Object: 'Object Repository/OB_007_Dashabord Feature2/Dashboard feature/NRD Box' is clicked on

2023-08-09 21:39:11 - [MESSAGE][PASSED] - Object: 'Object Repository/OB_007_Dashabord Feature2/Dashboard feature/NRD Box' is clicked on

2023-08-09 21:39:11 - [TEST_STEP][PASSED] - delay(2): Delayed 2 second(s)

2023-08-09 21:39:13 - [MESSAGE][PASSED] - Delayed 2 second(s)

2023-08-09 21:39:13 - [TEST_STEP][PASSED] - click(findTestObject("OB_007_Dashabord Feature2/Grid view btn/Grid view-NRD")): Object: 'Object Repository/OB_007_Dashabord Feature2/Grid view btn/Grid view-NRD' is clicked on

2023-08-09 21:39:14 - [MESSAGE][PASSED] - Object: 'Object Repository/OB_007_Dashabord Feature2/Grid view btn/Grid view-NRD' is clicked on

2023-08-09 21:39:14 - [TEST_STEP][PASSED] - delay(2): Delayed 2 second(s)

2023-08-09 21:39:16 - [MESSAGE][PASSED] - Delayed 2 second(s)

2023-08-09 21:39:16 - [TEST_STEP][PASSED] - verifyTextPresent("NRD vehicles", false): Text 'NRD vehicles' is present on page 

2023-08-09 21:39:17 - [MESSAGE][PASSED] - Text 'NRD vehicles' is present on page 

2023-08-09 21:39:17 - [TEST_STEP][PASSED] - delay(2): Delayed 2 second(s)

2023-08-09 21:39:19 - [MESSAGE][PASSED] - Delayed 2 second(s)

2023-08-09 21:39:19 - [TEST_STEP][PASSED] - click(findTestObject("OB_007_Dashabord Feature2/Dashboard feature/CLose Grid Button")): Object: 'Object Repository/OB_007_Dashabord Feature2/Dashboard feature/CLose Grid Button' is clicked on

2023-08-09 21:39:19 - [MESSAGE][PASSED] - Object: 'Object Repository/OB_007_Dashabord Feature2/Dashboard feature/CLose Grid Button' is clicked on

2023-08-09 21:39:19 - [TEST_STEP][PASSED] - delay(2): Delayed 2 second(s)

2023-08-09 21:39:21 - [MESSAGE][PASSED] - Delayed 2 second(s)

2023-08-09 21:39:21 - [TEST_STEP][PASSED] - click(findTestObject("OB_007_Dashabord Feature2/Dashboard feature/On Trip Box")): Object: 'Object Repository/OB_007_Dashabord Feature2/Dashboard feature/On Trip Box' is clicked on

2023-08-09 21:39:22 - [MESSAGE][PASSED] - Object: 'Object Repository/OB_007_Dashabord Feature2/Dashboard feature/On Trip Box' is clicked on

2023-08-09 21:39:22 - [TEST_STEP][PASSED] - delay(2): Delayed 2 second(s)

2023-08-09 21:39:24 - [MESSAGE][PASSED] - Delayed 2 second(s)

2023-08-09 21:39:24 - [TEST_STEP][FAILED] - click(findTestObject("OB_007_Dashabord Feature2/Grid view btn/Grid view-OnTrip")): Unable to click on object 'Object Repository/OB_007_Dashabord Feature2/Grid view btn/Grid view-OnTrip' (Root cause: com.kms.katalon.core.exception.StepFailedException: Unable to click on object 'Object Repository/OB_007_Dashabord Feature2/Grid view btn/Grid view-OnTrip'
	at com.kms.katalon.core.webui.keyword.internal.WebUIKeywordMain.stepFailed(WebUIKeywordMain.groovy:64)
	at com.kms.katalon.core.webui.keyword.internal.WebUIKeywordMain.runKeyword(WebUIKeywordMain.groovy:26)
	at com.kms.katalon.core.webui.keyword.builtin.ClickKeyword.click(ClickKeyword.groovy:74)
	at com.kms.katalon.core.webui.keyword.builtin.ClickKeyword.execute(ClickKeyword.groovy:40)
	at com.kms.katalon.core.keyword.internal.KeywordExecutor.executeKeywordForPlatform(KeywordExecutor.groovy:74)
	at com.kms.katalon.core.webui.keyword.WebUiBuiltInKeywords.click(WebUiBuiltInKeywords.groovy:620)
	at com.kms.katalon.core.webui.keyword.WebUiBuiltInKeywords$click$1.call(Unknown Source)
	at TC_009_FMS_Smart_Dashabord feature 2.run(TC_009_FMS_Smart_Dashabord feature 2:77)
	at com.kms.katalon.core.main.ScriptEngine.run(ScriptEngine.java:194)
	at com.kms.katalon.core.main.ScriptEngine.runScriptAsRawText(ScriptEngine.java:119)
	at com.kms.katalon.core.main.TestCaseExecutor.runScript(TestCaseExecutor.java:448)
	at com.kms.katalon.core.main.TestCaseExecutor.doExecute(TestCaseExecutor.java:439)
	at com.kms.katalon.core.main.TestCaseExecutor.processExecutionPhase(TestCaseExecutor.java:418)
	at com.kms.katalon.core.main.TestCaseExecutor.accessMainPhase(TestCaseExecutor.java:410)
	at com.kms.katalon.core.main.TestCaseExecutor.execute(TestCaseExecutor.java:285)
	at com.kms.katalon.core.common.CommonExecutor.accessTestCaseMainPhase(CommonExecutor.java:65)
	at com.kms.katalon.core.main.TestSuiteExecutor.accessTestSuiteMainPhase(TestSuiteExecutor.java:148)
	at com.kms.katalon.core.main.TestSuiteExecutor.execute(TestSuiteExecutor.java:106)
	at com.kms.katalon.core.main.TestCaseMain.startTestSuite(TestCaseMain.java:187)
	at com.kms.katalon.core.main.TestCaseMain$startTestSuite$0.call(Unknown Source)
	at TempTestSuite1691597214045.run(TempTestSuite1691597214045.groovy:36)
Caused by: org.openqa.selenium.ElementNotInteractableException: element not interactable
  (Session info: chrome=115.0.5790.111)
Build info: version: '3.141.59', revision: 'e82be7d358', time: '2018-11-14T08:25:53'
System info: host: 'DESKTOP-21ATSCV', ip: '192.168.1.102', os.name: 'Windows 10', os.arch: 'amd64', os.version: '10.0', java.version: '1.8.0_362'
Driver info: com.kms.katalon.selenium.driver.CChromeDriver
Capabilities {acceptInsecureCerts: false, browserName: chrome, browserVersion: 115.0.5790.111, chrome: {chromedriverVersion: 114.0.5735.90 (386bc09e8f4f..., userDataDir: C:\Windows\SystemTemp\scope...}, goog:chromeOptions: {debuggerAddress: localhost:64653}, javascriptEnabled: true, networkConnectionEnabled: false, pageLoadStrategy: normal, platform: WINDOWS, platformName: WINDOWS, proxy: Proxy(), setWindowRect: true, strictFileInteractability: false, timeouts: {implicit: 0, pageLoad: 300000, script: 30000}, unhandledPromptBehavior: dismiss and notify, webauthn:extension:credBlob: true, webauthn:extension:largeBlob: true, webauthn:extension:minPinLength: true, webauthn:extension:prf: true, webauthn:virtualAuthenticators: true}
Session ID: 1b17496241ed8c3a3c9a3e5af56711a8
	at org.openqa.selenium.remote.http.W3CHttpResponseCodec.createException(W3CHttpResponseCodec.java:187)
	at org.openqa.selenium.remote.http.W3CHttpResponseCodec.decode(W3CHttpResponseCodec.java:122)
	at org.openqa.selenium.remote.http.W3CHttpResponseCodec.decode(W3CHttpResponseCodec.java:49)
	at org.openqa.selenium.remote.HttpCommandExecutor.execute(HttpCommandExecutor.java:158)
	at org.openqa.selenium.remote.service.DriverCommandExecutor.execute(DriverCommandExecutor.java:83)
	at org.openqa.selenium.remote.RemoteWebDriver.execute(RemoteWebDriver.java:552)
	at com.kms.katalon.selenium.driver.CChromeDriver.execute(CChromeDriver.java:19)
	at org.openqa.selenium.remote.RemoteWebElement.execute(RemoteWebElement.java:285)
	at org.openqa.selenium.remote.RemoteWebElement.click(RemoteWebElement.java:84)
	at org.openqa.selenium.support.events.EventFiringWebDriver$EventFiringWebElement.lambda$new$0(EventFiringWebDriver.java:404)
	at com.sun.proxy.$Proxy11.click(Unknown Source)
	at org.openqa.selenium.support.events.EventFiringWebDriver$EventFiringWebElement.click(EventFiringWebDriver.java:417)
	at org.openqa.selenium.WebElement$click.call(Unknown Source)
	at com.kms.katalon.core.webui.keyword.builtin.ClickKeyword.clickUntilSuccessWithTimeout(ClickKeyword.groovy:81)
	at com.kms.katalon.core.webui.keyword.builtin.ClickKeyword.clickUntilSuccessWithTimeout(ClickKeyword.groovy)
	at com.kms.katalon.core.webui.keyword.builtin.ClickKeyword$_click_closure1.doCall(ClickKeyword.groovy:67)
	at com.kms.katalon.core.webui.keyword.builtin.ClickKeyword$_click_closure1.call(ClickKeyword.groovy)
	at com.kms.katalon.core.webui.keyword.internal.WebUIKeywordMain.runKeyword(WebUIKeywordMain.groovy:20)
	at com.kms.katalon.core.webui.keyword.builtin.ClickKeyword.click(ClickKeyword.groovy:74)
	at com.kms.katalon.core.webui.keyword.builtin.ClickKeyword.execute(ClickKeyword.groovy:40)
	at com.kms.katalon.core.keyword.internal.KeywordExecutor.executeKeywordForPlatform(KeywordExecutor.groovy:74)
	at com.kms.katalon.core.webui.keyword.WebUiBuiltInKeywords.click(WebUiBuiltInKeywords.groovy:620)
	at com.kms.katalon.core.webui.keyword.WebUiBuiltInKeywords$click$1.call(Unknown Source)
	at Script1691056071476.run(Script1691056071476.groovy:77)
	... 13 more
)

2023-08-09 21:39:24 - [MESSAGE][FAILED] - Unable to click on object 'Object Repository/OB_007_Dashabord Feature2/Grid view btn/Grid view-OnTrip' (Root cause: com.kms.katalon.core.exception.StepFailedException: Unable to click on object 'Object Repository/OB_007_Dashabord Feature2/Grid view btn/Grid view-OnTrip'
	at com.kms.katalon.core.webui.keyword.internal.WebUIKeywordMain.stepFailed(WebUIKeywordMain.groovy:64)
	at com.kms.katalon.core.webui.keyword.internal.WebUIKeywordMain.runKeyword(WebUIKeywordMain.groovy:26)
	at com.kms.katalon.core.webui.keyword.builtin.ClickKeyword.click(ClickKeyword.groovy:74)
	at com.kms.katalon.core.webui.keyword.builtin.ClickKeyword.execute(ClickKeyword.groovy:40)
	at com.kms.katalon.core.keyword.internal.KeywordExecutor.executeKeywordForPlatform(KeywordExecutor.groovy:74)
	at com.kms.katalon.core.webui.keyword.WebUiBuiltInKeywords.click(WebUiBuiltInKeywords.groovy:620)
	at com.kms.katalon.core.webui.keyword.WebUiBuiltInKeywords$click$1.call(Unknown Source)
	at TC_009_FMS_Smart_Dashabord feature 2.run(TC_009_FMS_Smart_Dashabord feature 2:77)
	at com.kms.katalon.core.main.ScriptEngine.run(ScriptEngine.java:194)
	at com.kms.katalon.core.main.ScriptEngine.runScriptAsRawText(ScriptEngine.java:119)
	at com.kms.katalon.core.main.TestCaseExecutor.runScript(TestCaseExecutor.java:448)
	at com.kms.katalon.core.main.TestCaseExecutor.doExecute(TestCaseExecutor.java:439)
	at com.kms.katalon.core.main.TestCaseExecutor.processExecutionPhase(TestCaseExecutor.java:418)
	at com.kms.katalon.core.main.TestCaseExecutor.accessMainPhase(TestCaseExecutor.java:410)
	at com.kms.katalon.core.main.TestCaseExecutor.execute(TestCaseExecutor.java:285)
	at com.kms.katalon.core.common.CommonExecutor.accessTestCaseMainPhase(CommonExecutor.java:65)
	at com.kms.katalon.core.main.TestSuiteExecutor.accessTestSuiteMainPhase(TestSuiteExecutor.java:148)
	at com.kms.katalon.core.main.TestSuiteExecutor.execute(TestSuiteExecutor.java:106)
	at com.kms.katalon.core.main.TestCaseMain.startTestSuite(TestCaseMain.java:187)
	at com.kms.katalon.core.main.TestCaseMain$startTestSuite$0.call(Unknown Source)
	at TempTestSuite1691597214045.run(TempTestSuite1691597214045.groovy:36)
Caused by: org.openqa.selenium.ElementNotInteractableException: element not interactable
  (Session info: chrome=115.0.5790.111)
Build info: version: '3.141.59', revision: 'e82be7d358', time: '2018-11-14T08:25:53'
System info: host: 'DESKTOP-21ATSCV', ip: '192.168.1.102', os.name: 'Windows 10', os.arch: 'amd64', os.version: '10.0', java.version: '1.8.0_362'
Driver info: com.kms.katalon.selenium.driver.CChromeDriver
Capabilities {acceptInsecureCerts: false, browserName: chrome, browserVersion: 115.0.5790.111, chrome: {chromedriverVersion: 114.0.5735.90 (386bc09e8f4f..., userDataDir: C:\Windows\SystemTemp\scope...}, goog:chromeOptions: {debuggerAddress: localhost:64653}, javascriptEnabled: true, networkConnectionEnabled: false, pageLoadStrategy: normal, platform: WINDOWS, platformName: WINDOWS, proxy: Proxy(), setWindowRect: true, strictFileInteractability: false, timeouts: {implicit: 0, pageLoad: 300000, script: 30000}, unhandledPromptBehavior: dismiss and notify, webauthn:extension:credBlob: true, webauthn:extension:largeBlob: true, webauthn:extension:minPinLength: true, webauthn:extension:prf: true, webauthn:virtualAuthenticators: true}
Session ID: 1b17496241ed8c3a3c9a3e5af56711a8
	at org.openqa.selenium.remote.http.W3CHttpResponseCodec.createException(W3CHttpResponseCodec.java:187)
	at org.openqa.selenium.remote.http.W3CHttpResponseCodec.decode(W3CHttpResponseCodec.java:122)
	at org.openqa.selenium.remote.http.W3CHttpResponseCodec.decode(W3CHttpResponseCodec.java:49)
	at org.openqa.selenium.remote.HttpCommandExecutor.execute(HttpCommandExecutor.java:158)
	at org.openqa.selenium.remote.service.DriverCommandExecutor.execute(DriverCommandExecutor.java:83)
	at org.openqa.selenium.remote.RemoteWebDriver.execute(RemoteWebDriver.java:552)
	at com.kms.katalon.selenium.driver.CChromeDriver.execute(CChromeDriver.java:19)
	at org.openqa.selenium.remote.RemoteWebElement.execute(RemoteWebElement.java:285)
	at org.openqa.selenium.remote.RemoteWebElement.click(RemoteWebElement.java:84)
	at org.openqa.selenium.support.events.EventFiringWebDriver$EventFiringWebElement.lambda$new$0(EventFiringWebDriver.java:404)
	at com.sun.proxy.$Proxy11.click(Unknown Source)
	at org.openqa.selenium.support.events.EventFiringWebDriver$EventFiringWebElement.click(EventFiringWebDriver.java:417)
	at org.openqa.selenium.WebElement$click.call(Unknown Source)
	at com.kms.katalon.core.webui.keyword.builtin.ClickKeyword.clickUntilSuccessWithTimeout(ClickKeyword.groovy:81)
	at com.kms.katalon.core.webui.keyword.builtin.ClickKeyword.clickUntilSuccessWithTimeout(ClickKeyword.groovy)
	at com.kms.katalon.core.webui.keyword.builtin.ClickKeyword$_click_closure1.doCall(ClickKeyword.groovy:67)
	at com.kms.katalon.core.webui.keyword.builtin.ClickKeyword$_click_closure1.call(ClickKeyword.groovy)
	at com.kms.katalon.core.webui.keyword.internal.WebUIKeywordMain.runKeyword(WebUIKeywordMain.groovy:20)
	at com.kms.katalon.core.webui.keyword.builtin.ClickKeyword.click(ClickKeyword.groovy:74)
	at com.kms.katalon.core.webui.keyword.builtin.ClickKeyword.execute(ClickKeyword.groovy:40)
	at com.kms.katalon.core.keyword.internal.KeywordExecutor.executeKeywordForPlatform(KeywordExecutor.groovy:74)
	at com.kms.katalon.core.webui.keyword.WebUiBuiltInKeywords.click(WebUiBuiltInKeywords.groovy:620)
	at com.kms.katalon.core.webui.keyword.WebUiBuiltInKeywords$click$1.call(Unknown Source)
	at Script1691056071476.run(Script1691056071476.groovy:77)
	... 13 more
)
[[ATTACHMENT|C:\\Users\\windows 10\\git\\NewRepository\\KatalonGit\\Reports\\20230809_213644\\TS_002_FMS_Smart_web application\\TS_01_FMS_Smart_Web app_Sanity\\20230809_213654\\1691597364693.png]]]]></system-out>
         <system-err><![CDATA[2023-08-09 21:38:25 - [TEST_CASE][FAILED] - Test Cases/TC_009_FMS_Smart_Dashabord feature 2: Test Cases/TC_009_FMS_Smart_Dashabord feature 2 FAILED.
Reason:
com.kms.katalon.core.exception.StepFailedException: Unable to click on object 'Object Repository/OB_007_Dashabord Feature2/Grid view btn/Grid view-OnTrip'
	at com.kms.katalon.core.webui.keyword.internal.WebUIKeywordMain.stepFailed(WebUIKeywordMain.groovy:64)
	at com.kms.katalon.core.webui.keyword.internal.WebUIKeywordMain.runKeyword(WebUIKeywordMain.groovy:26)
	at com.kms.katalon.core.webui.keyword.builtin.ClickKeyword.click(ClickKeyword.groovy:74)
	at com.kms.katalon.core.webui.keyword.builtin.ClickKeyword.execute(ClickKeyword.groovy:40)
	at com.kms.katalon.core.keyword.internal.KeywordExecutor.executeKeywordForPlatform(KeywordExecutor.groovy:74)
	at com.kms.katalon.core.webui.keyword.WebUiBuiltInKeywords.click(WebUiBuiltInKeywords.groovy:620)
	at com.kms.katalon.core.webui.keyword.WebUiBuiltInKeywords$click$1.call(Unknown Source)
	at TC_009_FMS_Smart_Dashabord feature 2.run(TC_009_FMS_Smart_Dashabord feature 2:77)
	at com.kms.katalon.core.main.ScriptEngine.run(ScriptEngine.java:194)
	at com.kms.katalon.core.main.ScriptEngine.runScriptAsRawText(ScriptEngine.java:119)
	at com.kms.katalon.core.main.TestCaseExecutor.runScript(TestCaseExecutor.java:448)
	at com.kms.katalon.core.main.TestCaseExecutor.doExecute(TestCaseExecutor.java:439)
	at com.kms.katalon.core.main.TestCaseExecutor.processExecutionPhase(TestCaseExecutor.java:418)
	at com.kms.katalon.core.main.TestCaseExecutor.accessMainPhase(TestCaseExecutor.java:410)
	at com.kms.katalon.core.main.TestCaseExecutor.execute(TestCaseExecutor.java:285)
	at com.kms.katalon.core.common.CommonExecutor.accessTestCaseMainPhase(CommonExecutor.java:65)
	at com.kms.katalon.core.main.TestSuiteExecutor.accessTestSuiteMainPhase(TestSuiteExecutor.java:148)
	at com.kms.katalon.core.main.TestSuiteExecutor.execute(TestSuiteExecutor.java:106)
	at com.kms.katalon.core.main.TestCaseMain.startTestSuite(TestCaseMain.java:187)
	at com.kms.katalon.core.main.TestCaseMain$startTestSuite$0.call(Unknown Source)
	at TempTestSuite1691597214045.run(TempTestSuite1691597214045.groovy:36)
Caused by: org.openqa.selenium.ElementNotInteractableException: element not interactable
  (Session info: chrome=115.0.5790.111)
Build info: version: '3.141.59', revision: 'e82be7d358', time: '2018-11-14T08:25:53'
System info: host: 'DESKTOP-21ATSCV', ip: '192.168.1.102', os.name: 'Windows 10', os.arch: 'amd64', os.version: '10.0', java.version: '1.8.0_362'
Driver info: com.kms.katalon.selenium.driver.CChromeDriver
Capabilities {acceptInsecureCerts: false, browserName: chrome, browserVersion: 115.0.5790.111, chrome: {chromedriverVersion: 114.0.5735.90 (386bc09e8f4f..., userDataDir: C:\Windows\SystemTemp\scope...}, goog:chromeOptions: {debuggerAddress: localhost:64653}, javascriptEnabled: true, networkConnectionEnabled: false, pageLoadStrategy: normal, platform: WINDOWS, platformName: WINDOWS, proxy: Proxy(), setWindowRect: true, strictFileInteractability: false, timeouts: {implicit: 0, pageLoad: 300000, script: 30000}, unhandledPromptBehavior: dismiss and notify, webauthn:extension:credBlob: true, webauthn:extension:largeBlob: true, webauthn:extension:minPinLength: true, webauthn:extension:prf: true, webauthn:virtualAuthenticators: true}
Session ID: 1b17496241ed8c3a3c9a3e5af56711a8
	at org.openqa.selenium.remote.http.W3CHttpResponseCodec.createException(W3CHttpResponseCodec.java:187)
	at org.openqa.selenium.remote.http.W3CHttpResponseCodec.decode(W3CHttpResponseCodec.java:122)
	at org.openqa.selenium.remote.http.W3CHttpResponseCodec.decode(W3CHttpResponseCodec.java:49)
	at org.openqa.selenium.remote.HttpCommandExecutor.execute(HttpCommandExecutor.java:158)
	at org.openqa.selenium.remote.service.DriverCommandExecutor.execute(DriverCommandExecutor.java:83)
	at org.openqa.selenium.remote.RemoteWebDriver.execute(RemoteWebDriver.java:552)
	at com.kms.katalon.selenium.driver.CChromeDriver.execute(CChromeDriver.java:19)
	at org.openqa.selenium.remote.RemoteWebElement.execute(RemoteWebElement.java:285)
	at org.openqa.selenium.remote.RemoteWebElement.click(RemoteWebElement.java:84)
	at org.openqa.selenium.support.events.EventFiringWebDriver$EventFiringWebElement.lambda$new$0(EventFiringWebDriver.java:404)
	at com.sun.proxy.$Proxy11.click(Unknown Source)
	at org.openqa.selenium.support.events.EventFiringWebDriver$EventFiringWebElement.click(EventFiringWebDriver.java:417)
	at org.openqa.selenium.WebElement$click.call(Unknown Source)
	at com.kms.katalon.core.webui.keyword.builtin.ClickKeyword.clickUntilSuccessWithTimeout(ClickKeyword.groovy:81)
	at com.kms.katalon.core.webui.keyword.builtin.ClickKeyword.clickUntilSuccessWithTimeout(ClickKeyword.groovy)
	at com.kms.katalon.core.webui.keyword.builtin.ClickKeyword$_click_closure1.doCall(ClickKeyword.groovy:67)
	at com.kms.katalon.core.webui.keyword.builtin.ClickKeyword$_click_closure1.call(ClickKeyword.groovy)
	at com.kms.katalon.core.webui.keyword.internal.WebUIKeywordMain.runKeyword(WebUIKeywordMain.groovy:20)
	... 19 more]]></system-err>
      </testcase>
      <testcase name="Test Cases/TC_010_FMS_Smart_Verify Logout feature" time="61.662" classname="Test Cases/TC_010_FMS_Smart_Verify Logout feature" status="PASSED">
         <system-out><![CDATA[2023-08-09 21:39:24 - [TEST_CASE][PASSED] - Test Cases/TC_010_FMS_Smart_Verify Logout feature: Test Cases/TC_010_FMS_Smart_Verify Logout feature

2023-08-09 21:39:25 - [TEST_STEP][PASSED] - callTestCase(findTestCase("TC_007_FMS_Smart_Verify Login feature"), ["url":"https://ioclfmssmart.tmsitrimble.in/FMSSmartApp/#/login", "username":"11038331", "password":"Nr@747900"], STOP_ON_FAILURE): Call Test Case 'Test Cases/TC_007_FMS_Smart_Verify Login feature' successfully

2023-08-09 21:39:25 - [TEST_CASE][PASSED] - Test Cases/TC_007_FMS_Smart_Verify Login feature: Test Cases/TC_007_FMS_Smart_Verify Login feature

2023-08-09 21:39:25 - [TEST_STEP][PASSED] - openBrowser(url): Browser is opened with url: 'https://ioclfmssmart.tmsitrimble.in/FMSSmartApp/#/login'

2023-08-09 21:39:25 - [MESSAGE][WARNING] - A browser is already opened. Closing browser and opening a new one

2023-08-09 21:39:25 - [MESSAGE][INFO] - Starting 'Chrome' driver

2023-08-09 21:39:25 - [MESSAGE][INFO] - Action delay is set to 0 milliseconds

2023-08-09 21:39:32 - [MESSAGE][PASSED] - Browser is opened with url: 'https://ioclfmssmart.tmsitrimble.in/FMSSmartApp/#/login'

2023-08-09 21:39:32 - [TEST_STEP][PASSED] - maximizeWindow(): Current window maximized

2023-08-09 21:39:32 - [MESSAGE][PASSED] - Current window maximized

2023-08-09 21:39:32 - [TEST_STEP][PASSED] - delay(3): Delayed 3 second(s)

2023-08-09 21:39:35 - [MESSAGE][PASSED] - Delayed 3 second(s)

2023-08-09 21:39:35 - [TEST_STEP][PASSED] - click(findTestObject("OB_005_Login screen_fms smart/login screen/username")): Object: 'Object Repository/OB_005_Login screen_fms smart/login screen/username' is clicked on

2023-08-09 21:39:36 - [MESSAGE][PASSED] - Object: 'Object Repository/OB_005_Login screen_fms smart/login screen/username' is clicked on

2023-08-09 21:39:36 - [TEST_STEP][PASSED] - setText(findTestObject("OB_005_Login screen_fms smart/login screen/username"), username): Text '11038331' is set on object 'Object Repository/OB_005_Login screen_fms smart/login screen/username'

2023-08-09 21:39:37 - [MESSAGE][PASSED] - Text '11038331' is set on object 'Object Repository/OB_005_Login screen_fms smart/login screen/username'

2023-08-09 21:39:37 - [TEST_STEP][PASSED] - click(findTestObject("OB_005_Login screen_fms smart/login screen/Password")): Object: 'Object Repository/OB_005_Login screen_fms smart/login screen/Password' is clicked on

2023-08-09 21:39:37 - [MESSAGE][PASSED] - Object: 'Object Repository/OB_005_Login screen_fms smart/login screen/Password' is clicked on

2023-08-09 21:39:37 - [TEST_STEP][PASSED] - setText(findTestObject("OB_005_Login screen_fms smart/login screen/Password"), password): Text 'Nr@747900' is set on object 'Object Repository/OB_005_Login screen_fms smart/login screen/Password'

2023-08-09 21:39:38 - [MESSAGE][PASSED] - Text 'Nr@747900' is set on object 'Object Repository/OB_005_Login screen_fms smart/login screen/Password'

2023-08-09 21:39:38 - [TEST_STEP][PASSED] - click(findTestObject("OB_005_Login screen_fms smart/login screen/button_Sign in")): Object: 'Object Repository/OB_005_Login screen_fms smart/login screen/button_Sign in' is clicked on

2023-08-09 21:39:38 - [MESSAGE][PASSED] - Object: 'Object Repository/OB_005_Login screen_fms smart/login screen/button_Sign in' is clicked on

2023-08-09 21:39:38 - [TEST_STEP][PASSED] - delay(6): Delayed 6 second(s)

2023-08-09 21:39:44 - [MESSAGE][PASSED] - Delayed 6 second(s)

2023-08-09 21:39:44 - [TEST_STEP][PASSED] - click(findTestObject("OB_005_Login screen_fms smart/login screen/button_ACCEPT AND CLOSE")): Object: 'Object Repository/OB_005_Login screen_fms smart/login screen/button_ACCEPT AND CLOSE' is clicked on

2023-08-09 21:39:46 - [MESSAGE][PASSED] - Object: 'Object Repository/OB_005_Login screen_fms smart/login screen/button_ACCEPT AND CLOSE' is clicked on

2023-08-09 21:39:46 - [TEST_STEP][PASSED] - verifyTextPresent("FMS Smart", false): Text 'FMS Smart' is present on page 

2023-08-09 21:39:47 - [MESSAGE][PASSED] - Text 'FMS Smart' is present on page 

2023-08-09 21:39:47 - [MESSAGE][PASSED] - Call Test Case 'Test Cases/TC_007_FMS_Smart_Verify Login feature' successfully

2023-08-09 21:39:47 - [TEST_STEP][PASSED] - click(findTestObject("OB_008_Fms smart Lgout and Feedback/Logout And Feedback/Logout1")): Object: 'Object Repository/OB_008_Fms smart Lgout and Feedback/Logout And Feedback/Logout1' is clicked on

2023-08-09 21:39:47 - [MESSAGE][PASSED] - Object: 'Object Repository/OB_008_Fms smart Lgout and Feedback/Logout And Feedback/Logout1' is clicked on

2023-08-09 21:39:47 - [TEST_STEP][PASSED] - delay(3): Delayed 3 second(s)

2023-08-09 21:39:50 - [MESSAGE][PASSED] - Delayed 3 second(s)

2023-08-09 21:39:50 - [TEST_STEP][PASSED] - click(findTestObject("OB_008_Fms smart Lgout and Feedback/Page_FMS Smart/Lgout22")): Object: 'Object Repository/OB_008_Fms smart Lgout and Feedback/Page_FMS Smart/Lgout22' is clicked on

2023-08-09 21:40:21 - [MESSAGE][INFO] - Unable to find the element located by 'By.xpath: //div[@id='feedback-modal']/div[2]/form/div[7]/div[2]/i'. Please recheck the objects properties to make sure the desired element is located. 

2023-08-09 21:40:21 - [MESSAGE][WARNING] - [SELF-HEALING] Failed to find element with id 'Object Repository/OB_008_Fms smart Lgout and Feedback/Page_FMS Smart/Lgout22'. Try using Self-healing.

2023-08-09 21:40:22 - [MESSAGE][WARNING] - [SELF-HEALING] The current locator of test object 'Object Repository/OB_008_Fms smart Lgout and Feedback/Page_FMS Smart/Lgout22' was broken. Propose an alternative one: '//div[@id='dropdown']/a[2]/i'.

2023-08-09 21:40:22 - [MESSAGE][PASSED] - Object: 'Object Repository/OB_008_Fms smart Lgout and Feedback/Page_FMS Smart/Lgout22' is clicked on

2023-08-09 21:40:22 - [TEST_STEP][PASSED] - delay(3): Delayed 3 second(s)

2023-08-09 21:40:25 - [MESSAGE][PASSED] - Delayed 3 second(s)

2023-08-09 21:40:25 - [TEST_STEP][PASSED] - click(findTestObject("OB_008_Fms smart Lgout and Feedback/logout3/logou3")): Object: 'Object Repository/OB_008_Fms smart Lgout and Feedback/logout3/logou3' is clicked on

2023-08-09 21:40:25 - [MESSAGE][PASSED] - Object: 'Object Repository/OB_008_Fms smart Lgout and Feedback/logout3/logou3' is clicked on

2023-08-09 21:40:25 - [TEST_STEP][PASSED] - closeBrowser(): Browser is closed

2023-08-09 21:40:26 - [MESSAGE][PASSED] - Browser is closed]]></system-out>
         <system-err><![CDATA[]]></system-err>
      </testcase>
      <testcase name="Test Cases/TC_011_FMS_Smart_Verify Feedback feature" time="95.552" classname="Test Cases/TC_011_FMS_Smart_Verify Feedback feature" status="PASSED">
         <system-out><![CDATA[2023-08-09 21:40:26 - [TEST_CASE][PASSED] - Test Cases/TC_011_FMS_Smart_Verify Feedback feature: Test Cases/TC_011_FMS_Smart_Verify Feedback feature

2023-08-09 21:40:26 - [TEST_STEP][PASSED] - callTestCase(findTestCase("TC_007_FMS_Smart_Verify Login feature"), ["url":"https://ioclfmssmart.tmsitrimble.in/FMSSmartApp/#/login", "username":"11038331", "password":"Nr@747900"], STOP_ON_FAILURE): Call Test Case 'Test Cases/TC_007_FMS_Smart_Verify Login feature' successfully

2023-08-09 21:40:26 - [TEST_CASE][PASSED] - Test Cases/TC_007_FMS_Smart_Verify Login feature: Test Cases/TC_007_FMS_Smart_Verify Login feature

2023-08-09 21:40:26 - [TEST_STEP][PASSED] - openBrowser(url): Browser is opened with url: 'https://ioclfmssmart.tmsitrimble.in/FMSSmartApp/#/login'

2023-08-09 21:40:26 - [MESSAGE][INFO] - Starting 'Chrome' driver

2023-08-09 21:40:26 - [MESSAGE][INFO] - Action delay is set to 0 milliseconds

2023-08-09 21:40:31 - [MESSAGE][PASSED] - Browser is opened with url: 'https://ioclfmssmart.tmsitrimble.in/FMSSmartApp/#/login'

2023-08-09 21:40:31 - [TEST_STEP][PASSED] - maximizeWindow(): Current window maximized

2023-08-09 21:40:31 - [MESSAGE][PASSED] - Current window maximized

2023-08-09 21:40:31 - [TEST_STEP][PASSED] - delay(3): Delayed 3 second(s)

2023-08-09 21:40:34 - [MESSAGE][PASSED] - Delayed 3 second(s)

2023-08-09 21:40:34 - [TEST_STEP][PASSED] - click(findTestObject("OB_005_Login screen_fms smart/login screen/username")): Object: 'Object Repository/OB_005_Login screen_fms smart/login screen/username' is clicked on

2023-08-09 21:40:35 - [MESSAGE][PASSED] - Object: 'Object Repository/OB_005_Login screen_fms smart/login screen/username' is clicked on

2023-08-09 21:40:35 - [TEST_STEP][PASSED] - setText(findTestObject("OB_005_Login screen_fms smart/login screen/username"), username): Text '11038331' is set on object 'Object Repository/OB_005_Login screen_fms smart/login screen/username'

2023-08-09 21:40:35 - [MESSAGE][PASSED] - Text '11038331' is set on object 'Object Repository/OB_005_Login screen_fms smart/login screen/username'

2023-08-09 21:40:35 - [TEST_STEP][PASSED] - click(findTestObject("OB_005_Login screen_fms smart/login screen/Password")): Object: 'Object Repository/OB_005_Login screen_fms smart/login screen/Password' is clicked on

2023-08-09 21:40:36 - [MESSAGE][PASSED] - Object: 'Object Repository/OB_005_Login screen_fms smart/login screen/Password' is clicked on

2023-08-09 21:40:36 - [TEST_STEP][PASSED] - setText(findTestObject("OB_005_Login screen_fms smart/login screen/Password"), password): Text 'Nr@747900' is set on object 'Object Repository/OB_005_Login screen_fms smart/login screen/Password'

2023-08-09 21:40:37 - [MESSAGE][PASSED] - Text 'Nr@747900' is set on object 'Object Repository/OB_005_Login screen_fms smart/login screen/Password'

2023-08-09 21:40:37 - [TEST_STEP][PASSED] - click(findTestObject("OB_005_Login screen_fms smart/login screen/button_Sign in")): Object: 'Object Repository/OB_005_Login screen_fms smart/login screen/button_Sign in' is clicked on

2023-08-09 21:40:37 - [MESSAGE][PASSED] - Object: 'Object Repository/OB_005_Login screen_fms smart/login screen/button_Sign in' is clicked on

2023-08-09 21:40:37 - [TEST_STEP][PASSED] - delay(6): Delayed 6 second(s)

2023-08-09 21:40:43 - [MESSAGE][PASSED] - Delayed 6 second(s)

2023-08-09 21:40:43 - [TEST_STEP][PASSED] - click(findTestObject("OB_005_Login screen_fms smart/login screen/button_ACCEPT AND CLOSE")): Object: 'Object Repository/OB_005_Login screen_fms smart/login screen/button_ACCEPT AND CLOSE' is clicked on

2023-08-09 21:40:44 - [MESSAGE][PASSED] - Object: 'Object Repository/OB_005_Login screen_fms smart/login screen/button_ACCEPT AND CLOSE' is clicked on

2023-08-09 21:40:44 - [TEST_STEP][PASSED] - verifyTextPresent("FMS Smart", false): Text 'FMS Smart' is present on page 

2023-08-09 21:40:46 - [MESSAGE][PASSED] - Text 'FMS Smart' is present on page 

2023-08-09 21:40:46 - [MESSAGE][PASSED] - Call Test Case 'Test Cases/TC_007_FMS_Smart_Verify Login feature' successfully

2023-08-09 21:40:46 - [TEST_STEP][PASSED] - click(findTestObject("OB_008_Fms smart Lgout and Feedback/Logout And Feedback/Logout1")): Object: 'Object Repository/OB_008_Fms smart Lgout and Feedback/Logout And Feedback/Logout1' is clicked on

2023-08-09 21:40:46 - [MESSAGE][PASSED] - Object: 'Object Repository/OB_008_Fms smart Lgout and Feedback/Logout And Feedback/Logout1' is clicked on

2023-08-09 21:40:46 - [TEST_STEP][PASSED] - delay(2): Delayed 2 second(s)

2023-08-09 21:40:48 - [MESSAGE][PASSED] - Delayed 2 second(s)

2023-08-09 21:40:48 - [TEST_STEP][PASSED] - click(findTestObject("OB_008_Fms smart Lgout and Feedback/Logout And Feedback/Logout2")): Object: 'Object Repository/OB_008_Fms smart Lgout and Feedback/Logout And Feedback/Logout2' is clicked on

2023-08-09 21:41:19 - [MESSAGE][INFO] - Unable to find the element located by 'By.xpath: //div[@id='feedback-modal']/div[2]/form/div[7]/div[2]/span'. Please recheck the objects properties to make sure the desired element is located. 

2023-08-09 21:41:19 - [MESSAGE][WARNING] - [SELF-HEALING] Failed to find element with id 'Object Repository/OB_008_Fms smart Lgout and Feedback/Logout And Feedback/Logout2'. Try using Self-healing.

2023-08-09 21:41:20 - [MESSAGE][WARNING] - [SELF-HEALING] The current locator of test object 'Object Repository/OB_008_Fms smart Lgout and Feedback/Logout And Feedback/Logout2' was broken. Propose an alternative one: '(.//*[normalize-space(text()) and normalize-space(.)='Trimble'])[1]/preceding::span[1]'.

2023-08-09 21:41:20 - [MESSAGE][PASSED] - Object: 'Object Repository/OB_008_Fms smart Lgout and Feedback/Logout And Feedback/Logout2' is clicked on

2023-08-09 21:41:20 - [TEST_STEP][PASSED] - delay(3): Delayed 3 second(s)

2023-08-09 21:41:23 - [MESSAGE][PASSED] - Delayed 3 second(s)

2023-08-09 21:41:23 - [TEST_STEP][PASSED] - click(findTestObject("OB_008_Fms smart Lgout and Feedback/Logout And Feedback/5 Star")): Object: 'Object Repository/OB_008_Fms smart Lgout and Feedback/Logout And Feedback/5 Star' is clicked on

2023-08-09 21:41:23 - [MESSAGE][PASSED] - Object: 'Object Repository/OB_008_Fms smart Lgout and Feedback/Logout And Feedback/5 Star' is clicked on

2023-08-09 21:41:23 - [TEST_STEP][PASSED] - click(findTestObject("OB_008_Fms smart Lgout and Feedback/Logout And Feedback/Enter name")): Object: 'Object Repository/OB_008_Fms smart Lgout and Feedback/Logout And Feedback/Enter name' is clicked on

2023-08-09 21:41:24 - [MESSAGE][PASSED] - Object: 'Object Repository/OB_008_Fms smart Lgout and Feedback/Logout And Feedback/Enter name' is clicked on

2023-08-09 21:41:24 - [TEST_STEP][PASSED] - setText(findTestObject("OB_008_Fms smart Lgout and Feedback/Logout And Feedback/Enter name"), "Maddy patil"): Text 'Maddy patil' is set on object 'Object Repository/OB_008_Fms smart Lgout and Feedback/Logout And Feedback/Enter name'

2023-08-09 21:41:25 - [MESSAGE][PASSED] - Text 'Maddy patil' is set on object 'Object Repository/OB_008_Fms smart Lgout and Feedback/Logout And Feedback/Enter name'

2023-08-09 21:41:25 - [TEST_STEP][PASSED] - click(findTestObject("OB_008_Fms smart Lgout and Feedback/Logout And Feedback/Enter Email")): Object: 'Object Repository/OB_008_Fms smart Lgout and Feedback/Logout And Feedback/Enter Email' is clicked on

2023-08-09 21:41:25 - [MESSAGE][PASSED] - Object: 'Object Repository/OB_008_Fms smart Lgout and Feedback/Logout And Feedback/Enter Email' is clicked on

2023-08-09 21:41:25 - [TEST_STEP][PASSED] - setText(findTestObject("OB_008_Fms smart Lgout and Feedback/Logout And Feedback/Enter Email"), "maddy@gmail.com"): Text 'maddy@gmail.com' is set on object 'Object Repository/OB_008_Fms smart Lgout and Feedback/Logout And Feedback/Enter Email'

2023-08-09 21:41:26 - [MESSAGE][PASSED] - Text 'maddy@gmail.com' is set on object 'Object Repository/OB_008_Fms smart Lgout and Feedback/Logout And Feedback/Enter Email'

2023-08-09 21:41:26 - [TEST_STEP][PASSED] - click(findTestObject("OB_008_Fms smart Lgout and Feedback/Logout And Feedback/button_Others")): Object: 'Object Repository/OB_008_Fms smart Lgout and Feedback/Logout And Feedback/button_Others' is clicked on

2023-08-09 21:41:27 - [MESSAGE][PASSED] - Object: 'Object Repository/OB_008_Fms smart Lgout and Feedback/Logout And Feedback/button_Others' is clicked on

2023-08-09 21:41:27 - [TEST_STEP][PASSED] - click(findTestObject("OB_008_Fms smart Lgout and Feedback/Logout And Feedback/Description")): Object: 'Object Repository/OB_008_Fms smart Lgout and Feedback/Logout And Feedback/Description' is clicked on

2023-08-09 21:41:27 - [MESSAGE][PASSED] - Object: 'Object Repository/OB_008_Fms smart Lgout and Feedback/Logout And Feedback/Description' is clicked on

2023-08-09 21:41:27 - [TEST_STEP][PASSED] - setText(findTestObject("OB_008_Fms smart Lgout and Feedback/Logout And Feedback/Description"), "Application is very good,it helps lot ,thank you so much for this"): Text 'Application is very good,it helps lot ,thank you so much for this' is set on object 'Object Repository/OB_008_Fms smart Lgout and Feedback/Logout And Feedback/Description'

2023-08-09 21:41:29 - [MESSAGE][PASSED] - Text 'Application is very good,it helps lot ,thank you so much for this' is set on object 'Object Repository/OB_008_Fms smart Lgout and Feedback/Logout And Feedback/Description'

2023-08-09 21:41:29 - [TEST_STEP][PASSED] - click(findTestObject("OB_008_Fms smart Lgout and Feedback/Logout And Feedback/button_Send Feedback")): Object: 'Object Repository/OB_008_Fms smart Lgout and Feedback/Logout And Feedback/button_Send Feedback' is clicked on

2023-08-09 21:42:00 - [MESSAGE][INFO] - Unable to find the element located by 'By.xpath: //div[@id='feedback-modal']/div[2]/form/div[7]/div/button'. Please recheck the objects properties to make sure the desired element is located. 

2023-08-09 21:42:00 - [MESSAGE][WARNING] - [SELF-HEALING] Failed to find element with id 'Object Repository/OB_008_Fms smart Lgout and Feedback/Logout And Feedback/button_Send Feedback'. Try using Self-healing.

2023-08-09 21:42:00 - [MESSAGE][WARNING] - [SELF-HEALING] The current locator of test object 'Object Repository/OB_008_Fms smart Lgout and Feedback/Logout And Feedback/button_Send Feedback' was broken. Propose an alternative one: '(.//*[normalize-space(text()) and normalize-space(.)='Upload'])[1]/following::button[1]'.

2023-08-09 21:42:00 - [MESSAGE][PASSED] - Object: 'Object Repository/OB_008_Fms smart Lgout and Feedback/Logout And Feedback/button_Send Feedback' is clicked on

2023-08-09 21:42:00 - [TEST_STEP][PASSED] - verifyTextPresent("Thank You", false): Text 'Thank You' is present on page 

2023-08-09 21:42:02 - [MESSAGE][PASSED] - Text 'Thank You' is present on page]]></system-out>
         <system-err><![CDATA[]]></system-err>
      </testcase>
      <testcase name="Test Cases/TC_012_FMS_Smart_Upload the Feedack feature" time="32.263" classname="Test Cases/TC_012_FMS_Smart_Upload the Feedack feature" status="PASSED">
         <system-out><![CDATA[2023-08-09 21:42:02 - [TEST_CASE][PASSED] - Test Cases/TC_012_FMS_Smart_Upload the Feedack feature: Test Cases/TC_012_FMS_Smart_Upload the Feedack feature

2023-08-09 21:42:02 - [TEST_STEP][PASSED] - callTestCase(findTestCase("TC_007_FMS_Smart_Verify Login feature"), ["url":"https://ioclfmssmart.tmsitrimble.in/FMSSmartApp/#/login", "username":"11038331", "password":"Nr@747900"], STOP_ON_FAILURE): Call Test Case 'Test Cases/TC_007_FMS_Smart_Verify Login feature' successfully

2023-08-09 21:42:02 - [TEST_CASE][PASSED] - Test Cases/TC_007_FMS_Smart_Verify Login feature: Test Cases/TC_007_FMS_Smart_Verify Login feature

2023-08-09 21:42:02 - [TEST_STEP][PASSED] - openBrowser(url): Browser is opened with url: 'https://ioclfmssmart.tmsitrimble.in/FMSSmartApp/#/login'

2023-08-09 21:42:02 - [MESSAGE][WARNING] - A browser is already opened. Closing browser and opening a new one

2023-08-09 21:42:03 - [MESSAGE][INFO] - Starting 'Chrome' driver

2023-08-09 21:42:03 - [MESSAGE][INFO] - Action delay is set to 0 milliseconds

2023-08-09 21:42:08 - [MESSAGE][PASSED] - Browser is opened with url: 'https://ioclfmssmart.tmsitrimble.in/FMSSmartApp/#/login'

2023-08-09 21:42:08 - [TEST_STEP][PASSED] - maximizeWindow(): Current window maximized

2023-08-09 21:42:08 - [MESSAGE][PASSED] - Current window maximized

2023-08-09 21:42:08 - [TEST_STEP][PASSED] - delay(3): Delayed 3 second(s)

2023-08-09 21:42:11 - [MESSAGE][PASSED] - Delayed 3 second(s)

2023-08-09 21:42:11 - [TEST_STEP][PASSED] - click(findTestObject("OB_005_Login screen_fms smart/login screen/username")): Object: 'Object Repository/OB_005_Login screen_fms smart/login screen/username' is clicked on

2023-08-09 21:42:11 - [MESSAGE][PASSED] - Object: 'Object Repository/OB_005_Login screen_fms smart/login screen/username' is clicked on

2023-08-09 21:42:11 - [TEST_STEP][PASSED] - setText(findTestObject("OB_005_Login screen_fms smart/login screen/username"), username): Text '11038331' is set on object 'Object Repository/OB_005_Login screen_fms smart/login screen/username'

2023-08-09 21:42:12 - [MESSAGE][PASSED] - Text '11038331' is set on object 'Object Repository/OB_005_Login screen_fms smart/login screen/username'

2023-08-09 21:42:12 - [TEST_STEP][PASSED] - click(findTestObject("OB_005_Login screen_fms smart/login screen/Password")): Object: 'Object Repository/OB_005_Login screen_fms smart/login screen/Password' is clicked on

2023-08-09 21:42:12 - [MESSAGE][PASSED] - Object: 'Object Repository/OB_005_Login screen_fms smart/login screen/Password' is clicked on

2023-08-09 21:42:12 - [TEST_STEP][PASSED] - setText(findTestObject("OB_005_Login screen_fms smart/login screen/Password"), password): Text 'Nr@747900' is set on object 'Object Repository/OB_005_Login screen_fms smart/login screen/Password'

2023-08-09 21:42:14 - [MESSAGE][PASSED] - Text 'Nr@747900' is set on object 'Object Repository/OB_005_Login screen_fms smart/login screen/Password'

2023-08-09 21:42:14 - [TEST_STEP][PASSED] - click(findTestObject("OB_005_Login screen_fms smart/login screen/button_Sign in")): Object: 'Object Repository/OB_005_Login screen_fms smart/login screen/button_Sign in' is clicked on

2023-08-09 21:42:14 - [MESSAGE][PASSED] - Object: 'Object Repository/OB_005_Login screen_fms smart/login screen/button_Sign in' is clicked on

2023-08-09 21:42:14 - [TEST_STEP][PASSED] - delay(6): Delayed 6 second(s)

2023-08-09 21:42:20 - [MESSAGE][PASSED] - Delayed 6 second(s)

2023-08-09 21:42:20 - [TEST_STEP][PASSED] - click(findTestObject("OB_005_Login screen_fms smart/login screen/button_ACCEPT AND CLOSE")): Object: 'Object Repository/OB_005_Login screen_fms smart/login screen/button_ACCEPT AND CLOSE' is clicked on

2023-08-09 21:42:20 - [MESSAGE][PASSED] - Object: 'Object Repository/OB_005_Login screen_fms smart/login screen/button_ACCEPT AND CLOSE' is clicked on

2023-08-09 21:42:20 - [TEST_STEP][PASSED] - verifyTextPresent("FMS Smart", false): Text 'FMS Smart' is present on page 

2023-08-09 21:42:21 - [MESSAGE][PASSED] - Text 'FMS Smart' is present on page 

2023-08-09 21:42:21 - [MESSAGE][PASSED] - Call Test Case 'Test Cases/TC_007_FMS_Smart_Verify Login feature' successfully

2023-08-09 21:42:21 - [TEST_STEP][PASSED] - delay(4): Delayed 4 second(s)

2023-08-09 21:42:25 - [MESSAGE][PASSED] - Delayed 4 second(s)

2023-08-09 21:42:25 - [TEST_STEP][PASSED] - click(findTestObject("OB_009_Upload feedback/Page_FMS Smart/FEEDBACK")): Object: 'Object Repository/OB_009_Upload feedback/Page_FMS Smart/FEEDBACK' is clicked on

2023-08-09 21:42:26 - [MESSAGE][PASSED] - Object: 'Object Repository/OB_009_Upload feedback/Page_FMS Smart/FEEDBACK' is clicked on

2023-08-09 21:42:26 - [TEST_STEP][PASSED] - delay(3): Delayed 3 second(s)

2023-08-09 21:42:29 - [MESSAGE][PASSED] - Delayed 3 second(s)

2023-08-09 21:42:29 - [TEST_STEP][PASSED] - click(findTestObject("OB_009_Upload feedback/Page_FMS Smart/Send Feedback")): Object: 'Object Repository/OB_009_Upload feedback/Page_FMS Smart/Send Feedback' is clicked on

2023-08-09 21:42:29 - [MESSAGE][PASSED] - Object: 'Object Repository/OB_009_Upload feedback/Page_FMS Smart/Send Feedback' is clicked on

2023-08-09 21:42:29 - [TEST_STEP][PASSED] - verifyTextPresent("All fields are mandatory", false): Text 'All fields are mandatory' is present on page 

2023-08-09 21:42:30 - [MESSAGE][PASSED] - Text 'All fields are mandatory' is present on page 

2023-08-09 21:42:30 - [TEST_STEP][PASSED] - delay(3): Delayed 3 second(s)

2023-08-09 21:42:33 - [MESSAGE][PASSED] - Delayed 3 second(s)

2023-08-09 21:42:33 - [TEST_STEP][PASSED] - closeBrowser(): Browser is closed

2023-08-09 21:42:34 - [MESSAGE][PASSED] - Browser is closed]]></system-out>
         <system-err><![CDATA[]]></system-err>
      </testcase>
      <testcase name="Test Cases/TC_014_FMS_Smart_Verify the report feature" time="62.259" classname="Test Cases/TC_014_FMS_Smart_Verify the report feature" status="FAILED">
         <failure type="FAILED" message="Test Cases/TC_014_FMS_Smart_Verify the report feature FAILED.
Reason:
com.kms.katalon.core.exception.StepFailedException: Unable to click on object 'Object Repository/OB_010_FMS_Smart_Report feature verify/Report feature verify/div_Safety  Summary  Report'
	at com.kms.katalon.core.webui.keyword.internal.WebUIKeywordMain.stepFailed(WebUIKeywordMain.groovy:64)
	at com.kms.katalon.core.webui.keyword.internal.WebUIKeywordMain.runKeyword(WebUIKeywordMain.groovy:26)
	at com.kms.katalon.core.webui.keyword.builtin.ClickKeyword.click(ClickKeyword.groovy:74)
	at com.kms.katalon.core.webui.keyword.builtin.ClickKeyword.execute(ClickKeyword.groovy:40)
	at com.kms.katalon.core.keyword.internal.KeywordExecutor.executeKeywordForPlatform(KeywordExecutor.groovy:74)
	at com.kms.katalon.core.webui.keyword.WebUiBuiltInKeywords.click(WebUiBuiltInKeywords.groovy:620)
	at com.kms.katalon.core.webui.keyword.WebUiBuiltInKeywords$click$1.call(Unknown Source)
	at TC_014_FMS_Smart_Verify the report feature.run(TC_014_FMS_Smart_Verify the report feature:33)
	at com.kms.katalon.core.main.ScriptEngine.run(ScriptEngine.java:194)
	at com.kms.katalon.core.main.ScriptEngine.runScriptAsRawText(ScriptEngine.java:119)
	at com.kms.katalon.core.main.TestCaseExecutor.runScript(TestCaseExecutor.java:448)
	at com.kms.katalon.core.main.TestCaseExecutor.doExecute(TestCaseExecutor.java:439)
	at com.kms.katalon.core.main.TestCaseExecutor.processExecutionPhase(TestCaseExecutor.java:418)
	at com.kms.katalon.core.main.TestCaseExecutor.accessMainPhase(TestCaseExecutor.java:410)
	at com.kms.katalon.core.main.TestCaseExecutor.execute(TestCaseExecutor.java:285)
	at com.kms.katalon.core.common.CommonExecutor.accessTestCaseMainPhase(CommonExecutor.java:65)
	at com.kms.katalon.core.main.TestSuiteExecutor.accessTestSuiteMainPhase(TestSuiteExecutor.java:148)
	at com.kms.katalon.core.main.TestSuiteExecutor.execute(TestSuiteExecutor.java:106)
	at com.kms.katalon.core.main.TestCaseMain.startTestSuite(TestCaseMain.java:187)
	at com.kms.katalon.core.main.TestCaseMain$startTestSuite$0.call(Unknown Source)
	at TempTestSuite1691597214045.run(TempTestSuite1691597214045.groovy:36)
Caused by: org.openqa.selenium.ElementClickInterceptedException: element click intercepted: Element &lt;div class=&quot;col-6 col-lg-3&quot;>...&lt;/div> is not clickable at point (175, 144). Other element would receive the click: &lt;a _ngcontent-drm-c20=&quot;&quot; class=&quot;nav-link active&quot; ng-reflect-ng-class=&quot;nav-link active&quot; ng-reflect-router-link=&quot;/reports&quot; href=&quot;#/reports&quot;>...&lt;/a>
  (Session info: chrome=115.0.5790.111)
Build info: version: '3.141.59', revision: 'e82be7d358', time: '2018-11-14T08:25:53'
System info: host: 'DESKTOP-21ATSCV', ip: '192.168.1.102', os.name: 'Windows 10', os.arch: 'amd64', os.version: '10.0', java.version: '1.8.0_362'
Driver info: com.kms.katalon.selenium.driver.CChromeDriver
Capabilities {acceptInsecureCerts: false, browserName: chrome, browserVersion: 115.0.5790.111, chrome: {chromedriverVersion: 114.0.5735.90 (386bc09e8f4f..., userDataDir: C:\Windows\SystemTemp\scope...}, goog:chromeOptions: {debuggerAddress: localhost:65113}, javascriptEnabled: true, networkConnectionEnabled: false, pageLoadStrategy: normal, platform: WINDOWS, platformName: WINDOWS, proxy: Proxy(), setWindowRect: true, strictFileInteractability: false, timeouts: {implicit: 0, pageLoad: 300000, script: 30000}, unhandledPromptBehavior: dismiss and notify, webauthn:extension:credBlob: true, webauthn:extension:largeBlob: true, webauthn:extension:minPinLength: true, webauthn:extension:prf: true, webauthn:virtualAuthenticators: true}
Session ID: 9d411510a704e4a9b15d722d2ba2b84d
	at org.openqa.selenium.remote.http.W3CHttpResponseCodec.createException(W3CHttpResponseCodec.java:187)
	at org.openqa.selenium.remote.http.W3CHttpResponseCodec.decode(W3CHttpResponseCodec.java:122)
	at org.openqa.selenium.remote.http.W3CHttpResponseCodec.decode(W3CHttpResponseCodec.java:49)
	at org.openqa.selenium.remote.HttpCommandExecutor.execute(HttpCommandExecutor.java:158)
	at org.openqa.selenium.remote.service.DriverCommandExecutor.execute(DriverCommandExecutor.java:83)
	at org.openqa.selenium.remote.RemoteWebDriver.execute(RemoteWebDriver.java:552)
	at com.kms.katalon.selenium.driver.CChromeDriver.execute(CChromeDriver.java:19)
	at org.openqa.selenium.remote.RemoteWebElement.execute(RemoteWebElement.java:285)
	at org.openqa.selenium.remote.RemoteWebElement.click(RemoteWebElement.java:84)
	at org.openqa.selenium.support.events.EventFiringWebDriver$EventFiringWebElement.lambda$new$0(EventFiringWebDriver.java:404)
	at com.sun.proxy.$Proxy11.click(Unknown Source)
	at org.openqa.selenium.support.events.EventFiringWebDriver$EventFiringWebElement.click(EventFiringWebDriver.java:417)
	at org.openqa.selenium.WebElement$click.call(Unknown Source)
	at com.kms.katalon.core.webui.keyword.builtin.ClickKeyword.clickUntilSuccessWithTimeout(ClickKeyword.groovy:81)
	at com.kms.katalon.core.webui.keyword.builtin.ClickKeyword.clickUntilSuccessWithTimeout(ClickKeyword.groovy)
	at com.kms.katalon.core.webui.keyword.builtin.ClickKeyword$_click_closure1.doCall(ClickKeyword.groovy:67)
	at com.kms.katalon.core.webui.keyword.builtin.ClickKeyword$_click_closure1.call(ClickKeyword.groovy)
	at com.kms.katalon.core.webui.keyword.internal.WebUIKeywordMain.runKeyword(WebUIKeywordMain.groovy:20)
	... 19 more
"/>
         <system-out><![CDATA[2023-08-09 21:42:34 - [TEST_CASE][FAILED] - Test Cases/TC_014_FMS_Smart_Verify the report feature: Test Cases/TC_014_FMS_Smart_Verify the report feature FAILED.
Reason:
com.kms.katalon.core.exception.StepFailedException: Unable to click on object 'Object Repository/OB_010_FMS_Smart_Report feature verify/Report feature verify/div_Safety  Summary  Report'
	at com.kms.katalon.core.webui.keyword.internal.WebUIKeywordMain.stepFailed(WebUIKeywordMain.groovy:64)
	at com.kms.katalon.core.webui.keyword.internal.WebUIKeywordMain.runKeyword(WebUIKeywordMain.groovy:26)
	at com.kms.katalon.core.webui.keyword.builtin.ClickKeyword.click(ClickKeyword.groovy:74)
	at com.kms.katalon.core.webui.keyword.builtin.ClickKeyword.execute(ClickKeyword.groovy:40)
	at com.kms.katalon.core.keyword.internal.KeywordExecutor.executeKeywordForPlatform(KeywordExecutor.groovy:74)
	at com.kms.katalon.core.webui.keyword.WebUiBuiltInKeywords.click(WebUiBuiltInKeywords.groovy:620)
	at com.kms.katalon.core.webui.keyword.WebUiBuiltInKeywords$click$1.call(Unknown Source)
	at TC_014_FMS_Smart_Verify the report feature.run(TC_014_FMS_Smart_Verify the report feature:33)
	at com.kms.katalon.core.main.ScriptEngine.run(ScriptEngine.java:194)
	at com.kms.katalon.core.main.ScriptEngine.runScriptAsRawText(ScriptEngine.java:119)
	at com.kms.katalon.core.main.TestCaseExecutor.runScript(TestCaseExecutor.java:448)
	at com.kms.katalon.core.main.TestCaseExecutor.doExecute(TestCaseExecutor.java:439)
	at com.kms.katalon.core.main.TestCaseExecutor.processExecutionPhase(TestCaseExecutor.java:418)
	at com.kms.katalon.core.main.TestCaseExecutor.accessMainPhase(TestCaseExecutor.java:410)
	at com.kms.katalon.core.main.TestCaseExecutor.execute(TestCaseExecutor.java:285)
	at com.kms.katalon.core.common.CommonExecutor.accessTestCaseMainPhase(CommonExecutor.java:65)
	at com.kms.katalon.core.main.TestSuiteExecutor.accessTestSuiteMainPhase(TestSuiteExecutor.java:148)
	at com.kms.katalon.core.main.TestSuiteExecutor.execute(TestSuiteExecutor.java:106)
	at com.kms.katalon.core.main.TestCaseMain.startTestSuite(TestCaseMain.java:187)
	at com.kms.katalon.core.main.TestCaseMain$startTestSuite$0.call(Unknown Source)
	at TempTestSuite1691597214045.run(TempTestSuite1691597214045.groovy:36)
Caused by: org.openqa.selenium.ElementClickInterceptedException: element click intercepted: Element <div class="col-6 col-lg-3">...</div> is not clickable at point (175, 144). Other element would receive the click: <a _ngcontent-drm-c20="" class="nav-link active" ng-reflect-ng-class="nav-link active" ng-reflect-router-link="/reports" href="#/reports">...</a>
  (Session info: chrome=115.0.5790.111)
Build info: version: '3.141.59', revision: 'e82be7d358', time: '2018-11-14T08:25:53'
System info: host: 'DESKTOP-21ATSCV', ip: '192.168.1.102', os.name: 'Windows 10', os.arch: 'amd64', os.version: '10.0', java.version: '1.8.0_362'
Driver info: com.kms.katalon.selenium.driver.CChromeDriver
Capabilities {acceptInsecureCerts: false, browserName: chrome, browserVersion: 115.0.5790.111, chrome: {chromedriverVersion: 114.0.5735.90 (386bc09e8f4f..., userDataDir: C:\Windows\SystemTemp\scope...}, goog:chromeOptions: {debuggerAddress: localhost:65113}, javascriptEnabled: true, networkConnectionEnabled: false, pageLoadStrategy: normal, platform: WINDOWS, platformName: WINDOWS, proxy: Proxy(), setWindowRect: true, strictFileInteractability: false, timeouts: {implicit: 0, pageLoad: 300000, script: 30000}, unhandledPromptBehavior: dismiss and notify, webauthn:extension:credBlob: true, webauthn:extension:largeBlob: true, webauthn:extension:minPinLength: true, webauthn:extension:prf: true, webauthn:virtualAuthenticators: true}
Session ID: 9d411510a704e4a9b15d722d2ba2b84d
	at org.openqa.selenium.remote.http.W3CHttpResponseCodec.createException(W3CHttpResponseCodec.java:187)
	at org.openqa.selenium.remote.http.W3CHttpResponseCodec.decode(W3CHttpResponseCodec.java:122)
	at org.openqa.selenium.remote.http.W3CHttpResponseCodec.decode(W3CHttpResponseCodec.java:49)
	at org.openqa.selenium.remote.HttpCommandExecutor.execute(HttpCommandExecutor.java:158)
	at org.openqa.selenium.remote.service.DriverCommandExecutor.execute(DriverCommandExecutor.java:83)
	at org.openqa.selenium.remote.RemoteWebDriver.execute(RemoteWebDriver.java:552)
	at com.kms.katalon.selenium.driver.CChromeDriver.execute(CChromeDriver.java:19)
	at org.openqa.selenium.remote.RemoteWebElement.execute(RemoteWebElement.java:285)
	at org.openqa.selenium.remote.RemoteWebElement.click(RemoteWebElement.java:84)
	at org.openqa.selenium.support.events.EventFiringWebDriver$EventFiringWebElement.lambda$new$0(EventFiringWebDriver.java:404)
	at com.sun.proxy.$Proxy11.click(Unknown Source)
	at org.openqa.selenium.support.events.EventFiringWebDriver$EventFiringWebElement.click(EventFiringWebDriver.java:417)
	at org.openqa.selenium.WebElement$click.call(Unknown Source)
	at com.kms.katalon.core.webui.keyword.builtin.ClickKeyword.clickUntilSuccessWithTimeout(ClickKeyword.groovy:81)
	at com.kms.katalon.core.webui.keyword.builtin.ClickKeyword.clickUntilSuccessWithTimeout(ClickKeyword.groovy)
	at com.kms.katalon.core.webui.keyword.builtin.ClickKeyword$_click_closure1.doCall(ClickKeyword.groovy:67)
	at com.kms.katalon.core.webui.keyword.builtin.ClickKeyword$_click_closure1.call(ClickKeyword.groovy)
	at com.kms.katalon.core.webui.keyword.internal.WebUIKeywordMain.runKeyword(WebUIKeywordMain.groovy:20)
	... 19 more


2023-08-09 21:42:34 - [TEST_STEP][PASSED] - callTestCase(findTestCase("TC_007_FMS_Smart_Verify Login feature"), ["url":"https://ioclfmssmart.tmsitrimble.in/FMSSmartApp/#/login", "username":"11038331", "password":"Nr@747900"], STOP_ON_FAILURE): Call Test Case 'Test Cases/TC_007_FMS_Smart_Verify Login feature' successfully

2023-08-09 21:42:34 - [TEST_CASE][PASSED] - Test Cases/TC_007_FMS_Smart_Verify Login feature: Test Cases/TC_007_FMS_Smart_Verify Login feature

2023-08-09 21:42:34 - [TEST_STEP][PASSED] - openBrowser(url): Browser is opened with url: 'https://ioclfmssmart.tmsitrimble.in/FMSSmartApp/#/login'

2023-08-09 21:42:34 - [MESSAGE][INFO] - Starting 'Chrome' driver

2023-08-09 21:42:34 - [MESSAGE][INFO] - Action delay is set to 0 milliseconds

2023-08-09 21:42:40 - [MESSAGE][PASSED] - Browser is opened with url: 'https://ioclfmssmart.tmsitrimble.in/FMSSmartApp/#/login'

2023-08-09 21:42:40 - [TEST_STEP][PASSED] - maximizeWindow(): Current window maximized

2023-08-09 21:42:40 - [MESSAGE][PASSED] - Current window maximized

2023-08-09 21:42:40 - [TEST_STEP][PASSED] - delay(3): Delayed 3 second(s)

2023-08-09 21:42:43 - [MESSAGE][PASSED] - Delayed 3 second(s)

2023-08-09 21:42:43 - [TEST_STEP][PASSED] - click(findTestObject("OB_005_Login screen_fms smart/login screen/username")): Object: 'Object Repository/OB_005_Login screen_fms smart/login screen/username' is clicked on

2023-08-09 21:42:43 - [MESSAGE][PASSED] - Object: 'Object Repository/OB_005_Login screen_fms smart/login screen/username' is clicked on

2023-08-09 21:42:43 - [TEST_STEP][PASSED] - setText(findTestObject("OB_005_Login screen_fms smart/login screen/username"), username): Text '11038331' is set on object 'Object Repository/OB_005_Login screen_fms smart/login screen/username'

2023-08-09 21:42:44 - [MESSAGE][PASSED] - Text '11038331' is set on object 'Object Repository/OB_005_Login screen_fms smart/login screen/username'

2023-08-09 21:42:44 - [TEST_STEP][PASSED] - click(findTestObject("OB_005_Login screen_fms smart/login screen/Password")): Object: 'Object Repository/OB_005_Login screen_fms smart/login screen/Password' is clicked on

2023-08-09 21:42:44 - [MESSAGE][PASSED] - Object: 'Object Repository/OB_005_Login screen_fms smart/login screen/Password' is clicked on

2023-08-09 21:42:44 - [TEST_STEP][PASSED] - setText(findTestObject("OB_005_Login screen_fms smart/login screen/Password"), password): Text 'Nr@747900' is set on object 'Object Repository/OB_005_Login screen_fms smart/login screen/Password'

2023-08-09 21:42:45 - [MESSAGE][PASSED] - Text 'Nr@747900' is set on object 'Object Repository/OB_005_Login screen_fms smart/login screen/Password'

2023-08-09 21:42:45 - [TEST_STEP][PASSED] - click(findTestObject("OB_005_Login screen_fms smart/login screen/button_Sign in")): Object: 'Object Repository/OB_005_Login screen_fms smart/login screen/button_Sign in' is clicked on

2023-08-09 21:42:46 - [MESSAGE][PASSED] - Object: 'Object Repository/OB_005_Login screen_fms smart/login screen/button_Sign in' is clicked on

2023-08-09 21:42:46 - [TEST_STEP][PASSED] - delay(6): Delayed 6 second(s)

2023-08-09 21:42:52 - [MESSAGE][PASSED] - Delayed 6 second(s)

2023-08-09 21:42:52 - [TEST_STEP][PASSED] - click(findTestObject("OB_005_Login screen_fms smart/login screen/button_ACCEPT AND CLOSE")): Object: 'Object Repository/OB_005_Login screen_fms smart/login screen/button_ACCEPT AND CLOSE' is clicked on

2023-08-09 21:42:52 - [MESSAGE][PASSED] - Object: 'Object Repository/OB_005_Login screen_fms smart/login screen/button_ACCEPT AND CLOSE' is clicked on

2023-08-09 21:42:52 - [TEST_STEP][PASSED] - verifyTextPresent("FMS Smart", false): Text 'FMS Smart' is present on page 

2023-08-09 21:42:53 - [MESSAGE][PASSED] - Text 'FMS Smart' is present on page 

2023-08-09 21:42:53 - [MESSAGE][PASSED] - Call Test Case 'Test Cases/TC_007_FMS_Smart_Verify Login feature' successfully

2023-08-09 21:42:53 - [TEST_STEP][PASSED] - delay(5): Delayed 5 second(s)

2023-08-09 21:42:58 - [MESSAGE][PASSED] - Delayed 5 second(s)

2023-08-09 21:42:58 - [TEST_STEP][PASSED] - click(findTestObject("OB_010_FMS_Smart_Report feature verify/Report feature verify/a_Reports")): Object: 'Object Repository/OB_010_FMS_Smart_Report feature verify/Report feature verify/a_Reports' is clicked on

2023-08-09 21:42:58 - [MESSAGE][PASSED] - Object: 'Object Repository/OB_010_FMS_Smart_Report feature verify/Report feature verify/a_Reports' is clicked on

2023-08-09 21:42:58 - [TEST_STEP][PASSED] - mouseOver(findTestObject("OB_010_FMS_Smart_Report feature verify/Report feature verify/div_Safety  Summary  Report")): Object: 'Object Repository/OB_010_FMS_Smart_Report feature verify/Report feature verify/div_Safety  Summary  Report' is hovered

2023-08-09 21:43:02 - [MESSAGE][PASSED] - Object: 'Object Repository/OB_010_FMS_Smart_Report feature verify/Report feature verify/div_Safety  Summary  Report' is hovered

2023-08-09 21:43:02 - [TEST_STEP][PASSED] - delay(2): Delayed 2 second(s)

2023-08-09 21:43:04 - [MESSAGE][PASSED] - Delayed 2 second(s)

2023-08-09 21:43:04 - [TEST_STEP][PASSED] - verifyTextPresent("Safety Summary Report", false): Text 'Safety Summary Report' is present on page 

2023-08-09 21:43:04 - [MESSAGE][PASSED] - Text 'Safety Summary Report' is present on page 

2023-08-09 21:43:04 - [TEST_STEP][FAILED] - click(findTestObject("OB_010_FMS_Smart_Report feature verify/Report feature verify/div_Safety  Summary  Report")): Unable to click on object 'Object Repository/OB_010_FMS_Smart_Report feature verify/Report feature verify/div_Safety  Summary  Report' (Root cause: com.kms.katalon.core.exception.StepFailedException: Unable to click on object 'Object Repository/OB_010_FMS_Smart_Report feature verify/Report feature verify/div_Safety  Summary  Report'
	at com.kms.katalon.core.webui.keyword.internal.WebUIKeywordMain.stepFailed(WebUIKeywordMain.groovy:64)
	at com.kms.katalon.core.webui.keyword.internal.WebUIKeywordMain.runKeyword(WebUIKeywordMain.groovy:26)
	at com.kms.katalon.core.webui.keyword.builtin.ClickKeyword.click(ClickKeyword.groovy:74)
	at com.kms.katalon.core.webui.keyword.builtin.ClickKeyword.execute(ClickKeyword.groovy:40)
	at com.kms.katalon.core.keyword.internal.KeywordExecutor.executeKeywordForPlatform(KeywordExecutor.groovy:74)
	at com.kms.katalon.core.webui.keyword.WebUiBuiltInKeywords.click(WebUiBuiltInKeywords.groovy:620)
	at com.kms.katalon.core.webui.keyword.WebUiBuiltInKeywords$click$1.call(Unknown Source)
	at TC_014_FMS_Smart_Verify the report feature.run(TC_014_FMS_Smart_Verify the report feature:33)
	at com.kms.katalon.core.main.ScriptEngine.run(ScriptEngine.java:194)
	at com.kms.katalon.core.main.ScriptEngine.runScriptAsRawText(ScriptEngine.java:119)
	at com.kms.katalon.core.main.TestCaseExecutor.runScript(TestCaseExecutor.java:448)
	at com.kms.katalon.core.main.TestCaseExecutor.doExecute(TestCaseExecutor.java:439)
	at com.kms.katalon.core.main.TestCaseExecutor.processExecutionPhase(TestCaseExecutor.java:418)
	at com.kms.katalon.core.main.TestCaseExecutor.accessMainPhase(TestCaseExecutor.java:410)
	at com.kms.katalon.core.main.TestCaseExecutor.execute(TestCaseExecutor.java:285)
	at com.kms.katalon.core.common.CommonExecutor.accessTestCaseMainPhase(CommonExecutor.java:65)
	at com.kms.katalon.core.main.TestSuiteExecutor.accessTestSuiteMainPhase(TestSuiteExecutor.java:148)
	at com.kms.katalon.core.main.TestSuiteExecutor.execute(TestSuiteExecutor.java:106)
	at com.kms.katalon.core.main.TestCaseMain.startTestSuite(TestCaseMain.java:187)
	at com.kms.katalon.core.main.TestCaseMain$startTestSuite$0.call(Unknown Source)
	at TempTestSuite1691597214045.run(TempTestSuite1691597214045.groovy:36)
Caused by: org.openqa.selenium.ElementClickInterceptedException: element click intercepted: Element <div class="col-6 col-lg-3">...</div> is not clickable at point (175, 144). Other element would receive the click: <a _ngcontent-drm-c20="" class="nav-link active" ng-reflect-ng-class="nav-link active" ng-reflect-router-link="/reports" href="#/reports">...</a>
  (Session info: chrome=115.0.5790.111)
Build info: version: '3.141.59', revision: 'e82be7d358', time: '2018-11-14T08:25:53'
System info: host: 'DESKTOP-21ATSCV', ip: '192.168.1.102', os.name: 'Windows 10', os.arch: 'amd64', os.version: '10.0', java.version: '1.8.0_362'
Driver info: com.kms.katalon.selenium.driver.CChromeDriver
Capabilities {acceptInsecureCerts: false, browserName: chrome, browserVersion: 115.0.5790.111, chrome: {chromedriverVersion: 114.0.5735.90 (386bc09e8f4f..., userDataDir: C:\Windows\SystemTemp\scope...}, goog:chromeOptions: {debuggerAddress: localhost:65113}, javascriptEnabled: true, networkConnectionEnabled: false, pageLoadStrategy: normal, platform: WINDOWS, platformName: WINDOWS, proxy: Proxy(), setWindowRect: true, strictFileInteractability: false, timeouts: {implicit: 0, pageLoad: 300000, script: 30000}, unhandledPromptBehavior: dismiss and notify, webauthn:extension:credBlob: true, webauthn:extension:largeBlob: true, webauthn:extension:minPinLength: true, webauthn:extension:prf: true, webauthn:virtualAuthenticators: true}
Session ID: 9d411510a704e4a9b15d722d2ba2b84d
	at org.openqa.selenium.remote.http.W3CHttpResponseCodec.createException(W3CHttpResponseCodec.java:187)
	at org.openqa.selenium.remote.http.W3CHttpResponseCodec.decode(W3CHttpResponseCodec.java:122)
	at org.openqa.selenium.remote.http.W3CHttpResponseCodec.decode(W3CHttpResponseCodec.java:49)
	at org.openqa.selenium.remote.HttpCommandExecutor.execute(HttpCommandExecutor.java:158)
	at org.openqa.selenium.remote.service.DriverCommandExecutor.execute(DriverCommandExecutor.java:83)
	at org.openqa.selenium.remote.RemoteWebDriver.execute(RemoteWebDriver.java:552)
	at com.kms.katalon.selenium.driver.CChromeDriver.execute(CChromeDriver.java:19)
	at org.openqa.selenium.remote.RemoteWebElement.execute(RemoteWebElement.java:285)
	at org.openqa.selenium.remote.RemoteWebElement.click(RemoteWebElement.java:84)
	at org.openqa.selenium.support.events.EventFiringWebDriver$EventFiringWebElement.lambda$new$0(EventFiringWebDriver.java:404)
	at com.sun.proxy.$Proxy11.click(Unknown Source)
	at org.openqa.selenium.support.events.EventFiringWebDriver$EventFiringWebElement.click(EventFiringWebDriver.java:417)
	at org.openqa.selenium.WebElement$click.call(Unknown Source)
	at com.kms.katalon.core.webui.keyword.builtin.ClickKeyword.clickUntilSuccessWithTimeout(ClickKeyword.groovy:81)
	at com.kms.katalon.core.webui.keyword.builtin.ClickKeyword.clickUntilSuccessWithTimeout(ClickKeyword.groovy)
	at com.kms.katalon.core.webui.keyword.builtin.ClickKeyword$_click_closure1.doCall(ClickKeyword.groovy:67)
	at com.kms.katalon.core.webui.keyword.builtin.ClickKeyword$_click_closure1.call(ClickKeyword.groovy)
	at com.kms.katalon.core.webui.keyword.internal.WebUIKeywordMain.runKeyword(WebUIKeywordMain.groovy:20)
	at com.kms.katalon.core.webui.keyword.builtin.ClickKeyword.click(ClickKeyword.groovy:74)
	at com.kms.katalon.core.webui.keyword.builtin.ClickKeyword.execute(ClickKeyword.groovy:40)
	at com.kms.katalon.core.keyword.internal.KeywordExecutor.executeKeywordForPlatform(KeywordExecutor.groovy:74)
	at com.kms.katalon.core.webui.keyword.WebUiBuiltInKeywords.click(WebUiBuiltInKeywords.groovy:620)
	at com.kms.katalon.core.webui.keyword.WebUiBuiltInKeywords$click$1.call(Unknown Source)
	at Script1691333094686.run(Script1691333094686.groovy:33)
	... 13 more
)

2023-08-09 21:43:36 - [MESSAGE][FAILED] - Unable to click on object 'Object Repository/OB_010_FMS_Smart_Report feature verify/Report feature verify/div_Safety  Summary  Report' (Root cause: com.kms.katalon.core.exception.StepFailedException: Unable to click on object 'Object Repository/OB_010_FMS_Smart_Report feature verify/Report feature verify/div_Safety  Summary  Report'
	at com.kms.katalon.core.webui.keyword.internal.WebUIKeywordMain.stepFailed(WebUIKeywordMain.groovy:64)
	at com.kms.katalon.core.webui.keyword.internal.WebUIKeywordMain.runKeyword(WebUIKeywordMain.groovy:26)
	at com.kms.katalon.core.webui.keyword.builtin.ClickKeyword.click(ClickKeyword.groovy:74)
	at com.kms.katalon.core.webui.keyword.builtin.ClickKeyword.execute(ClickKeyword.groovy:40)
	at com.kms.katalon.core.keyword.internal.KeywordExecutor.executeKeywordForPlatform(KeywordExecutor.groovy:74)
	at com.kms.katalon.core.webui.keyword.WebUiBuiltInKeywords.click(WebUiBuiltInKeywords.groovy:620)
	at com.kms.katalon.core.webui.keyword.WebUiBuiltInKeywords$click$1.call(Unknown Source)
	at TC_014_FMS_Smart_Verify the report feature.run(TC_014_FMS_Smart_Verify the report feature:33)
	at com.kms.katalon.core.main.ScriptEngine.run(ScriptEngine.java:194)
	at com.kms.katalon.core.main.ScriptEngine.runScriptAsRawText(ScriptEngine.java:119)
	at com.kms.katalon.core.main.TestCaseExecutor.runScript(TestCaseExecutor.java:448)
	at com.kms.katalon.core.main.TestCaseExecutor.doExecute(TestCaseExecutor.java:439)
	at com.kms.katalon.core.main.TestCaseExecutor.processExecutionPhase(TestCaseExecutor.java:418)
	at com.kms.katalon.core.main.TestCaseExecutor.accessMainPhase(TestCaseExecutor.java:410)
	at com.kms.katalon.core.main.TestCaseExecutor.execute(TestCaseExecutor.java:285)
	at com.kms.katalon.core.common.CommonExecutor.accessTestCaseMainPhase(CommonExecutor.java:65)
	at com.kms.katalon.core.main.TestSuiteExecutor.accessTestSuiteMainPhase(TestSuiteExecutor.java:148)
	at com.kms.katalon.core.main.TestSuiteExecutor.execute(TestSuiteExecutor.java:106)
	at com.kms.katalon.core.main.TestCaseMain.startTestSuite(TestCaseMain.java:187)
	at com.kms.katalon.core.main.TestCaseMain$startTestSuite$0.call(Unknown Source)
	at TempTestSuite1691597214045.run(TempTestSuite1691597214045.groovy:36)
Caused by: org.openqa.selenium.ElementClickInterceptedException: element click intercepted: Element <div class="col-6 col-lg-3">...</div> is not clickable at point (175, 144). Other element would receive the click: <a _ngcontent-drm-c20="" class="nav-link active" ng-reflect-ng-class="nav-link active" ng-reflect-router-link="/reports" href="#/reports">...</a>
  (Session info: chrome=115.0.5790.111)
Build info: version: '3.141.59', revision: 'e82be7d358', time: '2018-11-14T08:25:53'
System info: host: 'DESKTOP-21ATSCV', ip: '192.168.1.102', os.name: 'Windows 10', os.arch: 'amd64', os.version: '10.0', java.version: '1.8.0_362'
Driver info: com.kms.katalon.selenium.driver.CChromeDriver
Capabilities {acceptInsecureCerts: false, browserName: chrome, browserVersion: 115.0.5790.111, chrome: {chromedriverVersion: 114.0.5735.90 (386bc09e8f4f..., userDataDir: C:\Windows\SystemTemp\scope...}, goog:chromeOptions: {debuggerAddress: localhost:65113}, javascriptEnabled: true, networkConnectionEnabled: false, pageLoadStrategy: normal, platform: WINDOWS, platformName: WINDOWS, proxy: Proxy(), setWindowRect: true, strictFileInteractability: false, timeouts: {implicit: 0, pageLoad: 300000, script: 30000}, unhandledPromptBehavior: dismiss and notify, webauthn:extension:credBlob: true, webauthn:extension:largeBlob: true, webauthn:extension:minPinLength: true, webauthn:extension:prf: true, webauthn:virtualAuthenticators: true}
Session ID: 9d411510a704e4a9b15d722d2ba2b84d
	at org.openqa.selenium.remote.http.W3CHttpResponseCodec.createException(W3CHttpResponseCodec.java:187)
	at org.openqa.selenium.remote.http.W3CHttpResponseCodec.decode(W3CHttpResponseCodec.java:122)
	at org.openqa.selenium.remote.http.W3CHttpResponseCodec.decode(W3CHttpResponseCodec.java:49)
	at org.openqa.selenium.remote.HttpCommandExecutor.execute(HttpCommandExecutor.java:158)
	at org.openqa.selenium.remote.service.DriverCommandExecutor.execute(DriverCommandExecutor.java:83)
	at org.openqa.selenium.remote.RemoteWebDriver.execute(RemoteWebDriver.java:552)
	at com.kms.katalon.selenium.driver.CChromeDriver.execute(CChromeDriver.java:19)
	at org.openqa.selenium.remote.RemoteWebElement.execute(RemoteWebElement.java:285)
	at org.openqa.selenium.remote.RemoteWebElement.click(RemoteWebElement.java:84)
	at org.openqa.selenium.support.events.EventFiringWebDriver$EventFiringWebElement.lambda$new$0(EventFiringWebDriver.java:404)
	at com.sun.proxy.$Proxy11.click(Unknown Source)
	at org.openqa.selenium.support.events.EventFiringWebDriver$EventFiringWebElement.click(EventFiringWebDriver.java:417)
	at org.openqa.selenium.WebElement$click.call(Unknown Source)
	at com.kms.katalon.core.webui.keyword.builtin.ClickKeyword.clickUntilSuccessWithTimeout(ClickKeyword.groovy:81)
	at com.kms.katalon.core.webui.keyword.builtin.ClickKeyword.clickUntilSuccessWithTimeout(ClickKeyword.groovy)
	at com.kms.katalon.core.webui.keyword.builtin.ClickKeyword$_click_closure1.doCall(ClickKeyword.groovy:67)
	at com.kms.katalon.core.webui.keyword.builtin.ClickKeyword$_click_closure1.call(ClickKeyword.groovy)
	at com.kms.katalon.core.webui.keyword.internal.WebUIKeywordMain.runKeyword(WebUIKeywordMain.groovy:20)
	at com.kms.katalon.core.webui.keyword.builtin.ClickKeyword.click(ClickKeyword.groovy:74)
	at com.kms.katalon.core.webui.keyword.builtin.ClickKeyword.execute(ClickKeyword.groovy:40)
	at com.kms.katalon.core.keyword.internal.KeywordExecutor.executeKeywordForPlatform(KeywordExecutor.groovy:74)
	at com.kms.katalon.core.webui.keyword.WebUiBuiltInKeywords.click(WebUiBuiltInKeywords.groovy:620)
	at com.kms.katalon.core.webui.keyword.WebUiBuiltInKeywords$click$1.call(Unknown Source)
	at Script1691333094686.run(Script1691333094686.groovy:33)
	... 13 more
)
[[ATTACHMENT|C:\\Users\\windows 10\\git\\NewRepository\\KatalonGit\\Reports\\20230809_213644\\TS_002_FMS_Smart_web application\\TS_01_FMS_Smart_Web app_Sanity\\20230809_213654\\1691597616501.png]]]]></system-out>
         <system-err><![CDATA[2023-08-09 21:42:34 - [TEST_CASE][FAILED] - Test Cases/TC_014_FMS_Smart_Verify the report feature: Test Cases/TC_014_FMS_Smart_Verify the report feature FAILED.
Reason:
com.kms.katalon.core.exception.StepFailedException: Unable to click on object 'Object Repository/OB_010_FMS_Smart_Report feature verify/Report feature verify/div_Safety  Summary  Report'
	at com.kms.katalon.core.webui.keyword.internal.WebUIKeywordMain.stepFailed(WebUIKeywordMain.groovy:64)
	at com.kms.katalon.core.webui.keyword.internal.WebUIKeywordMain.runKeyword(WebUIKeywordMain.groovy:26)
	at com.kms.katalon.core.webui.keyword.builtin.ClickKeyword.click(ClickKeyword.groovy:74)
	at com.kms.katalon.core.webui.keyword.builtin.ClickKeyword.execute(ClickKeyword.groovy:40)
	at com.kms.katalon.core.keyword.internal.KeywordExecutor.executeKeywordForPlatform(KeywordExecutor.groovy:74)
	at com.kms.katalon.core.webui.keyword.WebUiBuiltInKeywords.click(WebUiBuiltInKeywords.groovy:620)
	at com.kms.katalon.core.webui.keyword.WebUiBuiltInKeywords$click$1.call(Unknown Source)
	at TC_014_FMS_Smart_Verify the report feature.run(TC_014_FMS_Smart_Verify the report feature:33)
	at com.kms.katalon.core.main.ScriptEngine.run(ScriptEngine.java:194)
	at com.kms.katalon.core.main.ScriptEngine.runScriptAsRawText(ScriptEngine.java:119)
	at com.kms.katalon.core.main.TestCaseExecutor.runScript(TestCaseExecutor.java:448)
	at com.kms.katalon.core.main.TestCaseExecutor.doExecute(TestCaseExecutor.java:439)
	at com.kms.katalon.core.main.TestCaseExecutor.processExecutionPhase(TestCaseExecutor.java:418)
	at com.kms.katalon.core.main.TestCaseExecutor.accessMainPhase(TestCaseExecutor.java:410)
	at com.kms.katalon.core.main.TestCaseExecutor.execute(TestCaseExecutor.java:285)
	at com.kms.katalon.core.common.CommonExecutor.accessTestCaseMainPhase(CommonExecutor.java:65)
	at com.kms.katalon.core.main.TestSuiteExecutor.accessTestSuiteMainPhase(TestSuiteExecutor.java:148)
	at com.kms.katalon.core.main.TestSuiteExecutor.execute(TestSuiteExecutor.java:106)
	at com.kms.katalon.core.main.TestCaseMain.startTestSuite(TestCaseMain.java:187)
	at com.kms.katalon.core.main.TestCaseMain$startTestSuite$0.call(Unknown Source)
	at TempTestSuite1691597214045.run(TempTestSuite1691597214045.groovy:36)
Caused by: org.openqa.selenium.ElementClickInterceptedException: element click intercepted: Element <div class="col-6 col-lg-3">...</div> is not clickable at point (175, 144). Other element would receive the click: <a _ngcontent-drm-c20="" class="nav-link active" ng-reflect-ng-class="nav-link active" ng-reflect-router-link="/reports" href="#/reports">...</a>
  (Session info: chrome=115.0.5790.111)
Build info: version: '3.141.59', revision: 'e82be7d358', time: '2018-11-14T08:25:53'
System info: host: 'DESKTOP-21ATSCV', ip: '192.168.1.102', os.name: 'Windows 10', os.arch: 'amd64', os.version: '10.0', java.version: '1.8.0_362'
Driver info: com.kms.katalon.selenium.driver.CChromeDriver
Capabilities {acceptInsecureCerts: false, browserName: chrome, browserVersion: 115.0.5790.111, chrome: {chromedriverVersion: 114.0.5735.90 (386bc09e8f4f..., userDataDir: C:\Windows\SystemTemp\scope...}, goog:chromeOptions: {debuggerAddress: localhost:65113}, javascriptEnabled: true, networkConnectionEnabled: false, pageLoadStrategy: normal, platform: WINDOWS, platformName: WINDOWS, proxy: Proxy(), setWindowRect: true, strictFileInteractability: false, timeouts: {implicit: 0, pageLoad: 300000, script: 30000}, unhandledPromptBehavior: dismiss and notify, webauthn:extension:credBlob: true, webauthn:extension:largeBlob: true, webauthn:extension:minPinLength: true, webauthn:extension:prf: true, webauthn:virtualAuthenticators: true}
Session ID: 9d411510a704e4a9b15d722d2ba2b84d
	at org.openqa.selenium.remote.http.W3CHttpResponseCodec.createException(W3CHttpResponseCodec.java:187)
	at org.openqa.selenium.remote.http.W3CHttpResponseCodec.decode(W3CHttpResponseCodec.java:122)
	at org.openqa.selenium.remote.http.W3CHttpResponseCodec.decode(W3CHttpResponseCodec.java:49)
	at org.openqa.selenium.remote.HttpCommandExecutor.execute(HttpCommandExecutor.java:158)
	at org.openqa.selenium.remote.service.DriverCommandExecutor.execute(DriverCommandExecutor.java:83)
	at org.openqa.selenium.remote.RemoteWebDriver.execute(RemoteWebDriver.java:552)
	at com.kms.katalon.selenium.driver.CChromeDriver.execute(CChromeDriver.java:19)
	at org.openqa.selenium.remote.RemoteWebElement.execute(RemoteWebElement.java:285)
	at org.openqa.selenium.remote.RemoteWebElement.click(RemoteWebElement.java:84)
	at org.openqa.selenium.support.events.EventFiringWebDriver$EventFiringWebElement.lambda$new$0(EventFiringWebDriver.java:404)
	at com.sun.proxy.$Proxy11.click(Unknown Source)
	at org.openqa.selenium.support.events.EventFiringWebDriver$EventFiringWebElement.click(EventFiringWebDriver.java:417)
	at org.openqa.selenium.WebElement$click.call(Unknown Source)
	at com.kms.katalon.core.webui.keyword.builtin.ClickKeyword.clickUntilSuccessWithTimeout(ClickKeyword.groovy:81)
	at com.kms.katalon.core.webui.keyword.builtin.ClickKeyword.clickUntilSuccessWithTimeout(ClickKeyword.groovy)
	at com.kms.katalon.core.webui.keyword.builtin.ClickKeyword$_click_closure1.doCall(ClickKeyword.groovy:67)
	at com.kms.katalon.core.webui.keyword.builtin.ClickKeyword$_click_closure1.call(ClickKeyword.groovy)
	at com.kms.katalon.core.webui.keyword.internal.WebUIKeywordMain.runKeyword(WebUIKeywordMain.groovy:20)
	... 19 more]]></system-err>
      </testcase>
      <system-out><![CDATA[2023-08-09 21:36:58 - [TEST_SUITE][FAILED] - TS_01_FMS_Smart_Web app_Sanity: Test Cases/TC_009_FMS_Smart_Dashabord feature 2 FAILED.
Reason:
com.kms.katalon.core.exception.StepFailedException: Unable to click on object 'Object Repository/OB_007_Dashabord Feature2/Grid view btn/Grid view-OnTrip'
	at com.kms.katalon.core.webui.keyword.internal.WebUIKeywordMain.stepFailed(WebUIKeywordMain.groovy:64)
	at com.kms.katalon.core.webui.keyword.internal.WebUIKeywordMain.runKeyword(WebUIKeywordMain.groovy:26)
	at com.kms.katalon.core.webui.keyword.builtin.ClickKeyword.click(ClickKeyword.groovy:74)
	at com.kms.katalon.core.webui.keyword.builtin.ClickKeyword.execute(ClickKeyword.groovy:40)
	at com.kms.katalon.core.keyword.internal.KeywordExecutor.executeKeywordForPlatform(KeywordExecutor.groovy:74)
	at com.kms.katalon.core.webui.keyword.WebUiBuiltInKeywords.click(WebUiBuiltInKeywords.groovy:620)
	at com.kms.katalon.core.webui.keyword.WebUiBuiltInKeywords$click$1.call(Unknown Source)
	at TC_009_FMS_Smart_Dashabord feature 2.run(TC_009_FMS_Smart_Dashabord feature 2:77)
	at com.kms.katalon.core.main.ScriptEngine.run(ScriptEngine.java:194)
	at com.kms.katalon.core.main.ScriptEngine.runScriptAsRawText(ScriptEngine.java:119)
	at com.kms.katalon.core.main.TestCaseExecutor.runScript(TestCaseExecutor.java:448)
	at com.kms.katalon.core.main.TestCaseExecutor.doExecute(TestCaseExecutor.java:439)
	at com.kms.katalon.core.main.TestCaseExecutor.processExecutionPhase(TestCaseExecutor.java:418)
	at com.kms.katalon.core.main.TestCaseExecutor.accessMainPhase(TestCaseExecutor.java:410)
	at com.kms.katalon.core.main.TestCaseExecutor.execute(TestCaseExecutor.java:285)
	at com.kms.katalon.core.common.CommonExecutor.accessTestCaseMainPhase(CommonExecutor.java:65)
	at com.kms.katalon.core.main.TestSuiteExecutor.accessTestSuiteMainPhase(TestSuiteExecutor.java:148)
	at com.kms.katalon.core.main.TestSuiteExecutor.execute(TestSuiteExecutor.java:106)
	at com.kms.katalon.core.main.TestCaseMain.startTestSuite(TestCaseMain.java:187)
	at com.kms.katalon.core.main.TestCaseMain$startTestSuite$0.call(Unknown Source)
	at TempTestSuite1691597214045.run(TempTestSuite1691597214045.groovy:36)
Caused by: org.openqa.selenium.ElementNotInteractableException: element not interactable
  (Session info: chrome=115.0.5790.111)
Build info: version: '3.141.59', revision: 'e82be7d358', time: '2018-11-14T08:25:53'
System info: host: 'DESKTOP-21ATSCV', ip: '192.168.1.102', os.name: 'Windows 10', os.arch: 'amd64', os.version: '10.0', java.version: '1.8.0_362'
Driver info: com.kms.katalon.selenium.driver.CChromeDriver
Capabilities {acceptInsecureCerts: false, browserName: chrome, browserVersion: 115.0.5790.111, chrome: {chromedriverVersion: 114.0.5735.90 (386bc09e8f4f..., userDataDir: C:\Windows\SystemTemp\scope...}, goog:chromeOptions: {debuggerAddress: localhost:64653}, javascriptEnabled: true, networkConnectionEnabled: false, pageLoadStrategy: normal, platform: WINDOWS, platformName: WINDOWS, proxy: Proxy(), setWindowRect: true, strictFileInteractability: false, timeouts: {implicit: 0, pageLoad: 300000, script: 30000}, unhandledPromptBehavior: dismiss and notify, webauthn:extension:credBlob: true, webauthn:extension:largeBlob: true, webauthn:extension:minPinLength: true, webauthn:extension:prf: true, webauthn:virtualAuthenticators: true}
Session ID: 1b17496241ed8c3a3c9a3e5af56711a8
	at org.openqa.selenium.remote.http.W3CHttpResponseCodec.createException(W3CHttpResponseCodec.java:187)
	at org.openqa.selenium.remote.http.W3CHttpResponseCodec.decode(W3CHttpResponseCodec.java:122)
	at org.openqa.selenium.remote.http.W3CHttpResponseCodec.decode(W3CHttpResponseCodec.java:49)
	at org.openqa.selenium.remote.HttpCommandExecutor.execute(HttpCommandExecutor.java:158)
	at org.openqa.selenium.remote.service.DriverCommandExecutor.execute(DriverCommandExecutor.java:83)
	at org.openqa.selenium.remote.RemoteWebDriver.execute(RemoteWebDriver.java:552)
	at com.kms.katalon.selenium.driver.CChromeDriver.execute(CChromeDriver.java:19)
	at org.openqa.selenium.remote.RemoteWebElement.execute(RemoteWebElement.java:285)
	at org.openqa.selenium.remote.RemoteWebElement.click(RemoteWebElement.java:84)
	at org.openqa.selenium.support.events.EventFiringWebDriver$EventFiringWebElement.lambda$new$0(EventFiringWebDriver.java:404)
	at com.sun.proxy.$Proxy11.click(Unknown Source)
	at org.openqa.selenium.support.events.EventFiringWebDriver$EventFiringWebElement.click(EventFiringWebDriver.java:417)
	at org.openqa.selenium.WebElement$click.call(Unknown Source)
	at com.kms.katalon.core.webui.keyword.builtin.ClickKeyword.clickUntilSuccessWithTimeout(ClickKeyword.groovy:81)
	at com.kms.katalon.core.webui.keyword.builtin.ClickKeyword.clickUntilSuccessWithTimeout(ClickKeyword.groovy)
	at com.kms.katalon.core.webui.keyword.builtin.ClickKeyword$_click_closure1.doCall(ClickKeyword.groovy:67)
	at com.kms.katalon.core.webui.keyword.builtin.ClickKeyword$_click_closure1.call(ClickKeyword.groovy)
	at com.kms.katalon.core.webui.keyword.internal.WebUIKeywordMain.runKeyword(WebUIKeywordMain.groovy:20)
	... 19 more]]></system-out>
      <system-err><![CDATA[2023-08-09 21:36:58 - [TEST_SUITE][FAILED] - TS_01_FMS_Smart_Web app_Sanity: Test Cases/TC_009_FMS_Smart_Dashabord feature 2 FAILED.
Reason:
com.kms.katalon.core.exception.StepFailedException: Unable to click on object 'Object Repository/OB_007_Dashabord Feature2/Grid view btn/Grid view-OnTrip'
	at com.kms.katalon.core.webui.keyword.internal.WebUIKeywordMain.stepFailed(WebUIKeywordMain.groovy:64)
	at com.kms.katalon.core.webui.keyword.internal.WebUIKeywordMain.runKeyword(WebUIKeywordMain.groovy:26)
	at com.kms.katalon.core.webui.keyword.builtin.ClickKeyword.click(ClickKeyword.groovy:74)
	at com.kms.katalon.core.webui.keyword.builtin.ClickKeyword.execute(ClickKeyword.groovy:40)
	at com.kms.katalon.core.keyword.internal.KeywordExecutor.executeKeywordForPlatform(KeywordExecutor.groovy:74)
	at com.kms.katalon.core.webui.keyword.WebUiBuiltInKeywords.click(WebUiBuiltInKeywords.groovy:620)
	at com.kms.katalon.core.webui.keyword.WebUiBuiltInKeywords$click$1.call(Unknown Source)
	at TC_009_FMS_Smart_Dashabord feature 2.run(TC_009_FMS_Smart_Dashabord feature 2:77)
	at com.kms.katalon.core.main.ScriptEngine.run(ScriptEngine.java:194)
	at com.kms.katalon.core.main.ScriptEngine.runScriptAsRawText(ScriptEngine.java:119)
	at com.kms.katalon.core.main.TestCaseExecutor.runScript(TestCaseExecutor.java:448)
	at com.kms.katalon.core.main.TestCaseExecutor.doExecute(TestCaseExecutor.java:439)
	at com.kms.katalon.core.main.TestCaseExecutor.processExecutionPhase(TestCaseExecutor.java:418)
	at com.kms.katalon.core.main.TestCaseExecutor.accessMainPhase(TestCaseExecutor.java:410)
	at com.kms.katalon.core.main.TestCaseExecutor.execute(TestCaseExecutor.java:285)
	at com.kms.katalon.core.common.CommonExecutor.accessTestCaseMainPhase(CommonExecutor.java:65)
	at com.kms.katalon.core.main.TestSuiteExecutor.accessTestSuiteMainPhase(TestSuiteExecutor.java:148)
	at com.kms.katalon.core.main.TestSuiteExecutor.execute(TestSuiteExecutor.java:106)
	at com.kms.katalon.core.main.TestCaseMain.startTestSuite(TestCaseMain.java:187)
	at com.kms.katalon.core.main.TestCaseMain$startTestSuite$0.call(Unknown Source)
	at TempTestSuite1691597214045.run(TempTestSuite1691597214045.groovy:36)
Caused by: org.openqa.selenium.ElementNotInteractableException: element not interactable
  (Session info: chrome=115.0.5790.111)
Build info: version: '3.141.59', revision: 'e82be7d358', time: '2018-11-14T08:25:53'
System info: host: 'DESKTOP-21ATSCV', ip: '192.168.1.102', os.name: 'Windows 10', os.arch: 'amd64', os.version: '10.0', java.version: '1.8.0_362'
Driver info: com.kms.katalon.selenium.driver.CChromeDriver
Capabilities {acceptInsecureCerts: false, browserName: chrome, browserVersion: 115.0.5790.111, chrome: {chromedriverVersion: 114.0.5735.90 (386bc09e8f4f..., userDataDir: C:\Windows\SystemTemp\scope...}, goog:chromeOptions: {debuggerAddress: localhost:64653}, javascriptEnabled: true, networkConnectionEnabled: false, pageLoadStrategy: normal, platform: WINDOWS, platformName: WINDOWS, proxy: Proxy(), setWindowRect: true, strictFileInteractability: false, timeouts: {implicit: 0, pageLoad: 300000, script: 30000}, unhandledPromptBehavior: dismiss and notify, webauthn:extension:credBlob: true, webauthn:extension:largeBlob: true, webauthn:extension:minPinLength: true, webauthn:extension:prf: true, webauthn:virtualAuthenticators: true}
Session ID: 1b17496241ed8c3a3c9a3e5af56711a8
	at org.openqa.selenium.remote.http.W3CHttpResponseCodec.createException(W3CHttpResponseCodec.java:187)
	at org.openqa.selenium.remote.http.W3CHttpResponseCodec.decode(W3CHttpResponseCodec.java:122)
	at org.openqa.selenium.remote.http.W3CHttpResponseCodec.decode(W3CHttpResponseCodec.java:49)
	at org.openqa.selenium.remote.HttpCommandExecutor.execute(HttpCommandExecutor.java:158)
	at org.openqa.selenium.remote.service.DriverCommandExecutor.execute(DriverCommandExecutor.java:83)
	at org.openqa.selenium.remote.RemoteWebDriver.execute(RemoteWebDriver.java:552)
	at com.kms.katalon.selenium.driver.CChromeDriver.execute(CChromeDriver.java:19)
	at org.openqa.selenium.remote.RemoteWebElement.execute(RemoteWebElement.java:285)
	at org.openqa.selenium.remote.RemoteWebElement.click(RemoteWebElement.java:84)
	at org.openqa.selenium.support.events.EventFiringWebDriver$EventFiringWebElement.lambda$new$0(EventFiringWebDriver.java:404)
	at com.sun.proxy.$Proxy11.click(Unknown Source)
	at org.openqa.selenium.support.events.EventFiringWebDriver$EventFiringWebElement.click(EventFiringWebDriver.java:417)
	at org.openqa.selenium.WebElement$click.call(Unknown Source)
	at com.kms.katalon.core.webui.keyword.builtin.ClickKeyword.clickUntilSuccessWithTimeout(ClickKeyword.groovy:81)
	at com.kms.katalon.core.webui.keyword.builtin.ClickKeyword.clickUntilSuccessWithTimeout(ClickKeyword.groovy)
	at com.kms.katalon.core.webui.keyword.builtin.ClickKeyword$_click_closure1.doCall(ClickKeyword.groovy:67)
	at com.kms.katalon.core.webui.keyword.builtin.ClickKeyword$_click_closure1.call(ClickKeyword.groovy)
	at com.kms.katalon.core.webui.keyword.internal.WebUIKeywordMain.runKeyword(WebUIKeywordMain.groovy:20)
	... 19 more]]></system-err>
   </testsuite>
</testsuites>
