<?xml version="1.0" encoding="UTF-8"?>
<testsuites name="TS_01_FMS_Smart_Web app_Sanity" time="470.301" tests="7" failures="3" errors="0">
   <testsuite name="TS_01_FMS_Smart_Web app_Sanity" tests="7" failures="3" errors="0" time="470.301" skipped="0" timestamp="2023-08-08 09:03:30" hostname="DESKTOP-21ATSCV$ - DESKTOP-21ATSCV" id="Test Suites/TS_002_FMS_Smart_web application/TS_01_FMS_Smart_Web app_Sanity">
      <properties>
         <property name="deviceName" value=""/>
         <property name="devicePlatform" value=""/>
         <property name="logFolder" value="C:\\Users\\windows 10\\git\\NewRepository\\KatalonGit\\Reports\\20230808_090318\\TS_002_FMS_Smart_web application\\TS_01_FMS_Smart_Web app_Sanity\\20230808_090327"/>
         <property name="logFiles" value="C:\\Users\\windows 10\\git\\NewRepository\\KatalonGit\\Reports\\20230808_090318\\TS_002_FMS_Smart_web application\\TS_01_FMS_Smart_Web app_Sanity\\20230808_090327\\execution0.log"/>
         <property name="attachments" value="C:\\Users\\windows 10\\git\\NewRepository\\KatalonGit\\Reports\\20230808_090318\\TS_002_FMS_Smart_web application\\TS_01_FMS_Smart_Web app_Sanity\\20230808_090327\\1691465777587.png, C:\\Users\\windows 10\\git\\NewRepository\\KatalonGit\\Reports\\20230808_090318\\TS_002_FMS_Smart_web application\\TS_01_FMS_Smart_Web app_Sanity\\20230808_090327\\1691465930786.png, C:\\Users\\windows 10\\git\\NewRepository\\KatalonGit\\Reports\\20230808_090318\\TS_002_FMS_Smart_web application\\TS_01_FMS_Smart_Web app_Sanity\\20230808_090327\\1691466081148.png"/>
         <property name="hostName" value="DESKTOP-21ATSCV$ - DESKTOP-21ATSCV"/>
         <property name="os" value="Windows 10 64bit"/>
         <property name="katalonVersion" value="8.6.5.208"/>
         <property name="browser" value="Chrome 115.0.0.0"/>
         <property name="hostAddress" value="192.168.1.102"/>
         <property name="sessionId" value="35c26f6a3e893487cc7dcb97e0475200"/>
         <property name="seleniumVersion" value="3.141.59"/>
         <property name="proxyInformation" value="ProxyInformation { proxyOption=NO_PROXY, proxyServerType=HTTP, username=, password=********, proxyServerAddress=, proxyServerPort=0, executionList=&quot;&quot;, isApplyToDesiredCapabilities=true }"/>
         <property name="platform" value="Windows 10"/>
      </properties>
      <testcase name="Test Cases/TC_007_FMS_Smart_Verify Login feature" time="21.89" classname="Test Cases/TC_007_FMS_Smart_Verify Login feature" status="PASSED">
         <system-out><![CDATA[2023-08-08 09:03:31 - [TEST_CASE][PASSED] - Test Cases/TC_007_FMS_Smart_Verify Login feature: Test Cases/TC_007_FMS_Smart_Verify Login feature

2023-08-08 09:03:31 - [TEST_STEP][PASSED] - openBrowser(url): Browser is opened with url: 'https://ioclfmssmart.tmsitrimble.in/FMSSmartApp/#/login'

2023-08-08 09:03:32 - [MESSAGE][INFO] - Starting 'Chrome' driver

2023-08-08 09:03:32 - [MESSAGE][INFO] - Action delay is set to 0 milliseconds

2023-08-08 09:03:39 - [MESSAGE][PASSED] - Browser is opened with url: 'https://ioclfmssmart.tmsitrimble.in/FMSSmartApp/#/login'

2023-08-08 09:03:39 - [TEST_STEP][PASSED] - maximizeWindow(): Current window maximized

2023-08-08 09:03:39 - [MESSAGE][PASSED] - Current window maximized

2023-08-08 09:03:39 - [TEST_STEP][PASSED] - delay(3): Delayed 3 second(s)

2023-08-08 09:03:42 - [MESSAGE][PASSED] - Delayed 3 second(s)

2023-08-08 09:03:42 - [TEST_STEP][PASSED] - click(findTestObject("OB_005_Login screen_fms smart/login screen/username")): Object: 'Object Repository/OB_005_Login screen_fms smart/login screen/username' is clicked on

2023-08-08 09:03:43 - [MESSAGE][PASSED] - Object: 'Object Repository/OB_005_Login screen_fms smart/login screen/username' is clicked on

2023-08-08 09:03:43 - [TEST_STEP][PASSED] - setText(findTestObject("OB_005_Login screen_fms smart/login screen/username"), username): Text '11038331' is set on object 'Object Repository/OB_005_Login screen_fms smart/login screen/username'

2023-08-08 09:03:44 - [MESSAGE][PASSED] - Text '11038331' is set on object 'Object Repository/OB_005_Login screen_fms smart/login screen/username'

2023-08-08 09:03:44 - [TEST_STEP][PASSED] - click(findTestObject("OB_005_Login screen_fms smart/login screen/Password")): Object: 'Object Repository/OB_005_Login screen_fms smart/login screen/Password' is clicked on

2023-08-08 09:03:44 - [MESSAGE][PASSED] - Object: 'Object Repository/OB_005_Login screen_fms smart/login screen/Password' is clicked on

2023-08-08 09:03:44 - [TEST_STEP][PASSED] - setText(findTestObject("OB_005_Login screen_fms smart/login screen/Password"), password): Text 'Nr@747900' is set on object 'Object Repository/OB_005_Login screen_fms smart/login screen/Password'

2023-08-08 09:03:45 - [MESSAGE][PASSED] - Text 'Nr@747900' is set on object 'Object Repository/OB_005_Login screen_fms smart/login screen/Password'

2023-08-08 09:03:45 - [TEST_STEP][PASSED] - click(findTestObject("OB_005_Login screen_fms smart/login screen/button_Sign in")): Object: 'Object Repository/OB_005_Login screen_fms smart/login screen/button_Sign in' is clicked on

2023-08-08 09:03:45 - [MESSAGE][PASSED] - Object: 'Object Repository/OB_005_Login screen_fms smart/login screen/button_Sign in' is clicked on

2023-08-08 09:03:45 - [TEST_STEP][PASSED] - delay(6): Delayed 6 second(s)

2023-08-08 09:03:51 - [MESSAGE][PASSED] - Delayed 6 second(s)

2023-08-08 09:03:51 - [TEST_STEP][PASSED] - click(findTestObject("OB_005_Login screen_fms smart/login screen/button_ACCEPT AND CLOSE")): Object: 'Object Repository/OB_005_Login screen_fms smart/login screen/button_ACCEPT AND CLOSE' is clicked on

2023-08-08 09:03:52 - [MESSAGE][PASSED] - Object: 'Object Repository/OB_005_Login screen_fms smart/login screen/button_ACCEPT AND CLOSE' is clicked on

2023-08-08 09:03:52 - [TEST_STEP][PASSED] - verifyTextPresent("FMS Smart", false): Text 'FMS Smart' is present on page 

2023-08-08 09:03:53 - [MESSAGE][PASSED] - Text 'FMS Smart' is present on page]]></system-out>
         <system-err><![CDATA[]]></system-err>
      </testcase>
      <testcase name="Test Cases/TC_008_FMS_Smart_All Vehicles" time="79.365" classname="Test Cases/TC_008_FMS_Smart_All Vehicles" status="PASSED">
         <system-out><![CDATA[2023-08-08 09:03:53 - [TEST_CASE][PASSED] - Test Cases/TC_008_FMS_Smart_All Vehicles: Test Cases/TC_008_FMS_Smart_All Vehicles

2023-08-08 09:03:53 - [TEST_STEP][PASSED] - callTestCase(findTestCase("TC_007_FMS_Smart_Verify Login feature"), ["url":"https://ioclfmssmart.tmsitrimble.in/FMSSmartApp/#/login", "username":"11038331", "password":"Nr@747900"], STOP_ON_FAILURE): Call Test Case 'Test Cases/TC_007_FMS_Smart_Verify Login feature' successfully

2023-08-08 09:03:53 - [TEST_CASE][PASSED] - Test Cases/TC_007_FMS_Smart_Verify Login feature: Test Cases/TC_007_FMS_Smart_Verify Login feature

2023-08-08 09:03:53 - [TEST_STEP][PASSED] - openBrowser(url): Browser is opened with url: 'https://ioclfmssmart.tmsitrimble.in/FMSSmartApp/#/login'

2023-08-08 09:03:53 - [MESSAGE][WARNING] - A browser is already opened. Closing browser and opening a new one

2023-08-08 09:03:54 - [MESSAGE][INFO] - Starting 'Chrome' driver

2023-08-08 09:03:54 - [MESSAGE][INFO] - Action delay is set to 0 milliseconds

2023-08-08 09:03:58 - [MESSAGE][PASSED] - Browser is opened with url: 'https://ioclfmssmart.tmsitrimble.in/FMSSmartApp/#/login'

2023-08-08 09:03:58 - [TEST_STEP][PASSED] - maximizeWindow(): Current window maximized

2023-08-08 09:03:59 - [MESSAGE][PASSED] - Current window maximized

2023-08-08 09:03:59 - [TEST_STEP][PASSED] - delay(3): Delayed 3 second(s)

2023-08-08 09:04:02 - [MESSAGE][PASSED] - Delayed 3 second(s)

2023-08-08 09:04:02 - [TEST_STEP][PASSED] - click(findTestObject("OB_005_Login screen_fms smart/login screen/username")): Object: 'Object Repository/OB_005_Login screen_fms smart/login screen/username' is clicked on

2023-08-08 09:04:02 - [MESSAGE][PASSED] - Object: 'Object Repository/OB_005_Login screen_fms smart/login screen/username' is clicked on

2023-08-08 09:04:02 - [TEST_STEP][PASSED] - setText(findTestObject("OB_005_Login screen_fms smart/login screen/username"), username): Text '11038331' is set on object 'Object Repository/OB_005_Login screen_fms smart/login screen/username'

2023-08-08 09:04:03 - [MESSAGE][PASSED] - Text '11038331' is set on object 'Object Repository/OB_005_Login screen_fms smart/login screen/username'

2023-08-08 09:04:03 - [TEST_STEP][PASSED] - click(findTestObject("OB_005_Login screen_fms smart/login screen/Password")): Object: 'Object Repository/OB_005_Login screen_fms smart/login screen/Password' is clicked on

2023-08-08 09:04:03 - [MESSAGE][PASSED] - Object: 'Object Repository/OB_005_Login screen_fms smart/login screen/Password' is clicked on

2023-08-08 09:04:03 - [TEST_STEP][PASSED] - setText(findTestObject("OB_005_Login screen_fms smart/login screen/Password"), password): Text 'Nr@747900' is set on object 'Object Repository/OB_005_Login screen_fms smart/login screen/Password'

2023-08-08 09:04:04 - [MESSAGE][PASSED] - Text 'Nr@747900' is set on object 'Object Repository/OB_005_Login screen_fms smart/login screen/Password'

2023-08-08 09:04:04 - [TEST_STEP][PASSED] - click(findTestObject("OB_005_Login screen_fms smart/login screen/button_Sign in")): Object: 'Object Repository/OB_005_Login screen_fms smart/login screen/button_Sign in' is clicked on

2023-08-08 09:04:04 - [MESSAGE][PASSED] - Object: 'Object Repository/OB_005_Login screen_fms smart/login screen/button_Sign in' is clicked on

2023-08-08 09:04:04 - [TEST_STEP][PASSED] - delay(6): Delayed 6 second(s)

2023-08-08 09:04:10 - [MESSAGE][PASSED] - Delayed 6 second(s)

2023-08-08 09:04:10 - [TEST_STEP][PASSED] - click(findTestObject("OB_005_Login screen_fms smart/login screen/button_ACCEPT AND CLOSE")): Object: 'Object Repository/OB_005_Login screen_fms smart/login screen/button_ACCEPT AND CLOSE' is clicked on

2023-08-08 09:04:11 - [MESSAGE][PASSED] - Object: 'Object Repository/OB_005_Login screen_fms smart/login screen/button_ACCEPT AND CLOSE' is clicked on

2023-08-08 09:04:11 - [TEST_STEP][PASSED] - verifyTextPresent("FMS Smart", false): Text 'FMS Smart' is present on page 

2023-08-08 09:04:12 - [MESSAGE][PASSED] - Text 'FMS Smart' is present on page 

2023-08-08 09:04:12 - [MESSAGE][PASSED] - Call Test Case 'Test Cases/TC_007_FMS_Smart_Verify Login feature' successfully

2023-08-08 09:04:12 - [TEST_STEP][PASSED] - click(findTestObject("OB_006_Dashbaord_Grid view feature 1/Page_FMS Smart/All Vehicle BOX")): Object: 'Object Repository/OB_006_Dashbaord_Grid view feature 1/Page_FMS Smart/All Vehicle BOX' is clicked on

2023-08-08 09:04:12 - [MESSAGE][PASSED] - Object: 'Object Repository/OB_006_Dashbaord_Grid view feature 1/Page_FMS Smart/All Vehicle BOX' is clicked on

2023-08-08 09:04:12 - [TEST_STEP][PASSED] - delay(3): Delayed 3 second(s)

2023-08-08 09:04:16 - [MESSAGE][PASSED] - Delayed 3 second(s)

2023-08-08 09:04:16 - [TEST_STEP][PASSED] - click(findTestObject("OB_006_Dashbaord_Grid view feature 1/Page_FMS Smart/button_Grid view")): Object: 'Object Repository/OB_006_Dashbaord_Grid view feature 1/Page_FMS Smart/button_Grid view' is clicked on

2023-08-08 09:04:16 - [MESSAGE][PASSED] - Object: 'Object Repository/OB_006_Dashbaord_Grid view feature 1/Page_FMS Smart/button_Grid view' is clicked on

2023-08-08 09:04:16 - [TEST_STEP][PASSED] - click(findTestObject("OB_006_Dashbaord_Grid view feature 1/Page_FMS Smart/Close Grid view")): Object: 'Object Repository/OB_006_Dashbaord_Grid view feature 1/Page_FMS Smart/Close Grid view' is clicked on

2023-08-08 09:04:34 - [MESSAGE][PASSED] - Object: 'Object Repository/OB_006_Dashbaord_Grid view feature 1/Page_FMS Smart/Close Grid view' is clicked on

2023-08-08 09:04:34 - [TEST_STEP][PASSED] - delay(5): Delayed 5 second(s)

2023-08-08 09:04:39 - [MESSAGE][PASSED] - Delayed 5 second(s)

2023-08-08 09:04:39 - [TEST_STEP][PASSED] - click(findTestObject("OB_006_Dashbaord_Grid view feature 1/Page_FMS Smart/All Vehicle BOX")): Object: 'Object Repository/OB_006_Dashbaord_Grid view feature 1/Page_FMS Smart/All Vehicle BOX' is clicked on

2023-08-08 09:04:40 - [MESSAGE][PASSED] - Object: 'Object Repository/OB_006_Dashbaord_Grid view feature 1/Page_FMS Smart/All Vehicle BOX' is clicked on

2023-08-08 09:04:40 - [TEST_STEP][PASSED] - click(findTestObject("OB_006_Dashbaord_Grid view feature 1/Page_FMS Smart/button_Map view")): Object: 'Object Repository/OB_006_Dashbaord_Grid view feature 1/Page_FMS Smart/button_Map view' is clicked on

2023-08-08 09:04:40 - [MESSAGE][PASSED] - Object: 'Object Repository/OB_006_Dashbaord_Grid view feature 1/Page_FMS Smart/button_Map view' is clicked on

2023-08-08 09:04:40 - [TEST_STEP][PASSED] - delay(4): Delayed 4 second(s)

2023-08-08 09:04:44 - [MESSAGE][PASSED] - Delayed 4 second(s)

2023-08-08 09:04:44 - [TEST_STEP][PASSED] - click(findTestObject("OB_006_Dashbaord_Grid view feature 1/Page_FMS Smart/Map View-Moving Vehicle")): Object: 'Object Repository/OB_006_Dashbaord_Grid view feature 1/Page_FMS Smart/Map View-Moving Vehicle' is clicked on

2023-08-08 09:04:45 - [MESSAGE][PASSED] - Object: 'Object Repository/OB_006_Dashbaord_Grid view feature 1/Page_FMS Smart/Map View-Moving Vehicle' is clicked on

2023-08-08 09:04:45 - [TEST_STEP][PASSED] - delay(3): Delayed 3 second(s)

2023-08-08 09:04:48 - [MESSAGE][PASSED] - Delayed 3 second(s)

2023-08-08 09:04:48 - [TEST_STEP][PASSED] - click(findTestObject("OB_006_Dashbaord_Grid view feature 1/Page_FMS Smart/Map Vew-Untracked vehicles")): Object: 'Object Repository/OB_006_Dashbaord_Grid view feature 1/Page_FMS Smart/Map Vew-Untracked vehicles' is clicked on

2023-08-08 09:04:49 - [MESSAGE][PASSED] - Object: 'Object Repository/OB_006_Dashbaord_Grid view feature 1/Page_FMS Smart/Map Vew-Untracked vehicles' is clicked on

2023-08-08 09:04:49 - [TEST_STEP][PASSED] - delay(3): Delayed 3 second(s)

2023-08-08 09:04:52 - [MESSAGE][PASSED] - Delayed 3 second(s)

2023-08-08 09:04:52 - [TEST_STEP][PASSED] - click(findTestObject("OB_006_Dashbaord_Grid view feature 1/Page_FMS Smart/Map View-NRD")): Object: 'Object Repository/OB_006_Dashbaord_Grid view feature 1/Page_FMS Smart/Map View-NRD' is clicked on

2023-08-08 09:04:53 - [MESSAGE][PASSED] - Object: 'Object Repository/OB_006_Dashbaord_Grid view feature 1/Page_FMS Smart/Map View-NRD' is clicked on

2023-08-08 09:04:53 - [TEST_STEP][PASSED] - delay(4): Delayed 4 second(s)

2023-08-08 09:04:57 - [MESSAGE][PASSED] - Delayed 4 second(s)

2023-08-08 09:04:57 - [TEST_STEP][PASSED] - click(findTestObject("OB_006_Dashbaord_Grid view feature 1/Page_FMS Smart/Map View-On trip vehicles")): Object: 'Object Repository/OB_006_Dashbaord_Grid view feature 1/Page_FMS Smart/Map View-On trip vehicles' is clicked on

2023-08-08 09:04:58 - [MESSAGE][PASSED] - Object: 'Object Repository/OB_006_Dashbaord_Grid view feature 1/Page_FMS Smart/Map View-On trip vehicles' is clicked on

2023-08-08 09:04:58 - [TEST_STEP][PASSED] - delay(3): Delayed 3 second(s)

2023-08-08 09:05:01 - [MESSAGE][PASSED] - Delayed 3 second(s)

2023-08-08 09:05:01 - [TEST_STEP][PASSED] - click(findTestObject("OB_006_Dashbaord_Grid view feature 1/Page_FMS Smart/Map view-Stopped vehicle")): Object: 'Object Repository/OB_006_Dashbaord_Grid view feature 1/Page_FMS Smart/Map view-Stopped vehicle' is clicked on

2023-08-08 09:05:02 - [MESSAGE][PASSED] - Object: 'Object Repository/OB_006_Dashbaord_Grid view feature 1/Page_FMS Smart/Map view-Stopped vehicle' is clicked on

2023-08-08 09:05:02 - [TEST_STEP][PASSED] - delay(2): Delayed 2 second(s)

2023-08-08 09:05:04 - [MESSAGE][PASSED] - Delayed 2 second(s)

2023-08-08 09:05:04 - [TEST_STEP][PASSED] - click(findTestObject("OB_006_Dashbaord_Grid view feature 1/Page_FMS Smart/button_View grid")): Object: 'Object Repository/OB_006_Dashbaord_Grid view feature 1/Page_FMS Smart/button_View grid' is clicked on

2023-08-08 09:05:05 - [MESSAGE][PASSED] - Object: 'Object Repository/OB_006_Dashbaord_Grid view feature 1/Page_FMS Smart/button_View grid' is clicked on

2023-08-08 09:05:05 - [TEST_STEP][PASSED] - delay(6): Delayed 6 second(s)

2023-08-08 09:05:11 - [MESSAGE][PASSED] - Delayed 6 second(s)

2023-08-08 09:05:11 - [TEST_STEP][PASSED] - click(findTestObject("OB_006_Dashbaord_Grid view feature 1/Page_FMS Smart/Close Grid view")): Object: 'Object Repository/OB_006_Dashbaord_Grid view feature 1/Page_FMS Smart/Close Grid view' is clicked on

2023-08-08 09:05:12 - [MESSAGE][PASSED] - Object: 'Object Repository/OB_006_Dashbaord_Grid view feature 1/Page_FMS Smart/Close Grid view' is clicked on]]></system-out>
         <system-err><![CDATA[]]></system-err>
      </testcase>
      <testcase name="Test Cases/TC_009_FMS_Smart_Dashabord feature 2" time="65.169" classname="Test Cases/TC_009_FMS_Smart_Dashabord feature 2" status="FAILED">
         <failure type="FAILED" message="Test Cases/TC_009_FMS_Smart_Dashabord feature 2 FAILED.
Reason:
com.kms.katalon.core.exception.StepFailedException: Unable to click on object 'Object Repository/OB_007_Dashabord Feature2/Grid view btn/Grid view-OnTrip'
	at com.kms.katalon.core.webui.keyword.internal.WebUIKeywordMain.stepFailed(WebUIKeywordMain.groovy:64)
	at com.kms.katalon.core.webui.keyword.internal.WebUIKeywordMain.runKeyword(WebUIKeywordMain.groovy:26)
	at com.kms.katalon.core.webui.keyword.builtin.ClickKeyword.click(ClickKeyword.groovy:74)
	at com.kms.katalon.core.webui.keyword.builtin.ClickKeyword.execute(ClickKeyword.groovy:40)
	at com.kms.katalon.core.keyword.internal.KeywordExecutor.executeKeywordForPlatform(KeywordExecutor.groovy:74)
	at com.kms.katalon.core.webui.keyword.WebUiBuiltInKeywords.click(WebUiBuiltInKeywords.groovy:620)
	at com.kms.katalon.core.webui.keyword.WebUiBuiltInKeywords$click$1.call(Unknown Source)
	at TC_009_FMS_Smart_Dashabord feature 2.run(TC_009_FMS_Smart_Dashabord feature 2:77)
	at com.kms.katalon.core.main.ScriptEngine.run(ScriptEngine.java:194)
	at com.kms.katalon.core.main.ScriptEngine.runScriptAsRawText(ScriptEngine.java:119)
	at com.kms.katalon.core.main.TestCaseExecutor.runScript(TestCaseExecutor.java:448)
	at com.kms.katalon.core.main.TestCaseExecutor.doExecute(TestCaseExecutor.java:439)
	at com.kms.katalon.core.main.TestCaseExecutor.processExecutionPhase(TestCaseExecutor.java:418)
	at com.kms.katalon.core.main.TestCaseExecutor.accessMainPhase(TestCaseExecutor.java:410)
	at com.kms.katalon.core.main.TestCaseExecutor.execute(TestCaseExecutor.java:285)
	at com.kms.katalon.core.common.CommonExecutor.accessTestCaseMainPhase(CommonExecutor.java:65)
	at com.kms.katalon.core.main.TestSuiteExecutor.accessTestSuiteMainPhase(TestSuiteExecutor.java:148)
	at com.kms.katalon.core.main.TestSuiteExecutor.execute(TestSuiteExecutor.java:106)
	at com.kms.katalon.core.main.TestCaseMain.startTestSuite(TestCaseMain.java:187)
	at com.kms.katalon.core.main.TestCaseMain$startTestSuite$0.call(Unknown Source)
	at TempTestSuite1691465607339.run(TempTestSuite1691465607339.groovy:36)
Caused by: org.openqa.selenium.ElementNotInteractableException: element not interactable
  (Session info: chrome=115.0.5790.111)
Build info: version: '3.141.59', revision: 'e82be7d358', time: '2018-11-14T08:25:53'
System info: host: 'DESKTOP-21ATSCV', ip: '192.168.1.102', os.name: 'Windows 10', os.arch: 'amd64', os.version: '10.0', java.version: '1.8.0_362'
Driver info: com.kms.katalon.selenium.driver.CChromeDriver
Capabilities {acceptInsecureCerts: false, browserName: chrome, browserVersion: 115.0.5790.111, chrome: {chromedriverVersion: 114.0.5735.90 (386bc09e8f4f..., userDataDir: C:\Windows\SystemTemp\scope...}, goog:chromeOptions: {debuggerAddress: localhost:63770}, javascriptEnabled: true, networkConnectionEnabled: false, pageLoadStrategy: normal, platform: WINDOWS, platformName: WINDOWS, proxy: Proxy(), setWindowRect: true, strictFileInteractability: false, timeouts: {implicit: 0, pageLoad: 300000, script: 30000}, unhandledPromptBehavior: dismiss and notify, webauthn:extension:credBlob: true, webauthn:extension:largeBlob: true, webauthn:extension:minPinLength: true, webauthn:extension:prf: true, webauthn:virtualAuthenticators: true}
Session ID: bc92a628be12723413113cef6660aec5
	at org.openqa.selenium.remote.http.W3CHttpResponseCodec.createException(W3CHttpResponseCodec.java:187)
	at org.openqa.selenium.remote.http.W3CHttpResponseCodec.decode(W3CHttpResponseCodec.java:122)
	at org.openqa.selenium.remote.http.W3CHttpResponseCodec.decode(W3CHttpResponseCodec.java:49)
	at org.openqa.selenium.remote.HttpCommandExecutor.execute(HttpCommandExecutor.java:158)
	at org.openqa.selenium.remote.service.DriverCommandExecutor.execute(DriverCommandExecutor.java:83)
	at org.openqa.selenium.remote.RemoteWebDriver.execute(RemoteWebDriver.java:552)
	at com.kms.katalon.selenium.driver.CChromeDriver.execute(CChromeDriver.java:19)
	at org.openqa.selenium.remote.RemoteWebElement.execute(RemoteWebElement.java:285)
	at org.openqa.selenium.remote.RemoteWebElement.click(RemoteWebElement.java:84)
	at org.openqa.selenium.support.events.EventFiringWebDriver$EventFiringWebElement.lambda$new$0(EventFiringWebDriver.java:404)
	at com.sun.proxy.$Proxy11.click(Unknown Source)
	at org.openqa.selenium.support.events.EventFiringWebDriver$EventFiringWebElement.click(EventFiringWebDriver.java:417)
	at org.openqa.selenium.WebElement$click.call(Unknown Source)
	at com.kms.katalon.core.webui.keyword.builtin.ClickKeyword.clickUntilSuccessWithTimeout(ClickKeyword.groovy:81)
	at com.kms.katalon.core.webui.keyword.builtin.ClickKeyword.clickUntilSuccessWithTimeout(ClickKeyword.groovy)
	at com.kms.katalon.core.webui.keyword.builtin.ClickKeyword$_click_closure1.doCall(ClickKeyword.groovy:67)
	at com.kms.katalon.core.webui.keyword.builtin.ClickKeyword$_click_closure1.call(ClickKeyword.groovy)
	at com.kms.katalon.core.webui.keyword.internal.WebUIKeywordMain.runKeyword(WebUIKeywordMain.groovy:20)
	... 19 more
"/>
         <system-out><![CDATA[2023-08-08 09:05:12 - [TEST_CASE][FAILED] - Test Cases/TC_009_FMS_Smart_Dashabord feature 2: Test Cases/TC_009_FMS_Smart_Dashabord feature 2 FAILED.
Reason:
com.kms.katalon.core.exception.StepFailedException: Unable to click on object 'Object Repository/OB_007_Dashabord Feature2/Grid view btn/Grid view-OnTrip'
	at com.kms.katalon.core.webui.keyword.internal.WebUIKeywordMain.stepFailed(WebUIKeywordMain.groovy:64)
	at com.kms.katalon.core.webui.keyword.internal.WebUIKeywordMain.runKeyword(WebUIKeywordMain.groovy:26)
	at com.kms.katalon.core.webui.keyword.builtin.ClickKeyword.click(ClickKeyword.groovy:74)
	at com.kms.katalon.core.webui.keyword.builtin.ClickKeyword.execute(ClickKeyword.groovy:40)
	at com.kms.katalon.core.keyword.internal.KeywordExecutor.executeKeywordForPlatform(KeywordExecutor.groovy:74)
	at com.kms.katalon.core.webui.keyword.WebUiBuiltInKeywords.click(WebUiBuiltInKeywords.groovy:620)
	at com.kms.katalon.core.webui.keyword.WebUiBuiltInKeywords$click$1.call(Unknown Source)
	at TC_009_FMS_Smart_Dashabord feature 2.run(TC_009_FMS_Smart_Dashabord feature 2:77)
	at com.kms.katalon.core.main.ScriptEngine.run(ScriptEngine.java:194)
	at com.kms.katalon.core.main.ScriptEngine.runScriptAsRawText(ScriptEngine.java:119)
	at com.kms.katalon.core.main.TestCaseExecutor.runScript(TestCaseExecutor.java:448)
	at com.kms.katalon.core.main.TestCaseExecutor.doExecute(TestCaseExecutor.java:439)
	at com.kms.katalon.core.main.TestCaseExecutor.processExecutionPhase(TestCaseExecutor.java:418)
	at com.kms.katalon.core.main.TestCaseExecutor.accessMainPhase(TestCaseExecutor.java:410)
	at com.kms.katalon.core.main.TestCaseExecutor.execute(TestCaseExecutor.java:285)
	at com.kms.katalon.core.common.CommonExecutor.accessTestCaseMainPhase(CommonExecutor.java:65)
	at com.kms.katalon.core.main.TestSuiteExecutor.accessTestSuiteMainPhase(TestSuiteExecutor.java:148)
	at com.kms.katalon.core.main.TestSuiteExecutor.execute(TestSuiteExecutor.java:106)
	at com.kms.katalon.core.main.TestCaseMain.startTestSuite(TestCaseMain.java:187)
	at com.kms.katalon.core.main.TestCaseMain$startTestSuite$0.call(Unknown Source)
	at TempTestSuite1691465607339.run(TempTestSuite1691465607339.groovy:36)
Caused by: org.openqa.selenium.ElementNotInteractableException: element not interactable
  (Session info: chrome=115.0.5790.111)
Build info: version: '3.141.59', revision: 'e82be7d358', time: '2018-11-14T08:25:53'
System info: host: 'DESKTOP-21ATSCV', ip: '192.168.1.102', os.name: 'Windows 10', os.arch: 'amd64', os.version: '10.0', java.version: '1.8.0_362'
Driver info: com.kms.katalon.selenium.driver.CChromeDriver
Capabilities {acceptInsecureCerts: false, browserName: chrome, browserVersion: 115.0.5790.111, chrome: {chromedriverVersion: 114.0.5735.90 (386bc09e8f4f..., userDataDir: C:\Windows\SystemTemp\scope...}, goog:chromeOptions: {debuggerAddress: localhost:63770}, javascriptEnabled: true, networkConnectionEnabled: false, pageLoadStrategy: normal, platform: WINDOWS, platformName: WINDOWS, proxy: Proxy(), setWindowRect: true, strictFileInteractability: false, timeouts: {implicit: 0, pageLoad: 300000, script: 30000}, unhandledPromptBehavior: dismiss and notify, webauthn:extension:credBlob: true, webauthn:extension:largeBlob: true, webauthn:extension:minPinLength: true, webauthn:extension:prf: true, webauthn:virtualAuthenticators: true}
Session ID: bc92a628be12723413113cef6660aec5
	at org.openqa.selenium.remote.http.W3CHttpResponseCodec.createException(W3CHttpResponseCodec.java:187)
	at org.openqa.selenium.remote.http.W3CHttpResponseCodec.decode(W3CHttpResponseCodec.java:122)
	at org.openqa.selenium.remote.http.W3CHttpResponseCodec.decode(W3CHttpResponseCodec.java:49)
	at org.openqa.selenium.remote.HttpCommandExecutor.execute(HttpCommandExecutor.java:158)
	at org.openqa.selenium.remote.service.DriverCommandExecutor.execute(DriverCommandExecutor.java:83)
	at org.openqa.selenium.remote.RemoteWebDriver.execute(RemoteWebDriver.java:552)
	at com.kms.katalon.selenium.driver.CChromeDriver.execute(CChromeDriver.java:19)
	at org.openqa.selenium.remote.RemoteWebElement.execute(RemoteWebElement.java:285)
	at org.openqa.selenium.remote.RemoteWebElement.click(RemoteWebElement.java:84)
	at org.openqa.selenium.support.events.EventFiringWebDriver$EventFiringWebElement.lambda$new$0(EventFiringWebDriver.java:404)
	at com.sun.proxy.$Proxy11.click(Unknown Source)
	at org.openqa.selenium.support.events.EventFiringWebDriver$EventFiringWebElement.click(EventFiringWebDriver.java:417)
	at org.openqa.selenium.WebElement$click.call(Unknown Source)
	at com.kms.katalon.core.webui.keyword.builtin.ClickKeyword.clickUntilSuccessWithTimeout(ClickKeyword.groovy:81)
	at com.kms.katalon.core.webui.keyword.builtin.ClickKeyword.clickUntilSuccessWithTimeout(ClickKeyword.groovy)
	at com.kms.katalon.core.webui.keyword.builtin.ClickKeyword$_click_closure1.doCall(ClickKeyword.groovy:67)
	at com.kms.katalon.core.webui.keyword.builtin.ClickKeyword$_click_closure1.call(ClickKeyword.groovy)
	at com.kms.katalon.core.webui.keyword.internal.WebUIKeywordMain.runKeyword(WebUIKeywordMain.groovy:20)
	... 19 more


2023-08-08 09:05:12 - [TEST_STEP][PASSED] - callTestCase(findTestCase("TC_007_FMS_Smart_Verify Login feature"), ["url":"https://ioclfmssmart.tmsitrimble.in/FMSSmartApp/#/login", "username":"11038331", "password":"Nr@747900"], STOP_ON_FAILURE): Call Test Case 'Test Cases/TC_007_FMS_Smart_Verify Login feature' successfully

2023-08-08 09:05:12 - [TEST_CASE][PASSED] - Test Cases/TC_007_FMS_Smart_Verify Login feature: Test Cases/TC_007_FMS_Smart_Verify Login feature

2023-08-08 09:05:12 - [TEST_STEP][PASSED] - openBrowser(url): Browser is opened with url: 'https://ioclfmssmart.tmsitrimble.in/FMSSmartApp/#/login'

2023-08-08 09:05:12 - [MESSAGE][WARNING] - A browser is already opened. Closing browser and opening a new one

2023-08-08 09:05:13 - [MESSAGE][INFO] - Starting 'Chrome' driver

2023-08-08 09:05:13 - [MESSAGE][INFO] - Action delay is set to 0 milliseconds

2023-08-08 09:05:18 - [MESSAGE][PASSED] - Browser is opened with url: 'https://ioclfmssmart.tmsitrimble.in/FMSSmartApp/#/login'

2023-08-08 09:05:18 - [TEST_STEP][PASSED] - maximizeWindow(): Current window maximized

2023-08-08 09:05:18 - [MESSAGE][PASSED] - Current window maximized

2023-08-08 09:05:18 - [TEST_STEP][PASSED] - delay(3): Delayed 3 second(s)

2023-08-08 09:05:21 - [MESSAGE][PASSED] - Delayed 3 second(s)

2023-08-08 09:05:21 - [TEST_STEP][PASSED] - click(findTestObject("OB_005_Login screen_fms smart/login screen/username")): Object: 'Object Repository/OB_005_Login screen_fms smart/login screen/username' is clicked on

2023-08-08 09:05:22 - [MESSAGE][PASSED] - Object: 'Object Repository/OB_005_Login screen_fms smart/login screen/username' is clicked on

2023-08-08 09:05:22 - [TEST_STEP][PASSED] - setText(findTestObject("OB_005_Login screen_fms smart/login screen/username"), username): Text '11038331' is set on object 'Object Repository/OB_005_Login screen_fms smart/login screen/username'

2023-08-08 09:05:23 - [MESSAGE][PASSED] - Text '11038331' is set on object 'Object Repository/OB_005_Login screen_fms smart/login screen/username'

2023-08-08 09:05:23 - [TEST_STEP][PASSED] - click(findTestObject("OB_005_Login screen_fms smart/login screen/Password")): Object: 'Object Repository/OB_005_Login screen_fms smart/login screen/Password' is clicked on

2023-08-08 09:05:23 - [MESSAGE][PASSED] - Object: 'Object Repository/OB_005_Login screen_fms smart/login screen/Password' is clicked on

2023-08-08 09:05:23 - [TEST_STEP][PASSED] - setText(findTestObject("OB_005_Login screen_fms smart/login screen/Password"), password): Text 'Nr@747900' is set on object 'Object Repository/OB_005_Login screen_fms smart/login screen/Password'

2023-08-08 09:05:24 - [MESSAGE][PASSED] - Text 'Nr@747900' is set on object 'Object Repository/OB_005_Login screen_fms smart/login screen/Password'

2023-08-08 09:05:24 - [TEST_STEP][PASSED] - click(findTestObject("OB_005_Login screen_fms smart/login screen/button_Sign in")): Object: 'Object Repository/OB_005_Login screen_fms smart/login screen/button_Sign in' is clicked on

2023-08-08 09:05:24 - [MESSAGE][PASSED] - Object: 'Object Repository/OB_005_Login screen_fms smart/login screen/button_Sign in' is clicked on

2023-08-08 09:05:24 - [TEST_STEP][PASSED] - delay(6): Delayed 6 second(s)

2023-08-08 09:05:30 - [MESSAGE][PASSED] - Delayed 6 second(s)

2023-08-08 09:05:30 - [TEST_STEP][PASSED] - click(findTestObject("OB_005_Login screen_fms smart/login screen/button_ACCEPT AND CLOSE")): Object: 'Object Repository/OB_005_Login screen_fms smart/login screen/button_ACCEPT AND CLOSE' is clicked on

2023-08-08 09:05:36 - [MESSAGE][PASSED] - Object: 'Object Repository/OB_005_Login screen_fms smart/login screen/button_ACCEPT AND CLOSE' is clicked on

2023-08-08 09:05:36 - [TEST_STEP][PASSED] - verifyTextPresent("FMS Smart", false): Text 'FMS Smart' is present on page 

2023-08-08 09:05:37 - [MESSAGE][PASSED] - Text 'FMS Smart' is present on page 

2023-08-08 09:05:37 - [MESSAGE][PASSED] - Call Test Case 'Test Cases/TC_007_FMS_Smart_Verify Login feature' successfully

2023-08-08 09:05:37 - [TEST_STEP][PASSED] - delay(3): Delayed 3 second(s)

2023-08-08 09:05:40 - [MESSAGE][PASSED] - Delayed 3 second(s)

2023-08-08 09:05:40 - [TEST_STEP][PASSED] - click(findTestObject("OB_007_Dashabord Feature2/Dashboard feature/Moving VehicleBOX")): Object: 'Object Repository/OB_007_Dashabord Feature2/Dashboard feature/Moving VehicleBOX' is clicked on

2023-08-08 09:05:40 - [MESSAGE][PASSED] - Object: 'Object Repository/OB_007_Dashabord Feature2/Dashboard feature/Moving VehicleBOX' is clicked on

2023-08-08 09:05:40 - [TEST_STEP][PASSED] - delay(2): Delayed 2 second(s)

2023-08-08 09:05:42 - [MESSAGE][PASSED] - Delayed 2 second(s)

2023-08-08 09:05:42 - [TEST_STEP][PASSED] - click(findTestObject("OB_007_Dashabord Feature2/Dashboard feature/button_Grid view")): Object: 'Object Repository/OB_007_Dashabord Feature2/Dashboard feature/button_Grid view' is clicked on

2023-08-08 09:05:43 - [MESSAGE][PASSED] - Object: 'Object Repository/OB_007_Dashabord Feature2/Dashboard feature/button_Grid view' is clicked on

2023-08-08 09:05:43 - [TEST_STEP][PASSED] - delay(2): Delayed 2 second(s)

2023-08-08 09:05:45 - [MESSAGE][PASSED] - Delayed 2 second(s)

2023-08-08 09:05:45 - [TEST_STEP][PASSED] - verifyTextPresent("Moving vehicles", false): Text 'Moving vehicles' is present on page 

2023-08-08 09:05:47 - [MESSAGE][PASSED] - Text 'Moving vehicles' is present on page 

2023-08-08 09:05:47 - [TEST_STEP][PASSED] - delay(2): Delayed 2 second(s)

2023-08-08 09:05:49 - [MESSAGE][PASSED] - Delayed 2 second(s)

2023-08-08 09:05:49 - [TEST_STEP][PASSED] - click(findTestObject("OB_007_Dashabord Feature2/Dashboard feature/CLose Grid Button")): Object: 'Object Repository/OB_007_Dashabord Feature2/Dashboard feature/CLose Grid Button' is clicked on

2023-08-08 09:05:50 - [MESSAGE][PASSED] - Object: 'Object Repository/OB_007_Dashabord Feature2/Dashboard feature/CLose Grid Button' is clicked on

2023-08-08 09:05:50 - [TEST_STEP][PASSED] - delay(2): Delayed 2 second(s)

2023-08-08 09:05:52 - [MESSAGE][PASSED] - Delayed 2 second(s)

2023-08-08 09:05:52 - [TEST_STEP][PASSED] - click(findTestObject("OB_007_Dashabord Feature2/Dashboard feature/Stopped Vehicle BOX")): Object: 'Object Repository/OB_007_Dashabord Feature2/Dashboard feature/Stopped Vehicle BOX' is clicked on

2023-08-08 09:05:52 - [MESSAGE][PASSED] - Object: 'Object Repository/OB_007_Dashabord Feature2/Dashboard feature/Stopped Vehicle BOX' is clicked on

2023-08-08 09:05:52 - [TEST_STEP][PASSED] - delay(2): Delayed 2 second(s)

2023-08-08 09:05:54 - [MESSAGE][PASSED] - Delayed 2 second(s)

2023-08-08 09:05:54 - [TEST_STEP][PASSED] - click(findTestObject("OB_007_Dashabord Feature2/Grid view btn/Grid view-StopVeh")): Object: 'Object Repository/OB_007_Dashabord Feature2/Grid view btn/Grid view-StopVeh' is clicked on

2023-08-08 09:05:55 - [MESSAGE][PASSED] - Object: 'Object Repository/OB_007_Dashabord Feature2/Grid view btn/Grid view-StopVeh' is clicked on

2023-08-08 09:05:55 - [TEST_STEP][PASSED] - delay(2): Delayed 2 second(s)

2023-08-08 09:05:57 - [MESSAGE][PASSED] - Delayed 2 second(s)

2023-08-08 09:05:57 - [TEST_STEP][PASSED] - verifyTextPresent("Stopped vehicles", false): Text 'Stopped vehicles' is present on page 

2023-08-08 09:05:58 - [MESSAGE][PASSED] - Text 'Stopped vehicles' is present on page 

2023-08-08 09:05:58 - [TEST_STEP][PASSED] - delay(2): Delayed 2 second(s)

2023-08-08 09:06:00 - [MESSAGE][PASSED] - Delayed 2 second(s)

2023-08-08 09:06:00 - [TEST_STEP][PASSED] - click(findTestObject("OB_007_Dashabord Feature2/Dashboard feature/CLose Grid Button")): Object: 'Object Repository/OB_007_Dashabord Feature2/Dashboard feature/CLose Grid Button' is clicked on

2023-08-08 09:06:01 - [MESSAGE][PASSED] - Object: 'Object Repository/OB_007_Dashabord Feature2/Dashboard feature/CLose Grid Button' is clicked on

2023-08-08 09:06:01 - [TEST_STEP][PASSED] - delay(2): Delayed 2 second(s)

2023-08-08 09:06:03 - [MESSAGE][PASSED] - Delayed 2 second(s)

2023-08-08 09:06:03 - [TEST_STEP][PASSED] - click(findTestObject("OB_007_Dashabord Feature2/Dashboard feature/NRD Box")): Object: 'Object Repository/OB_007_Dashabord Feature2/Dashboard feature/NRD Box' is clicked on

2023-08-08 09:06:03 - [MESSAGE][PASSED] - Object: 'Object Repository/OB_007_Dashabord Feature2/Dashboard feature/NRD Box' is clicked on

2023-08-08 09:06:03 - [TEST_STEP][PASSED] - delay(2): Delayed 2 second(s)

2023-08-08 09:06:05 - [MESSAGE][PASSED] - Delayed 2 second(s)

2023-08-08 09:06:05 - [TEST_STEP][PASSED] - click(findTestObject("OB_007_Dashabord Feature2/Grid view btn/Grid view-NRD")): Object: 'Object Repository/OB_007_Dashabord Feature2/Grid view btn/Grid view-NRD' is clicked on

2023-08-08 09:06:06 - [MESSAGE][PASSED] - Object: 'Object Repository/OB_007_Dashabord Feature2/Grid view btn/Grid view-NRD' is clicked on

2023-08-08 09:06:06 - [TEST_STEP][PASSED] - delay(2): Delayed 2 second(s)

2023-08-08 09:06:08 - [MESSAGE][PASSED] - Delayed 2 second(s)

2023-08-08 09:06:08 - [TEST_STEP][PASSED] - verifyTextPresent("NRD vehicles", false): Text 'NRD vehicles' is present on page 

2023-08-08 09:06:09 - [MESSAGE][PASSED] - Text 'NRD vehicles' is present on page 

2023-08-08 09:06:09 - [TEST_STEP][PASSED] - delay(2): Delayed 2 second(s)

2023-08-08 09:06:11 - [MESSAGE][PASSED] - Delayed 2 second(s)

2023-08-08 09:06:11 - [TEST_STEP][PASSED] - click(findTestObject("OB_007_Dashabord Feature2/Dashboard feature/CLose Grid Button")): Object: 'Object Repository/OB_007_Dashabord Feature2/Dashboard feature/CLose Grid Button' is clicked on

2023-08-08 09:06:12 - [MESSAGE][PASSED] - Object: 'Object Repository/OB_007_Dashabord Feature2/Dashboard feature/CLose Grid Button' is clicked on

2023-08-08 09:06:12 - [TEST_STEP][PASSED] - delay(2): Delayed 2 second(s)

2023-08-08 09:06:14 - [MESSAGE][PASSED] - Delayed 2 second(s)

2023-08-08 09:06:14 - [TEST_STEP][PASSED] - click(findTestObject("OB_007_Dashabord Feature2/Dashboard feature/On Trip Box")): Object: 'Object Repository/OB_007_Dashabord Feature2/Dashboard feature/On Trip Box' is clicked on

2023-08-08 09:06:14 - [MESSAGE][PASSED] - Object: 'Object Repository/OB_007_Dashabord Feature2/Dashboard feature/On Trip Box' is clicked on

2023-08-08 09:06:14 - [TEST_STEP][PASSED] - delay(2): Delayed 2 second(s)

2023-08-08 09:06:16 - [MESSAGE][PASSED] - Delayed 2 second(s)

2023-08-08 09:06:16 - [TEST_STEP][FAILED] - click(findTestObject("OB_007_Dashabord Feature2/Grid view btn/Grid view-OnTrip")): Unable to click on object 'Object Repository/OB_007_Dashabord Feature2/Grid view btn/Grid view-OnTrip' (Root cause: com.kms.katalon.core.exception.StepFailedException: Unable to click on object 'Object Repository/OB_007_Dashabord Feature2/Grid view btn/Grid view-OnTrip'
	at com.kms.katalon.core.webui.keyword.internal.WebUIKeywordMain.stepFailed(WebUIKeywordMain.groovy:64)
	at com.kms.katalon.core.webui.keyword.internal.WebUIKeywordMain.runKeyword(WebUIKeywordMain.groovy:26)
	at com.kms.katalon.core.webui.keyword.builtin.ClickKeyword.click(ClickKeyword.groovy:74)
	at com.kms.katalon.core.webui.keyword.builtin.ClickKeyword.execute(ClickKeyword.groovy:40)
	at com.kms.katalon.core.keyword.internal.KeywordExecutor.executeKeywordForPlatform(KeywordExecutor.groovy:74)
	at com.kms.katalon.core.webui.keyword.WebUiBuiltInKeywords.click(WebUiBuiltInKeywords.groovy:620)
	at com.kms.katalon.core.webui.keyword.WebUiBuiltInKeywords$click$1.call(Unknown Source)
	at TC_009_FMS_Smart_Dashabord feature 2.run(TC_009_FMS_Smart_Dashabord feature 2:77)
	at com.kms.katalon.core.main.ScriptEngine.run(ScriptEngine.java:194)
	at com.kms.katalon.core.main.ScriptEngine.runScriptAsRawText(ScriptEngine.java:119)
	at com.kms.katalon.core.main.TestCaseExecutor.runScript(TestCaseExecutor.java:448)
	at com.kms.katalon.core.main.TestCaseExecutor.doExecute(TestCaseExecutor.java:439)
	at com.kms.katalon.core.main.TestCaseExecutor.processExecutionPhase(TestCaseExecutor.java:418)
	at com.kms.katalon.core.main.TestCaseExecutor.accessMainPhase(TestCaseExecutor.java:410)
	at com.kms.katalon.core.main.TestCaseExecutor.execute(TestCaseExecutor.java:285)
	at com.kms.katalon.core.common.CommonExecutor.accessTestCaseMainPhase(CommonExecutor.java:65)
	at com.kms.katalon.core.main.TestSuiteExecutor.accessTestSuiteMainPhase(TestSuiteExecutor.java:148)
	at com.kms.katalon.core.main.TestSuiteExecutor.execute(TestSuiteExecutor.java:106)
	at com.kms.katalon.core.main.TestCaseMain.startTestSuite(TestCaseMain.java:187)
	at com.kms.katalon.core.main.TestCaseMain$startTestSuite$0.call(Unknown Source)
	at TempTestSuite1691465607339.run(TempTestSuite1691465607339.groovy:36)
Caused by: org.openqa.selenium.ElementNotInteractableException: element not interactable
  (Session info: chrome=115.0.5790.111)
Build info: version: '3.141.59', revision: 'e82be7d358', time: '2018-11-14T08:25:53'
System info: host: 'DESKTOP-21ATSCV', ip: '192.168.1.102', os.name: 'Windows 10', os.arch: 'amd64', os.version: '10.0', java.version: '1.8.0_362'
Driver info: com.kms.katalon.selenium.driver.CChromeDriver
Capabilities {acceptInsecureCerts: false, browserName: chrome, browserVersion: 115.0.5790.111, chrome: {chromedriverVersion: 114.0.5735.90 (386bc09e8f4f..., userDataDir: C:\Windows\SystemTemp\scope...}, goog:chromeOptions: {debuggerAddress: localhost:63770}, javascriptEnabled: true, networkConnectionEnabled: false, pageLoadStrategy: normal, platform: WINDOWS, platformName: WINDOWS, proxy: Proxy(), setWindowRect: true, strictFileInteractability: false, timeouts: {implicit: 0, pageLoad: 300000, script: 30000}, unhandledPromptBehavior: dismiss and notify, webauthn:extension:credBlob: true, webauthn:extension:largeBlob: true, webauthn:extension:minPinLength: true, webauthn:extension:prf: true, webauthn:virtualAuthenticators: true}
Session ID: bc92a628be12723413113cef6660aec5
	at org.openqa.selenium.remote.http.W3CHttpResponseCodec.createException(W3CHttpResponseCodec.java:187)
	at org.openqa.selenium.remote.http.W3CHttpResponseCodec.decode(W3CHttpResponseCodec.java:122)
	at org.openqa.selenium.remote.http.W3CHttpResponseCodec.decode(W3CHttpResponseCodec.java:49)
	at org.openqa.selenium.remote.HttpCommandExecutor.execute(HttpCommandExecutor.java:158)
	at org.openqa.selenium.remote.service.DriverCommandExecutor.execute(DriverCommandExecutor.java:83)
	at org.openqa.selenium.remote.RemoteWebDriver.execute(RemoteWebDriver.java:552)
	at com.kms.katalon.selenium.driver.CChromeDriver.execute(CChromeDriver.java:19)
	at org.openqa.selenium.remote.RemoteWebElement.execute(RemoteWebElement.java:285)
	at org.openqa.selenium.remote.RemoteWebElement.click(RemoteWebElement.java:84)
	at org.openqa.selenium.support.events.EventFiringWebDriver$EventFiringWebElement.lambda$new$0(EventFiringWebDriver.java:404)
	at com.sun.proxy.$Proxy11.click(Unknown Source)
	at org.openqa.selenium.support.events.EventFiringWebDriver$EventFiringWebElement.click(EventFiringWebDriver.java:417)
	at org.openqa.selenium.WebElement$click.call(Unknown Source)
	at com.kms.katalon.core.webui.keyword.builtin.ClickKeyword.clickUntilSuccessWithTimeout(ClickKeyword.groovy:81)
	at com.kms.katalon.core.webui.keyword.builtin.ClickKeyword.clickUntilSuccessWithTimeout(ClickKeyword.groovy)
	at com.kms.katalon.core.webui.keyword.builtin.ClickKeyword$_click_closure1.doCall(ClickKeyword.groovy:67)
	at com.kms.katalon.core.webui.keyword.builtin.ClickKeyword$_click_closure1.call(ClickKeyword.groovy)
	at com.kms.katalon.core.webui.keyword.internal.WebUIKeywordMain.runKeyword(WebUIKeywordMain.groovy:20)
	at com.kms.katalon.core.webui.keyword.builtin.ClickKeyword.click(ClickKeyword.groovy:74)
	at com.kms.katalon.core.webui.keyword.builtin.ClickKeyword.execute(ClickKeyword.groovy:40)
	at com.kms.katalon.core.keyword.internal.KeywordExecutor.executeKeywordForPlatform(KeywordExecutor.groovy:74)
	at com.kms.katalon.core.webui.keyword.WebUiBuiltInKeywords.click(WebUiBuiltInKeywords.groovy:620)
	at com.kms.katalon.core.webui.keyword.WebUiBuiltInKeywords$click$1.call(Unknown Source)
	at Script1691056071476.run(Script1691056071476.groovy:77)
	... 13 more
)

2023-08-08 09:06:17 - [MESSAGE][FAILED] - Unable to click on object 'Object Repository/OB_007_Dashabord Feature2/Grid view btn/Grid view-OnTrip' (Root cause: com.kms.katalon.core.exception.StepFailedException: Unable to click on object 'Object Repository/OB_007_Dashabord Feature2/Grid view btn/Grid view-OnTrip'
	at com.kms.katalon.core.webui.keyword.internal.WebUIKeywordMain.stepFailed(WebUIKeywordMain.groovy:64)
	at com.kms.katalon.core.webui.keyword.internal.WebUIKeywordMain.runKeyword(WebUIKeywordMain.groovy:26)
	at com.kms.katalon.core.webui.keyword.builtin.ClickKeyword.click(ClickKeyword.groovy:74)
	at com.kms.katalon.core.webui.keyword.builtin.ClickKeyword.execute(ClickKeyword.groovy:40)
	at com.kms.katalon.core.keyword.internal.KeywordExecutor.executeKeywordForPlatform(KeywordExecutor.groovy:74)
	at com.kms.katalon.core.webui.keyword.WebUiBuiltInKeywords.click(WebUiBuiltInKeywords.groovy:620)
	at com.kms.katalon.core.webui.keyword.WebUiBuiltInKeywords$click$1.call(Unknown Source)
	at TC_009_FMS_Smart_Dashabord feature 2.run(TC_009_FMS_Smart_Dashabord feature 2:77)
	at com.kms.katalon.core.main.ScriptEngine.run(ScriptEngine.java:194)
	at com.kms.katalon.core.main.ScriptEngine.runScriptAsRawText(ScriptEngine.java:119)
	at com.kms.katalon.core.main.TestCaseExecutor.runScript(TestCaseExecutor.java:448)
	at com.kms.katalon.core.main.TestCaseExecutor.doExecute(TestCaseExecutor.java:439)
	at com.kms.katalon.core.main.TestCaseExecutor.processExecutionPhase(TestCaseExecutor.java:418)
	at com.kms.katalon.core.main.TestCaseExecutor.accessMainPhase(TestCaseExecutor.java:410)
	at com.kms.katalon.core.main.TestCaseExecutor.execute(TestCaseExecutor.java:285)
	at com.kms.katalon.core.common.CommonExecutor.accessTestCaseMainPhase(CommonExecutor.java:65)
	at com.kms.katalon.core.main.TestSuiteExecutor.accessTestSuiteMainPhase(TestSuiteExecutor.java:148)
	at com.kms.katalon.core.main.TestSuiteExecutor.execute(TestSuiteExecutor.java:106)
	at com.kms.katalon.core.main.TestCaseMain.startTestSuite(TestCaseMain.java:187)
	at com.kms.katalon.core.main.TestCaseMain$startTestSuite$0.call(Unknown Source)
	at TempTestSuite1691465607339.run(TempTestSuite1691465607339.groovy:36)
Caused by: org.openqa.selenium.ElementNotInteractableException: element not interactable
  (Session info: chrome=115.0.5790.111)
Build info: version: '3.141.59', revision: 'e82be7d358', time: '2018-11-14T08:25:53'
System info: host: 'DESKTOP-21ATSCV', ip: '192.168.1.102', os.name: 'Windows 10', os.arch: 'amd64', os.version: '10.0', java.version: '1.8.0_362'
Driver info: com.kms.katalon.selenium.driver.CChromeDriver
Capabilities {acceptInsecureCerts: false, browserName: chrome, browserVersion: 115.0.5790.111, chrome: {chromedriverVersion: 114.0.5735.90 (386bc09e8f4f..., userDataDir: C:\Windows\SystemTemp\scope...}, goog:chromeOptions: {debuggerAddress: localhost:63770}, javascriptEnabled: true, networkConnectionEnabled: false, pageLoadStrategy: normal, platform: WINDOWS, platformName: WINDOWS, proxy: Proxy(), setWindowRect: true, strictFileInteractability: false, timeouts: {implicit: 0, pageLoad: 300000, script: 30000}, unhandledPromptBehavior: dismiss and notify, webauthn:extension:credBlob: true, webauthn:extension:largeBlob: true, webauthn:extension:minPinLength: true, webauthn:extension:prf: true, webauthn:virtualAuthenticators: true}
Session ID: bc92a628be12723413113cef6660aec5
	at org.openqa.selenium.remote.http.W3CHttpResponseCodec.createException(W3CHttpResponseCodec.java:187)
	at org.openqa.selenium.remote.http.W3CHttpResponseCodec.decode(W3CHttpResponseCodec.java:122)
	at org.openqa.selenium.remote.http.W3CHttpResponseCodec.decode(W3CHttpResponseCodec.java:49)
	at org.openqa.selenium.remote.HttpCommandExecutor.execute(HttpCommandExecutor.java:158)
	at org.openqa.selenium.remote.service.DriverCommandExecutor.execute(DriverCommandExecutor.java:83)
	at org.openqa.selenium.remote.RemoteWebDriver.execute(RemoteWebDriver.java:552)
	at com.kms.katalon.selenium.driver.CChromeDriver.execute(CChromeDriver.java:19)
	at org.openqa.selenium.remote.RemoteWebElement.execute(RemoteWebElement.java:285)
	at org.openqa.selenium.remote.RemoteWebElement.click(RemoteWebElement.java:84)
	at org.openqa.selenium.support.events.EventFiringWebDriver$EventFiringWebElement.lambda$new$0(EventFiringWebDriver.java:404)
	at com.sun.proxy.$Proxy11.click(Unknown Source)
	at org.openqa.selenium.support.events.EventFiringWebDriver$EventFiringWebElement.click(EventFiringWebDriver.java:417)
	at org.openqa.selenium.WebElement$click.call(Unknown Source)
	at com.kms.katalon.core.webui.keyword.builtin.ClickKeyword.clickUntilSuccessWithTimeout(ClickKeyword.groovy:81)
	at com.kms.katalon.core.webui.keyword.builtin.ClickKeyword.clickUntilSuccessWithTimeout(ClickKeyword.groovy)
	at com.kms.katalon.core.webui.keyword.builtin.ClickKeyword$_click_closure1.doCall(ClickKeyword.groovy:67)
	at com.kms.katalon.core.webui.keyword.builtin.ClickKeyword$_click_closure1.call(ClickKeyword.groovy)
	at com.kms.katalon.core.webui.keyword.internal.WebUIKeywordMain.runKeyword(WebUIKeywordMain.groovy:20)
	at com.kms.katalon.core.webui.keyword.builtin.ClickKeyword.click(ClickKeyword.groovy:74)
	at com.kms.katalon.core.webui.keyword.builtin.ClickKeyword.execute(ClickKeyword.groovy:40)
	at com.kms.katalon.core.keyword.internal.KeywordExecutor.executeKeywordForPlatform(KeywordExecutor.groovy:74)
	at com.kms.katalon.core.webui.keyword.WebUiBuiltInKeywords.click(WebUiBuiltInKeywords.groovy:620)
	at com.kms.katalon.core.webui.keyword.WebUiBuiltInKeywords$click$1.call(Unknown Source)
	at Script1691056071476.run(Script1691056071476.groovy:77)
	... 13 more
)
[[ATTACHMENT|C:\\Users\\windows 10\\git\\NewRepository\\KatalonGit\\Reports\\20230808_090318\\TS_002_FMS_Smart_web application\\TS_01_FMS_Smart_Web app_Sanity\\20230808_090327\\1691465777587.png]]]]></system-out>
         <system-err><![CDATA[2023-08-08 09:05:12 - [TEST_CASE][FAILED] - Test Cases/TC_009_FMS_Smart_Dashabord feature 2: Test Cases/TC_009_FMS_Smart_Dashabord feature 2 FAILED.
Reason:
com.kms.katalon.core.exception.StepFailedException: Unable to click on object 'Object Repository/OB_007_Dashabord Feature2/Grid view btn/Grid view-OnTrip'
	at com.kms.katalon.core.webui.keyword.internal.WebUIKeywordMain.stepFailed(WebUIKeywordMain.groovy:64)
	at com.kms.katalon.core.webui.keyword.internal.WebUIKeywordMain.runKeyword(WebUIKeywordMain.groovy:26)
	at com.kms.katalon.core.webui.keyword.builtin.ClickKeyword.click(ClickKeyword.groovy:74)
	at com.kms.katalon.core.webui.keyword.builtin.ClickKeyword.execute(ClickKeyword.groovy:40)
	at com.kms.katalon.core.keyword.internal.KeywordExecutor.executeKeywordForPlatform(KeywordExecutor.groovy:74)
	at com.kms.katalon.core.webui.keyword.WebUiBuiltInKeywords.click(WebUiBuiltInKeywords.groovy:620)
	at com.kms.katalon.core.webui.keyword.WebUiBuiltInKeywords$click$1.call(Unknown Source)
	at TC_009_FMS_Smart_Dashabord feature 2.run(TC_009_FMS_Smart_Dashabord feature 2:77)
	at com.kms.katalon.core.main.ScriptEngine.run(ScriptEngine.java:194)
	at com.kms.katalon.core.main.ScriptEngine.runScriptAsRawText(ScriptEngine.java:119)
	at com.kms.katalon.core.main.TestCaseExecutor.runScript(TestCaseExecutor.java:448)
	at com.kms.katalon.core.main.TestCaseExecutor.doExecute(TestCaseExecutor.java:439)
	at com.kms.katalon.core.main.TestCaseExecutor.processExecutionPhase(TestCaseExecutor.java:418)
	at com.kms.katalon.core.main.TestCaseExecutor.accessMainPhase(TestCaseExecutor.java:410)
	at com.kms.katalon.core.main.TestCaseExecutor.execute(TestCaseExecutor.java:285)
	at com.kms.katalon.core.common.CommonExecutor.accessTestCaseMainPhase(CommonExecutor.java:65)
	at com.kms.katalon.core.main.TestSuiteExecutor.accessTestSuiteMainPhase(TestSuiteExecutor.java:148)
	at com.kms.katalon.core.main.TestSuiteExecutor.execute(TestSuiteExecutor.java:106)
	at com.kms.katalon.core.main.TestCaseMain.startTestSuite(TestCaseMain.java:187)
	at com.kms.katalon.core.main.TestCaseMain$startTestSuite$0.call(Unknown Source)
	at TempTestSuite1691465607339.run(TempTestSuite1691465607339.groovy:36)
Caused by: org.openqa.selenium.ElementNotInteractableException: element not interactable
  (Session info: chrome=115.0.5790.111)
Build info: version: '3.141.59', revision: 'e82be7d358', time: '2018-11-14T08:25:53'
System info: host: 'DESKTOP-21ATSCV', ip: '192.168.1.102', os.name: 'Windows 10', os.arch: 'amd64', os.version: '10.0', java.version: '1.8.0_362'
Driver info: com.kms.katalon.selenium.driver.CChromeDriver
Capabilities {acceptInsecureCerts: false, browserName: chrome, browserVersion: 115.0.5790.111, chrome: {chromedriverVersion: 114.0.5735.90 (386bc09e8f4f..., userDataDir: C:\Windows\SystemTemp\scope...}, goog:chromeOptions: {debuggerAddress: localhost:63770}, javascriptEnabled: true, networkConnectionEnabled: false, pageLoadStrategy: normal, platform: WINDOWS, platformName: WINDOWS, proxy: Proxy(), setWindowRect: true, strictFileInteractability: false, timeouts: {implicit: 0, pageLoad: 300000, script: 30000}, unhandledPromptBehavior: dismiss and notify, webauthn:extension:credBlob: true, webauthn:extension:largeBlob: true, webauthn:extension:minPinLength: true, webauthn:extension:prf: true, webauthn:virtualAuthenticators: true}
Session ID: bc92a628be12723413113cef6660aec5
	at org.openqa.selenium.remote.http.W3CHttpResponseCodec.createException(W3CHttpResponseCodec.java:187)
	at org.openqa.selenium.remote.http.W3CHttpResponseCodec.decode(W3CHttpResponseCodec.java:122)
	at org.openqa.selenium.remote.http.W3CHttpResponseCodec.decode(W3CHttpResponseCodec.java:49)
	at org.openqa.selenium.remote.HttpCommandExecutor.execute(HttpCommandExecutor.java:158)
	at org.openqa.selenium.remote.service.DriverCommandExecutor.execute(DriverCommandExecutor.java:83)
	at org.openqa.selenium.remote.RemoteWebDriver.execute(RemoteWebDriver.java:552)
	at com.kms.katalon.selenium.driver.CChromeDriver.execute(CChromeDriver.java:19)
	at org.openqa.selenium.remote.RemoteWebElement.execute(RemoteWebElement.java:285)
	at org.openqa.selenium.remote.RemoteWebElement.click(RemoteWebElement.java:84)
	at org.openqa.selenium.support.events.EventFiringWebDriver$EventFiringWebElement.lambda$new$0(EventFiringWebDriver.java:404)
	at com.sun.proxy.$Proxy11.click(Unknown Source)
	at org.openqa.selenium.support.events.EventFiringWebDriver$EventFiringWebElement.click(EventFiringWebDriver.java:417)
	at org.openqa.selenium.WebElement$click.call(Unknown Source)
	at com.kms.katalon.core.webui.keyword.builtin.ClickKeyword.clickUntilSuccessWithTimeout(ClickKeyword.groovy:81)
	at com.kms.katalon.core.webui.keyword.builtin.ClickKeyword.clickUntilSuccessWithTimeout(ClickKeyword.groovy)
	at com.kms.katalon.core.webui.keyword.builtin.ClickKeyword$_click_closure1.doCall(ClickKeyword.groovy:67)
	at com.kms.katalon.core.webui.keyword.builtin.ClickKeyword$_click_closure1.call(ClickKeyword.groovy)
	at com.kms.katalon.core.webui.keyword.internal.WebUIKeywordMain.runKeyword(WebUIKeywordMain.groovy:20)
	... 19 more]]></system-err>
      </testcase>
      <testcase name="Test Cases/TC_010_FMS_Smart_Verify Logout feature" time="60.835" classname="Test Cases/TC_010_FMS_Smart_Verify Logout feature" status="PASSED">
         <system-out><![CDATA[2023-08-08 09:06:17 - [TEST_CASE][PASSED] - Test Cases/TC_010_FMS_Smart_Verify Logout feature: Test Cases/TC_010_FMS_Smart_Verify Logout feature

2023-08-08 09:06:18 - [TEST_STEP][PASSED] - callTestCase(findTestCase("TC_007_FMS_Smart_Verify Login feature"), ["url":"https://ioclfmssmart.tmsitrimble.in/FMSSmartApp/#/login", "username":"11038331", "password":"Nr@747900"], STOP_ON_FAILURE): Call Test Case 'Test Cases/TC_007_FMS_Smart_Verify Login feature' successfully

2023-08-08 09:06:18 - [TEST_CASE][PASSED] - Test Cases/TC_007_FMS_Smart_Verify Login feature: Test Cases/TC_007_FMS_Smart_Verify Login feature

2023-08-08 09:06:18 - [TEST_STEP][PASSED] - openBrowser(url): Browser is opened with url: 'https://ioclfmssmart.tmsitrimble.in/FMSSmartApp/#/login'

2023-08-08 09:06:18 - [MESSAGE][WARNING] - A browser is already opened. Closing browser and opening a new one

2023-08-08 09:06:18 - [MESSAGE][INFO] - Starting 'Chrome' driver

2023-08-08 09:06:18 - [MESSAGE][INFO] - Action delay is set to 0 milliseconds

2023-08-08 09:06:25 - [MESSAGE][PASSED] - Browser is opened with url: 'https://ioclfmssmart.tmsitrimble.in/FMSSmartApp/#/login'

2023-08-08 09:06:25 - [TEST_STEP][PASSED] - maximizeWindow(): Current window maximized

2023-08-08 09:06:25 - [MESSAGE][PASSED] - Current window maximized

2023-08-08 09:06:25 - [TEST_STEP][PASSED] - delay(3): Delayed 3 second(s)

2023-08-08 09:06:28 - [MESSAGE][PASSED] - Delayed 3 second(s)

2023-08-08 09:06:28 - [TEST_STEP][PASSED] - click(findTestObject("OB_005_Login screen_fms smart/login screen/username")): Object: 'Object Repository/OB_005_Login screen_fms smart/login screen/username' is clicked on

2023-08-08 09:06:28 - [MESSAGE][PASSED] - Object: 'Object Repository/OB_005_Login screen_fms smart/login screen/username' is clicked on

2023-08-08 09:06:28 - [TEST_STEP][PASSED] - setText(findTestObject("OB_005_Login screen_fms smart/login screen/username"), username): Text '11038331' is set on object 'Object Repository/OB_005_Login screen_fms smart/login screen/username'

2023-08-08 09:06:29 - [MESSAGE][PASSED] - Text '11038331' is set on object 'Object Repository/OB_005_Login screen_fms smart/login screen/username'

2023-08-08 09:06:29 - [TEST_STEP][PASSED] - click(findTestObject("OB_005_Login screen_fms smart/login screen/Password")): Object: 'Object Repository/OB_005_Login screen_fms smart/login screen/Password' is clicked on

2023-08-08 09:06:30 - [MESSAGE][PASSED] - Object: 'Object Repository/OB_005_Login screen_fms smart/login screen/Password' is clicked on

2023-08-08 09:06:30 - [TEST_STEP][PASSED] - setText(findTestObject("OB_005_Login screen_fms smart/login screen/Password"), password): Text 'Nr@747900' is set on object 'Object Repository/OB_005_Login screen_fms smart/login screen/Password'

2023-08-08 09:06:30 - [MESSAGE][PASSED] - Text 'Nr@747900' is set on object 'Object Repository/OB_005_Login screen_fms smart/login screen/Password'

2023-08-08 09:06:30 - [TEST_STEP][PASSED] - click(findTestObject("OB_005_Login screen_fms smart/login screen/button_Sign in")): Object: 'Object Repository/OB_005_Login screen_fms smart/login screen/button_Sign in' is clicked on

2023-08-08 09:06:31 - [MESSAGE][PASSED] - Object: 'Object Repository/OB_005_Login screen_fms smart/login screen/button_Sign in' is clicked on

2023-08-08 09:06:31 - [TEST_STEP][PASSED] - delay(6): Delayed 6 second(s)

2023-08-08 09:06:37 - [MESSAGE][PASSED] - Delayed 6 second(s)

2023-08-08 09:06:37 - [TEST_STEP][PASSED] - click(findTestObject("OB_005_Login screen_fms smart/login screen/button_ACCEPT AND CLOSE")): Object: 'Object Repository/OB_005_Login screen_fms smart/login screen/button_ACCEPT AND CLOSE' is clicked on

2023-08-08 09:06:38 - [MESSAGE][PASSED] - Object: 'Object Repository/OB_005_Login screen_fms smart/login screen/button_ACCEPT AND CLOSE' is clicked on

2023-08-08 09:06:38 - [TEST_STEP][PASSED] - verifyTextPresent("FMS Smart", false): Text 'FMS Smart' is present on page 

2023-08-08 09:06:39 - [MESSAGE][PASSED] - Text 'FMS Smart' is present on page 

2023-08-08 09:06:39 - [MESSAGE][PASSED] - Call Test Case 'Test Cases/TC_007_FMS_Smart_Verify Login feature' successfully

2023-08-08 09:06:39 - [TEST_STEP][PASSED] - click(findTestObject("OB_008_Fms smart Lgout and Feedback/Logout And Feedback/Logout1")): Object: 'Object Repository/OB_008_Fms smart Lgout and Feedback/Logout And Feedback/Logout1' is clicked on

2023-08-08 09:06:39 - [MESSAGE][PASSED] - Object: 'Object Repository/OB_008_Fms smart Lgout and Feedback/Logout And Feedback/Logout1' is clicked on

2023-08-08 09:06:39 - [TEST_STEP][PASSED] - delay(3): Delayed 3 second(s)

2023-08-08 09:06:42 - [MESSAGE][PASSED] - Delayed 3 second(s)

2023-08-08 09:06:42 - [TEST_STEP][PASSED] - click(findTestObject("OB_008_Fms smart Lgout and Feedback/Page_FMS Smart/Lgout22")): Object: 'Object Repository/OB_008_Fms smart Lgout and Feedback/Page_FMS Smart/Lgout22' is clicked on

2023-08-08 09:07:13 - [MESSAGE][INFO] - Unable to find the element located by 'By.xpath: //div[@id='feedback-modal']/div[2]/form/div[7]/div[2]/i'. Please recheck the objects properties to make sure the desired element is located. 

2023-08-08 09:07:13 - [MESSAGE][WARNING] - [SELF-HEALING] Failed to find element with id 'Object Repository/OB_008_Fms smart Lgout and Feedback/Page_FMS Smart/Lgout22'. Try using Self-healing.

2023-08-08 09:07:14 - [MESSAGE][WARNING] - [SELF-HEALING] The current locator of test object 'Object Repository/OB_008_Fms smart Lgout and Feedback/Page_FMS Smart/Lgout22' was broken. Propose an alternative one: '//div[@id='dropdown']/a[2]/i'.

2023-08-08 09:07:14 - [MESSAGE][PASSED] - Object: 'Object Repository/OB_008_Fms smart Lgout and Feedback/Page_FMS Smart/Lgout22' is clicked on

2023-08-08 09:07:14 - [TEST_STEP][PASSED] - delay(3): Delayed 3 second(s)

2023-08-08 09:07:17 - [MESSAGE][PASSED] - Delayed 3 second(s)

2023-08-08 09:07:17 - [TEST_STEP][PASSED] - click(findTestObject("OB_008_Fms smart Lgout and Feedback/logout3/logou3")): Object: 'Object Repository/OB_008_Fms smart Lgout and Feedback/logout3/logou3' is clicked on

2023-08-08 09:07:17 - [MESSAGE][PASSED] - Object: 'Object Repository/OB_008_Fms smart Lgout and Feedback/logout3/logou3' is clicked on

2023-08-08 09:07:17 - [TEST_STEP][PASSED] - closeBrowser(): Browser is closed

2023-08-08 09:07:18 - [MESSAGE][PASSED] - Browser is closed]]></system-out>
         <system-err><![CDATA[]]></system-err>
      </testcase>
      <testcase name="Test Cases/TC_011_FMS_Smart_Verify Feedback feature" time="92.238" classname="Test Cases/TC_011_FMS_Smart_Verify Feedback feature" status="FAILED">
         <failure type="FAILED" message="Test Cases/TC_011_FMS_Smart_Verify Feedback feature FAILED.
Reason:
com.kms.katalon.core.exception.StepFailedException: Call Test Case 'Test Cases/TC_007_FMS_Smart_Verify Login feature' failed
	at com.kms.katalon.core.keyword.builtin.CallTestCaseKeyword$_callTestCase_closure1.doCall(CallTestCaseKeyword.groovy:63)
	at com.kms.katalon.core.keyword.builtin.CallTestCaseKeyword$_callTestCase_closure1.call(CallTestCaseKeyword.groovy)
	at com.kms.katalon.core.keyword.internal.KeywordMain.runKeyword(KeywordMain.groovy:75)
	at com.kms.katalon.core.keyword.builtin.CallTestCaseKeyword.callTestCase(CallTestCaseKeyword.groovy:81)
	at com.kms.katalon.core.keyword.builtin.CallTestCaseKeyword.execute(CallTestCaseKeyword.groovy:44)
	at com.kms.katalon.core.keyword.internal.KeywordExecutor.executeKeywordForPlatform(KeywordExecutor.groovy:74)
	at com.kms.katalon.core.keyword.BuiltinKeywords.callTestCase(BuiltinKeywords.groovy:310)
	at TC_011_FMS_Smart_Verify Feedback feature.run(TC_011_FMS_Smart_Verify Feedback feature:20)
	at com.kms.katalon.core.main.ScriptEngine.run(ScriptEngine.java:194)
	at com.kms.katalon.core.main.ScriptEngine.runScriptAsRawText(ScriptEngine.java:119)
	at com.kms.katalon.core.main.TestCaseExecutor.runScript(TestCaseExecutor.java:448)
	at com.kms.katalon.core.main.TestCaseExecutor.doExecute(TestCaseExecutor.java:439)
	at com.kms.katalon.core.main.TestCaseExecutor.processExecutionPhase(TestCaseExecutor.java:418)
	at com.kms.katalon.core.main.TestCaseExecutor.accessMainPhase(TestCaseExecutor.java:410)
	at com.kms.katalon.core.main.TestCaseExecutor.execute(TestCaseExecutor.java:285)
	at com.kms.katalon.core.common.CommonExecutor.accessTestCaseMainPhase(CommonExecutor.java:65)
	at com.kms.katalon.core.main.TestSuiteExecutor.accessTestSuiteMainPhase(TestSuiteExecutor.java:148)
	at com.kms.katalon.core.main.TestSuiteExecutor.execute(TestSuiteExecutor.java:106)
	at com.kms.katalon.core.main.TestCaseMain.startTestSuite(TestCaseMain.java:187)
	at com.kms.katalon.core.main.TestCaseMain$startTestSuite$0.call(Unknown Source)
	at TempTestSuite1691465607339.run(TempTestSuite1691465607339.groovy:36)
Caused by: com.kms.katalon.core.exception.StepFailedException: Unable to click on object 'Object Repository/OB_005_Login screen_fms smart/login screen/username'
	at com.kms.katalon.core.webui.keyword.internal.WebUIKeywordMain.stepFailed(WebUIKeywordMain.groovy:64)
	at com.kms.katalon.core.webui.keyword.internal.WebUIKeywordMain.runKeyword(WebUIKeywordMain.groovy:26)
	at com.kms.katalon.core.webui.keyword.builtin.ClickKeyword.click(ClickKeyword.groovy:74)
	at com.kms.katalon.core.webui.keyword.builtin.ClickKeyword.execute(ClickKeyword.groovy:40)
	at com.kms.katalon.core.keyword.internal.KeywordExecutor.executeKeywordForPlatform(KeywordExecutor.groovy:74)
	at com.kms.katalon.core.webui.keyword.WebUiBuiltInKeywords.click(WebUiBuiltInKeywords.groovy:620)
	at com.kms.katalon.core.webui.keyword.WebUiBuiltInKeywords$click$1.call(Unknown Source)
	at TC_007_FMS_Smart_Verify Login feature.run(TC_007_FMS_Smart_Verify Login feature:26)
	at com.kms.katalon.core.main.ScriptEngine.run(ScriptEngine.java:194)
	at com.kms.katalon.core.main.ScriptEngine.runScriptAsRawText(ScriptEngine.java:119)
	at com.kms.katalon.core.main.TestCaseExecutor.runScript(TestCaseExecutor.java:448)
	at com.kms.katalon.core.main.TestCaseExecutor.doExecute(TestCaseExecutor.java:439)
	at com.kms.katalon.core.main.TestCaseExecutor.processExecutionPhase(TestCaseExecutor.java:418)
	at com.kms.katalon.core.main.TestCaseExecutor.accessMainPhase(TestCaseExecutor.java:410)
	at com.kms.katalon.core.main.TestCaseExecutor.execute(TestCaseExecutor.java:285)
	at com.kms.katalon.core.main.TestCaseMain.runTestCase(TestCaseMain.java:144)
	at com.kms.katalon.core.keyword.builtin.CallTestCaseKeyword$_callTestCase_closure1.doCall(CallTestCaseKeyword.groovy:59)
	... 20 more
Caused by: com.kms.katalon.core.webui.exception.WebElementNotFoundException: Web element with id: 'Object Repository/OB_005_Login screen_fms smart/login screen/username' located by '//input[@id='userName']' not found
	at com.kms.katalon.core.webui.common.WebUiCommonHelper.findWebElement(WebUiCommonHelper.java:1381)
	at com.kms.katalon.core.webui.keyword.internal.WebUIAbstractKeyword.findWebElement(WebUIAbstractKeyword.groovy:27)
	at com.kms.katalon.core.webui.keyword.builtin.ClickKeyword$_click_closure1.doCall(ClickKeyword.groovy:65)
	at com.kms.katalon.core.webui.keyword.builtin.ClickKeyword$_click_closure1.call(ClickKeyword.groovy)
	at com.kms.katalon.core.webui.keyword.internal.WebUIKeywordMain.runKeyword(WebUIKeywordMain.groovy:20)
	... 35 more
"/>
         <system-out><![CDATA[2023-08-08 09:07:18 - [TEST_CASE][FAILED] - Test Cases/TC_011_FMS_Smart_Verify Feedback feature: Test Cases/TC_011_FMS_Smart_Verify Feedback feature FAILED.
Reason:
com.kms.katalon.core.exception.StepFailedException: Call Test Case 'Test Cases/TC_007_FMS_Smart_Verify Login feature' failed
	at com.kms.katalon.core.keyword.builtin.CallTestCaseKeyword$_callTestCase_closure1.doCall(CallTestCaseKeyword.groovy:63)
	at com.kms.katalon.core.keyword.builtin.CallTestCaseKeyword$_callTestCase_closure1.call(CallTestCaseKeyword.groovy)
	at com.kms.katalon.core.keyword.internal.KeywordMain.runKeyword(KeywordMain.groovy:75)
	at com.kms.katalon.core.keyword.builtin.CallTestCaseKeyword.callTestCase(CallTestCaseKeyword.groovy:81)
	at com.kms.katalon.core.keyword.builtin.CallTestCaseKeyword.execute(CallTestCaseKeyword.groovy:44)
	at com.kms.katalon.core.keyword.internal.KeywordExecutor.executeKeywordForPlatform(KeywordExecutor.groovy:74)
	at com.kms.katalon.core.keyword.BuiltinKeywords.callTestCase(BuiltinKeywords.groovy:310)
	at TC_011_FMS_Smart_Verify Feedback feature.run(TC_011_FMS_Smart_Verify Feedback feature:20)
	at com.kms.katalon.core.main.ScriptEngine.run(ScriptEngine.java:194)
	at com.kms.katalon.core.main.ScriptEngine.runScriptAsRawText(ScriptEngine.java:119)
	at com.kms.katalon.core.main.TestCaseExecutor.runScript(TestCaseExecutor.java:448)
	at com.kms.katalon.core.main.TestCaseExecutor.doExecute(TestCaseExecutor.java:439)
	at com.kms.katalon.core.main.TestCaseExecutor.processExecutionPhase(TestCaseExecutor.java:418)
	at com.kms.katalon.core.main.TestCaseExecutor.accessMainPhase(TestCaseExecutor.java:410)
	at com.kms.katalon.core.main.TestCaseExecutor.execute(TestCaseExecutor.java:285)
	at com.kms.katalon.core.common.CommonExecutor.accessTestCaseMainPhase(CommonExecutor.java:65)
	at com.kms.katalon.core.main.TestSuiteExecutor.accessTestSuiteMainPhase(TestSuiteExecutor.java:148)
	at com.kms.katalon.core.main.TestSuiteExecutor.execute(TestSuiteExecutor.java:106)
	at com.kms.katalon.core.main.TestCaseMain.startTestSuite(TestCaseMain.java:187)
	at com.kms.katalon.core.main.TestCaseMain$startTestSuite$0.call(Unknown Source)
	at TempTestSuite1691465607339.run(TempTestSuite1691465607339.groovy:36)
Caused by: com.kms.katalon.core.exception.StepFailedException: Unable to click on object 'Object Repository/OB_005_Login screen_fms smart/login screen/username'
	at com.kms.katalon.core.webui.keyword.internal.WebUIKeywordMain.stepFailed(WebUIKeywordMain.groovy:64)
	at com.kms.katalon.core.webui.keyword.internal.WebUIKeywordMain.runKeyword(WebUIKeywordMain.groovy:26)
	at com.kms.katalon.core.webui.keyword.builtin.ClickKeyword.click(ClickKeyword.groovy:74)
	at com.kms.katalon.core.webui.keyword.builtin.ClickKeyword.execute(ClickKeyword.groovy:40)
	at com.kms.katalon.core.keyword.internal.KeywordExecutor.executeKeywordForPlatform(KeywordExecutor.groovy:74)
	at com.kms.katalon.core.webui.keyword.WebUiBuiltInKeywords.click(WebUiBuiltInKeywords.groovy:620)
	at com.kms.katalon.core.webui.keyword.WebUiBuiltInKeywords$click$1.call(Unknown Source)
	at TC_007_FMS_Smart_Verify Login feature.run(TC_007_FMS_Smart_Verify Login feature:26)
	at com.kms.katalon.core.main.ScriptEngine.run(ScriptEngine.java:194)
	at com.kms.katalon.core.main.ScriptEngine.runScriptAsRawText(ScriptEngine.java:119)
	at com.kms.katalon.core.main.TestCaseExecutor.runScript(TestCaseExecutor.java:448)
	at com.kms.katalon.core.main.TestCaseExecutor.doExecute(TestCaseExecutor.java:439)
	at com.kms.katalon.core.main.TestCaseExecutor.processExecutionPhase(TestCaseExecutor.java:418)
	at com.kms.katalon.core.main.TestCaseExecutor.accessMainPhase(TestCaseExecutor.java:410)
	at com.kms.katalon.core.main.TestCaseExecutor.execute(TestCaseExecutor.java:285)
	at com.kms.katalon.core.main.TestCaseMain.runTestCase(TestCaseMain.java:144)
	at com.kms.katalon.core.keyword.builtin.CallTestCaseKeyword$_callTestCase_closure1.doCall(CallTestCaseKeyword.groovy:59)
	... 20 more
Caused by: com.kms.katalon.core.webui.exception.WebElementNotFoundException: Web element with id: 'Object Repository/OB_005_Login screen_fms smart/login screen/username' located by '//input[@id='userName']' not found
	at com.kms.katalon.core.webui.common.WebUiCommonHelper.findWebElement(WebUiCommonHelper.java:1381)
	at com.kms.katalon.core.webui.keyword.internal.WebUIAbstractKeyword.findWebElement(WebUIAbstractKeyword.groovy:27)
	at com.kms.katalon.core.webui.keyword.builtin.ClickKeyword$_click_closure1.doCall(ClickKeyword.groovy:65)
	at com.kms.katalon.core.webui.keyword.builtin.ClickKeyword$_click_closure1.call(ClickKeyword.groovy)
	at com.kms.katalon.core.webui.keyword.internal.WebUIKeywordMain.runKeyword(WebUIKeywordMain.groovy:20)
	... 35 more


2023-08-08 09:07:18 - [TEST_STEP][FAILED] - callTestCase(findTestCase("TC_007_FMS_Smart_Verify Login feature"), ["url":"https://ioclfmssmart.tmsitrimble.in/FMSSmartApp/#/login", "username":"11038331", "password":"Nr@747900"], STOP_ON_FAILURE): Unable to call Test Case 'Test Cases/TC_007_FMS_Smart_Verify Login feature' (Root cause: com.kms.katalon.core.exception.StepFailedException: Call Test Case 'Test Cases/TC_007_FMS_Smart_Verify Login feature' failed
	at com.kms.katalon.core.keyword.builtin.CallTestCaseKeyword$_callTestCase_closure1.doCall(CallTestCaseKeyword.groovy:63)
	at com.kms.katalon.core.keyword.builtin.CallTestCaseKeyword$_callTestCase_closure1.call(CallTestCaseKeyword.groovy)
	at com.kms.katalon.core.keyword.internal.KeywordMain.runKeyword(KeywordMain.groovy:75)
	at com.kms.katalon.core.keyword.builtin.CallTestCaseKeyword.callTestCase(CallTestCaseKeyword.groovy:81)
	at com.kms.katalon.core.keyword.builtin.CallTestCaseKeyword.execute(CallTestCaseKeyword.groovy:44)
	at com.kms.katalon.core.keyword.internal.KeywordExecutor.executeKeywordForPlatform(KeywordExecutor.groovy:74)
	at com.kms.katalon.core.keyword.BuiltinKeywords.callTestCase(BuiltinKeywords.groovy:310)
	at TC_011_FMS_Smart_Verify Feedback feature.run(TC_011_FMS_Smart_Verify Feedback feature:20)
	at com.kms.katalon.core.main.ScriptEngine.run(ScriptEngine.java:194)
	at com.kms.katalon.core.main.ScriptEngine.runScriptAsRawText(ScriptEngine.java:119)
	at com.kms.katalon.core.main.TestCaseExecutor.runScript(TestCaseExecutor.java:448)
	at com.kms.katalon.core.main.TestCaseExecutor.doExecute(TestCaseExecutor.java:439)
	at com.kms.katalon.core.main.TestCaseExecutor.processExecutionPhase(TestCaseExecutor.java:418)
	at com.kms.katalon.core.main.TestCaseExecutor.accessMainPhase(TestCaseExecutor.java:410)
	at com.kms.katalon.core.main.TestCaseExecutor.execute(TestCaseExecutor.java:285)
	at com.kms.katalon.core.common.CommonExecutor.accessTestCaseMainPhase(CommonExecutor.java:65)
	at com.kms.katalon.core.main.TestSuiteExecutor.accessTestSuiteMainPhase(TestSuiteExecutor.java:148)
	at com.kms.katalon.core.main.TestSuiteExecutor.execute(TestSuiteExecutor.java:106)
	at com.kms.katalon.core.main.TestCaseMain.startTestSuite(TestCaseMain.java:187)
	at com.kms.katalon.core.main.TestCaseMain$startTestSuite$0.call(Unknown Source)
	at TempTestSuite1691465607339.run(TempTestSuite1691465607339.groovy:36)
Caused by: com.kms.katalon.core.exception.StepFailedException: Unable to click on object 'Object Repository/OB_005_Login screen_fms smart/login screen/username'
	at com.kms.katalon.core.webui.keyword.internal.WebUIKeywordMain.stepFailed(WebUIKeywordMain.groovy:64)
	at com.kms.katalon.core.webui.keyword.internal.WebUIKeywordMain.runKeyword(WebUIKeywordMain.groovy:26)
	at com.kms.katalon.core.webui.keyword.builtin.ClickKeyword.click(ClickKeyword.groovy:74)
	at com.kms.katalon.core.webui.keyword.builtin.ClickKeyword.execute(ClickKeyword.groovy:40)
	at com.kms.katalon.core.keyword.internal.KeywordExecutor.executeKeywordForPlatform(KeywordExecutor.groovy:74)
	at com.kms.katalon.core.webui.keyword.WebUiBuiltInKeywords.click(WebUiBuiltInKeywords.groovy:620)
	at com.kms.katalon.core.webui.keyword.WebUiBuiltInKeywords$click$1.call(Unknown Source)
	at TC_007_FMS_Smart_Verify Login feature.run(TC_007_FMS_Smart_Verify Login feature:26)
	at com.kms.katalon.core.main.ScriptEngine.run(ScriptEngine.java:194)
	at com.kms.katalon.core.main.ScriptEngine.runScriptAsRawText(ScriptEngine.java:119)
	at com.kms.katalon.core.main.TestCaseExecutor.runScript(TestCaseExecutor.java:448)
	at com.kms.katalon.core.main.TestCaseExecutor.doExecute(TestCaseExecutor.java:439)
	at com.kms.katalon.core.main.TestCaseExecutor.processExecutionPhase(TestCaseExecutor.java:418)
	at com.kms.katalon.core.main.TestCaseExecutor.accessMainPhase(TestCaseExecutor.java:410)
	at com.kms.katalon.core.main.TestCaseExecutor.execute(TestCaseExecutor.java:285)
	at com.kms.katalon.core.main.TestCaseMain.runTestCase(TestCaseMain.java:144)
	at com.kms.katalon.core.keyword.builtin.CallTestCaseKeyword$_callTestCase_closure1.doCall(CallTestCaseKeyword.groovy:59)
	... 20 more
Caused by: com.kms.katalon.core.webui.exception.WebElementNotFoundException: Web element with id: 'Object Repository/OB_005_Login screen_fms smart/login screen/username' located by '//input[@id='userName']' not found
	at com.kms.katalon.core.webui.common.WebUiCommonHelper.findWebElement(WebUiCommonHelper.java:1381)
	at com.kms.katalon.core.webui.keyword.internal.WebUIAbstractKeyword.findWebElement(WebUIAbstractKeyword.groovy:27)
	at com.kms.katalon.core.webui.keyword.builtin.ClickKeyword$_click_closure1.doCall(ClickKeyword.groovy:65)
	at com.kms.katalon.core.webui.keyword.builtin.ClickKeyword$_click_closure1.call(ClickKeyword.groovy)
	at com.kms.katalon.core.webui.keyword.internal.WebUIKeywordMain.runKeyword(WebUIKeywordMain.groovy:20)
	... 35 more
)

2023-08-08 09:07:18 - [TEST_CASE][FAILED] - Test Cases/TC_007_FMS_Smart_Verify Login feature: Test Cases/TC_007_FMS_Smart_Verify Login feature FAILED.
Reason:
com.kms.katalon.core.exception.StepFailedException: Unable to click on object 'Object Repository/OB_005_Login screen_fms smart/login screen/username'
	at com.kms.katalon.core.webui.keyword.internal.WebUIKeywordMain.stepFailed(WebUIKeywordMain.groovy:64)
	at com.kms.katalon.core.webui.keyword.internal.WebUIKeywordMain.runKeyword(WebUIKeywordMain.groovy:26)
	at com.kms.katalon.core.webui.keyword.builtin.ClickKeyword.click(ClickKeyword.groovy:74)
	at com.kms.katalon.core.webui.keyword.builtin.ClickKeyword.execute(ClickKeyword.groovy:40)
	at com.kms.katalon.core.keyword.internal.KeywordExecutor.executeKeywordForPlatform(KeywordExecutor.groovy:74)
	at com.kms.katalon.core.webui.keyword.WebUiBuiltInKeywords.click(WebUiBuiltInKeywords.groovy:620)
	at com.kms.katalon.core.webui.keyword.WebUiBuiltInKeywords$click$1.call(Unknown Source)
	at TC_007_FMS_Smart_Verify Login feature.run(TC_007_FMS_Smart_Verify Login feature:26)
	at com.kms.katalon.core.main.ScriptEngine.run(ScriptEngine.java:194)
	at com.kms.katalon.core.main.ScriptEngine.runScriptAsRawText(ScriptEngine.java:119)
	at com.kms.katalon.core.main.TestCaseExecutor.runScript(TestCaseExecutor.java:448)
	at com.kms.katalon.core.main.TestCaseExecutor.doExecute(TestCaseExecutor.java:439)
	at com.kms.katalon.core.main.TestCaseExecutor.processExecutionPhase(TestCaseExecutor.java:418)
	at com.kms.katalon.core.main.TestCaseExecutor.accessMainPhase(TestCaseExecutor.java:410)
	at com.kms.katalon.core.main.TestCaseExecutor.execute(TestCaseExecutor.java:285)
	at com.kms.katalon.core.main.TestCaseMain.runTestCase(TestCaseMain.java:144)
	at com.kms.katalon.core.keyword.builtin.CallTestCaseKeyword$_callTestCase_closure1.doCall(CallTestCaseKeyword.groovy:59)
	at com.kms.katalon.core.keyword.builtin.CallTestCaseKeyword$_callTestCase_closure1.call(CallTestCaseKeyword.groovy)
	at com.kms.katalon.core.keyword.internal.KeywordMain.runKeyword(KeywordMain.groovy:75)
	at com.kms.katalon.core.keyword.builtin.CallTestCaseKeyword.callTestCase(CallTestCaseKeyword.groovy:81)
	at com.kms.katalon.core.keyword.builtin.CallTestCaseKeyword.execute(CallTestCaseKeyword.groovy:44)
	at com.kms.katalon.core.keyword.internal.KeywordExecutor.executeKeywordForPlatform(KeywordExecutor.groovy:74)
	at com.kms.katalon.core.keyword.BuiltinKeywords.callTestCase(BuiltinKeywords.groovy:310)
	at TC_011_FMS_Smart_Verify Feedback feature.run(TC_011_FMS_Smart_Verify Feedback feature:20)
	at com.kms.katalon.core.main.ScriptEngine.run(ScriptEngine.java:194)
	at com.kms.katalon.core.main.ScriptEngine.runScriptAsRawText(ScriptEngine.java:119)
	at com.kms.katalon.core.main.TestCaseExecutor.runScript(TestCaseExecutor.java:448)
	at com.kms.katalon.core.main.TestCaseExecutor.doExecute(TestCaseExecutor.java:439)
	at com.kms.katalon.core.main.TestCaseExecutor.processExecutionPhase(TestCaseExecutor.java:418)
	at com.kms.katalon.core.main.TestCaseExecutor.accessMainPhase(TestCaseExecutor.java:410)
	at com.kms.katalon.core.main.TestCaseExecutor.execute(TestCaseExecutor.java:285)
	at com.kms.katalon.core.common.CommonExecutor.accessTestCaseMainPhase(CommonExecutor.java:65)
	at com.kms.katalon.core.main.TestSuiteExecutor.accessTestSuiteMainPhase(TestSuiteExecutor.java:148)
	at com.kms.katalon.core.main.TestSuiteExecutor.execute(TestSuiteExecutor.java:106)
	at com.kms.katalon.core.main.TestCaseMain.startTestSuite(TestCaseMain.java:187)
	at com.kms.katalon.core.main.TestCaseMain$startTestSuite$0.call(Unknown Source)
	at TempTestSuite1691465607339.run(TempTestSuite1691465607339.groovy:36)
Caused by: com.kms.katalon.core.webui.exception.WebElementNotFoundException: Web element with id: 'Object Repository/OB_005_Login screen_fms smart/login screen/username' located by '//input[@id='userName']' not found
	at com.kms.katalon.core.webui.common.WebUiCommonHelper.findWebElement(WebUiCommonHelper.java:1381)
	at com.kms.katalon.core.webui.keyword.internal.WebUIAbstractKeyword.findWebElement(WebUIAbstractKeyword.groovy:27)
	at com.kms.katalon.core.webui.keyword.builtin.ClickKeyword$_click_closure1.doCall(ClickKeyword.groovy:65)
	at com.kms.katalon.core.webui.keyword.builtin.ClickKeyword$_click_closure1.call(ClickKeyword.groovy)
	at com.kms.katalon.core.webui.keyword.internal.WebUIKeywordMain.runKeyword(WebUIKeywordMain.groovy:20)
	... 35 more


2023-08-08 09:07:19 - [TEST_STEP][PASSED] - openBrowser(url): Browser is opened with url: 'https://ioclfmssmart.tmsitrimble.in/FMSSmartApp/#/login'

2023-08-08 09:07:19 - [MESSAGE][INFO] - Starting 'Chrome' driver

2023-08-08 09:07:19 - [MESSAGE][INFO] - Action delay is set to 0 milliseconds

2023-08-08 09:08:12 - [MESSAGE][PASSED] - Browser is opened with url: 'https://ioclfmssmart.tmsitrimble.in/FMSSmartApp/#/login'

2023-08-08 09:08:12 - [TEST_STEP][PASSED] - maximizeWindow(): Current window maximized

2023-08-08 09:08:12 - [MESSAGE][PASSED] - Current window maximized

2023-08-08 09:08:12 - [TEST_STEP][PASSED] - delay(3): Delayed 3 second(s)

2023-08-08 09:08:15 - [MESSAGE][PASSED] - Delayed 3 second(s)

2023-08-08 09:08:15 - [TEST_STEP][FAILED] - click(findTestObject("OB_005_Login screen_fms smart/login screen/username")): Unable to click on object 'Object Repository/OB_005_Login screen_fms smart/login screen/username' (Root cause: com.kms.katalon.core.exception.StepFailedException: Unable to click on object 'Object Repository/OB_005_Login screen_fms smart/login screen/username'
	at com.kms.katalon.core.webui.keyword.internal.WebUIKeywordMain.stepFailed(WebUIKeywordMain.groovy:64)
	at com.kms.katalon.core.webui.keyword.internal.WebUIKeywordMain.runKeyword(WebUIKeywordMain.groovy:26)
	at com.kms.katalon.core.webui.keyword.builtin.ClickKeyword.click(ClickKeyword.groovy:74)
	at com.kms.katalon.core.webui.keyword.builtin.ClickKeyword.execute(ClickKeyword.groovy:40)
	at com.kms.katalon.core.keyword.internal.KeywordExecutor.executeKeywordForPlatform(KeywordExecutor.groovy:74)
	at com.kms.katalon.core.webui.keyword.WebUiBuiltInKeywords.click(WebUiBuiltInKeywords.groovy:620)
	at com.kms.katalon.core.webui.keyword.WebUiBuiltInKeywords$click$1.call(Unknown Source)
	at TC_007_FMS_Smart_Verify Login feature.run(TC_007_FMS_Smart_Verify Login feature:26)
	at com.kms.katalon.core.main.ScriptEngine.run(ScriptEngine.java:194)
	at com.kms.katalon.core.main.ScriptEngine.runScriptAsRawText(ScriptEngine.java:119)
	at com.kms.katalon.core.main.TestCaseExecutor.runScript(TestCaseExecutor.java:448)
	at com.kms.katalon.core.main.TestCaseExecutor.doExecute(TestCaseExecutor.java:439)
	at com.kms.katalon.core.main.TestCaseExecutor.processExecutionPhase(TestCaseExecutor.java:418)
	at com.kms.katalon.core.main.TestCaseExecutor.accessMainPhase(TestCaseExecutor.java:410)
	at com.kms.katalon.core.main.TestCaseExecutor.execute(TestCaseExecutor.java:285)
	at com.kms.katalon.core.main.TestCaseMain.runTestCase(TestCaseMain.java:144)
	at com.kms.katalon.core.keyword.builtin.CallTestCaseKeyword$_callTestCase_closure1.doCall(CallTestCaseKeyword.groovy:59)
	at com.kms.katalon.core.keyword.builtin.CallTestCaseKeyword$_callTestCase_closure1.call(CallTestCaseKeyword.groovy)
	at com.kms.katalon.core.keyword.internal.KeywordMain.runKeyword(KeywordMain.groovy:75)
	at com.kms.katalon.core.keyword.builtin.CallTestCaseKeyword.callTestCase(CallTestCaseKeyword.groovy:81)
	at com.kms.katalon.core.keyword.builtin.CallTestCaseKeyword.execute(CallTestCaseKeyword.groovy:44)
	at com.kms.katalon.core.keyword.internal.KeywordExecutor.executeKeywordForPlatform(KeywordExecutor.groovy:74)
	at com.kms.katalon.core.keyword.BuiltinKeywords.callTestCase(BuiltinKeywords.groovy:310)
	at TC_011_FMS_Smart_Verify Feedback feature.run(TC_011_FMS_Smart_Verify Feedback feature:20)
	at com.kms.katalon.core.main.ScriptEngine.run(ScriptEngine.java:194)
	at com.kms.katalon.core.main.ScriptEngine.runScriptAsRawText(ScriptEngine.java:119)
	at com.kms.katalon.core.main.TestCaseExecutor.runScript(TestCaseExecutor.java:448)
	at com.kms.katalon.core.main.TestCaseExecutor.doExecute(TestCaseExecutor.java:439)
	at com.kms.katalon.core.main.TestCaseExecutor.processExecutionPhase(TestCaseExecutor.java:418)
	at com.kms.katalon.core.main.TestCaseExecutor.accessMainPhase(TestCaseExecutor.java:410)
	at com.kms.katalon.core.main.TestCaseExecutor.execute(TestCaseExecutor.java:285)
	at com.kms.katalon.core.common.CommonExecutor.accessTestCaseMainPhase(CommonExecutor.java:65)
	at com.kms.katalon.core.main.TestSuiteExecutor.accessTestSuiteMainPhase(TestSuiteExecutor.java:148)
	at com.kms.katalon.core.main.TestSuiteExecutor.execute(TestSuiteExecutor.java:106)
	at com.kms.katalon.core.main.TestCaseMain.startTestSuite(TestCaseMain.java:187)
	at com.kms.katalon.core.main.TestCaseMain$startTestSuite$0.call(Unknown Source)
	at TempTestSuite1691465607339.run(TempTestSuite1691465607339.groovy:36)
Caused by: com.kms.katalon.core.webui.exception.WebElementNotFoundException: Web element with id: 'Object Repository/OB_005_Login screen_fms smart/login screen/username' located by '//input[@id='userName']' not found
	at com.kms.katalon.core.webui.common.WebUiCommonHelper.findWebElement(WebUiCommonHelper.java:1381)
	at com.kms.katalon.core.webui.keyword.internal.WebUIAbstractKeyword.findWebElement(WebUIAbstractKeyword.groovy:27)
	at com.kms.katalon.core.webui.keyword.builtin.ClickKeyword$_click_closure1.doCall(ClickKeyword.groovy:65)
	at com.kms.katalon.core.webui.keyword.builtin.ClickKeyword$_click_closure1.call(ClickKeyword.groovy)
	at com.kms.katalon.core.webui.keyword.internal.WebUIKeywordMain.runKeyword(WebUIKeywordMain.groovy:20)
	at com.kms.katalon.core.webui.keyword.builtin.ClickKeyword.click(ClickKeyword.groovy:74)
	at com.kms.katalon.core.webui.keyword.builtin.ClickKeyword.execute(ClickKeyword.groovy:40)
	at com.kms.katalon.core.keyword.internal.KeywordExecutor.executeKeywordForPlatform(KeywordExecutor.groovy:74)
	at com.kms.katalon.core.webui.keyword.WebUiBuiltInKeywords.click(WebUiBuiltInKeywords.groovy:620)
	at com.kms.katalon.core.webui.keyword.WebUiBuiltInKeywords$click$1.call(Unknown Source)
	at Script1691051665098.run(Script1691051665098.groovy:26)
	at com.kms.katalon.core.main.ScriptEngine.run(ScriptEngine.java:194)
	at com.kms.katalon.core.main.ScriptEngine.runScriptAsRawText(ScriptEngine.java:119)
	at com.kms.katalon.core.main.TestCaseExecutor.runScript(TestCaseExecutor.java:448)
	at com.kms.katalon.core.main.TestCaseExecutor.doExecute(TestCaseExecutor.java:439)
	at com.kms.katalon.core.main.TestCaseExecutor.processExecutionPhase(TestCaseExecutor.java:418)
	at com.kms.katalon.core.main.TestCaseExecutor.accessMainPhase(TestCaseExecutor.java:410)
	at com.kms.katalon.core.main.TestCaseExecutor.execute(TestCaseExecutor.java:285)
	at com.kms.katalon.core.main.TestCaseMain.runTestCase(TestCaseMain.java:144)
	at com.kms.katalon.core.keyword.builtin.CallTestCaseKeyword$_callTestCase_closure1.doCall(CallTestCaseKeyword.groovy:59)
	at com.kms.katalon.core.keyword.builtin.CallTestCaseKeyword$_callTestCase_closure1.call(CallTestCaseKeyword.groovy)
	at com.kms.katalon.core.keyword.internal.KeywordMain.runKeyword(KeywordMain.groovy:75)
	at com.kms.katalon.core.keyword.builtin.CallTestCaseKeyword.callTestCase(CallTestCaseKeyword.groovy:81)
	at com.kms.katalon.core.keyword.builtin.CallTestCaseKeyword.execute(CallTestCaseKeyword.groovy:44)
	at com.kms.katalon.core.keyword.internal.KeywordExecutor.executeKeywordForPlatform(KeywordExecutor.groovy:74)
	at com.kms.katalon.core.keyword.BuiltinKeywords.callTestCase(BuiltinKeywords.groovy:310)
	at Script1691153389902.run(Script1691153389902.groovy:20)
	... 13 more
)

2023-08-08 09:08:47 - [MESSAGE][INFO] - Unable to find the element located by 'By.xpath: //input[@id='userName']'. Please recheck the objects properties to make sure the desired element is located. 

2023-08-08 09:08:47 - [MESSAGE][WARNING] - [SELF-HEALING] Failed to find element with id 'Object Repository/OB_005_Login screen_fms smart/login screen/username'. Try using Self-healing.

2023-08-08 09:08:47 - [MESSAGE][INFO] - [SELF-HEALING] Failed Locator: '//input[@id='userName']'.

2023-08-08 09:08:47 - [MESSAGE][INFO] - [SELF-HEALING] Failed Locator: '//body[@id='main-body']/app-root/div/app-login/div/div[2]/div/div/div/div/form/div/div/input'.

2023-08-08 09:08:48 - [MESSAGE][INFO] - [SELF-HEALING] Failed Locator: '//input'.

2023-08-08 09:08:48 - [MESSAGE][INFO] - [SELF-HEALING] Failed Locator: '//input[@id = 'userName' and @name = 'userName' and @type = 'text' and @placeholder = 'Username']'.

2023-08-08 09:08:49 - [MESSAGE][INFO] - Unable to find the element located by 'By.xpath: //*[@id = 'userName' and @name = 'userName' and @type = 'text' and @placeholder = 'Username']'. Please recheck the objects properties to make sure the desired element is located. 

2023-08-08 09:08:50 - [MESSAGE][INFO] - Unable to find the element located by 'By.cssSelector: #userName'. Please recheck the objects properties to make sure the desired element is located. 

2023-08-08 09:08:50 - [MESSAGE][FAILED] - Unable to click on object 'Object Repository/OB_005_Login screen_fms smart/login screen/username' (Root cause: com.kms.katalon.core.exception.StepFailedException: Unable to click on object 'Object Repository/OB_005_Login screen_fms smart/login screen/username'
	at com.kms.katalon.core.webui.keyword.internal.WebUIKeywordMain.stepFailed(WebUIKeywordMain.groovy:64)
	at com.kms.katalon.core.webui.keyword.internal.WebUIKeywordMain.runKeyword(WebUIKeywordMain.groovy:26)
	at com.kms.katalon.core.webui.keyword.builtin.ClickKeyword.click(ClickKeyword.groovy:74)
	at com.kms.katalon.core.webui.keyword.builtin.ClickKeyword.execute(ClickKeyword.groovy:40)
	at com.kms.katalon.core.keyword.internal.KeywordExecutor.executeKeywordForPlatform(KeywordExecutor.groovy:74)
	at com.kms.katalon.core.webui.keyword.WebUiBuiltInKeywords.click(WebUiBuiltInKeywords.groovy:620)
	at com.kms.katalon.core.webui.keyword.WebUiBuiltInKeywords$click$1.call(Unknown Source)
	at TC_007_FMS_Smart_Verify Login feature.run(TC_007_FMS_Smart_Verify Login feature:26)
	at com.kms.katalon.core.main.ScriptEngine.run(ScriptEngine.java:194)
	at com.kms.katalon.core.main.ScriptEngine.runScriptAsRawText(ScriptEngine.java:119)
	at com.kms.katalon.core.main.TestCaseExecutor.runScript(TestCaseExecutor.java:448)
	at com.kms.katalon.core.main.TestCaseExecutor.doExecute(TestCaseExecutor.java:439)
	at com.kms.katalon.core.main.TestCaseExecutor.processExecutionPhase(TestCaseExecutor.java:418)
	at com.kms.katalon.core.main.TestCaseExecutor.accessMainPhase(TestCaseExecutor.java:410)
	at com.kms.katalon.core.main.TestCaseExecutor.execute(TestCaseExecutor.java:285)
	at com.kms.katalon.core.main.TestCaseMain.runTestCase(TestCaseMain.java:144)
	at com.kms.katalon.core.keyword.builtin.CallTestCaseKeyword$_callTestCase_closure1.doCall(CallTestCaseKeyword.groovy:59)
	at com.kms.katalon.core.keyword.builtin.CallTestCaseKeyword$_callTestCase_closure1.call(CallTestCaseKeyword.groovy)
	at com.kms.katalon.core.keyword.internal.KeywordMain.runKeyword(KeywordMain.groovy:75)
	at com.kms.katalon.core.keyword.builtin.CallTestCaseKeyword.callTestCase(CallTestCaseKeyword.groovy:81)
	at com.kms.katalon.core.keyword.builtin.CallTestCaseKeyword.execute(CallTestCaseKeyword.groovy:44)
	at com.kms.katalon.core.keyword.internal.KeywordExecutor.executeKeywordForPlatform(KeywordExecutor.groovy:74)
	at com.kms.katalon.core.keyword.BuiltinKeywords.callTestCase(BuiltinKeywords.groovy:310)
	at TC_011_FMS_Smart_Verify Feedback feature.run(TC_011_FMS_Smart_Verify Feedback feature:20)
	at com.kms.katalon.core.main.ScriptEngine.run(ScriptEngine.java:194)
	at com.kms.katalon.core.main.ScriptEngine.runScriptAsRawText(ScriptEngine.java:119)
	at com.kms.katalon.core.main.TestCaseExecutor.runScript(TestCaseExecutor.java:448)
	at com.kms.katalon.core.main.TestCaseExecutor.doExecute(TestCaseExecutor.java:439)
	at com.kms.katalon.core.main.TestCaseExecutor.processExecutionPhase(TestCaseExecutor.java:418)
	at com.kms.katalon.core.main.TestCaseExecutor.accessMainPhase(TestCaseExecutor.java:410)
	at com.kms.katalon.core.main.TestCaseExecutor.execute(TestCaseExecutor.java:285)
	at com.kms.katalon.core.common.CommonExecutor.accessTestCaseMainPhase(CommonExecutor.java:65)
	at com.kms.katalon.core.main.TestSuiteExecutor.accessTestSuiteMainPhase(TestSuiteExecutor.java:148)
	at com.kms.katalon.core.main.TestSuiteExecutor.execute(TestSuiteExecutor.java:106)
	at com.kms.katalon.core.main.TestCaseMain.startTestSuite(TestCaseMain.java:187)
	at com.kms.katalon.core.main.TestCaseMain$startTestSuite$0.call(Unknown Source)
	at TempTestSuite1691465607339.run(TempTestSuite1691465607339.groovy:36)
Caused by: com.kms.katalon.core.webui.exception.WebElementNotFoundException: Web element with id: 'Object Repository/OB_005_Login screen_fms smart/login screen/username' located by '//input[@id='userName']' not found
	at com.kms.katalon.core.webui.common.WebUiCommonHelper.findWebElement(WebUiCommonHelper.java:1381)
	at com.kms.katalon.core.webui.keyword.internal.WebUIAbstractKeyword.findWebElement(WebUIAbstractKeyword.groovy:27)
	at com.kms.katalon.core.webui.keyword.builtin.ClickKeyword$_click_closure1.doCall(ClickKeyword.groovy:65)
	at com.kms.katalon.core.webui.keyword.builtin.ClickKeyword$_click_closure1.call(ClickKeyword.groovy)
	at com.kms.katalon.core.webui.keyword.internal.WebUIKeywordMain.runKeyword(WebUIKeywordMain.groovy:20)
	at com.kms.katalon.core.webui.keyword.builtin.ClickKeyword.click(ClickKeyword.groovy:74)
	at com.kms.katalon.core.webui.keyword.builtin.ClickKeyword.execute(ClickKeyword.groovy:40)
	at com.kms.katalon.core.keyword.internal.KeywordExecutor.executeKeywordForPlatform(KeywordExecutor.groovy:74)
	at com.kms.katalon.core.webui.keyword.WebUiBuiltInKeywords.click(WebUiBuiltInKeywords.groovy:620)
	at com.kms.katalon.core.webui.keyword.WebUiBuiltInKeywords$click$1.call(Unknown Source)
	at Script1691051665098.run(Script1691051665098.groovy:26)
	at com.kms.katalon.core.main.ScriptEngine.run(ScriptEngine.java:194)
	at com.kms.katalon.core.main.ScriptEngine.runScriptAsRawText(ScriptEngine.java:119)
	at com.kms.katalon.core.main.TestCaseExecutor.runScript(TestCaseExecutor.java:448)
	at com.kms.katalon.core.main.TestCaseExecutor.doExecute(TestCaseExecutor.java:439)
	at com.kms.katalon.core.main.TestCaseExecutor.processExecutionPhase(TestCaseExecutor.java:418)
	at com.kms.katalon.core.main.TestCaseExecutor.accessMainPhase(TestCaseExecutor.java:410)
	at com.kms.katalon.core.main.TestCaseExecutor.execute(TestCaseExecutor.java:285)
	at com.kms.katalon.core.main.TestCaseMain.runTestCase(TestCaseMain.java:144)
	at com.kms.katalon.core.keyword.builtin.CallTestCaseKeyword$_callTestCase_closure1.doCall(CallTestCaseKeyword.groovy:59)
	at com.kms.katalon.core.keyword.builtin.CallTestCaseKeyword$_callTestCase_closure1.call(CallTestCaseKeyword.groovy)
	at com.kms.katalon.core.keyword.internal.KeywordMain.runKeyword(KeywordMain.groovy:75)
	at com.kms.katalon.core.keyword.builtin.CallTestCaseKeyword.callTestCase(CallTestCaseKeyword.groovy:81)
	at com.kms.katalon.core.keyword.builtin.CallTestCaseKeyword.execute(CallTestCaseKeyword.groovy:44)
	at com.kms.katalon.core.keyword.internal.KeywordExecutor.executeKeywordForPlatform(KeywordExecutor.groovy:74)
	at com.kms.katalon.core.keyword.BuiltinKeywords.callTestCase(BuiltinKeywords.groovy:310)
	at Script1691153389902.run(Script1691153389902.groovy:20)
	... 13 more
)
[[ATTACHMENT|C:\\Users\\windows 10\\git\\NewRepository\\KatalonGit\\Reports\\20230808_090318\\TS_002_FMS_Smart_web application\\TS_01_FMS_Smart_Web app_Sanity\\20230808_090327\\1691465930786.png]]

2023-08-08 09:08:50 - [MESSAGE][FAILED] - Unable to call Test Case 'Test Cases/TC_007_FMS_Smart_Verify Login feature' (Root cause: com.kms.katalon.core.exception.StepFailedException: Call Test Case 'Test Cases/TC_007_FMS_Smart_Verify Login feature' failed
	at com.kms.katalon.core.keyword.builtin.CallTestCaseKeyword$_callTestCase_closure1.doCall(CallTestCaseKeyword.groovy:63)
	at com.kms.katalon.core.keyword.builtin.CallTestCaseKeyword$_callTestCase_closure1.call(CallTestCaseKeyword.groovy)
	at com.kms.katalon.core.keyword.internal.KeywordMain.runKeyword(KeywordMain.groovy:75)
	at com.kms.katalon.core.keyword.builtin.CallTestCaseKeyword.callTestCase(CallTestCaseKeyword.groovy:81)
	at com.kms.katalon.core.keyword.builtin.CallTestCaseKeyword.execute(CallTestCaseKeyword.groovy:44)
	at com.kms.katalon.core.keyword.internal.KeywordExecutor.executeKeywordForPlatform(KeywordExecutor.groovy:74)
	at com.kms.katalon.core.keyword.BuiltinKeywords.callTestCase(BuiltinKeywords.groovy:310)
	at TC_011_FMS_Smart_Verify Feedback feature.run(TC_011_FMS_Smart_Verify Feedback feature:20)
	at com.kms.katalon.core.main.ScriptEngine.run(ScriptEngine.java:194)
	at com.kms.katalon.core.main.ScriptEngine.runScriptAsRawText(ScriptEngine.java:119)
	at com.kms.katalon.core.main.TestCaseExecutor.runScript(TestCaseExecutor.java:448)
	at com.kms.katalon.core.main.TestCaseExecutor.doExecute(TestCaseExecutor.java:439)
	at com.kms.katalon.core.main.TestCaseExecutor.processExecutionPhase(TestCaseExecutor.java:418)
	at com.kms.katalon.core.main.TestCaseExecutor.accessMainPhase(TestCaseExecutor.java:410)
	at com.kms.katalon.core.main.TestCaseExecutor.execute(TestCaseExecutor.java:285)
	at com.kms.katalon.core.common.CommonExecutor.accessTestCaseMainPhase(CommonExecutor.java:65)
	at com.kms.katalon.core.main.TestSuiteExecutor.accessTestSuiteMainPhase(TestSuiteExecutor.java:148)
	at com.kms.katalon.core.main.TestSuiteExecutor.execute(TestSuiteExecutor.java:106)
	at com.kms.katalon.core.main.TestCaseMain.startTestSuite(TestCaseMain.java:187)
	at com.kms.katalon.core.main.TestCaseMain$startTestSuite$0.call(Unknown Source)
	at TempTestSuite1691465607339.run(TempTestSuite1691465607339.groovy:36)
Caused by: com.kms.katalon.core.exception.StepFailedException: Unable to click on object 'Object Repository/OB_005_Login screen_fms smart/login screen/username'
	at com.kms.katalon.core.webui.keyword.internal.WebUIKeywordMain.stepFailed(WebUIKeywordMain.groovy:64)
	at com.kms.katalon.core.webui.keyword.internal.WebUIKeywordMain.runKeyword(WebUIKeywordMain.groovy:26)
	at com.kms.katalon.core.webui.keyword.builtin.ClickKeyword.click(ClickKeyword.groovy:74)
	at com.kms.katalon.core.webui.keyword.builtin.ClickKeyword.execute(ClickKeyword.groovy:40)
	at com.kms.katalon.core.keyword.internal.KeywordExecutor.executeKeywordForPlatform(KeywordExecutor.groovy:74)
	at com.kms.katalon.core.webui.keyword.WebUiBuiltInKeywords.click(WebUiBuiltInKeywords.groovy:620)
	at com.kms.katalon.core.webui.keyword.WebUiBuiltInKeywords$click$1.call(Unknown Source)
	at TC_007_FMS_Smart_Verify Login feature.run(TC_007_FMS_Smart_Verify Login feature:26)
	at com.kms.katalon.core.main.ScriptEngine.run(ScriptEngine.java:194)
	at com.kms.katalon.core.main.ScriptEngine.runScriptAsRawText(ScriptEngine.java:119)
	at com.kms.katalon.core.main.TestCaseExecutor.runScript(TestCaseExecutor.java:448)
	at com.kms.katalon.core.main.TestCaseExecutor.doExecute(TestCaseExecutor.java:439)
	at com.kms.katalon.core.main.TestCaseExecutor.processExecutionPhase(TestCaseExecutor.java:418)
	at com.kms.katalon.core.main.TestCaseExecutor.accessMainPhase(TestCaseExecutor.java:410)
	at com.kms.katalon.core.main.TestCaseExecutor.execute(TestCaseExecutor.java:285)
	at com.kms.katalon.core.main.TestCaseMain.runTestCase(TestCaseMain.java:144)
	at com.kms.katalon.core.keyword.builtin.CallTestCaseKeyword$_callTestCase_closure1.doCall(CallTestCaseKeyword.groovy:59)
	... 20 more
Caused by: com.kms.katalon.core.webui.exception.WebElementNotFoundException: Web element with id: 'Object Repository/OB_005_Login screen_fms smart/login screen/username' located by '//input[@id='userName']' not found
	at com.kms.katalon.core.webui.common.WebUiCommonHelper.findWebElement(WebUiCommonHelper.java:1381)
	at com.kms.katalon.core.webui.keyword.internal.WebUIAbstractKeyword.findWebElement(WebUIAbstractKeyword.groovy:27)
	at com.kms.katalon.core.webui.keyword.builtin.ClickKeyword$_click_closure1.doCall(ClickKeyword.groovy:65)
	at com.kms.katalon.core.webui.keyword.builtin.ClickKeyword$_click_closure1.call(ClickKeyword.groovy)
	at com.kms.katalon.core.webui.keyword.internal.WebUIKeywordMain.runKeyword(WebUIKeywordMain.groovy:20)
	... 35 more
)]]></system-out>
         <system-err><![CDATA[2023-08-08 09:07:18 - [TEST_CASE][FAILED] - Test Cases/TC_011_FMS_Smart_Verify Feedback feature: Test Cases/TC_011_FMS_Smart_Verify Feedback feature FAILED.
Reason:
com.kms.katalon.core.exception.StepFailedException: Call Test Case 'Test Cases/TC_007_FMS_Smart_Verify Login feature' failed
	at com.kms.katalon.core.keyword.builtin.CallTestCaseKeyword$_callTestCase_closure1.doCall(CallTestCaseKeyword.groovy:63)
	at com.kms.katalon.core.keyword.builtin.CallTestCaseKeyword$_callTestCase_closure1.call(CallTestCaseKeyword.groovy)
	at com.kms.katalon.core.keyword.internal.KeywordMain.runKeyword(KeywordMain.groovy:75)
	at com.kms.katalon.core.keyword.builtin.CallTestCaseKeyword.callTestCase(CallTestCaseKeyword.groovy:81)
	at com.kms.katalon.core.keyword.builtin.CallTestCaseKeyword.execute(CallTestCaseKeyword.groovy:44)
	at com.kms.katalon.core.keyword.internal.KeywordExecutor.executeKeywordForPlatform(KeywordExecutor.groovy:74)
	at com.kms.katalon.core.keyword.BuiltinKeywords.callTestCase(BuiltinKeywords.groovy:310)
	at TC_011_FMS_Smart_Verify Feedback feature.run(TC_011_FMS_Smart_Verify Feedback feature:20)
	at com.kms.katalon.core.main.ScriptEngine.run(ScriptEngine.java:194)
	at com.kms.katalon.core.main.ScriptEngine.runScriptAsRawText(ScriptEngine.java:119)
	at com.kms.katalon.core.main.TestCaseExecutor.runScript(TestCaseExecutor.java:448)
	at com.kms.katalon.core.main.TestCaseExecutor.doExecute(TestCaseExecutor.java:439)
	at com.kms.katalon.core.main.TestCaseExecutor.processExecutionPhase(TestCaseExecutor.java:418)
	at com.kms.katalon.core.main.TestCaseExecutor.accessMainPhase(TestCaseExecutor.java:410)
	at com.kms.katalon.core.main.TestCaseExecutor.execute(TestCaseExecutor.java:285)
	at com.kms.katalon.core.common.CommonExecutor.accessTestCaseMainPhase(CommonExecutor.java:65)
	at com.kms.katalon.core.main.TestSuiteExecutor.accessTestSuiteMainPhase(TestSuiteExecutor.java:148)
	at com.kms.katalon.core.main.TestSuiteExecutor.execute(TestSuiteExecutor.java:106)
	at com.kms.katalon.core.main.TestCaseMain.startTestSuite(TestCaseMain.java:187)
	at com.kms.katalon.core.main.TestCaseMain$startTestSuite$0.call(Unknown Source)
	at TempTestSuite1691465607339.run(TempTestSuite1691465607339.groovy:36)
Caused by: com.kms.katalon.core.exception.StepFailedException: Unable to click on object 'Object Repository/OB_005_Login screen_fms smart/login screen/username'
	at com.kms.katalon.core.webui.keyword.internal.WebUIKeywordMain.stepFailed(WebUIKeywordMain.groovy:64)
	at com.kms.katalon.core.webui.keyword.internal.WebUIKeywordMain.runKeyword(WebUIKeywordMain.groovy:26)
	at com.kms.katalon.core.webui.keyword.builtin.ClickKeyword.click(ClickKeyword.groovy:74)
	at com.kms.katalon.core.webui.keyword.builtin.ClickKeyword.execute(ClickKeyword.groovy:40)
	at com.kms.katalon.core.keyword.internal.KeywordExecutor.executeKeywordForPlatform(KeywordExecutor.groovy:74)
	at com.kms.katalon.core.webui.keyword.WebUiBuiltInKeywords.click(WebUiBuiltInKeywords.groovy:620)
	at com.kms.katalon.core.webui.keyword.WebUiBuiltInKeywords$click$1.call(Unknown Source)
	at TC_007_FMS_Smart_Verify Login feature.run(TC_007_FMS_Smart_Verify Login feature:26)
	at com.kms.katalon.core.main.ScriptEngine.run(ScriptEngine.java:194)
	at com.kms.katalon.core.main.ScriptEngine.runScriptAsRawText(ScriptEngine.java:119)
	at com.kms.katalon.core.main.TestCaseExecutor.runScript(TestCaseExecutor.java:448)
	at com.kms.katalon.core.main.TestCaseExecutor.doExecute(TestCaseExecutor.java:439)
	at com.kms.katalon.core.main.TestCaseExecutor.processExecutionPhase(TestCaseExecutor.java:418)
	at com.kms.katalon.core.main.TestCaseExecutor.accessMainPhase(TestCaseExecutor.java:410)
	at com.kms.katalon.core.main.TestCaseExecutor.execute(TestCaseExecutor.java:285)
	at com.kms.katalon.core.main.TestCaseMain.runTestCase(TestCaseMain.java:144)
	at com.kms.katalon.core.keyword.builtin.CallTestCaseKeyword$_callTestCase_closure1.doCall(CallTestCaseKeyword.groovy:59)
	... 20 more
Caused by: com.kms.katalon.core.webui.exception.WebElementNotFoundException: Web element with id: 'Object Repository/OB_005_Login screen_fms smart/login screen/username' located by '//input[@id='userName']' not found
	at com.kms.katalon.core.webui.common.WebUiCommonHelper.findWebElement(WebUiCommonHelper.java:1381)
	at com.kms.katalon.core.webui.keyword.internal.WebUIAbstractKeyword.findWebElement(WebUIAbstractKeyword.groovy:27)
	at com.kms.katalon.core.webui.keyword.builtin.ClickKeyword$_click_closure1.doCall(ClickKeyword.groovy:65)
	at com.kms.katalon.core.webui.keyword.builtin.ClickKeyword$_click_closure1.call(ClickKeyword.groovy)
	at com.kms.katalon.core.webui.keyword.internal.WebUIKeywordMain.runKeyword(WebUIKeywordMain.groovy:20)
	... 35 more]]></system-err>
      </testcase>
      <testcase name="Test Cases/TC_012_FMS_Smart_Upload the Feedack feature" time="84.309" classname="Test Cases/TC_012_FMS_Smart_Upload the Feedack feature" status="PASSED">
         <system-out><![CDATA[2023-08-08 09:08:50 - [TEST_CASE][PASSED] - Test Cases/TC_012_FMS_Smart_Upload the Feedack feature: Test Cases/TC_012_FMS_Smart_Upload the Feedack feature

2023-08-08 09:08:51 - [TEST_STEP][PASSED] - callTestCase(findTestCase("TC_007_FMS_Smart_Verify Login feature"), ["url":"https://ioclfmssmart.tmsitrimble.in/FMSSmartApp/#/login", "username":"11038331", "password":"Nr@747900"], STOP_ON_FAILURE): Call Test Case 'Test Cases/TC_007_FMS_Smart_Verify Login feature' successfully

2023-08-08 09:08:51 - [TEST_CASE][PASSED] - Test Cases/TC_007_FMS_Smart_Verify Login feature: Test Cases/TC_007_FMS_Smart_Verify Login feature

2023-08-08 09:08:51 - [TEST_STEP][PASSED] - openBrowser(url): Browser is opened with url: 'https://ioclfmssmart.tmsitrimble.in/FMSSmartApp/#/login'

2023-08-08 09:08:51 - [MESSAGE][WARNING] - A browser is already opened. Closing browser and opening a new one

2023-08-08 09:08:51 - [MESSAGE][INFO] - Starting 'Chrome' driver

2023-08-08 09:08:51 - [MESSAGE][INFO] - Action delay is set to 0 milliseconds

2023-08-08 09:09:49 - [MESSAGE][PASSED] - Browser is opened with url: 'https://ioclfmssmart.tmsitrimble.in/FMSSmartApp/#/login'

2023-08-08 09:09:49 - [TEST_STEP][PASSED] - maximizeWindow(): Current window maximized

2023-08-08 09:09:49 - [MESSAGE][PASSED] - Current window maximized

2023-08-08 09:09:49 - [TEST_STEP][PASSED] - delay(3): Delayed 3 second(s)

2023-08-08 09:09:52 - [MESSAGE][PASSED] - Delayed 3 second(s)

2023-08-08 09:09:52 - [TEST_STEP][PASSED] - click(findTestObject("OB_005_Login screen_fms smart/login screen/username")): Object: 'Object Repository/OB_005_Login screen_fms smart/login screen/username' is clicked on

2023-08-08 09:09:52 - [MESSAGE][PASSED] - Object: 'Object Repository/OB_005_Login screen_fms smart/login screen/username' is clicked on

2023-08-08 09:09:52 - [TEST_STEP][PASSED] - setText(findTestObject("OB_005_Login screen_fms smart/login screen/username"), username): Text '11038331' is set on object 'Object Repository/OB_005_Login screen_fms smart/login screen/username'

2023-08-08 09:09:53 - [MESSAGE][PASSED] - Text '11038331' is set on object 'Object Repository/OB_005_Login screen_fms smart/login screen/username'

2023-08-08 09:09:53 - [TEST_STEP][PASSED] - click(findTestObject("OB_005_Login screen_fms smart/login screen/Password")): Object: 'Object Repository/OB_005_Login screen_fms smart/login screen/Password' is clicked on

2023-08-08 09:09:53 - [MESSAGE][PASSED] - Object: 'Object Repository/OB_005_Login screen_fms smart/login screen/Password' is clicked on

2023-08-08 09:09:53 - [TEST_STEP][PASSED] - setText(findTestObject("OB_005_Login screen_fms smart/login screen/Password"), password): Text 'Nr@747900' is set on object 'Object Repository/OB_005_Login screen_fms smart/login screen/Password'

2023-08-08 09:09:54 - [MESSAGE][PASSED] - Text 'Nr@747900' is set on object 'Object Repository/OB_005_Login screen_fms smart/login screen/Password'

2023-08-08 09:09:54 - [TEST_STEP][PASSED] - click(findTestObject("OB_005_Login screen_fms smart/login screen/button_Sign in")): Object: 'Object Repository/OB_005_Login screen_fms smart/login screen/button_Sign in' is clicked on

2023-08-08 09:09:55 - [MESSAGE][PASSED] - Object: 'Object Repository/OB_005_Login screen_fms smart/login screen/button_Sign in' is clicked on

2023-08-08 09:09:55 - [TEST_STEP][PASSED] - delay(6): Delayed 6 second(s)

2023-08-08 09:10:01 - [MESSAGE][PASSED] - Delayed 6 second(s)

2023-08-08 09:10:01 - [TEST_STEP][PASSED] - click(findTestObject("OB_005_Login screen_fms smart/login screen/button_ACCEPT AND CLOSE")): Object: 'Object Repository/OB_005_Login screen_fms smart/login screen/button_ACCEPT AND CLOSE' is clicked on

2023-08-08 09:10:01 - [MESSAGE][PASSED] - Object: 'Object Repository/OB_005_Login screen_fms smart/login screen/button_ACCEPT AND CLOSE' is clicked on

2023-08-08 09:10:01 - [TEST_STEP][PASSED] - verifyTextPresent("FMS Smart", false): Text 'FMS Smart' is present on page 

2023-08-08 09:10:02 - [MESSAGE][PASSED] - Text 'FMS Smart' is present on page 

2023-08-08 09:10:02 - [MESSAGE][PASSED] - Call Test Case 'Test Cases/TC_007_FMS_Smart_Verify Login feature' successfully

2023-08-08 09:10:02 - [TEST_STEP][PASSED] - delay(4): Delayed 4 second(s)

2023-08-08 09:10:06 - [MESSAGE][PASSED] - Delayed 4 second(s)

2023-08-08 09:10:06 - [TEST_STEP][PASSED] - click(findTestObject("OB_009_Upload feedback/Page_FMS Smart/FEEDBACK")): Object: 'Object Repository/OB_009_Upload feedback/Page_FMS Smart/FEEDBACK' is clicked on

2023-08-08 09:10:07 - [MESSAGE][PASSED] - Object: 'Object Repository/OB_009_Upload feedback/Page_FMS Smart/FEEDBACK' is clicked on

2023-08-08 09:10:07 - [TEST_STEP][PASSED] - delay(3): Delayed 3 second(s)

2023-08-08 09:10:10 - [MESSAGE][PASSED] - Delayed 3 second(s)

2023-08-08 09:10:10 - [TEST_STEP][PASSED] - click(findTestObject("OB_009_Upload feedback/Page_FMS Smart/Send Feedback")): Object: 'Object Repository/OB_009_Upload feedback/Page_FMS Smart/Send Feedback' is clicked on

2023-08-08 09:10:10 - [MESSAGE][PASSED] - Object: 'Object Repository/OB_009_Upload feedback/Page_FMS Smart/Send Feedback' is clicked on

2023-08-08 09:10:10 - [TEST_STEP][PASSED] - verifyTextPresent("All fields are mandatory", false): Text 'All fields are mandatory' is present on page 

2023-08-08 09:10:11 - [MESSAGE][PASSED] - Text 'All fields are mandatory' is present on page 

2023-08-08 09:10:11 - [TEST_STEP][PASSED] - delay(3): Delayed 3 second(s)

2023-08-08 09:10:14 - [MESSAGE][PASSED] - Delayed 3 second(s)

2023-08-08 09:10:14 - [TEST_STEP][PASSED] - closeBrowser(): Browser is closed

2023-08-08 09:10:15 - [MESSAGE][PASSED] - Browser is closed]]></system-out>
         <system-err><![CDATA[]]></system-err>
      </testcase>
      <testcase name="Test Cases/TC_014_FMS_Smart_Verify the report feature" time="66.058" classname="Test Cases/TC_014_FMS_Smart_Verify the report feature" status="FAILED">
         <failure type="FAILED" message="Test Cases/TC_014_FMS_Smart_Verify the report feature FAILED.
Reason:
com.kms.katalon.core.exception.StepFailedException: Unable to click on object 'Object Repository/OB_010_FMS_Smart_Report feature verify/Report feature verify/div_Safety  Summary  Report'
	at com.kms.katalon.core.webui.keyword.internal.WebUIKeywordMain.stepFailed(WebUIKeywordMain.groovy:64)
	at com.kms.katalon.core.webui.keyword.internal.WebUIKeywordMain.runKeyword(WebUIKeywordMain.groovy:26)
	at com.kms.katalon.core.webui.keyword.builtin.ClickKeyword.click(ClickKeyword.groovy:74)
	at com.kms.katalon.core.webui.keyword.builtin.ClickKeyword.execute(ClickKeyword.groovy:40)
	at com.kms.katalon.core.keyword.internal.KeywordExecutor.executeKeywordForPlatform(KeywordExecutor.groovy:74)
	at com.kms.katalon.core.webui.keyword.WebUiBuiltInKeywords.click(WebUiBuiltInKeywords.groovy:620)
	at com.kms.katalon.core.webui.keyword.WebUiBuiltInKeywords$click$1.call(Unknown Source)
	at TC_014_FMS_Smart_Verify the report feature.run(TC_014_FMS_Smart_Verify the report feature:33)
	at com.kms.katalon.core.main.ScriptEngine.run(ScriptEngine.java:194)
	at com.kms.katalon.core.main.ScriptEngine.runScriptAsRawText(ScriptEngine.java:119)
	at com.kms.katalon.core.main.TestCaseExecutor.runScript(TestCaseExecutor.java:448)
	at com.kms.katalon.core.main.TestCaseExecutor.doExecute(TestCaseExecutor.java:439)
	at com.kms.katalon.core.main.TestCaseExecutor.processExecutionPhase(TestCaseExecutor.java:418)
	at com.kms.katalon.core.main.TestCaseExecutor.accessMainPhase(TestCaseExecutor.java:410)
	at com.kms.katalon.core.main.TestCaseExecutor.execute(TestCaseExecutor.java:285)
	at com.kms.katalon.core.common.CommonExecutor.accessTestCaseMainPhase(CommonExecutor.java:65)
	at com.kms.katalon.core.main.TestSuiteExecutor.accessTestSuiteMainPhase(TestSuiteExecutor.java:148)
	at com.kms.katalon.core.main.TestSuiteExecutor.execute(TestSuiteExecutor.java:106)
	at com.kms.katalon.core.main.TestCaseMain.startTestSuite(TestCaseMain.java:187)
	at com.kms.katalon.core.main.TestCaseMain$startTestSuite$0.call(Unknown Source)
	at TempTestSuite1691465607339.run(TempTestSuite1691465607339.groovy:36)
Caused by: org.openqa.selenium.ElementClickInterceptedException: element click intercepted: Element &lt;div class=&quot;col-6 col-lg-3&quot;>...&lt;/div> is not clickable at point (175, 144). Other element would receive the click: &lt;a _ngcontent-mxr-c20=&quot;&quot; class=&quot;nav-link active&quot; ng-reflect-ng-class=&quot;nav-link active&quot; ng-reflect-router-link=&quot;/reports&quot; href=&quot;#/reports&quot;>...&lt;/a>
  (Session info: chrome=115.0.5790.111)
Build info: version: '3.141.59', revision: 'e82be7d358', time: '2018-11-14T08:25:53'
System info: host: 'DESKTOP-21ATSCV', ip: '192.168.1.102', os.name: 'Windows 10', os.arch: 'amd64', os.version: '10.0', java.version: '1.8.0_362'
Driver info: com.kms.katalon.selenium.driver.CChromeDriver
Capabilities {acceptInsecureCerts: false, browserName: chrome, browserVersion: 115.0.5790.111, chrome: {chromedriverVersion: 114.0.5735.90 (386bc09e8f4f..., userDataDir: C:\Windows\SystemTemp\scope...}, goog:chromeOptions: {debuggerAddress: localhost:64429}, javascriptEnabled: true, networkConnectionEnabled: false, pageLoadStrategy: normal, platform: WINDOWS, platformName: WINDOWS, proxy: Proxy(), setWindowRect: true, strictFileInteractability: false, timeouts: {implicit: 0, pageLoad: 300000, script: 30000}, unhandledPromptBehavior: dismiss and notify, webauthn:extension:credBlob: true, webauthn:extension:largeBlob: true, webauthn:extension:minPinLength: true, webauthn:extension:prf: true, webauthn:virtualAuthenticators: true}
Session ID: 35c26f6a3e893487cc7dcb97e0475200
	at org.openqa.selenium.remote.http.W3CHttpResponseCodec.createException(W3CHttpResponseCodec.java:187)
	at org.openqa.selenium.remote.http.W3CHttpResponseCodec.decode(W3CHttpResponseCodec.java:122)
	at org.openqa.selenium.remote.http.W3CHttpResponseCodec.decode(W3CHttpResponseCodec.java:49)
	at org.openqa.selenium.remote.HttpCommandExecutor.execute(HttpCommandExecutor.java:158)
	at org.openqa.selenium.remote.service.DriverCommandExecutor.execute(DriverCommandExecutor.java:83)
	at org.openqa.selenium.remote.RemoteWebDriver.execute(RemoteWebDriver.java:552)
	at com.kms.katalon.selenium.driver.CChromeDriver.execute(CChromeDriver.java:19)
	at org.openqa.selenium.remote.RemoteWebElement.execute(RemoteWebElement.java:285)
	at org.openqa.selenium.remote.RemoteWebElement.click(RemoteWebElement.java:84)
	at org.openqa.selenium.support.events.EventFiringWebDriver$EventFiringWebElement.lambda$new$0(EventFiringWebDriver.java:404)
	at com.sun.proxy.$Proxy11.click(Unknown Source)
	at org.openqa.selenium.support.events.EventFiringWebDriver$EventFiringWebElement.click(EventFiringWebDriver.java:417)
	at org.openqa.selenium.WebElement$click.call(Unknown Source)
	at com.kms.katalon.core.webui.keyword.builtin.ClickKeyword.clickUntilSuccessWithTimeout(ClickKeyword.groovy:81)
	at com.kms.katalon.core.webui.keyword.builtin.ClickKeyword.clickUntilSuccessWithTimeout(ClickKeyword.groovy)
	at com.kms.katalon.core.webui.keyword.builtin.ClickKeyword$_click_closure1.doCall(ClickKeyword.groovy:67)
	at com.kms.katalon.core.webui.keyword.builtin.ClickKeyword$_click_closure1.call(ClickKeyword.groovy)
	at com.kms.katalon.core.webui.keyword.internal.WebUIKeywordMain.runKeyword(WebUIKeywordMain.groovy:20)
	... 19 more
"/>
         <system-out><![CDATA[2023-08-08 09:10:15 - [TEST_CASE][FAILED] - Test Cases/TC_014_FMS_Smart_Verify the report feature: Test Cases/TC_014_FMS_Smart_Verify the report feature FAILED.
Reason:
com.kms.katalon.core.exception.StepFailedException: Unable to click on object 'Object Repository/OB_010_FMS_Smart_Report feature verify/Report feature verify/div_Safety  Summary  Report'
	at com.kms.katalon.core.webui.keyword.internal.WebUIKeywordMain.stepFailed(WebUIKeywordMain.groovy:64)
	at com.kms.katalon.core.webui.keyword.internal.WebUIKeywordMain.runKeyword(WebUIKeywordMain.groovy:26)
	at com.kms.katalon.core.webui.keyword.builtin.ClickKeyword.click(ClickKeyword.groovy:74)
	at com.kms.katalon.core.webui.keyword.builtin.ClickKeyword.execute(ClickKeyword.groovy:40)
	at com.kms.katalon.core.keyword.internal.KeywordExecutor.executeKeywordForPlatform(KeywordExecutor.groovy:74)
	at com.kms.katalon.core.webui.keyword.WebUiBuiltInKeywords.click(WebUiBuiltInKeywords.groovy:620)
	at com.kms.katalon.core.webui.keyword.WebUiBuiltInKeywords$click$1.call(Unknown Source)
	at TC_014_FMS_Smart_Verify the report feature.run(TC_014_FMS_Smart_Verify the report feature:33)
	at com.kms.katalon.core.main.ScriptEngine.run(ScriptEngine.java:194)
	at com.kms.katalon.core.main.ScriptEngine.runScriptAsRawText(ScriptEngine.java:119)
	at com.kms.katalon.core.main.TestCaseExecutor.runScript(TestCaseExecutor.java:448)
	at com.kms.katalon.core.main.TestCaseExecutor.doExecute(TestCaseExecutor.java:439)
	at com.kms.katalon.core.main.TestCaseExecutor.processExecutionPhase(TestCaseExecutor.java:418)
	at com.kms.katalon.core.main.TestCaseExecutor.accessMainPhase(TestCaseExecutor.java:410)
	at com.kms.katalon.core.main.TestCaseExecutor.execute(TestCaseExecutor.java:285)
	at com.kms.katalon.core.common.CommonExecutor.accessTestCaseMainPhase(CommonExecutor.java:65)
	at com.kms.katalon.core.main.TestSuiteExecutor.accessTestSuiteMainPhase(TestSuiteExecutor.java:148)
	at com.kms.katalon.core.main.TestSuiteExecutor.execute(TestSuiteExecutor.java:106)
	at com.kms.katalon.core.main.TestCaseMain.startTestSuite(TestCaseMain.java:187)
	at com.kms.katalon.core.main.TestCaseMain$startTestSuite$0.call(Unknown Source)
	at TempTestSuite1691465607339.run(TempTestSuite1691465607339.groovy:36)
Caused by: org.openqa.selenium.ElementClickInterceptedException: element click intercepted: Element <div class="col-6 col-lg-3">...</div> is not clickable at point (175, 144). Other element would receive the click: <a _ngcontent-mxr-c20="" class="nav-link active" ng-reflect-ng-class="nav-link active" ng-reflect-router-link="/reports" href="#/reports">...</a>
  (Session info: chrome=115.0.5790.111)
Build info: version: '3.141.59', revision: 'e82be7d358', time: '2018-11-14T08:25:53'
System info: host: 'DESKTOP-21ATSCV', ip: '192.168.1.102', os.name: 'Windows 10', os.arch: 'amd64', os.version: '10.0', java.version: '1.8.0_362'
Driver info: com.kms.katalon.selenium.driver.CChromeDriver
Capabilities {acceptInsecureCerts: false, browserName: chrome, browserVersion: 115.0.5790.111, chrome: {chromedriverVersion: 114.0.5735.90 (386bc09e8f4f..., userDataDir: C:\Windows\SystemTemp\scope...}, goog:chromeOptions: {debuggerAddress: localhost:64429}, javascriptEnabled: true, networkConnectionEnabled: false, pageLoadStrategy: normal, platform: WINDOWS, platformName: WINDOWS, proxy: Proxy(), setWindowRect: true, strictFileInteractability: false, timeouts: {implicit: 0, pageLoad: 300000, script: 30000}, unhandledPromptBehavior: dismiss and notify, webauthn:extension:credBlob: true, webauthn:extension:largeBlob: true, webauthn:extension:minPinLength: true, webauthn:extension:prf: true, webauthn:virtualAuthenticators: true}
Session ID: 35c26f6a3e893487cc7dcb97e0475200
	at org.openqa.selenium.remote.http.W3CHttpResponseCodec.createException(W3CHttpResponseCodec.java:187)
	at org.openqa.selenium.remote.http.W3CHttpResponseCodec.decode(W3CHttpResponseCodec.java:122)
	at org.openqa.selenium.remote.http.W3CHttpResponseCodec.decode(W3CHttpResponseCodec.java:49)
	at org.openqa.selenium.remote.HttpCommandExecutor.execute(HttpCommandExecutor.java:158)
	at org.openqa.selenium.remote.service.DriverCommandExecutor.execute(DriverCommandExecutor.java:83)
	at org.openqa.selenium.remote.RemoteWebDriver.execute(RemoteWebDriver.java:552)
	at com.kms.katalon.selenium.driver.CChromeDriver.execute(CChromeDriver.java:19)
	at org.openqa.selenium.remote.RemoteWebElement.execute(RemoteWebElement.java:285)
	at org.openqa.selenium.remote.RemoteWebElement.click(RemoteWebElement.java:84)
	at org.openqa.selenium.support.events.EventFiringWebDriver$EventFiringWebElement.lambda$new$0(EventFiringWebDriver.java:404)
	at com.sun.proxy.$Proxy11.click(Unknown Source)
	at org.openqa.selenium.support.events.EventFiringWebDriver$EventFiringWebElement.click(EventFiringWebDriver.java:417)
	at org.openqa.selenium.WebElement$click.call(Unknown Source)
	at com.kms.katalon.core.webui.keyword.builtin.ClickKeyword.clickUntilSuccessWithTimeout(ClickKeyword.groovy:81)
	at com.kms.katalon.core.webui.keyword.builtin.ClickKeyword.clickUntilSuccessWithTimeout(ClickKeyword.groovy)
	at com.kms.katalon.core.webui.keyword.builtin.ClickKeyword$_click_closure1.doCall(ClickKeyword.groovy:67)
	at com.kms.katalon.core.webui.keyword.builtin.ClickKeyword$_click_closure1.call(ClickKeyword.groovy)
	at com.kms.katalon.core.webui.keyword.internal.WebUIKeywordMain.runKeyword(WebUIKeywordMain.groovy:20)
	... 19 more


2023-08-08 09:10:15 - [TEST_STEP][PASSED] - callTestCase(findTestCase("TC_007_FMS_Smart_Verify Login feature"), ["url":"https://ioclfmssmart.tmsitrimble.in/FMSSmartApp/#/login", "username":"11038331", "password":"Nr@747900"], STOP_ON_FAILURE): Call Test Case 'Test Cases/TC_007_FMS_Smart_Verify Login feature' successfully

2023-08-08 09:10:15 - [TEST_CASE][PASSED] - Test Cases/TC_007_FMS_Smart_Verify Login feature: Test Cases/TC_007_FMS_Smart_Verify Login feature

2023-08-08 09:10:15 - [TEST_STEP][PASSED] - openBrowser(url): Browser is opened with url: 'https://ioclfmssmart.tmsitrimble.in/FMSSmartApp/#/login'

2023-08-08 09:10:15 - [MESSAGE][INFO] - Starting 'Chrome' driver

2023-08-08 09:10:15 - [MESSAGE][INFO] - Action delay is set to 0 milliseconds

2023-08-08 09:10:26 - [MESSAGE][PASSED] - Browser is opened with url: 'https://ioclfmssmart.tmsitrimble.in/FMSSmartApp/#/login'

2023-08-08 09:10:26 - [TEST_STEP][PASSED] - maximizeWindow(): Current window maximized

2023-08-08 09:10:26 - [MESSAGE][PASSED] - Current window maximized

2023-08-08 09:10:26 - [TEST_STEP][PASSED] - delay(3): Delayed 3 second(s)

2023-08-08 09:10:29 - [MESSAGE][PASSED] - Delayed 3 second(s)

2023-08-08 09:10:29 - [TEST_STEP][PASSED] - click(findTestObject("OB_005_Login screen_fms smart/login screen/username")): Object: 'Object Repository/OB_005_Login screen_fms smart/login screen/username' is clicked on

2023-08-08 09:10:29 - [MESSAGE][PASSED] - Object: 'Object Repository/OB_005_Login screen_fms smart/login screen/username' is clicked on

2023-08-08 09:10:29 - [TEST_STEP][PASSED] - setText(findTestObject("OB_005_Login screen_fms smart/login screen/username"), username): Text '11038331' is set on object 'Object Repository/OB_005_Login screen_fms smart/login screen/username'

2023-08-08 09:10:30 - [MESSAGE][PASSED] - Text '11038331' is set on object 'Object Repository/OB_005_Login screen_fms smart/login screen/username'

2023-08-08 09:10:30 - [TEST_STEP][PASSED] - click(findTestObject("OB_005_Login screen_fms smart/login screen/Password")): Object: 'Object Repository/OB_005_Login screen_fms smart/login screen/Password' is clicked on

2023-08-08 09:10:30 - [MESSAGE][PASSED] - Object: 'Object Repository/OB_005_Login screen_fms smart/login screen/Password' is clicked on

2023-08-08 09:10:30 - [TEST_STEP][PASSED] - setText(findTestObject("OB_005_Login screen_fms smart/login screen/Password"), password): Text 'Nr@747900' is set on object 'Object Repository/OB_005_Login screen_fms smart/login screen/Password'

2023-08-08 09:10:31 - [MESSAGE][PASSED] - Text 'Nr@747900' is set on object 'Object Repository/OB_005_Login screen_fms smart/login screen/Password'

2023-08-08 09:10:31 - [TEST_STEP][PASSED] - click(findTestObject("OB_005_Login screen_fms smart/login screen/button_Sign in")): Object: 'Object Repository/OB_005_Login screen_fms smart/login screen/button_Sign in' is clicked on

2023-08-08 09:10:32 - [MESSAGE][PASSED] - Object: 'Object Repository/OB_005_Login screen_fms smart/login screen/button_Sign in' is clicked on

2023-08-08 09:10:32 - [TEST_STEP][PASSED] - delay(6): Delayed 6 second(s)

2023-08-08 09:10:38 - [MESSAGE][PASSED] - Delayed 6 second(s)

2023-08-08 09:10:38 - [TEST_STEP][PASSED] - click(findTestObject("OB_005_Login screen_fms smart/login screen/button_ACCEPT AND CLOSE")): Object: 'Object Repository/OB_005_Login screen_fms smart/login screen/button_ACCEPT AND CLOSE' is clicked on

2023-08-08 09:10:38 - [MESSAGE][PASSED] - Object: 'Object Repository/OB_005_Login screen_fms smart/login screen/button_ACCEPT AND CLOSE' is clicked on

2023-08-08 09:10:38 - [TEST_STEP][PASSED] - verifyTextPresent("FMS Smart", false): Text 'FMS Smart' is present on page 

2023-08-08 09:10:39 - [MESSAGE][PASSED] - Text 'FMS Smart' is present on page 

2023-08-08 09:10:39 - [MESSAGE][PASSED] - Call Test Case 'Test Cases/TC_007_FMS_Smart_Verify Login feature' successfully

2023-08-08 09:10:39 - [TEST_STEP][PASSED] - delay(5): Delayed 5 second(s)

2023-08-08 09:10:44 - [MESSAGE][PASSED] - Delayed 5 second(s)

2023-08-08 09:10:44 - [TEST_STEP][PASSED] - click(findTestObject("OB_010_FMS_Smart_Report feature verify/Report feature verify/a_Reports")): Object: 'Object Repository/OB_010_FMS_Smart_Report feature verify/Report feature verify/a_Reports' is clicked on

2023-08-08 09:10:44 - [MESSAGE][PASSED] - Object: 'Object Repository/OB_010_FMS_Smart_Report feature verify/Report feature verify/a_Reports' is clicked on

2023-08-08 09:10:44 - [TEST_STEP][PASSED] - mouseOver(findTestObject("OB_010_FMS_Smart_Report feature verify/Report feature verify/div_Safety  Summary  Report")): Object: 'Object Repository/OB_010_FMS_Smart_Report feature verify/Report feature verify/div_Safety  Summary  Report' is hovered

2023-08-08 09:10:46 - [MESSAGE][PASSED] - Object: 'Object Repository/OB_010_FMS_Smart_Report feature verify/Report feature verify/div_Safety  Summary  Report' is hovered

2023-08-08 09:10:46 - [TEST_STEP][PASSED] - delay(2): Delayed 2 second(s)

2023-08-08 09:10:48 - [MESSAGE][PASSED] - Delayed 2 second(s)

2023-08-08 09:10:48 - [TEST_STEP][PASSED] - verifyTextPresent("Safety Summary Report", false): Text 'Safety Summary Report' is present on page 

2023-08-08 09:10:49 - [MESSAGE][PASSED] - Text 'Safety Summary Report' is present on page 

2023-08-08 09:10:49 - [TEST_STEP][FAILED] - click(findTestObject("OB_010_FMS_Smart_Report feature verify/Report feature verify/div_Safety  Summary  Report")): Unable to click on object 'Object Repository/OB_010_FMS_Smart_Report feature verify/Report feature verify/div_Safety  Summary  Report' (Root cause: com.kms.katalon.core.exception.StepFailedException: Unable to click on object 'Object Repository/OB_010_FMS_Smart_Report feature verify/Report feature verify/div_Safety  Summary  Report'
	at com.kms.katalon.core.webui.keyword.internal.WebUIKeywordMain.stepFailed(WebUIKeywordMain.groovy:64)
	at com.kms.katalon.core.webui.keyword.internal.WebUIKeywordMain.runKeyword(WebUIKeywordMain.groovy:26)
	at com.kms.katalon.core.webui.keyword.builtin.ClickKeyword.click(ClickKeyword.groovy:74)
	at com.kms.katalon.core.webui.keyword.builtin.ClickKeyword.execute(ClickKeyword.groovy:40)
	at com.kms.katalon.core.keyword.internal.KeywordExecutor.executeKeywordForPlatform(KeywordExecutor.groovy:74)
	at com.kms.katalon.core.webui.keyword.WebUiBuiltInKeywords.click(WebUiBuiltInKeywords.groovy:620)
	at com.kms.katalon.core.webui.keyword.WebUiBuiltInKeywords$click$1.call(Unknown Source)
	at TC_014_FMS_Smart_Verify the report feature.run(TC_014_FMS_Smart_Verify the report feature:33)
	at com.kms.katalon.core.main.ScriptEngine.run(ScriptEngine.java:194)
	at com.kms.katalon.core.main.ScriptEngine.runScriptAsRawText(ScriptEngine.java:119)
	at com.kms.katalon.core.main.TestCaseExecutor.runScript(TestCaseExecutor.java:448)
	at com.kms.katalon.core.main.TestCaseExecutor.doExecute(TestCaseExecutor.java:439)
	at com.kms.katalon.core.main.TestCaseExecutor.processExecutionPhase(TestCaseExecutor.java:418)
	at com.kms.katalon.core.main.TestCaseExecutor.accessMainPhase(TestCaseExecutor.java:410)
	at com.kms.katalon.core.main.TestCaseExecutor.execute(TestCaseExecutor.java:285)
	at com.kms.katalon.core.common.CommonExecutor.accessTestCaseMainPhase(CommonExecutor.java:65)
	at com.kms.katalon.core.main.TestSuiteExecutor.accessTestSuiteMainPhase(TestSuiteExecutor.java:148)
	at com.kms.katalon.core.main.TestSuiteExecutor.execute(TestSuiteExecutor.java:106)
	at com.kms.katalon.core.main.TestCaseMain.startTestSuite(TestCaseMain.java:187)
	at com.kms.katalon.core.main.TestCaseMain$startTestSuite$0.call(Unknown Source)
	at TempTestSuite1691465607339.run(TempTestSuite1691465607339.groovy:36)
Caused by: org.openqa.selenium.ElementClickInterceptedException: element click intercepted: Element <div class="col-6 col-lg-3">...</div> is not clickable at point (175, 144). Other element would receive the click: <a _ngcontent-mxr-c20="" class="nav-link active" ng-reflect-ng-class="nav-link active" ng-reflect-router-link="/reports" href="#/reports">...</a>
  (Session info: chrome=115.0.5790.111)
Build info: version: '3.141.59', revision: 'e82be7d358', time: '2018-11-14T08:25:53'
System info: host: 'DESKTOP-21ATSCV', ip: '192.168.1.102', os.name: 'Windows 10', os.arch: 'amd64', os.version: '10.0', java.version: '1.8.0_362'
Driver info: com.kms.katalon.selenium.driver.CChromeDriver
Capabilities {acceptInsecureCerts: false, browserName: chrome, browserVersion: 115.0.5790.111, chrome: {chromedriverVersion: 114.0.5735.90 (386bc09e8f4f..., userDataDir: C:\Windows\SystemTemp\scope...}, goog:chromeOptions: {debuggerAddress: localhost:64429}, javascriptEnabled: true, networkConnectionEnabled: false, pageLoadStrategy: normal, platform: WINDOWS, platformName: WINDOWS, proxy: Proxy(), setWindowRect: true, strictFileInteractability: false, timeouts: {implicit: 0, pageLoad: 300000, script: 30000}, unhandledPromptBehavior: dismiss and notify, webauthn:extension:credBlob: true, webauthn:extension:largeBlob: true, webauthn:extension:minPinLength: true, webauthn:extension:prf: true, webauthn:virtualAuthenticators: true}
Session ID: 35c26f6a3e893487cc7dcb97e0475200
	at org.openqa.selenium.remote.http.W3CHttpResponseCodec.createException(W3CHttpResponseCodec.java:187)
	at org.openqa.selenium.remote.http.W3CHttpResponseCodec.decode(W3CHttpResponseCodec.java:122)
	at org.openqa.selenium.remote.http.W3CHttpResponseCodec.decode(W3CHttpResponseCodec.java:49)
	at org.openqa.selenium.remote.HttpCommandExecutor.execute(HttpCommandExecutor.java:158)
	at org.openqa.selenium.remote.service.DriverCommandExecutor.execute(DriverCommandExecutor.java:83)
	at org.openqa.selenium.remote.RemoteWebDriver.execute(RemoteWebDriver.java:552)
	at com.kms.katalon.selenium.driver.CChromeDriver.execute(CChromeDriver.java:19)
	at org.openqa.selenium.remote.RemoteWebElement.execute(RemoteWebElement.java:285)
	at org.openqa.selenium.remote.RemoteWebElement.click(RemoteWebElement.java:84)
	at org.openqa.selenium.support.events.EventFiringWebDriver$EventFiringWebElement.lambda$new$0(EventFiringWebDriver.java:404)
	at com.sun.proxy.$Proxy11.click(Unknown Source)
	at org.openqa.selenium.support.events.EventFiringWebDriver$EventFiringWebElement.click(EventFiringWebDriver.java:417)
	at org.openqa.selenium.WebElement$click.call(Unknown Source)
	at com.kms.katalon.core.webui.keyword.builtin.ClickKeyword.clickUntilSuccessWithTimeout(ClickKeyword.groovy:81)
	at com.kms.katalon.core.webui.keyword.builtin.ClickKeyword.clickUntilSuccessWithTimeout(ClickKeyword.groovy)
	at com.kms.katalon.core.webui.keyword.builtin.ClickKeyword$_click_closure1.doCall(ClickKeyword.groovy:67)
	at com.kms.katalon.core.webui.keyword.builtin.ClickKeyword$_click_closure1.call(ClickKeyword.groovy)
	at com.kms.katalon.core.webui.keyword.internal.WebUIKeywordMain.runKeyword(WebUIKeywordMain.groovy:20)
	at com.kms.katalon.core.webui.keyword.builtin.ClickKeyword.click(ClickKeyword.groovy:74)
	at com.kms.katalon.core.webui.keyword.builtin.ClickKeyword.execute(ClickKeyword.groovy:40)
	at com.kms.katalon.core.keyword.internal.KeywordExecutor.executeKeywordForPlatform(KeywordExecutor.groovy:74)
	at com.kms.katalon.core.webui.keyword.WebUiBuiltInKeywords.click(WebUiBuiltInKeywords.groovy:620)
	at com.kms.katalon.core.webui.keyword.WebUiBuiltInKeywords$click$1.call(Unknown Source)
	at Script1691333094686.run(Script1691333094686.groovy:33)
	... 13 more
)

2023-08-08 09:11:21 - [MESSAGE][FAILED] - Unable to click on object 'Object Repository/OB_010_FMS_Smart_Report feature verify/Report feature verify/div_Safety  Summary  Report' (Root cause: com.kms.katalon.core.exception.StepFailedException: Unable to click on object 'Object Repository/OB_010_FMS_Smart_Report feature verify/Report feature verify/div_Safety  Summary  Report'
	at com.kms.katalon.core.webui.keyword.internal.WebUIKeywordMain.stepFailed(WebUIKeywordMain.groovy:64)
	at com.kms.katalon.core.webui.keyword.internal.WebUIKeywordMain.runKeyword(WebUIKeywordMain.groovy:26)
	at com.kms.katalon.core.webui.keyword.builtin.ClickKeyword.click(ClickKeyword.groovy:74)
	at com.kms.katalon.core.webui.keyword.builtin.ClickKeyword.execute(ClickKeyword.groovy:40)
	at com.kms.katalon.core.keyword.internal.KeywordExecutor.executeKeywordForPlatform(KeywordExecutor.groovy:74)
	at com.kms.katalon.core.webui.keyword.WebUiBuiltInKeywords.click(WebUiBuiltInKeywords.groovy:620)
	at com.kms.katalon.core.webui.keyword.WebUiBuiltInKeywords$click$1.call(Unknown Source)
	at TC_014_FMS_Smart_Verify the report feature.run(TC_014_FMS_Smart_Verify the report feature:33)
	at com.kms.katalon.core.main.ScriptEngine.run(ScriptEngine.java:194)
	at com.kms.katalon.core.main.ScriptEngine.runScriptAsRawText(ScriptEngine.java:119)
	at com.kms.katalon.core.main.TestCaseExecutor.runScript(TestCaseExecutor.java:448)
	at com.kms.katalon.core.main.TestCaseExecutor.doExecute(TestCaseExecutor.java:439)
	at com.kms.katalon.core.main.TestCaseExecutor.processExecutionPhase(TestCaseExecutor.java:418)
	at com.kms.katalon.core.main.TestCaseExecutor.accessMainPhase(TestCaseExecutor.java:410)
	at com.kms.katalon.core.main.TestCaseExecutor.execute(TestCaseExecutor.java:285)
	at com.kms.katalon.core.common.CommonExecutor.accessTestCaseMainPhase(CommonExecutor.java:65)
	at com.kms.katalon.core.main.TestSuiteExecutor.accessTestSuiteMainPhase(TestSuiteExecutor.java:148)
	at com.kms.katalon.core.main.TestSuiteExecutor.execute(TestSuiteExecutor.java:106)
	at com.kms.katalon.core.main.TestCaseMain.startTestSuite(TestCaseMain.java:187)
	at com.kms.katalon.core.main.TestCaseMain$startTestSuite$0.call(Unknown Source)
	at TempTestSuite1691465607339.run(TempTestSuite1691465607339.groovy:36)
Caused by: org.openqa.selenium.ElementClickInterceptedException: element click intercepted: Element <div class="col-6 col-lg-3">...</div> is not clickable at point (175, 144). Other element would receive the click: <a _ngcontent-mxr-c20="" class="nav-link active" ng-reflect-ng-class="nav-link active" ng-reflect-router-link="/reports" href="#/reports">...</a>
  (Session info: chrome=115.0.5790.111)
Build info: version: '3.141.59', revision: 'e82be7d358', time: '2018-11-14T08:25:53'
System info: host: 'DESKTOP-21ATSCV', ip: '192.168.1.102', os.name: 'Windows 10', os.arch: 'amd64', os.version: '10.0', java.version: '1.8.0_362'
Driver info: com.kms.katalon.selenium.driver.CChromeDriver
Capabilities {acceptInsecureCerts: false, browserName: chrome, browserVersion: 115.0.5790.111, chrome: {chromedriverVersion: 114.0.5735.90 (386bc09e8f4f..., userDataDir: C:\Windows\SystemTemp\scope...}, goog:chromeOptions: {debuggerAddress: localhost:64429}, javascriptEnabled: true, networkConnectionEnabled: false, pageLoadStrategy: normal, platform: WINDOWS, platformName: WINDOWS, proxy: Proxy(), setWindowRect: true, strictFileInteractability: false, timeouts: {implicit: 0, pageLoad: 300000, script: 30000}, unhandledPromptBehavior: dismiss and notify, webauthn:extension:credBlob: true, webauthn:extension:largeBlob: true, webauthn:extension:minPinLength: true, webauthn:extension:prf: true, webauthn:virtualAuthenticators: true}
Session ID: 35c26f6a3e893487cc7dcb97e0475200
	at org.openqa.selenium.remote.http.W3CHttpResponseCodec.createException(W3CHttpResponseCodec.java:187)
	at org.openqa.selenium.remote.http.W3CHttpResponseCodec.decode(W3CHttpResponseCodec.java:122)
	at org.openqa.selenium.remote.http.W3CHttpResponseCodec.decode(W3CHttpResponseCodec.java:49)
	at org.openqa.selenium.remote.HttpCommandExecutor.execute(HttpCommandExecutor.java:158)
	at org.openqa.selenium.remote.service.DriverCommandExecutor.execute(DriverCommandExecutor.java:83)
	at org.openqa.selenium.remote.RemoteWebDriver.execute(RemoteWebDriver.java:552)
	at com.kms.katalon.selenium.driver.CChromeDriver.execute(CChromeDriver.java:19)
	at org.openqa.selenium.remote.RemoteWebElement.execute(RemoteWebElement.java:285)
	at org.openqa.selenium.remote.RemoteWebElement.click(RemoteWebElement.java:84)
	at org.openqa.selenium.support.events.EventFiringWebDriver$EventFiringWebElement.lambda$new$0(EventFiringWebDriver.java:404)
	at com.sun.proxy.$Proxy11.click(Unknown Source)
	at org.openqa.selenium.support.events.EventFiringWebDriver$EventFiringWebElement.click(EventFiringWebDriver.java:417)
	at org.openqa.selenium.WebElement$click.call(Unknown Source)
	at com.kms.katalon.core.webui.keyword.builtin.ClickKeyword.clickUntilSuccessWithTimeout(ClickKeyword.groovy:81)
	at com.kms.katalon.core.webui.keyword.builtin.ClickKeyword.clickUntilSuccessWithTimeout(ClickKeyword.groovy)
	at com.kms.katalon.core.webui.keyword.builtin.ClickKeyword$_click_closure1.doCall(ClickKeyword.groovy:67)
	at com.kms.katalon.core.webui.keyword.builtin.ClickKeyword$_click_closure1.call(ClickKeyword.groovy)
	at com.kms.katalon.core.webui.keyword.internal.WebUIKeywordMain.runKeyword(WebUIKeywordMain.groovy:20)
	at com.kms.katalon.core.webui.keyword.builtin.ClickKeyword.click(ClickKeyword.groovy:74)
	at com.kms.katalon.core.webui.keyword.builtin.ClickKeyword.execute(ClickKeyword.groovy:40)
	at com.kms.katalon.core.keyword.internal.KeywordExecutor.executeKeywordForPlatform(KeywordExecutor.groovy:74)
	at com.kms.katalon.core.webui.keyword.WebUiBuiltInKeywords.click(WebUiBuiltInKeywords.groovy:620)
	at com.kms.katalon.core.webui.keyword.WebUiBuiltInKeywords$click$1.call(Unknown Source)
	at Script1691333094686.run(Script1691333094686.groovy:33)
	... 13 more
)
[[ATTACHMENT|C:\\Users\\windows 10\\git\\NewRepository\\KatalonGit\\Reports\\20230808_090318\\TS_002_FMS_Smart_web application\\TS_01_FMS_Smart_Web app_Sanity\\20230808_090327\\1691466081148.png]]]]></system-out>
         <system-err><![CDATA[2023-08-08 09:10:15 - [TEST_CASE][FAILED] - Test Cases/TC_014_FMS_Smart_Verify the report feature: Test Cases/TC_014_FMS_Smart_Verify the report feature FAILED.
Reason:
com.kms.katalon.core.exception.StepFailedException: Unable to click on object 'Object Repository/OB_010_FMS_Smart_Report feature verify/Report feature verify/div_Safety  Summary  Report'
	at com.kms.katalon.core.webui.keyword.internal.WebUIKeywordMain.stepFailed(WebUIKeywordMain.groovy:64)
	at com.kms.katalon.core.webui.keyword.internal.WebUIKeywordMain.runKeyword(WebUIKeywordMain.groovy:26)
	at com.kms.katalon.core.webui.keyword.builtin.ClickKeyword.click(ClickKeyword.groovy:74)
	at com.kms.katalon.core.webui.keyword.builtin.ClickKeyword.execute(ClickKeyword.groovy:40)
	at com.kms.katalon.core.keyword.internal.KeywordExecutor.executeKeywordForPlatform(KeywordExecutor.groovy:74)
	at com.kms.katalon.core.webui.keyword.WebUiBuiltInKeywords.click(WebUiBuiltInKeywords.groovy:620)
	at com.kms.katalon.core.webui.keyword.WebUiBuiltInKeywords$click$1.call(Unknown Source)
	at TC_014_FMS_Smart_Verify the report feature.run(TC_014_FMS_Smart_Verify the report feature:33)
	at com.kms.katalon.core.main.ScriptEngine.run(ScriptEngine.java:194)
	at com.kms.katalon.core.main.ScriptEngine.runScriptAsRawText(ScriptEngine.java:119)
	at com.kms.katalon.core.main.TestCaseExecutor.runScript(TestCaseExecutor.java:448)
	at com.kms.katalon.core.main.TestCaseExecutor.doExecute(TestCaseExecutor.java:439)
	at com.kms.katalon.core.main.TestCaseExecutor.processExecutionPhase(TestCaseExecutor.java:418)
	at com.kms.katalon.core.main.TestCaseExecutor.accessMainPhase(TestCaseExecutor.java:410)
	at com.kms.katalon.core.main.TestCaseExecutor.execute(TestCaseExecutor.java:285)
	at com.kms.katalon.core.common.CommonExecutor.accessTestCaseMainPhase(CommonExecutor.java:65)
	at com.kms.katalon.core.main.TestSuiteExecutor.accessTestSuiteMainPhase(TestSuiteExecutor.java:148)
	at com.kms.katalon.core.main.TestSuiteExecutor.execute(TestSuiteExecutor.java:106)
	at com.kms.katalon.core.main.TestCaseMain.startTestSuite(TestCaseMain.java:187)
	at com.kms.katalon.core.main.TestCaseMain$startTestSuite$0.call(Unknown Source)
	at TempTestSuite1691465607339.run(TempTestSuite1691465607339.groovy:36)
Caused by: org.openqa.selenium.ElementClickInterceptedException: element click intercepted: Element <div class="col-6 col-lg-3">...</div> is not clickable at point (175, 144). Other element would receive the click: <a _ngcontent-mxr-c20="" class="nav-link active" ng-reflect-ng-class="nav-link active" ng-reflect-router-link="/reports" href="#/reports">...</a>
  (Session info: chrome=115.0.5790.111)
Build info: version: '3.141.59', revision: 'e82be7d358', time: '2018-11-14T08:25:53'
System info: host: 'DESKTOP-21ATSCV', ip: '192.168.1.102', os.name: 'Windows 10', os.arch: 'amd64', os.version: '10.0', java.version: '1.8.0_362'
Driver info: com.kms.katalon.selenium.driver.CChromeDriver
Capabilities {acceptInsecureCerts: false, browserName: chrome, browserVersion: 115.0.5790.111, chrome: {chromedriverVersion: 114.0.5735.90 (386bc09e8f4f..., userDataDir: C:\Windows\SystemTemp\scope...}, goog:chromeOptions: {debuggerAddress: localhost:64429}, javascriptEnabled: true, networkConnectionEnabled: false, pageLoadStrategy: normal, platform: WINDOWS, platformName: WINDOWS, proxy: Proxy(), setWindowRect: true, strictFileInteractability: false, timeouts: {implicit: 0, pageLoad: 300000, script: 30000}, unhandledPromptBehavior: dismiss and notify, webauthn:extension:credBlob: true, webauthn:extension:largeBlob: true, webauthn:extension:minPinLength: true, webauthn:extension:prf: true, webauthn:virtualAuthenticators: true}
Session ID: 35c26f6a3e893487cc7dcb97e0475200
	at org.openqa.selenium.remote.http.W3CHttpResponseCodec.createException(W3CHttpResponseCodec.java:187)
	at org.openqa.selenium.remote.http.W3CHttpResponseCodec.decode(W3CHttpResponseCodec.java:122)
	at org.openqa.selenium.remote.http.W3CHttpResponseCodec.decode(W3CHttpResponseCodec.java:49)
	at org.openqa.selenium.remote.HttpCommandExecutor.execute(HttpCommandExecutor.java:158)
	at org.openqa.selenium.remote.service.DriverCommandExecutor.execute(DriverCommandExecutor.java:83)
	at org.openqa.selenium.remote.RemoteWebDriver.execute(RemoteWebDriver.java:552)
	at com.kms.katalon.selenium.driver.CChromeDriver.execute(CChromeDriver.java:19)
	at org.openqa.selenium.remote.RemoteWebElement.execute(RemoteWebElement.java:285)
	at org.openqa.selenium.remote.RemoteWebElement.click(RemoteWebElement.java:84)
	at org.openqa.selenium.support.events.EventFiringWebDriver$EventFiringWebElement.lambda$new$0(EventFiringWebDriver.java:404)
	at com.sun.proxy.$Proxy11.click(Unknown Source)
	at org.openqa.selenium.support.events.EventFiringWebDriver$EventFiringWebElement.click(EventFiringWebDriver.java:417)
	at org.openqa.selenium.WebElement$click.call(Unknown Source)
	at com.kms.katalon.core.webui.keyword.builtin.ClickKeyword.clickUntilSuccessWithTimeout(ClickKeyword.groovy:81)
	at com.kms.katalon.core.webui.keyword.builtin.ClickKeyword.clickUntilSuccessWithTimeout(ClickKeyword.groovy)
	at com.kms.katalon.core.webui.keyword.builtin.ClickKeyword$_click_closure1.doCall(ClickKeyword.groovy:67)
	at com.kms.katalon.core.webui.keyword.builtin.ClickKeyword$_click_closure1.call(ClickKeyword.groovy)
	at com.kms.katalon.core.webui.keyword.internal.WebUIKeywordMain.runKeyword(WebUIKeywordMain.groovy:20)
	... 19 more]]></system-err>
      </testcase>
      <system-out><![CDATA[2023-08-08 09:03:30 - [TEST_SUITE][FAILED] - TS_01_FMS_Smart_Web app_Sanity: Test Cases/TC_009_FMS_Smart_Dashabord feature 2 FAILED.
Reason:
com.kms.katalon.core.exception.StepFailedException: Unable to click on object 'Object Repository/OB_007_Dashabord Feature2/Grid view btn/Grid view-OnTrip'
	at com.kms.katalon.core.webui.keyword.internal.WebUIKeywordMain.stepFailed(WebUIKeywordMain.groovy:64)
	at com.kms.katalon.core.webui.keyword.internal.WebUIKeywordMain.runKeyword(WebUIKeywordMain.groovy:26)
	at com.kms.katalon.core.webui.keyword.builtin.ClickKeyword.click(ClickKeyword.groovy:74)
	at com.kms.katalon.core.webui.keyword.builtin.ClickKeyword.execute(ClickKeyword.groovy:40)
	at com.kms.katalon.core.keyword.internal.KeywordExecutor.executeKeywordForPlatform(KeywordExecutor.groovy:74)
	at com.kms.katalon.core.webui.keyword.WebUiBuiltInKeywords.click(WebUiBuiltInKeywords.groovy:620)
	at com.kms.katalon.core.webui.keyword.WebUiBuiltInKeywords$click$1.call(Unknown Source)
	at TC_009_FMS_Smart_Dashabord feature 2.run(TC_009_FMS_Smart_Dashabord feature 2:77)
	at com.kms.katalon.core.main.ScriptEngine.run(ScriptEngine.java:194)
	at com.kms.katalon.core.main.ScriptEngine.runScriptAsRawText(ScriptEngine.java:119)
	at com.kms.katalon.core.main.TestCaseExecutor.runScript(TestCaseExecutor.java:448)
	at com.kms.katalon.core.main.TestCaseExecutor.doExecute(TestCaseExecutor.java:439)
	at com.kms.katalon.core.main.TestCaseExecutor.processExecutionPhase(TestCaseExecutor.java:418)
	at com.kms.katalon.core.main.TestCaseExecutor.accessMainPhase(TestCaseExecutor.java:410)
	at com.kms.katalon.core.main.TestCaseExecutor.execute(TestCaseExecutor.java:285)
	at com.kms.katalon.core.common.CommonExecutor.accessTestCaseMainPhase(CommonExecutor.java:65)
	at com.kms.katalon.core.main.TestSuiteExecutor.accessTestSuiteMainPhase(TestSuiteExecutor.java:148)
	at com.kms.katalon.core.main.TestSuiteExecutor.execute(TestSuiteExecutor.java:106)
	at com.kms.katalon.core.main.TestCaseMain.startTestSuite(TestCaseMain.java:187)
	at com.kms.katalon.core.main.TestCaseMain$startTestSuite$0.call(Unknown Source)
	at TempTestSuite1691465607339.run(TempTestSuite1691465607339.groovy:36)
Caused by: org.openqa.selenium.ElementNotInteractableException: element not interactable
  (Session info: chrome=115.0.5790.111)
Build info: version: '3.141.59', revision: 'e82be7d358', time: '2018-11-14T08:25:53'
System info: host: 'DESKTOP-21ATSCV', ip: '192.168.1.102', os.name: 'Windows 10', os.arch: 'amd64', os.version: '10.0', java.version: '1.8.0_362'
Driver info: com.kms.katalon.selenium.driver.CChromeDriver
Capabilities {acceptInsecureCerts: false, browserName: chrome, browserVersion: 115.0.5790.111, chrome: {chromedriverVersion: 114.0.5735.90 (386bc09e8f4f..., userDataDir: C:\Windows\SystemTemp\scope...}, goog:chromeOptions: {debuggerAddress: localhost:63770}, javascriptEnabled: true, networkConnectionEnabled: false, pageLoadStrategy: normal, platform: WINDOWS, platformName: WINDOWS, proxy: Proxy(), setWindowRect: true, strictFileInteractability: false, timeouts: {implicit: 0, pageLoad: 300000, script: 30000}, unhandledPromptBehavior: dismiss and notify, webauthn:extension:credBlob: true, webauthn:extension:largeBlob: true, webauthn:extension:minPinLength: true, webauthn:extension:prf: true, webauthn:virtualAuthenticators: true}
Session ID: bc92a628be12723413113cef6660aec5
	at org.openqa.selenium.remote.http.W3CHttpResponseCodec.createException(W3CHttpResponseCodec.java:187)
	at org.openqa.selenium.remote.http.W3CHttpResponseCodec.decode(W3CHttpResponseCodec.java:122)
	at org.openqa.selenium.remote.http.W3CHttpResponseCodec.decode(W3CHttpResponseCodec.java:49)
	at org.openqa.selenium.remote.HttpCommandExecutor.execute(HttpCommandExecutor.java:158)
	at org.openqa.selenium.remote.service.DriverCommandExecutor.execute(DriverCommandExecutor.java:83)
	at org.openqa.selenium.remote.RemoteWebDriver.execute(RemoteWebDriver.java:552)
	at com.kms.katalon.selenium.driver.CChromeDriver.execute(CChromeDriver.java:19)
	at org.openqa.selenium.remote.RemoteWebElement.execute(RemoteWebElement.java:285)
	at org.openqa.selenium.remote.RemoteWebElement.click(RemoteWebElement.java:84)
	at org.openqa.selenium.support.events.EventFiringWebDriver$EventFiringWebElement.lambda$new$0(EventFiringWebDriver.java:404)
	at com.sun.proxy.$Proxy11.click(Unknown Source)
	at org.openqa.selenium.support.events.EventFiringWebDriver$EventFiringWebElement.click(EventFiringWebDriver.java:417)
	at org.openqa.selenium.WebElement$click.call(Unknown Source)
	at com.kms.katalon.core.webui.keyword.builtin.ClickKeyword.clickUntilSuccessWithTimeout(ClickKeyword.groovy:81)
	at com.kms.katalon.core.webui.keyword.builtin.ClickKeyword.clickUntilSuccessWithTimeout(ClickKeyword.groovy)
	at com.kms.katalon.core.webui.keyword.builtin.ClickKeyword$_click_closure1.doCall(ClickKeyword.groovy:67)
	at com.kms.katalon.core.webui.keyword.builtin.ClickKeyword$_click_closure1.call(ClickKeyword.groovy)
	at com.kms.katalon.core.webui.keyword.internal.WebUIKeywordMain.runKeyword(WebUIKeywordMain.groovy:20)
	... 19 more]]></system-out>
      <system-err><![CDATA[2023-08-08 09:03:30 - [TEST_SUITE][FAILED] - TS_01_FMS_Smart_Web app_Sanity: Test Cases/TC_009_FMS_Smart_Dashabord feature 2 FAILED.
Reason:
com.kms.katalon.core.exception.StepFailedException: Unable to click on object 'Object Repository/OB_007_Dashabord Feature2/Grid view btn/Grid view-OnTrip'
	at com.kms.katalon.core.webui.keyword.internal.WebUIKeywordMain.stepFailed(WebUIKeywordMain.groovy:64)
	at com.kms.katalon.core.webui.keyword.internal.WebUIKeywordMain.runKeyword(WebUIKeywordMain.groovy:26)
	at com.kms.katalon.core.webui.keyword.builtin.ClickKeyword.click(ClickKeyword.groovy:74)
	at com.kms.katalon.core.webui.keyword.builtin.ClickKeyword.execute(ClickKeyword.groovy:40)
	at com.kms.katalon.core.keyword.internal.KeywordExecutor.executeKeywordForPlatform(KeywordExecutor.groovy:74)
	at com.kms.katalon.core.webui.keyword.WebUiBuiltInKeywords.click(WebUiBuiltInKeywords.groovy:620)
	at com.kms.katalon.core.webui.keyword.WebUiBuiltInKeywords$click$1.call(Unknown Source)
	at TC_009_FMS_Smart_Dashabord feature 2.run(TC_009_FMS_Smart_Dashabord feature 2:77)
	at com.kms.katalon.core.main.ScriptEngine.run(ScriptEngine.java:194)
	at com.kms.katalon.core.main.ScriptEngine.runScriptAsRawText(ScriptEngine.java:119)
	at com.kms.katalon.core.main.TestCaseExecutor.runScript(TestCaseExecutor.java:448)
	at com.kms.katalon.core.main.TestCaseExecutor.doExecute(TestCaseExecutor.java:439)
	at com.kms.katalon.core.main.TestCaseExecutor.processExecutionPhase(TestCaseExecutor.java:418)
	at com.kms.katalon.core.main.TestCaseExecutor.accessMainPhase(TestCaseExecutor.java:410)
	at com.kms.katalon.core.main.TestCaseExecutor.execute(TestCaseExecutor.java:285)
	at com.kms.katalon.core.common.CommonExecutor.accessTestCaseMainPhase(CommonExecutor.java:65)
	at com.kms.katalon.core.main.TestSuiteExecutor.accessTestSuiteMainPhase(TestSuiteExecutor.java:148)
	at com.kms.katalon.core.main.TestSuiteExecutor.execute(TestSuiteExecutor.java:106)
	at com.kms.katalon.core.main.TestCaseMain.startTestSuite(TestCaseMain.java:187)
	at com.kms.katalon.core.main.TestCaseMain$startTestSuite$0.call(Unknown Source)
	at TempTestSuite1691465607339.run(TempTestSuite1691465607339.groovy:36)
Caused by: org.openqa.selenium.ElementNotInteractableException: element not interactable
  (Session info: chrome=115.0.5790.111)
Build info: version: '3.141.59', revision: 'e82be7d358', time: '2018-11-14T08:25:53'
System info: host: 'DESKTOP-21ATSCV', ip: '192.168.1.102', os.name: 'Windows 10', os.arch: 'amd64', os.version: '10.0', java.version: '1.8.0_362'
Driver info: com.kms.katalon.selenium.driver.CChromeDriver
Capabilities {acceptInsecureCerts: false, browserName: chrome, browserVersion: 115.0.5790.111, chrome: {chromedriverVersion: 114.0.5735.90 (386bc09e8f4f..., userDataDir: C:\Windows\SystemTemp\scope...}, goog:chromeOptions: {debuggerAddress: localhost:63770}, javascriptEnabled: true, networkConnectionEnabled: false, pageLoadStrategy: normal, platform: WINDOWS, platformName: WINDOWS, proxy: Proxy(), setWindowRect: true, strictFileInteractability: false, timeouts: {implicit: 0, pageLoad: 300000, script: 30000}, unhandledPromptBehavior: dismiss and notify, webauthn:extension:credBlob: true, webauthn:extension:largeBlob: true, webauthn:extension:minPinLength: true, webauthn:extension:prf: true, webauthn:virtualAuthenticators: true}
Session ID: bc92a628be12723413113cef6660aec5
	at org.openqa.selenium.remote.http.W3CHttpResponseCodec.createException(W3CHttpResponseCodec.java:187)
	at org.openqa.selenium.remote.http.W3CHttpResponseCodec.decode(W3CHttpResponseCodec.java:122)
	at org.openqa.selenium.remote.http.W3CHttpResponseCodec.decode(W3CHttpResponseCodec.java:49)
	at org.openqa.selenium.remote.HttpCommandExecutor.execute(HttpCommandExecutor.java:158)
	at org.openqa.selenium.remote.service.DriverCommandExecutor.execute(DriverCommandExecutor.java:83)
	at org.openqa.selenium.remote.RemoteWebDriver.execute(RemoteWebDriver.java:552)
	at com.kms.katalon.selenium.driver.CChromeDriver.execute(CChromeDriver.java:19)
	at org.openqa.selenium.remote.RemoteWebElement.execute(RemoteWebElement.java:285)
	at org.openqa.selenium.remote.RemoteWebElement.click(RemoteWebElement.java:84)
	at org.openqa.selenium.support.events.EventFiringWebDriver$EventFiringWebElement.lambda$new$0(EventFiringWebDriver.java:404)
	at com.sun.proxy.$Proxy11.click(Unknown Source)
	at org.openqa.selenium.support.events.EventFiringWebDriver$EventFiringWebElement.click(EventFiringWebDriver.java:417)
	at org.openqa.selenium.WebElement$click.call(Unknown Source)
	at com.kms.katalon.core.webui.keyword.builtin.ClickKeyword.clickUntilSuccessWithTimeout(ClickKeyword.groovy:81)
	at com.kms.katalon.core.webui.keyword.builtin.ClickKeyword.clickUntilSuccessWithTimeout(ClickKeyword.groovy)
	at com.kms.katalon.core.webui.keyword.builtin.ClickKeyword$_click_closure1.doCall(ClickKeyword.groovy:67)
	at com.kms.katalon.core.webui.keyword.builtin.ClickKeyword$_click_closure1.call(ClickKeyword.groovy)
	at com.kms.katalon.core.webui.keyword.internal.WebUIKeywordMain.runKeyword(WebUIKeywordMain.groovy:20)
	... 19 more]]></system-err>
   </testsuite>
</testsuites>
